#
# A fatal error has been detected by the Java Runtime Environment:
#
#  EXCEPTION_ACCESS_VIOLATION (0xc0000005) at pc=0x00007ff85df5f74a, pid=26824, tid=6784
#
# JRE version: OpenJDK Runtime Environment AdoptOpenJDK (14.0.1+7) (build 14.0.1+7)
# Java VM: OpenJDK 64-Bit Server VM AdoptOpenJDK (14.0.1+7, mixed mode, sharing, tiered, compressed oops, g1 gc, windows-amd64)
# Problematic frame:
# C  [awt.dll+0x8f74a]
#
# No core dump will be written. Minidumps are not enabled by default on client versions of Windows
#
# If you would like to submit a bug report, please visit:
#   https://github.com/AdoptOpenJDK/openjdk-support/issues
# The crash happened outside the Java Virtual Machine in native code.
# See problematic frame for where to report the bug.
#

---------------  S U M M A R Y ------------

Command Line: -Dfile.encoding=UTF-8 êßçÏé©èK.keigomenu

Host: Intel(R) Core(TM) i5-8250U CPU @ 1.60GHz, 8 cores, 7G,  Windows 10 , 64 bit Build 18362 (10.0.18362.1110)
Time: Tue Dec  8 19:30:07 2020 ???? (?W?Ä??) elapsed time: 0 seconds (0d 0h 0m 0s)

---------------  T H R E A D  ---------------

Current thread (0x000001c6c93ed800):  JavaThread "main" [_thread_in_native, id=6784, stack(0x0000003182000000,0x0000003182100000)]

Stack: [0x0000003182000000,0x0000003182100000],  sp=0x00000031820feca0,  free space=1019k
Native frames: (J=compiled Java code, j=interpreted, Vv=VM code, C=native code)
C  [awt.dll+0x8f74a]

Java frames: (J=compiled Java code, j=interpreted, Vv=VM code)
j  sun.awt.windows.WComponentPeer._setFont(Ljava/awt/Font;)V+0 java.desktop@14.0.1
j  sun.awt.windows.WComponentPeer.setFont(Ljava/awt/Font;)V+7 java.desktop@14.0.1
j  sun.awt.windows.WWindowPeer.initialize()V+42 java.desktop@14.0.1
j  sun.awt.windows.WFramePeer.initialize()V+1 java.desktop@14.0.1
j  sun.awt.windows.WComponentPeer.<init>(Ljava/awt/Component;)V+83 java.desktop@14.0.1
j  sun.awt.windows.WCanvasPeer.<init>(Ljava/awt/Component;)V+2 java.desktop@14.0.1
j  sun.awt.windows.WPanelPeer.<init>(Ljava/awt/Component;)V+2 java.desktop@14.0.1
j  sun.awt.windows.WWindowPeer.<init>(Ljava/awt/Window;)V+2 java.desktop@14.0.1
j  sun.awt.windows.WFramePeer.<init>(Ljava/awt/Frame;)V+2 java.desktop@14.0.1
j  sun.awt.windows.WToolkit.createFrame(Ljava/awt/Frame;)Ljava/awt/peer/FramePeer;+5 java.desktop@14.0.1
j  java.awt.Frame.addNotify()V+20 java.desktop@14.0.1
j  javax.swing.SwingUtilities$SharedOwnerFrame.addNotify()V+1 java.desktop@14.0.1
j  java.awt.Dialog.addNotify()V+28 java.desktop@14.0.1
j  java.awt.Dialog.conditionalShow(Ljava/awt/Component;Ljava/util/concurrent/atomic/AtomicLong;)Z+20 java.desktop@14.0.1
j  java.awt.Dialog.show()V+62 java.desktop@14.0.1
j  java.awt.Component.show(Z)V+5 java.desktop@14.0.1
j  java.awt.Component.setVisible(Z)V+2 java.desktop@14.0.1
j  java.awt.Window.setVisible(Z)V+2 java.desktop@14.0.1
j  java.awt.Dialog.setVisible(Z)V+2 java.desktop@14.0.1
j  Âà∂‰ΩúËá™Áøí.keigomenu.main([Ljava/lang/String;)V+15
v  ~StubRoutines::call_stub

siginfo: EXCEPTION_ACCESS_VIOLATION (0xc0000005), reading address 0x0000000000000058


Register to memory mapping:

RIP=0x00007ff85df5f74a awt.dll
RAX=0x00007ff85dfda660 awt.dll
RBX=0x000001c6c93edb10 points into unknown readable memory: 50 3c fe 18 f8 7f 00 00
RCX=0x000001c6e9741560 points into unknown readable memory: 60 a6 fd 5d f8 7f 00 00
RDX=0x0 is NULL
RSP=0x00000031820feca0 is pointing into the stack for thread: 0x000001c6c93ed800
RBP=0x0 is NULL
RSI=0x000001c6e93eda70 is a global jni handle
RDI=0x000001c6e93eda80 is a global jni handle
R8 =0x0000000000000042 is an unknown value
R9 =0x0000000800b4c3b0 is a pointer to class: 
java.awt.Font {0x0000000800b4c3b8}
R10=0x0000000000008000 is an unknown value
R11=0x00000031820feca0 is pointing into the stack for thread: 0x000001c6c93ed800
R12=0x0 is NULL
R13={method} {0x000001c6e88b0d90} '_setFont' '(Ljava/awt/Font;)V' in 'sun/awt/windows/WComponentPeer'
R14=0x000001c6e9741560 points into unknown readable memory: 60 a6 fd 5d f8 7f 00 00
R15=0x000001c6e96a0340 points into unknown readable memory: 70 da 3e e9 c6 01 00 00


Registers:
RAX=0x00007ff85dfda660, RBX=0x000001c6c93edb10, RCX=0x000001c6e9741560, RDX=0x0000000000000000
RSP=0x00000031820feca0, RBP=0x0000000000000000, RSI=0x000001c6e93eda70, RDI=0x000001c6e93eda80
R8 =0x0000000000000042, R9 =0x0000000800b4c3b0, R10=0x0000000000008000, R11=0x00000031820feca0
R12=0x0000000000000000, R13=0x000001c6e88b0d88, R14=0x000001c6e9741560, R15=0x000001c6e96a0340
RIP=0x00007ff85df5f74a, EFLAGS=0x0000000000010206

Top of Stack: (sp=0x00000031820feca0)
0x00000031820feca0:   000001c6e96a0340 000001c6e9741560
0x00000031820fecb0:   000001c6e96a0340 000001c6e9741560
0x00000031820fecc0:   000001c6e93eda80 00007ff85df64655
0x00000031820fecd0:   000001c6c93edb10 000001c6c93edb10
0x00000031820fece0:   0000000000000000 000001c6e93eda70
0x00000031820fecf0:   000001c6c93ed800 00000031820fee40
0x00000031820fed00:   000001c6e96a0340 00007ff85df9d59b
0x00000031820fed10:   00007ff85e01f018 00000031820fee18
0x00000031820fed20:   00007ff85df64528 0000000000000000
0x00000031820fed30:   fffffffffffffffe fffffffffffffffe
0x00000031820fed40:   000001c6e93eda70 00007ff85df6581c
0x00000031820fed50:   000001c6e93eda80 00000031820fee38
0x00000031820fed60:   00000031820fee38 00007ff85e01f018
0x00000031820fed70:   fffffffffffffffe 00007ff818b563f9
0x00000031820fed80:   000001c6d1e5a1b3 000001c6d1e600b4
0x00000031820fed90:   000001c6e88b0d88 0000000000000000 

Instructions: (pc=0x00007ff85df5f74a)
0x00007ff85df5f64a:   00 48 8b d9 e8 d9 dc ff ff 48 8b f8 48 85 c0 75
0x00007ff85df5f65a:   04 48 8b 7b 48 48 8b cf e8 93 15 05 00 48 8b d8
0x00007ff85df5f66a:   48 85 c0 74 60 83 64 24 20 00 0f 57 c0 83 64 24
0x00007ff85df5f67a:   34 00 b9 11 00 00 00 83 64 24 38 00 f3 0f 7f 44
0x00007ff85df5f68a:   24 24 ff 15 86 bc 0b 00 4c 8d 44 24 40 ba 5c 00
0x00007ff85df5f69a:   00 00 48 8b c8 ff 15 2b bf 0b 00 83 f8 5c 75 0d
0x00007ff85df5f6aa:   48 8d 54 24 40 48 8b cb e8 f2 15 05 00 48 8d 54
0x00007ff85df5f6ba:   24 20 48 8b cb e8 09 16 05 00 48 8b d3 48 8b cf
0x00007ff85df5f6ca:   e8 b6 15 05 00 48 8b 8c 24 a0 00 00 00 48 33 cc
0x00007ff85df5f6da:   e8 e1 22 05 00 48 8b 9c 24 c8 00 00 00 48 81 c4
0x00007ff85df5f6ea:   b0 00 00 00 5f c3 40 53 48 83 ec 20 48 8b d9 ff
0x00007ff85df5f6fa:   15 69 c4 0b 00 48 85 c0 75 0a 48 8b 4b 48 ff 15
0x00007ff85df5f70a:   52 c4 0b 00 48 83 c4 20 5b c3 4c 63 c2 48 8b 15
0x00007ff85df5f71a:   2a a8 0b 00 48 ff 25 e3 c2 0b 00 cc cc cc 48 8b
0x00007ff85df5f72a:   d1 48 8b 0d 1e d8 0b 00 48 89 15 17 d8 0b 00 e9
0x00007ff85df5f73a:   f6 63 04 00 cc cc 48 89 5c 24 08 57 48 83 ec 20
0x00007ff85df5f74a:   83 7a 58 00 48 8b da 48 8b f9 7d 08 48 8b ca e8
0x00007ff85df5f75a:   4a 95 01 00 4c 8b 43 48 45 33 c9 48 8b 4f 48 4d
0x00007ff85df5f76a:   8b 00 41 8d 51 30 ff 15 5a c5 0b 00 48 8b 4f 48
0x00007ff85df5f77a:   33 d2 44 8d 42 01 48 8b 5c 24 30 48 83 c4 20 5f
0x00007ff85df5f78a:   48 ff 25 f7 c3 0b 00 cc cc cc 48 8b c4 48 89 58
0x00007ff85df5f79a:   08 48 89 68 10 48 89 70 18 48 89 78 20 41 56 48
0x00007ff85df5f7aa:   83 ec 20 4c 8b f2 48 8b f9 48 8b 0d 3e f6 0b 00
0x00007ff85df5f7ba:   ba 02 00 01 00 41 8b e8 e8 04 21 05 00 48 8b 97
0x00007ff85df5f7ca:   c0 00 00 00 33 db 48 8b f0 48 85 d2 74 0d 4c 8b
0x00007ff85df5f7da:   08 48 8b c8 41 ff 91 b0 00 00 00 4d 85 f6 74 14
0x00007ff85df5f7ea:   48 8b 06 49 8b d6 48 8b ce ff 90 a8 00 00 00 48
0x00007ff85df5f7fa:   8b d8 eb 05 bd 01 00 00 00 48 89 9f c0 00 00 00
0x00007ff85df5f80a:   89 af c8 00 00 00 48 8b 5c 24 30 48 8b 6c 24 38
0x00007ff85df5f81a:   48 8b 74 24 40 48 8b 7c 24 48 48 83 c4 20 41 5e
0x00007ff85df5f82a:   c3 cc 48 89 5c 24 08 48 89 6c 24 10 48 89 74 24
0x00007ff85df5f83a:   18 57 48 83 ec 20 33 db 48 8b f9 48 85 c9 75 09 


Stack slot to memory mapping:
stack at sp + 0 slots: 0x000001c6e96a0340 points into unknown readable memory: 70 da 3e e9 c6 01 00 00
stack at sp + 1 slots: 0x000001c6e9741560 points into unknown readable memory: 60 a6 fd 5d f8 7f 00 00
stack at sp + 2 slots: 0x000001c6e96a0340 points into unknown readable memory: 70 da 3e e9 c6 01 00 00
stack at sp + 3 slots: 0x000001c6e9741560 points into unknown readable memory: 60 a6 fd 5d f8 7f 00 00
stack at sp + 4 slots: 0x000001c6e93eda80 is a global jni handle
stack at sp + 5 slots: 0x00007ff85df64655 awt.dll
stack at sp + 6 slots: 0x000001c6c93edb10 points into unknown readable memory: 50 3c fe 18 f8 7f 00 00
stack at sp + 7 slots: 0x000001c6c93edb10 points into unknown readable memory: 50 3c fe 18 f8 7f 00 00


---------------  P R O C E S S  ---------------

Threads class SMR info:
_java_thread_list=0x000001c6e941f4d0, length=16, elements={
0x000001c6c93ed800, 0x000001c6e8746800, 0x000001c6e8747800, 0x000001c6e8766800,
0x000001c6e8767800, 0x000001c6e876d800, 0x000001c6e8771000, 0x000001c6e8775800,
0x000001c6e8780800, 0x000001c6e9153800, 0x000001c6e9152000, 0x000001c6e93bc000,
0x000001c6e9383000, 0x000001c6e9396000, 0x000001c6e96ae800, 0x000001c6e970b000
}

Java Threads: ( => current thread )
=>0x000001c6c93ed800 JavaThread "main" [_thread_in_native, id=6784, stack(0x0000003182000000,0x0000003182100000)]
  0x000001c6e8746800 JavaThread "Reference Handler" daemon [_thread_blocked, id=24484, stack(0x0000003182700000,0x0000003182800000)]
  0x000001c6e8747800 JavaThread "Finalizer" daemon [_thread_blocked, id=19512, stack(0x0000003182800000,0x0000003182900000)]
  0x000001c6e8766800 JavaThread "Signal Dispatcher" daemon [_thread_blocked, id=26700, stack(0x0000003182900000,0x0000003182a00000)]
  0x000001c6e8767800 JavaThread "Attach Listener" daemon [_thread_blocked, id=7660, stack(0x0000003182a00000,0x0000003182b00000)]
  0x000001c6e876d800 JavaThread "Service Thread" daemon [_thread_blocked, id=24196, stack(0x0000003182b00000,0x0000003182c00000)]
  0x000001c6e8771000 JavaThread "C2 CompilerThread0" daemon [_thread_blocked, id=9140, stack(0x0000003182c00000,0x0000003182d00000)]
  0x000001c6e8775800 JavaThread "C1 CompilerThread0" daemon [_thread_blocked, id=25708, stack(0x0000003182d00000,0x0000003182e00000)]
  0x000001c6e8780800 JavaThread "Sweeper thread" daemon [_thread_blocked, id=23976, stack(0x0000003182e00000,0x0000003182f00000)]
  0x000001c6e9153800 JavaThread "Notification Thread" daemon [_thread_blocked, id=27472, stack(0x0000003182f00000,0x0000003183000000)]
  0x000001c6e9152000 JavaThread "Common-Cleaner" daemon [_thread_blocked, id=22532, stack(0x0000003183100000,0x0000003183200000)]
  0x000001c6e93bc000 JavaThread "Java2D Disposer" daemon [_thread_blocked, id=27000, stack(0x0000003183200000,0x0000003183300000)]
  0x000001c6e9383000 JavaThread "AWT-Shutdown" [_thread_blocked, id=25284, stack(0x0000003183300000,0x0000003183400000)]
  0x000001c6e9396000 JavaThread "AWT-Windows" daemon [_thread_in_native, id=24432, stack(0x0000003183400000,0x0000003183500000)]
  0x000001c6e96ae800 JavaThread "Image Fetcher 0" daemon [_thread_blocked, id=20152, stack(0x0000003183500000,0x0000003183600000)]
  0x000001c6e970b000 JavaThread "AWT-EventQueue-0" [_thread_blocked, id=24732, stack(0x0000003183600000,0x0000003183700000)]

Other Threads:
  0x000001c6e8744800 VMThread "VM Thread" [stack: 0x0000003182600000,0x0000003182700000] [id=28416]
  0x000001c6e9148800 WatcherThread [stack: 0x0000003183000000,0x0000003183100000] [id=25592]
  0x000001c6c9431000 GCTaskThread "GC Thread#0" [stack: 0x0000003182100000,0x0000003182200000] [id=25916]
  0x000001c6c9442000 ConcurrentGCThread "G1 Main Marker" [stack: 0x0000003182200000,0x0000003182300000] [id=20080]
  0x000001c6c9444000 ConcurrentGCThread "G1 Conc#0" [stack: 0x0000003182300000,0x0000003182400000] [id=24988]
  0x000001c6c94be800 ConcurrentGCThread "G1 Refine#0" [stack: 0x0000003182400000,0x0000003182500000] [id=20340]
  0x000001c6e85b8800 ConcurrentGCThread "G1 Young RemSet Sampling" [stack: 0x0000003182500000,0x0000003182600000] [id=13348]

Threads with active compile tasks:

VM state:not at safepoint (normal execution)

VM Mutex/Monitor currently owned by a thread: None

Heap address: 0x0000000081200000, size: 2030 MB, Compressed Oops mode: 32-bit
Narrow klass base: 0x0000000800000000, Narrow klass shift: 3
Compressed class space size: 1073741824 Address: 0x0000000800b30000

Heap:
 garbage-first heap   total 131072K, used 22528K [0x0000000081200000, 0x0000000100000000)
  region size 1024K, 14 young (14336K), 0 survivors (0K)
 Metaspace       used 5958K, capacity 6173K, committed 6528K, reserved 1056768K
  class space    used 671K, capacity 787K, committed 896K, reserved 1048576K
Heap Regions: E=young(eden), S=young(survivor), O=old, HS=humongous(starts), HC=humongous(continues), CS=collection set, F=free, OA=open archive, CA=closed archive, TAMS=top-at-mark-start (previous, next)
|   0|0x0000000081200000, 0x0000000081300000, 0x0000000081300000|100%|HS|  |TAMS 0x0000000081200000, 0x0000000081200000| Complete 
|   1|0x0000000081300000, 0x0000000081400000, 0x0000000081400000|100%|HC|  |TAMS 0x0000000081300000, 0x0000000081300000| Complete 
|   2|0x0000000081400000, 0x0000000081500000, 0x0000000081500000|100%|HC|  |TAMS 0x0000000081400000, 0x0000000081400000| Complete 
|   3|0x0000000081500000, 0x0000000081600000, 0x0000000081600000|100%|HC|  |TAMS 0x0000000081500000, 0x0000000081500000| Complete 
|   4|0x0000000081600000, 0x0000000081700000, 0x0000000081700000|100%|HC|  |TAMS 0x0000000081600000, 0x0000000081600000| Complete 
|   5|0x0000000081700000, 0x0000000081800000, 0x0000000081800000|100%|HC|  |TAMS 0x0000000081700000, 0x0000000081700000| Complete 
|   6|0x0000000081800000, 0x0000000081900000, 0x0000000081900000|100%|HC|  |TAMS 0x0000000081800000, 0x0000000081800000| Complete 
|   7|0x0000000081900000, 0x0000000081a00000, 0x0000000081a00000|100%|HC|  |TAMS 0x0000000081900000, 0x0000000081900000| Complete 
|   8|0x0000000081a00000, 0x0000000081b00000, 0x0000000081b00000|100%|HC|  |TAMS 0x0000000081a00000, 0x0000000081a00000| Complete 
|   9|0x0000000081b00000, 0x0000000081b00000, 0x0000000081c00000|  0%| F|  |TAMS 0x0000000081b00000, 0x0000000081b00000| Untracked 
|  10|0x0000000081c00000, 0x0000000081c00000, 0x0000000081d00000|  0%| F|  |TAMS 0x0000000081c00000, 0x0000000081c00000| Untracked 
|  11|0x0000000081d00000, 0x0000000081d00000, 0x0000000081e00000|  0%| F|  |TAMS 0x0000000081d00000, 0x0000000081d00000| Untracked 
|  12|0x0000000081e00000, 0x0000000081e00000, 0x0000000081f00000|  0%| F|  |TAMS 0x0000000081e00000, 0x0000000081e00000| Untracked 
|  13|0x0000000081f00000, 0x0000000081f00000, 0x0000000082000000|  0%| F|  |TAMS 0x0000000081f00000, 0x0000000081f00000| Untracked 
|  14|0x0000000082000000, 0x0000000082000000, 0x0000000082100000|  0%| F|  |TAMS 0x0000000082000000, 0x0000000082000000| Untracked 
|  15|0x0000000082100000, 0x0000000082100000, 0x0000000082200000|  0%| F|  |TAMS 0x0000000082100000, 0x0000000082100000| Untracked 
|  16|0x0000000082200000, 0x0000000082200000, 0x0000000082300000|  0%| F|  |TAMS 0x0000000082200000, 0x0000000082200000| Untracked 
|  17|0x0000000082300000, 0x0000000082300000, 0x0000000082400000|  0%| F|  |TAMS 0x0000000082300000, 0x0000000082300000| Untracked 
|  18|0x0000000082400000, 0x0000000082400000, 0x0000000082500000|  0%| F|  |TAMS 0x0000000082400000, 0x0000000082400000| Untracked 
|  19|0x0000000082500000, 0x0000000082500000, 0x0000000082600000|  0%| F|  |TAMS 0x0000000082500000, 0x0000000082500000| Untracked 
|  20|0x0000000082600000, 0x0000000082600000, 0x0000000082700000|  0%| F|  |TAMS 0x0000000082600000, 0x0000000082600000| Untracked 
|  21|0x0000000082700000, 0x0000000082700000, 0x0000000082800000|  0%| F|  |TAMS 0x0000000082700000, 0x0000000082700000| Untracked 
|  22|0x0000000082800000, 0x0000000082800000, 0x0000000082900000|  0%| F|  |TAMS 0x0000000082800000, 0x0000000082800000| Untracked 
|  23|0x0000000082900000, 0x0000000082900000, 0x0000000082a00000|  0%| F|  |TAMS 0x0000000082900000, 0x0000000082900000| Untracked 
|  24|0x0000000082a00000, 0x0000000082a00000, 0x0000000082b00000|  0%| F|  |TAMS 0x0000000082a00000, 0x0000000082a00000| Untracked 
|  25|0x0000000082b00000, 0x0000000082b00000, 0x0000000082c00000|  0%| F|  |TAMS 0x0000000082b00000, 0x0000000082b00000| Untracked 
|  26|0x0000000082c00000, 0x0000000082c00000, 0x0000000082d00000|  0%| F|  |TAMS 0x0000000082c00000, 0x0000000082c00000| Untracked 
|  27|0x0000000082d00000, 0x0000000082d00000, 0x0000000082e00000|  0%| F|  |TAMS 0x0000000082d00000, 0x0000000082d00000| Untracked 
|  28|0x0000000082e00000, 0x0000000082e00000, 0x0000000082f00000|  0%| F|  |TAMS 0x0000000082e00000, 0x0000000082e00000| Untracked 
|  29|0x0000000082f00000, 0x0000000082f00000, 0x0000000083000000|  0%| F|  |TAMS 0x0000000082f00000, 0x0000000082f00000| Untracked 
|  30|0x0000000083000000, 0x0000000083000000, 0x0000000083100000|  0%| F|  |TAMS 0x0000000083000000, 0x0000000083000000| Untracked 
|  31|0x0000000083100000, 0x0000000083100000, 0x0000000083200000|  0%| F|  |TAMS 0x0000000083100000, 0x0000000083100000| Untracked 
|  32|0x0000000083200000, 0x0000000083200000, 0x0000000083300000|  0%| F|  |TAMS 0x0000000083200000, 0x0000000083200000| Untracked 
|  33|0x0000000083300000, 0x0000000083300000, 0x0000000083400000|  0%| F|  |TAMS 0x0000000083300000, 0x0000000083300000| Untracked 
|  34|0x0000000083400000, 0x0000000083400000, 0x0000000083500000|  0%| F|  |TAMS 0x0000000083400000, 0x0000000083400000| Untracked 
|  35|0x0000000083500000, 0x0000000083500000, 0x0000000083600000|  0%| F|  |TAMS 0x0000000083500000, 0x0000000083500000| Untracked 
|  36|0x0000000083600000, 0x0000000083600000, 0x0000000083700000|  0%| F|  |TAMS 0x0000000083600000, 0x0000000083600000| Untracked 
|  37|0x0000000083700000, 0x0000000083700000, 0x0000000083800000|  0%| F|  |TAMS 0x0000000083700000, 0x0000000083700000| Untracked 
|  38|0x0000000083800000, 0x0000000083800000, 0x0000000083900000|  0%| F|  |TAMS 0x0000000083800000, 0x0000000083800000| Untracked 
|  39|0x0000000083900000, 0x0000000083900000, 0x0000000083a00000|  0%| F|  |TAMS 0x0000000083900000, 0x0000000083900000| Untracked 
|  40|0x0000000083a00000, 0x0000000083a00000, 0x0000000083b00000|  0%| F|  |TAMS 0x0000000083a00000, 0x0000000083a00000| Untracked 
|  41|0x0000000083b00000, 0x0000000083b00000, 0x0000000083c00000|  0%| F|  |TAMS 0x0000000083b00000, 0x0000000083b00000| Untracked 
|  42|0x0000000083c00000, 0x0000000083c00000, 0x0000000083d00000|  0%| F|  |TAMS 0x0000000083c00000, 0x0000000083c00000| Untracked 
|  43|0x0000000083d00000, 0x0000000083d00000, 0x0000000083e00000|  0%| F|  |TAMS 0x0000000083d00000, 0x0000000083d00000| Untracked 
|  44|0x0000000083e00000, 0x0000000083e00000, 0x0000000083f00000|  0%| F|  |TAMS 0x0000000083e00000, 0x0000000083e00000| Untracked 
|  45|0x0000000083f00000, 0x0000000083f00000, 0x0000000084000000|  0%| F|  |TAMS 0x0000000083f00000, 0x0000000083f00000| Untracked 
|  46|0x0000000084000000, 0x0000000084000000, 0x0000000084100000|  0%| F|  |TAMS 0x0000000084000000, 0x0000000084000000| Untracked 
|  47|0x0000000084100000, 0x0000000084100000, 0x0000000084200000|  0%| F|  |TAMS 0x0000000084100000, 0x0000000084100000| Untracked 
|  48|0x0000000084200000, 0x0000000084200000, 0x0000000084300000|  0%| F|  |TAMS 0x0000000084200000, 0x0000000084200000| Untracked 
|  49|0x0000000084300000, 0x0000000084300000, 0x0000000084400000|  0%| F|  |TAMS 0x0000000084300000, 0x0000000084300000| Untracked 
|  50|0x0000000084400000, 0x0000000084400000, 0x0000000084500000|  0%| F|  |TAMS 0x0000000084400000, 0x0000000084400000| Untracked 
|  51|0x0000000084500000, 0x0000000084500000, 0x0000000084600000|  0%| F|  |TAMS 0x0000000084500000, 0x0000000084500000| Untracked 
|  52|0x0000000084600000, 0x0000000084600000, 0x0000000084700000|  0%| F|  |TAMS 0x0000000084600000, 0x0000000084600000| Untracked 
|  53|0x0000000084700000, 0x0000000084700000, 0x0000000084800000|  0%| F|  |TAMS 0x0000000084700000, 0x0000000084700000| Untracked 
|  54|0x0000000084800000, 0x0000000084800000, 0x0000000084900000|  0%| F|  |TAMS 0x0000000084800000, 0x0000000084800000| Untracked 
|  55|0x0000000084900000, 0x0000000084900000, 0x0000000084a00000|  0%| F|  |TAMS 0x0000000084900000, 0x0000000084900000| Untracked 
|  56|0x0000000084a00000, 0x0000000084a00000, 0x0000000084b00000|  0%| F|  |TAMS 0x0000000084a00000, 0x0000000084a00000| Untracked 
|  57|0x0000000084b00000, 0x0000000084b00000, 0x0000000084c00000|  0%| F|  |TAMS 0x0000000084b00000, 0x0000000084b00000| Untracked 
|  58|0x0000000084c00000, 0x0000000084c00000, 0x0000000084d00000|  0%| F|  |TAMS 0x0000000084c00000, 0x0000000084c00000| Untracked 
|  59|0x0000000084d00000, 0x0000000084d00000, 0x0000000084e00000|  0%| F|  |TAMS 0x0000000084d00000, 0x0000000084d00000| Untracked 
|  60|0x0000000084e00000, 0x0000000084e00000, 0x0000000084f00000|  0%| F|  |TAMS 0x0000000084e00000, 0x0000000084e00000| Untracked 
|  61|0x0000000084f00000, 0x0000000084f00000, 0x0000000085000000|  0%| F|  |TAMS 0x0000000084f00000, 0x0000000084f00000| Untracked 
|  62|0x0000000085000000, 0x0000000085000000, 0x0000000085100000|  0%| F|  |TAMS 0x0000000085000000, 0x0000000085000000| Untracked 
|  63|0x0000000085100000, 0x0000000085100000, 0x0000000085200000|  0%| F|  |TAMS 0x0000000085100000, 0x0000000085100000| Untracked 
|  64|0x0000000085200000, 0x0000000085200000, 0x0000000085300000|  0%| F|  |TAMS 0x0000000085200000, 0x0000000085200000| Untracked 
|  65|0x0000000085300000, 0x0000000085300000, 0x0000000085400000|  0%| F|  |TAMS 0x0000000085300000, 0x0000000085300000| Untracked 
|  66|0x0000000085400000, 0x0000000085400000, 0x0000000085500000|  0%| F|  |TAMS 0x0000000085400000, 0x0000000085400000| Untracked 
|  67|0x0000000085500000, 0x0000000085500000, 0x0000000085600000|  0%| F|  |TAMS 0x0000000085500000, 0x0000000085500000| Untracked 
|  68|0x0000000085600000, 0x0000000085600000, 0x0000000085700000|  0%| F|  |TAMS 0x0000000085600000, 0x0000000085600000| Untracked 
|  69|0x0000000085700000, 0x0000000085700000, 0x0000000085800000|  0%| F|  |TAMS 0x0000000085700000, 0x0000000085700000| Untracked 
|  70|0x0000000085800000, 0x0000000085800000, 0x0000000085900000|  0%| F|  |TAMS 0x0000000085800000, 0x0000000085800000| Untracked 
|  71|0x0000000085900000, 0x0000000085900000, 0x0000000085a00000|  0%| F|  |TAMS 0x0000000085900000, 0x0000000085900000| Untracked 
|  72|0x0000000085a00000, 0x0000000085a00000, 0x0000000085b00000|  0%| F|  |TAMS 0x0000000085a00000, 0x0000000085a00000| Untracked 
|  73|0x0000000085b00000, 0x0000000085b00000, 0x0000000085c00000|  0%| F|  |TAMS 0x0000000085b00000, 0x0000000085b00000| Untracked 
|  74|0x0000000085c00000, 0x0000000085c00000, 0x0000000085d00000|  0%| F|  |TAMS 0x0000000085c00000, 0x0000000085c00000| Untracked 
|  75|0x0000000085d00000, 0x0000000085d00000, 0x0000000085e00000|  0%| F|  |TAMS 0x0000000085d00000, 0x0000000085d00000| Untracked 
|  76|0x0000000085e00000, 0x0000000085e00000, 0x0000000085f00000|  0%| F|  |TAMS 0x0000000085e00000, 0x0000000085e00000| Untracked 
|  77|0x0000000085f00000, 0x0000000085f00000, 0x0000000086000000|  0%| F|  |TAMS 0x0000000085f00000, 0x0000000085f00000| Untracked 
|  78|0x0000000086000000, 0x0000000086000000, 0x0000000086100000|  0%| F|  |TAMS 0x0000000086000000, 0x0000000086000000| Untracked 
|  79|0x0000000086100000, 0x0000000086100000, 0x0000000086200000|  0%| F|  |TAMS 0x0000000086100000, 0x0000000086100000| Untracked 
|  80|0x0000000086200000, 0x0000000086200000, 0x0000000086300000|  0%| F|  |TAMS 0x0000000086200000, 0x0000000086200000| Untracked 
|  81|0x0000000086300000, 0x0000000086300000, 0x0000000086400000|  0%| F|  |TAMS 0x0000000086300000, 0x0000000086300000| Untracked 
|  82|0x0000000086400000, 0x0000000086400000, 0x0000000086500000|  0%| F|  |TAMS 0x0000000086400000, 0x0000000086400000| Untracked 
|  83|0x0000000086500000, 0x0000000086500000, 0x0000000086600000|  0%| F|  |TAMS 0x0000000086500000, 0x0000000086500000| Untracked 
|  84|0x0000000086600000, 0x0000000086600000, 0x0000000086700000|  0%| F|  |TAMS 0x0000000086600000, 0x0000000086600000| Untracked 
|  85|0x0000000086700000, 0x0000000086700000, 0x0000000086800000|  0%| F|  |TAMS 0x0000000086700000, 0x0000000086700000| Untracked 
|  86|0x0000000086800000, 0x0000000086800000, 0x0000000086900000|  0%| F|  |TAMS 0x0000000086800000, 0x0000000086800000| Untracked 
|  87|0x0000000086900000, 0x0000000086900000, 0x0000000086a00000|  0%| F|  |TAMS 0x0000000086900000, 0x0000000086900000| Untracked 
|  88|0x0000000086a00000, 0x0000000086a00000, 0x0000000086b00000|  0%| F|  |TAMS 0x0000000086a00000, 0x0000000086a00000| Untracked 
|  89|0x0000000086b00000, 0x0000000086b00000, 0x0000000086c00000|  0%| F|  |TAMS 0x0000000086b00000, 0x0000000086b00000| Untracked 
|  90|0x0000000086c00000, 0x0000000086c00000, 0x0000000086d00000|  0%| F|  |TAMS 0x0000000086c00000, 0x0000000086c00000| Untracked 
|  91|0x0000000086d00000, 0x0000000086d00000, 0x0000000086e00000|  0%| F|  |TAMS 0x0000000086d00000, 0x0000000086d00000| Untracked 
|  92|0x0000000086e00000, 0x0000000086e00000, 0x0000000086f00000|  0%| F|  |TAMS 0x0000000086e00000, 0x0000000086e00000| Untracked 
|  93|0x0000000086f00000, 0x0000000086f00000, 0x0000000087000000|  0%| F|  |TAMS 0x0000000086f00000, 0x0000000086f00000| Untracked 
|  94|0x0000000087000000, 0x0000000087000000, 0x0000000087100000|  0%| F|  |TAMS 0x0000000087000000, 0x0000000087000000| Untracked 
|  95|0x0000000087100000, 0x0000000087100000, 0x0000000087200000|  0%| F|  |TAMS 0x0000000087100000, 0x0000000087100000| Untracked 
|  96|0x0000000087200000, 0x0000000087200000, 0x0000000087300000|  0%| F|  |TAMS 0x0000000087200000, 0x0000000087200000| Untracked 
|  97|0x0000000087300000, 0x0000000087300000, 0x0000000087400000|  0%| F|  |TAMS 0x0000000087300000, 0x0000000087300000| Untracked 
|  98|0x0000000087400000, 0x0000000087400000, 0x0000000087500000|  0%| F|  |TAMS 0x0000000087400000, 0x0000000087400000| Untracked 
|  99|0x0000000087500000, 0x0000000087500000, 0x0000000087600000|  0%| F|  |TAMS 0x0000000087500000, 0x0000000087500000| Untracked 
| 100|0x0000000087600000, 0x0000000087600000, 0x0000000087700000|  0%| F|  |TAMS 0x0000000087600000, 0x0000000087600000| Untracked 
| 101|0x0000000087700000, 0x0000000087700000, 0x0000000087800000|  0%| F|  |TAMS 0x0000000087700000, 0x0000000087700000| Untracked 
| 102|0x0000000087800000, 0x0000000087800000, 0x0000000087900000|  0%| F|  |TAMS 0x0000000087800000, 0x0000000087800000| Untracked 
| 103|0x0000000087900000, 0x0000000087900000, 0x0000000087a00000|  0%| F|  |TAMS 0x0000000087900000, 0x0000000087900000| Untracked 
| 104|0x0000000087a00000, 0x0000000087a00000, 0x0000000087b00000|  0%| F|  |TAMS 0x0000000087a00000, 0x0000000087a00000| Untracked 
| 105|0x0000000087b00000, 0x0000000087b00000, 0x0000000087c00000|  0%| F|  |TAMS 0x0000000087b00000, 0x0000000087b00000| Untracked 
| 106|0x0000000087c00000, 0x0000000087c00000, 0x0000000087d00000|  0%| F|  |TAMS 0x0000000087c00000, 0x0000000087c00000| Untracked 
| 107|0x0000000087d00000, 0x0000000087d00000, 0x0000000087e00000|  0%| F|  |TAMS 0x0000000087d00000, 0x0000000087d00000| Untracked 
| 108|0x0000000087e00000, 0x0000000087e00000, 0x0000000087f00000|  0%| F|  |TAMS 0x0000000087e00000, 0x0000000087e00000| Untracked 
| 109|0x0000000087f00000, 0x0000000087f00000, 0x0000000088000000|  0%| F|  |TAMS 0x0000000087f00000, 0x0000000087f00000| Untracked 
| 110|0x0000000088000000, 0x0000000088000000, 0x0000000088100000|  0%| F|  |TAMS 0x0000000088000000, 0x0000000088000000| Untracked 
| 111|0x0000000088100000, 0x0000000088100000, 0x0000000088200000|  0%| F|  |TAMS 0x0000000088100000, 0x0000000088100000| Untracked 
| 112|0x0000000088200000, 0x0000000088200000, 0x0000000088300000|  0%| F|  |TAMS 0x0000000088200000, 0x0000000088200000| Untracked 
| 113|0x0000000088300000, 0x0000000088300000, 0x0000000088400000|  0%| F|  |TAMS 0x0000000088300000, 0x0000000088300000| Untracked 
| 114|0x0000000088400000, 0x0000000088476470, 0x0000000088500000| 46%| E|  |TAMS 0x0000000088400000, 0x0000000088400000| Complete 
| 115|0x0000000088500000, 0x0000000088600000, 0x0000000088600000|100%| E|CS|TAMS 0x0000000088500000, 0x0000000088500000| Complete 
| 116|0x0000000088600000, 0x0000000088700000, 0x0000000088700000|100%| E|CS|TAMS 0x0000000088600000, 0x0000000088600000| Complete 
| 117|0x0000000088700000, 0x0000000088800000, 0x0000000088800000|100%| E|CS|TAMS 0x0000000088700000, 0x0000000088700000| Complete 
| 118|0x0000000088800000, 0x0000000088900000, 0x0000000088900000|100%| E|CS|TAMS 0x0000000088800000, 0x0000000088800000| Complete 
| 119|0x0000000088900000, 0x0000000088a00000, 0x0000000088a00000|100%| E|CS|TAMS 0x0000000088900000, 0x0000000088900000| Complete 
| 120|0x0000000088a00000, 0x0000000088b00000, 0x0000000088b00000|100%| E|CS|TAMS 0x0000000088a00000, 0x0000000088a00000| Complete 
| 121|0x0000000088b00000, 0x0000000088c00000, 0x0000000088c00000|100%| E|CS|TAMS 0x0000000088b00000, 0x0000000088b00000| Complete 
| 122|0x0000000088c00000, 0x0000000088d00000, 0x0000000088d00000|100%| E|CS|TAMS 0x0000000088c00000, 0x0000000088c00000| Complete 
| 123|0x0000000088d00000, 0x0000000088e00000, 0x0000000088e00000|100%| E|CS|TAMS 0x0000000088d00000, 0x0000000088d00000| Complete 
| 124|0x0000000088e00000, 0x0000000088f00000, 0x0000000088f00000|100%| E|CS|TAMS 0x0000000088e00000, 0x0000000088e00000| Complete 
| 125|0x0000000088f00000, 0x0000000089000000, 0x0000000089000000|100%| E|CS|TAMS 0x0000000088f00000, 0x0000000088f00000| Complete 
| 126|0x0000000089000000, 0x0000000089100000, 0x0000000089100000|100%| E|CS|TAMS 0x0000000089000000, 0x0000000089000000| Complete 
| 127|0x0000000089100000, 0x0000000089200000, 0x0000000089200000|100%| E|CS|TAMS 0x0000000089100000, 0x0000000089100000| Complete 

Card table byte_map: [0x000001c6e1590000,0x000001c6e1990000] _byte_map_base: 0x000001c6e1187000

Marking Bits (Prev, Next): (CMBitMap*) 0x000001c6c9431818, (CMBitMap*) 0x000001c6c9431858
 Prev Bits: [0x000001c6e1d90000, 0x000001c6e3d48000)
 Next Bits: [0x000001c6e3d50000, 0x000001c6e5d08000)

Polling page: 0x000001c6c8bc0000

Metaspace:

Usage:
  Non-class:      5.26 MB capacity,     5.16 MB ( 98%) used,    82.67 KB (  2%) free+waste,    16.56 KB ( <1%) overhead. 
      Class:    787.00 KB capacity,   671.98 KB ( 85%) used,   103.46 KB ( 13%) free+waste,    11.56 KB (  1%) overhead. 
       Both:      6.03 MB capacity,     5.82 MB ( 97%) used,   186.13 KB (  3%) free+waste,    28.13 KB ( <1%) overhead. 

Virtual space:
  Non-class space:        8.00 MB reserved,       5.50 MB ( 69%) committed 
      Class space:        1.00 GB reserved,     896.00 KB ( <1%) committed 
             Both:        1.01 GB reserved,       6.38 MB ( <1%) committed 

Chunk freelists:
   Non-Class:  0 bytes
       Class:  13.00 KB
        Both:  13.00 KB

MaxMetaspaceSize: 17179869184.00 GB
CompressedClassSpaceSize: 1.00 GB

CodeHeap 'non-profiled nmethods': size=120000Kb used=178Kb max_used=178Kb free=119821Kb
 bounds [0x000001c6d9920000, 0x000001c6d9b90000, 0x000001c6e0e50000]
CodeHeap 'profiled nmethods': size=120000Kb used=1004Kb max_used=1004Kb free=118995Kb
 bounds [0x000001c6d23f0000, 0x000001c6d2660000, 0x000001c6d9920000]
CodeHeap 'non-nmethods': size=5760Kb used=1239Kb max_used=1253Kb free=4520Kb
 bounds [0x000001c6d1e50000, 0x000001c6d20c0000, 0x000001c6d23f0000]
 total_blobs=1470 nmethods=596 adapters=429
 compilation: enabled
              stopped_count=0, restarted_count=0
 full_count=0

Compilation events (20 events):
Event: 0.806 Thread 0x000001c6e8775800 nmethod 581 0x000001c6d24e4e90 code [0x000001c6d24e5040, 0x000001c6d24e5238]
Event: 0.806 Thread 0x000001c6e8775800  577       3       java.lang.CharacterDataLatin1::toLowerCase (39 bytes)
Event: 0.807 Thread 0x000001c6e8775800 nmethod 577 0x000001c6d24e5310 code [0x000001c6d24e54c0, 0x000001c6d24e5718]
Event: 0.807 Thread 0x000001c6e8775800  583       3       java.util.ArrayList$Itr::hasNext (20 bytes)
Event: 0.807 Thread 0x000001c6e8775800 nmethod 583 0x000001c6d24e5890 code [0x000001c6d24e5a20, 0x000001c6d24e5bb8]
Event: 0.807 Thread 0x000001c6e8775800  584       1       java.util.ArrayList::size (5 bytes)
Event: 0.807 Thread 0x000001c6e8775800 nmethod 584 0x000001c6d994c090 code [0x000001c6d994c220, 0x000001c6d994c2f8]
Event: 0.808 Thread 0x000001c6e8775800  585       3       java.lang.Module::isNamed (13 bytes)
Event: 0.808 Thread 0x000001c6e8775800 nmethod 585 0x000001c6d24e5c90 code [0x000001c6d24e5e20, 0x000001c6d24e5f98]
Event: 0.816 Thread 0x000001c6e8775800  586       3       jdk.internal.org.objectweb.asm.MethodWriter::visitInsn (115 bytes)
Event: 0.817 Thread 0x000001c6e8775800 nmethod 586 0x000001c6d24e6010 code [0x000001c6d24e6200, 0x000001c6d24e6628]
Event: 0.817 Thread 0x000001c6e8775800  588       3       java.lang.invoke.LambdaForm::useCount (90 bytes)
Event: 0.818 Thread 0x000001c6e8775800 nmethod 588 0x000001c6d24e6810 code [0x000001c6d24e69e0, 0x000001c6d24e6db8]
Event: 0.818 Thread 0x000001c6e8775800  587       3       sun.invoke.util.BytecodeDescriptor::unparse (37 bytes)
Event: 0.820 Thread 0x000001c6e8775800 nmethod 587 0x000001c6d24e6f90 code [0x000001c6d24e71c0, 0x000001c6d24e78b8]
Event: 0.820 Thread 0x000001c6e8775800  592       3       java.lang.invoke.LambdaForm$Name::replaceNames (174 bytes)
Event: 0.822 Thread 0x000001c6e8775800 nmethod 592 0x000001c6d24e7b10 code [0x000001c6d24e7d40, 0x000001c6d24e8998]
Event: 0.822 Thread 0x000001c6e8775800  589       3       java.lang.invoke.LambdaForm$Name::internArguments (59 bytes)
Event: 0.823 Thread 0x000001c6e8775800 nmethod 589 0x000001c6d24e8d10 code [0x000001c6d24e8f00, 0x000001c6d24e9648]
Event: 0.823 Thread 0x000001c6e8775800  594       3       jdk.internal.org.objectweb.asm.Frame::setLocal (65 bytes)

GC Heap History (0 events):
No events

Deoptimization events (20 events):
Event: 0.599 Thread 0x000001c6e96ae800 DEOPT PACKING pc=0x000001c6d24c2afe sp=0x00000031835fee40
Event: 0.599 Thread 0x000001c6e96ae800 DEOPT UNPACKING pc=0x000001c6d1e9964e sp=0x00000031835fe350 mode 0
Event: 0.600 Thread 0x000001c6e96ae800 DEOPT PACKING pc=0x000001c6d24c2afe sp=0x00000031835fee40
Event: 0.600 Thread 0x000001c6e96ae800 DEOPT UNPACKING pc=0x000001c6d1e9964e sp=0x00000031835fe350 mode 0
Event: 0.600 Thread 0x000001c6e96ae800 DEOPT PACKING pc=0x000001c6d24c2afe sp=0x00000031835fee40
Event: 0.600 Thread 0x000001c6e96ae800 DEOPT UNPACKING pc=0x000001c6d1e9964e sp=0x00000031835fe350 mode 0
Event: 0.600 Thread 0x000001c6e96ae800 DEOPT PACKING pc=0x000001c6d24c2afe sp=0x00000031835fee40
Event: 0.600 Thread 0x000001c6e96ae800 DEOPT UNPACKING pc=0x000001c6d1e9964e sp=0x00000031835fe350 mode 0
Event: 0.600 Thread 0x000001c6e96ae800 DEOPT PACKING pc=0x000001c6d24c2afe sp=0x00000031835fee40
Event: 0.600 Thread 0x000001c6e96ae800 DEOPT UNPACKING pc=0x000001c6d1e9964e sp=0x00000031835fe350 mode 0
Event: 0.601 Thread 0x000001c6e96ae800 DEOPT PACKING pc=0x000001c6d24c2afe sp=0x00000031835fee40
Event: 0.601 Thread 0x000001c6e96ae800 DEOPT UNPACKING pc=0x000001c6d1e9964e sp=0x00000031835fe350 mode 0
Event: 0.601 Thread 0x000001c6e96ae800 DEOPT PACKING pc=0x000001c6d24c2afe sp=0x00000031835fee40
Event: 0.601 Thread 0x000001c6e96ae800 DEOPT UNPACKING pc=0x000001c6d1e9964e sp=0x00000031835fe350 mode 0
Event: 0.601 Thread 0x000001c6e96ae800 DEOPT PACKING pc=0x000001c6d24c2afe sp=0x00000031835fee40
Event: 0.601 Thread 0x000001c6e96ae800 DEOPT UNPACKING pc=0x000001c6d1e9964e sp=0x00000031835fe350 mode 0
Event: 0.603 Thread 0x000001c6e96ae800 Uncommon trap: trap_request=0xffffff45 fr.pc=0x000001c6d994755c relative=0x000000000000027c
Event: 0.603 Thread 0x000001c6e96ae800 Uncommon trap: reason=unstable_if action=reinterpret pc=0x000001c6d994755c method=sun.awt.image.ImageRepresentation.getOpaqueRGBImage()Ljava/awt/image/BufferedImage; @ 71 c2
Event: 0.603 Thread 0x000001c6e96ae800 DEOPT PACKING pc=0x000001c6d994755c sp=0x00000031835feec0
Event: 0.603 Thread 0x000001c6e96ae800 DEOPT UNPACKING pc=0x000001c6d1e9912f sp=0x00000031835fee50 mode 2

Classes unloaded (0 events):
No events

Classes redefined (0 events):
No events

Internal exceptions (14 events):
Event: 0.114 Thread 0x000001c6c93ed800 Exception <a 'java/lang/ClassNotFoundException'{0x00000000890002f0}: sun/awt/resources/spi/awtProvider> (0x00000000890002f0) 
thrown [./src/hotspot/share/classfile/systemDictionary.cpp, line 226]
Event: 0.160 Thread 0x000001c6c93ed800 Exception <a 'java/io/FileNotFoundException'{0x0000000089055148}> (0x0000000089055148) 
thrown [./src/hotspot/share/prims/jni.cpp, line 599]
Event: 0.170 Thread 0x000001c6c93ed800 Exception <a 'java/io/FileNotFoundException'{0x000000008907b9d0}> (0x000000008907b9d0) 
thrown [./src/hotspot/share/prims/jni.cpp, line 599]
Event: 0.246 Thread 0x000001c6e9396000 Exception <a 'java/lang/NoSuchMethodError'{0x00000000890f0f60}: 'void java.lang.invoke.DirectMethodHandle$Holder.invokeSpecial(java.lang.Object, java.lang.Object)'> (0x00000000890f0f60) 
thrown [./src/hotspot/share/interpreter/linkResolver.cpp, line 766]
Event: 0.323 Thread 0x000001c6c93ed800 Exception <a 'java/lang/NoSuchMethodError'{0x0000000088f51360}: 'java.lang.Object java.lang.invoke.DirectMethodHandle$Holder.invokeStatic(java.lang.Object, int, java.lang.Object, java.lang.Object, java.lang.Object, java.lang.Object)'> (0x0000000088f51360) 
thrown [./src/hotspot/share/interpreter/linkResolver.cpp, line 766]
Event: 0.324 Thread 0x000001c6c93ed800 Exception <a 'java/lang/NoSuchMethodError'{0x0000000088f57c80}: 'java.lang.Object java.lang.invoke.DirectMethodHandle$Holder.invokeStatic(java.lang.Object, int, java.lang.Object, java.lang.Object, java.lang.Object)'> (0x0000000088f57c80) 
thrown [./src/hotspot/share/interpreter/linkResolver.cpp, line 766]
Event: 0.325 Thread 0x000001c6c93ed800 Exception <a 'java/lang/NoSuchMethodError'{0x0000000088f5b4d0}: 'java.lang.Object java.lang.invoke.DirectMethodHandle$Holder.invokeSpecial(java.lang.Object, java.lang.Object, int, java.lang.Object, java.lang.Object, java.lang.Object)'> (0x0000000088f5b4d0) 
thrown [./src/hotspot/share/interpreter/linkResolver.cpp, line 766]
Event: 0.333 Thread 0x000001c6c93ed800 Exception <a 'java/lang/NoSuchMethodError'{0x0000000088f71878}: 'java.lang.Object java.lang.invoke.DirectMethodHandle$Holder.invokeStatic(java.lang.Object, int, java.lang.Object)'> (0x0000000088f71878) 
thrown [./src/hotspot/share/interpreter/linkResolver.cpp, line 766]
Event: 0.381 Thread 0x000001c6c93ed800 Exception <a 'java/lang/ClassNotFoundException'{0x0000000088e158c8}: com/sun/swing/internal/plaf/metal/resources/spi/metalProvider> (0x0000000088e158c8) 
thrown [./src/hotspot/share/classfile/systemDictionary.cpp, line 226]
Event: 0.384 Thread 0x000001c6c93ed800 Exception <a 'java/lang/ClassNotFoundException'{0x0000000088e1a588}: com/sun/swing/internal/plaf/basic/resources/spi/basicProvider> (0x0000000088e1a588) 
thrown [./src/hotspot/share/classfile/systemDictionary.cpp, line 226]
Event: 0.717 Thread 0x000001c6c93ed800 Exception <a 'java/lang/NoSuchMethodError'{0x0000000088e64a00}: 'void java.lang.invoke.DirectMethodHandle$Holder.invokeStaticInit(java.lang.Object)'> (0x0000000088e64a00) 
thrown [./src/hotspot/share/interpreter/linkResolver.cpp, line 766]
Event: 0.751 Thread 0x000001c6c93ed800 Exception <a 'java/io/FileNotFoundException'{0x0000000088e715c0}> (0x0000000088e715c0) 
thrown [./src/hotspot/share/prims/jni.cpp, line 599]
Event: 0.751 Thread 0x000001c6c93ed800 Exception <a 'java/lang/NullPointerException'{0x0000000088e71eb0}> (0x0000000088e71eb0) 
thrown [./src/hotspot/share/interpreter/linkResolver.cpp, line 1348]
Event: 0.822 Thread 0x000001c6c93ed800 Exception <a 'java/lang/NoSuchMethodError'{0x000000008843a650}: 'java.lang.Object java.lang.invoke.Invokers$Holder.linkToTargetMethod(java.lang.Object, int, java.lang.Object)'> (0x000000008843a650) 
thrown [./src/hotspot/share/interpreter/linkResolver.cpp, line 766]

Events (20 events):
Event: 0.806 loading class sun/awt/FontConfiguration$2
Event: 0.806 loading class sun/awt/FontConfiguration$2 done
Event: 0.807 loading class sun/awt/windows/WDefaultFontCharset
Event: 0.807 loading class sun/awt/AWTCharset
Event: 0.807 loading class sun/awt/AWTCharset done
Event: 0.807 loading class sun/awt/windows/WDefaultFontCharset done
Event: 0.808 loading class sun/awt/windows/WDefaultFontCharset$Encoder
Event: 0.808 loading class sun/awt/AWTCharset$Encoder
Event: 0.808 loading class sun/awt/AWTCharset$Encoder done
Event: 0.808 loading class sun/awt/windows/WDefaultFontCharset$Encoder done
Event: 0.811 loading class java/io/ByteArrayOutputStream
Event: 0.811 loading class java/io/ByteArrayOutputStream done
Event: 0.812 loading class sun/awt/windows/WingDings
Event: 0.812 loading class sun/awt/windows/WingDings done
Event: 0.812 loading class sun/awt/windows/WingDings$Encoder
Event: 0.812 loading class sun/awt/windows/WingDings$Encoder done
Event: 0.813 loading class sun/awt/Symbol
Event: 0.813 loading class sun/awt/Symbol done
Event: 0.813 loading class sun/awt/Symbol$Encoder
Event: 0.813 loading class sun/awt/Symbol$Encoder done


Dynamic libraries:
0x00007ff7b5a00000 - 0x00007ff7b5a0d000 	C:\Program Files\AdoptOpenJDK\jdk-14.0.1.7-hotspot\bin\javaw.exe
0x00007ff89d660000 - 0x00007ff89d850000 	C:\WINDOWS\SYSTEM32\ntdll.dll
0x00007ff89c130000 - 0x00007ff89c1e2000 	C:\WINDOWS\System32\KERNEL32.DLL
0x00007ff89a9b0000 - 0x00007ff89ac55000 	C:\WINDOWS\System32\KERNELBASE.dll
0x00007ff89b3f0000 - 0x00007ff89b4ea000 	C:\WINDOWS\System32\ucrtbase.dll
0x00007ff8963a0000 - 0x00007ff8963b8000 	C:\Program Files\AdoptOpenJDK\jdk-14.0.1.7-hotspot\bin\jli.dll
0x00007ff880c30000 - 0x00007ff880c45000 	C:\Program Files\AdoptOpenJDK\jdk-14.0.1.7-hotspot\bin\VCRUNTIME140.dll
0x00007ff89bee0000 - 0x00007ff89c074000 	C:\WINDOWS\System32\USER32.dll
0x00007ff89a5e0000 - 0x00007ff89a601000 	C:\WINDOWS\System32\win32u.dll
0x00007ff89c370000 - 0x00007ff89c396000 	C:\WINDOWS\System32\GDI32.dll
0x00007ff881440000 - 0x00007ff8816c4000 	C:\WINDOWS\WinSxS\amd64_microsoft.windows.common-controls_6595b64144ccf1df_6.0.18362.1198_none_9e820b57e45ad92f\COMCTL32.dll
0x00007ff89b570000 - 0x00007ff89b706000 	C:\WINDOWS\System32\gdi32full.dll
0x00007ff89c210000 - 0x00007ff89c2ae000 	C:\WINDOWS\System32\msvcrt.dll
0x00007ff89a760000 - 0x00007ff89a7fe000 	C:\WINDOWS\System32\msvcp_win.dll
0x00007ff89b720000 - 0x00007ff89ba55000 	C:\WINDOWS\System32\combase.dll
0x00007ff89d2c0000 - 0x00007ff89d3e0000 	C:\WINDOWS\System32\RPCRT4.dll
0x00007ff89b4f0000 - 0x00007ff89b570000 	C:\WINDOWS\System32\bcryptPrimitives.dll
0x00007ff89d290000 - 0x00007ff89d2be000 	C:\WINDOWS\System32\IMM32.DLL
0x00007ff8631d0000 - 0x00007ff86326b000 	C:\Program Files\AdoptOpenJDK\jdk-14.0.1.7-hotspot\bin\msvcp140.dll
0x00007ff8185a0000 - 0x00007ff81914c000 	C:\Program Files\AdoptOpenJDK\jdk-14.0.1.7-hotspot\bin\server\jvm.dll
0x00007ff89c4e0000 - 0x00007ff89c583000 	C:\WINDOWS\System32\ADVAPI32.dll
0x00007ff89bbc0000 - 0x00007ff89bc57000 	C:\WINDOWS\System32\sechost.dll
0x00007ff89d460000 - 0x00007ff89d468000 	C:\WINDOWS\System32\PSAPI.DLL
0x00007ff881270000 - 0x00007ff881279000 	C:\WINDOWS\SYSTEM32\WSOCK32.dll
0x00007ff896290000 - 0x00007ff8962b4000 	C:\WINDOWS\SYSTEM32\WINMM.dll
0x00007ff8954e0000 - 0x00007ff8954ea000 	C:\WINDOWS\SYSTEM32\VERSION.dll
0x00007ff89c660000 - 0x00007ff89c6cf000 	C:\WINDOWS\System32\WS2_32.dll
0x00007ff896260000 - 0x00007ff89628d000 	C:\WINDOWS\SYSTEM32\winmmbase.dll
0x00007ff89a800000 - 0x00007ff89a84a000 	C:\WINDOWS\System32\cfgmgr32.dll
0x00007ff89a520000 - 0x00007ff89a531000 	C:\WINDOWS\System32\kernel.appcore.dll
0x00007ff88d710000 - 0x00007ff88d71a000 	C:\Program Files\AdoptOpenJDK\jdk-14.0.1.7-hotspot\bin\jimage.dll
0x00007ff898ec0000 - 0x00007ff8990b4000 	C:\WINDOWS\SYSTEM32\DBGHELP.DLL
0x00007ff888f60000 - 0x00007ff888f8a000 	C:\WINDOWS\SYSTEM32\dbgcore.DLL
0x00007ff8687b0000 - 0x00007ff8687d5000 	C:\Program Files\AdoptOpenJDK\jdk-14.0.1.7-hotspot\bin\java.dll
0x00007ff864130000 - 0x00007ff864146000 	C:\Program Files\AdoptOpenJDK\jdk-14.0.1.7-hotspot\bin\zip.dll
0x00007ff89cb40000 - 0x00007ff89d227000 	C:\WINDOWS\System32\SHELL32.dll
0x00007ff89c080000 - 0x00007ff89c129000 	C:\WINDOWS\System32\shcore.dll
0x00007ff89ac60000 - 0x00007ff89b3e1000 	C:\WINDOWS\System32\windows.storage.dll
0x00007ff89a5b0000 - 0x00007ff89a5d3000 	C:\WINDOWS\System32\profapi.dll
0x00007ff89a560000 - 0x00007ff89a5aa000 	C:\WINDOWS\System32\powrprof.dll
0x00007ff89a510000 - 0x00007ff89a520000 	C:\WINDOWS\System32\UMPDC.dll
0x00007ff89c2b0000 - 0x00007ff89c302000 	C:\WINDOWS\System32\shlwapi.dll
0x00007ff89a900000 - 0x00007ff89a917000 	C:\WINDOWS\System32\cryptsp.dll
0x00007ff85ded0000 - 0x00007ff85e067000 	C:\Program Files\AdoptOpenJDK\jdk-14.0.1.7-hotspot\bin\awt.dll
0x00007ff89c590000 - 0x00007ff89c655000 	C:\WINDOWS\System32\OLEAUT32.dll
0x00007ff898380000 - 0x00007ff89840f000 	C:\WINDOWS\SYSTEM32\apphelp.dll
0x00007ff898990000 - 0x00007ff8989bd000 	C:\WINDOWS\system32\DWMAPI.DLL
0x00007ff8984c0000 - 0x00007ff898559000 	C:\WINDOWS\system32\uxtheme.dll
0x00007ff86f3f0000 - 0x00007ff86f546000 	C:\WINDOWS\system32\opengl32.dll
0x00007ff86f920000 - 0x00007ff86f94c000 	C:\WINDOWS\SYSTEM32\GLU32.dll
0x00007ff899130000 - 0x00007ff899150000 	C:\WINDOWS\SYSTEM32\dxcore.dll
0x00007ff89c3a0000 - 0x00007ff89c4d5000 	C:\WINDOWS\System32\MSCTF.dll
0x00007ff89ba60000 - 0x00007ff89bbb7000 	C:\WINDOWS\System32\ole32.dll
0x00007ff862f90000 - 0x00007ff863012000 	C:\Program Files\AdoptOpenJDK\jdk-14.0.1.7-hotspot\bin\freetype.dll
0x00007ff84af40000 - 0x00007ff84afe6000 	C:\Program Files\AdoptOpenJDK\jdk-14.0.1.7-hotspot\bin\fontmanager.dll

dbghelp: loaded successfully - version: 4.0.5 - missing functions: none
symbol engine: initialized successfully - sym options: 0x614 - pdb path: .;C:\Program Files\AdoptOpenJDK\jdk-14.0.1.7-hotspot\bin;C:\WINDOWS\SYSTEM32;C:\WINDOWS\WinSxS\amd64_microsoft.windows.common-controls_6595b64144ccf1df_6.0.18362.1198_none_9e820b57e45ad92f;C:\Program Files\AdoptOpenJDK\jdk-14.0.1.7-hotspot\bin\server

VM Arguments:
jvm_args: -Dfile.encoding=UTF-8 
java_command: êßçÏé©èK.keigomenu
java_class_path (initial): C:\Users\SHOTARO FUJITA\git\repository6\êßçÏé©èK\bin
Launcher Type: SUN_STANDARD

[Global flags]
     intx CICompilerCount                          = 4                                         {product} {ergonomic}
     uint ConcGCThreads                            = 2                                         {product} {ergonomic}
     uint G1ConcRefinementThreads                  = 8                                         {product} {ergonomic}
   size_t G1HeapRegionSize                         = 1048576                                   {product} {ergonomic}
    uintx GCDrainStackTargetSize                   = 64                                        {product} {ergonomic}
   size_t InitialHeapSize                          = 134217728                                 {product} {ergonomic}
   size_t MarkStackSize                            = 4194304                                   {product} {ergonomic}
   size_t MaxHeapSize                              = 2128609280                                {product} {ergonomic}
   size_t MaxNewSize                               = 1277165568                                {product} {ergonomic}
   size_t MinHeapDeltaBytes                        = 1048576                                   {product} {ergonomic}
   size_t MinHeapSize                              = 8388608                                   {product} {ergonomic}
    uintx NonNMethodCodeHeapSize                   = 5839372                                {pd product} {ergonomic}
    uintx NonProfiledCodeHeapSize                  = 122909434                              {pd product} {ergonomic}
    uintx ProfiledCodeHeapSize                     = 122909434                              {pd product} {ergonomic}
    uintx ReservedCodeCacheSize                    = 251658240                              {pd product} {ergonomic}
     bool SegmentedCodeCache                       = true                                      {product} {ergonomic}
   size_t SoftMaxHeapSize                          = 2128609280                             {manageable} {ergonomic}
     bool UseCompressedClassPointers               = true                                 {lp64_product} {ergonomic}
     bool UseCompressedOops                        = true                                 {lp64_product} {ergonomic}
     bool UseG1GC                                  = true                                      {product} {ergonomic}
     bool UseLargePagesIndividualAllocation        = false                                  {pd product} {ergonomic}

Logging:
Log output configuration:
 #0: stdout all=warning uptime,level,tags
 #1: stderr all=off uptime,level,tags

Environment Variables:
JAVA_HOME=C:\Program Files\AdoptOpenJDK\jdk-14.0.1.7-hotspot\
PATH=C:\Program Files\Common Files\Oracle\Java\javapath;C:\Program Files\AdoptOpenJDK\jdk-14.0.1.7-hotspot\bin;C:\WINDOWS\system32;C:\WINDOWS;C:\WINDOWS\System32\Wbem;C:\WINDOWS\System32\WindowsPowerShell\v1.0\;C:\WINDOWS\System32\OpenSSH\;C:\Program Files\Intel\WiFi\bin\;C:\Program Files\Common Files\Intel\WirelessCommon\;C:\Program Files\dotnet\;C:\java\derby\bin;C:\Program Files\AdoptOpenJDK\jdk-14.0.1.7-hotspot\bin;C:\WINDOWS\system32;C:\WINDOWS;C:\WINDOWS\System32\Wbem;C:\WINDOWS\System32\WindowsPowerShell\v1.0\;C:\WINDOWS\System32\OpenSSH\;C:\Program Files\Intel\WiFi\bin\;C:\Program Files\Common Files\Intel\WirelessCommon\;C:\Program Files\dotnet\;C:\Python\Python3;C:\Python\Python3\Library\mingw-w64\bin;C:\Python\Python3\Library\usr\bin;C:\Python\Python3\Library\bin;C:\Python\Python3\Scripts;C:\ckadai\Python\Python3;C:\ckadai\Python\Python3\Library\mingw-w64\bin;C:\ckadai\Python\Python3\Library\usr\bin;C:\ckadai\Python\Python3\Library\bin;C:\ckadai\Python\Python3\Scripts;C:\Users\SHOTARO FUJITA\AppData\Local\Microsoft\WindowsApps;C:\MinGW\bin;C:\Users\SHOTARO FUJITA\AppData\Local\Microsoft\WindowsApps;C:\Users\SHOTARO FUJITA\.dotnet\tools
USERNAME=SHOTARO FUJITA
OS=Windows_NT
PROCESSOR_IDENTIFIER=Intel64 Family 6 Model 142 Stepping 10, GenuineIntel



---------------  S Y S T E M  ---------------

OS: Windows 10 , 64 bit Build 18362 (10.0.18362.1110)
OS uptime: 4 days 1:46 hours

CPU:total 8 (initial active 8) (4 cores per cpu, 2 threads per core) family 6 model 142 stepping 10, cmov, cx8, fxsr, mmx, sse, sse2, sse3, ssse3, sse4.1, sse4.2, popcnt, avx, avx2, aes, clmul, erms, 3dnowpref, lzcnt, ht, tsc, tscinvbit, bmi1, bmi2, adx, fma

Memory: 4k page, system-wide physical 8118M (1389M free)
TotalPageFile size 17334M (AvailPageFile size 6219M)
current process WorkingSet (physical memory assigned to process): 65M, peak: 65M
current process commit charge ("private bytes"): 221M, peak: 221M

vm_info: OpenJDK 64-Bit Server VM (14.0.1+7) for windows-amd64 JRE (14.0.1+7), built on Apr 22 2020 14:10:56 by "" with MS VC++ 15.9 (VS2017)

END.
