#
# A fatal error has been detected by the Java Runtime Environment:
#
#  EXCEPTION_ACCESS_VIOLATION (0xc0000005) at pc=0x00007ff99358f74a, pid=18332, tid=6620
#
# JRE version: OpenJDK Runtime Environment AdoptOpenJDK (14.0.1+7) (build 14.0.1+7)
# Java VM: OpenJDK 64-Bit Server VM AdoptOpenJDK (14.0.1+7, mixed mode, sharing, tiered, compressed oops, g1 gc, windows-amd64)
# Problematic frame:
# C  [awt.dll+0x8f74a]
#
# No core dump will be written. Minidumps are not enabled by default on client versions of Windows
#
# If you would like to submit a bug report, please visit:
#   https://github.com/AdoptOpenJDK/openjdk-support/issues
# The crash happened outside the Java Virtual Machine in native code.
# See problematic frame for where to report the bug.
#

---------------  S U M M A R Y ------------

Command Line: -Dfile.encoding=UTF-8 êßçÏé©èK.TEL

Host: Intel(R) Core(TM) i5-8250U CPU @ 1.60GHz, 8 cores, 7G,  Windows 10 , 64 bit Build 18362 (10.0.18362.1110)
Time: Thu Jan  7 13:12:23 2021 ???? (?W?Ä??) elapsed time: 0 seconds (0d 0h 0m 0s)

---------------  T H R E A D  ---------------

Current thread (0x000001bf961cc000):  JavaThread "main" [_thread_in_native, id=6620, stack(0x000000147e200000,0x000000147e300000)]

Stack: [0x000000147e200000,0x000000147e300000],  sp=0x000000147e2fedd0,  free space=1019k
Native frames: (J=compiled Java code, j=interpreted, Vv=VM code, C=native code)
C  [awt.dll+0x8f74a]

Java frames: (J=compiled Java code, j=interpreted, Vv=VM code)
j  sun.awt.windows.WComponentPeer._setFont(Ljava/awt/Font;)V+0 java.desktop@14.0.1
j  sun.awt.windows.WComponentPeer.setFont(Ljava/awt/Font;)V+7 java.desktop@14.0.1
j  sun.awt.windows.WWindowPeer.initialize()V+42 java.desktop@14.0.1
j  sun.awt.windows.WFramePeer.initialize()V+1 java.desktop@14.0.1
j  sun.awt.windows.WComponentPeer.<init>(Ljava/awt/Component;)V+83 java.desktop@14.0.1
j  sun.awt.windows.WCanvasPeer.<init>(Ljava/awt/Component;)V+2 java.desktop@14.0.1
j  sun.awt.windows.WPanelPeer.<init>(Ljava/awt/Component;)V+2 java.desktop@14.0.1
j  sun.awt.windows.WWindowPeer.<init>(Ljava/awt/Window;)V+2 java.desktop@14.0.1
j  sun.awt.windows.WFramePeer.<init>(Ljava/awt/Frame;)V+2 java.desktop@14.0.1
j  sun.awt.windows.WToolkit.createFrame(Ljava/awt/Frame;)Ljava/awt/peer/FramePeer;+5 java.desktop@14.0.1
j  java.awt.Frame.addNotify()V+20 java.desktop@14.0.1
j  javax.swing.SwingUtilities$SharedOwnerFrame.addNotify()V+1 java.desktop@14.0.1
j  java.awt.Dialog.addNotify()V+28 java.desktop@14.0.1
j  java.awt.Dialog.conditionalShow(Ljava/awt/Component;Ljava/util/concurrent/atomic/AtomicLong;)Z+20 java.desktop@14.0.1
j  java.awt.Dialog.show()V+33 java.desktop@14.0.1
j  java.awt.Component.show(Z)V+5 java.desktop@14.0.1
j  java.awt.Component.setVisible(Z)V+2 java.desktop@14.0.1
j  java.awt.Window.setVisible(Z)V+2 java.desktop@14.0.1
j  java.awt.Dialog.setVisible(Z)V+2 java.desktop@14.0.1
j  Âà∂‰ΩúËá™Áøí.TEL.main([Ljava/lang/String;)V+15
v  ~StubRoutines::call_stub

siginfo: EXCEPTION_ACCESS_VIOLATION (0xc0000005), reading address 0x0000000000000058


Register to memory mapping:

RIP=0x00007ff99358f74a awt.dll
RAX=0x00007ff99360a660 awt.dll
RBX=0x000001bf961cc310 points into unknown readable memory: 50 3c 2a 69 f9 7f 00 00
RCX=0x000001bfb6c93630 points into unknown readable memory: 60 a6 60 93 f9 7f 00 00
RDX=0x0 is NULL
RSP=0x000000147e2fedd0 is pointing into the stack for thread: 0x000001bf961cc000
RBP=0x0 is NULL
RSI=0x000001bfb61e42f0 is a global jni handle
RDI=0x000001bfb61e4300 is a global jni handle
R8 =0x0000000000000042 is an unknown value
R9 =0x0000000800b4e858 is a pointer to class: 
java.awt.Font {0x0000000800b4e860}
R10=0x0000000000008000 is an unknown value
R11=0x000000147e2fedd0 is pointing into the stack for thread: 0x000001bf961cc000
R12=0x0 is NULL
R13={method} {0x000001bfb5683d60} '_setFont' '(Ljava/awt/Font;)V' in 'sun/awt/windows/WComponentPeer'
R14=0x000001bfb6c93630 points into unknown readable memory: 60 a6 60 93 f9 7f 00 00
R15=0x000001bfb6cae4b0 points into unknown readable memory: f0 42 1e b6 bf 01 00 00


Registers:
RAX=0x00007ff99360a660, RBX=0x000001bf961cc310, RCX=0x000001bfb6c93630, RDX=0x0000000000000000
RSP=0x000000147e2fedd0, RBP=0x0000000000000000, RSI=0x000001bfb61e42f0, RDI=0x000001bfb61e4300
R8 =0x0000000000000042, R9 =0x0000000800b4e858, R10=0x0000000000008000, R11=0x000000147e2fedd0
R12=0x0000000000000000, R13=0x000001bfb5683d58, R14=0x000001bfb6c93630, R15=0x000001bfb6cae4b0
RIP=0x00007ff99358f74a, EFLAGS=0x0000000000010202

Top of Stack: (sp=0x000000147e2fedd0)
0x000000147e2fedd0:   000001bfb6cae4b0 000001bfb6c93630
0x000000147e2fede0:   000001bfb6cae4b0 000001bfb6c93630
0x000000147e2fedf0:   000001bfb61e4300 00007ff993594655
0x000000147e2fee00:   000001bf961cc310 000001bf961cc310
0x000000147e2fee10:   0000000000000000 000001bfb61e42f0
0x000000147e2fee20:   000001bf961cc000 000000147e2fef70
0x000000147e2fee30:   000001bfb6cae4b0 00007ff9935cd59b
0x000000147e2fee40:   00007ff99364f018 000000147e2fef48
0x000000147e2fee50:   00007ff993594528 0000000000000000
0x000000147e2fee60:   fffffffffffffffe fffffffffffffffe
0x000000147e2fee70:   000001bfb61e42f0 00007ff99359581c
0x000000147e2fee80:   000001bfb61e4300 000000147e2fef68
0x000000147e2fee90:   000000147e2fef68 00007ff99364f018
0x000000147e2feea0:   fffffffffffffffe 00007ff968e163f9
0x000000147e2feeb0:   00000000890879a8 000001bf9ec400b4
0x000000147e2feec0:   000001bfb5683d58 0000000000000000 

Instructions: (pc=0x00007ff99358f74a)
0x00007ff99358f64a:   00 48 8b d9 e8 d9 dc ff ff 48 8b f8 48 85 c0 75
0x00007ff99358f65a:   04 48 8b 7b 48 48 8b cf e8 93 15 05 00 48 8b d8
0x00007ff99358f66a:   48 85 c0 74 60 83 64 24 20 00 0f 57 c0 83 64 24
0x00007ff99358f67a:   34 00 b9 11 00 00 00 83 64 24 38 00 f3 0f 7f 44
0x00007ff99358f68a:   24 24 ff 15 86 bc 0b 00 4c 8d 44 24 40 ba 5c 00
0x00007ff99358f69a:   00 00 48 8b c8 ff 15 2b bf 0b 00 83 f8 5c 75 0d
0x00007ff99358f6aa:   48 8d 54 24 40 48 8b cb e8 f2 15 05 00 48 8d 54
0x00007ff99358f6ba:   24 20 48 8b cb e8 09 16 05 00 48 8b d3 48 8b cf
0x00007ff99358f6ca:   e8 b6 15 05 00 48 8b 8c 24 a0 00 00 00 48 33 cc
0x00007ff99358f6da:   e8 e1 22 05 00 48 8b 9c 24 c8 00 00 00 48 81 c4
0x00007ff99358f6ea:   b0 00 00 00 5f c3 40 53 48 83 ec 20 48 8b d9 ff
0x00007ff99358f6fa:   15 69 c4 0b 00 48 85 c0 75 0a 48 8b 4b 48 ff 15
0x00007ff99358f70a:   52 c4 0b 00 48 83 c4 20 5b c3 4c 63 c2 48 8b 15
0x00007ff99358f71a:   2a a8 0b 00 48 ff 25 e3 c2 0b 00 cc cc cc 48 8b
0x00007ff99358f72a:   d1 48 8b 0d 1e d8 0b 00 48 89 15 17 d8 0b 00 e9
0x00007ff99358f73a:   f6 63 04 00 cc cc 48 89 5c 24 08 57 48 83 ec 20
0x00007ff99358f74a:   83 7a 58 00 48 8b da 48 8b f9 7d 08 48 8b ca e8
0x00007ff99358f75a:   4a 95 01 00 4c 8b 43 48 45 33 c9 48 8b 4f 48 4d
0x00007ff99358f76a:   8b 00 41 8d 51 30 ff 15 5a c5 0b 00 48 8b 4f 48
0x00007ff99358f77a:   33 d2 44 8d 42 01 48 8b 5c 24 30 48 83 c4 20 5f
0x00007ff99358f78a:   48 ff 25 f7 c3 0b 00 cc cc cc 48 8b c4 48 89 58
0x00007ff99358f79a:   08 48 89 68 10 48 89 70 18 48 89 78 20 41 56 48
0x00007ff99358f7aa:   83 ec 20 4c 8b f2 48 8b f9 48 8b 0d 3e f6 0b 00
0x00007ff99358f7ba:   ba 02 00 01 00 41 8b e8 e8 04 21 05 00 48 8b 97
0x00007ff99358f7ca:   c0 00 00 00 33 db 48 8b f0 48 85 d2 74 0d 4c 8b
0x00007ff99358f7da:   08 48 8b c8 41 ff 91 b0 00 00 00 4d 85 f6 74 14
0x00007ff99358f7ea:   48 8b 06 49 8b d6 48 8b ce ff 90 a8 00 00 00 48
0x00007ff99358f7fa:   8b d8 eb 05 bd 01 00 00 00 48 89 9f c0 00 00 00
0x00007ff99358f80a:   89 af c8 00 00 00 48 8b 5c 24 30 48 8b 6c 24 38
0x00007ff99358f81a:   48 8b 74 24 40 48 8b 7c 24 48 48 83 c4 20 41 5e
0x00007ff99358f82a:   c3 cc 48 89 5c 24 08 48 89 6c 24 10 48 89 74 24
0x00007ff99358f83a:   18 57 48 83 ec 20 33 db 48 8b f9 48 85 c9 75 09 


Stack slot to memory mapping:
stack at sp + 0 slots: 0x000001bfb6cae4b0 points into unknown readable memory: f0 42 1e b6 bf 01 00 00
stack at sp + 1 slots: 0x000001bfb6c93630 points into unknown readable memory: 60 a6 60 93 f9 7f 00 00
stack at sp + 2 slots: 0x000001bfb6cae4b0 points into unknown readable memory: f0 42 1e b6 bf 01 00 00
stack at sp + 3 slots: 0x000001bfb6c93630 points into unknown readable memory: 60 a6 60 93 f9 7f 00 00
stack at sp + 4 slots: 0x000001bfb61e4300 is a global jni handle
stack at sp + 5 slots: 0x00007ff993594655 awt.dll
stack at sp + 6 slots: 0x000001bf961cc310 points into unknown readable memory: 50 3c 2a 69 f9 7f 00 00
stack at sp + 7 slots: 0x000001bf961cc310 points into unknown readable memory: 50 3c 2a 69 f9 7f 00 00


---------------  P R O C E S S  ---------------

Threads class SMR info:
_java_thread_list=0x000001bfb6c91ec0, length=16, elements={
0x000001bf961cc000, 0x000001bfb5538800, 0x000001bfb553a000, 0x000001bfb5554800,
0x000001bfb5557800, 0x000001bfb5558800, 0x000001bfb5e08800, 0x000001bfb5e0c000,
0x000001bfb5e1f800, 0x000001bfb5f4e000, 0x000001bfb5f53000, 0x000001bfb6135800,
0x000001bfb617e000, 0x000001bfb6185800, 0x000001bfb6c22800, 0x000001bfb6cb9800
}

Java Threads: ( => current thread )
=>0x000001bf961cc000 JavaThread "main" [_thread_in_native, id=6620, stack(0x000000147e200000,0x000000147e300000)]
  0x000001bfb5538800 JavaThread "Reference Handler" daemon [_thread_blocked, id=17308, stack(0x000000147e900000,0x000000147ea00000)]
  0x000001bfb553a000 JavaThread "Finalizer" daemon [_thread_blocked, id=8716, stack(0x000000147ea00000,0x000000147eb00000)]
  0x000001bfb5554800 JavaThread "Signal Dispatcher" daemon [_thread_blocked, id=16132, stack(0x000000147eb00000,0x000000147ec00000)]
  0x000001bfb5557800 JavaThread "Attach Listener" daemon [_thread_blocked, id=14508, stack(0x000000147ec00000,0x000000147ed00000)]
  0x000001bfb5558800 JavaThread "Service Thread" daemon [_thread_blocked, id=5140, stack(0x000000147ed00000,0x000000147ee00000)]
  0x000001bfb5e08800 JavaThread "C2 CompilerThread0" daemon [_thread_blocked, id=11808, stack(0x000000147ee00000,0x000000147ef00000)]
  0x000001bfb5e0c000 JavaThread "C1 CompilerThread0" daemon [_thread_blocked, id=1768, stack(0x000000147ef00000,0x000000147f000000)]
  0x000001bfb5e1f800 JavaThread "Sweeper thread" daemon [_thread_blocked, id=13840, stack(0x000000147f000000,0x000000147f100000)]
  0x000001bfb5f4e000 JavaThread "Notification Thread" daemon [_thread_blocked, id=17668, stack(0x000000147f100000,0x000000147f200000)]
  0x000001bfb5f53000 JavaThread "Common-Cleaner" daemon [_thread_blocked, id=14936, stack(0x000000147f300000,0x000000147f400000)]
  0x000001bfb6135800 JavaThread "Java2D Disposer" daemon [_thread_blocked, id=10016, stack(0x000000147f400000,0x000000147f500000)]
  0x000001bfb617e000 JavaThread "AWT-Shutdown" [_thread_blocked, id=3436, stack(0x000000147f500000,0x000000147f600000)]
  0x000001bfb6185800 JavaThread "AWT-Windows" daemon [_thread_in_native, id=15780, stack(0x000000147f600000,0x000000147f700000)]
  0x000001bfb6c22800 JavaThread "Image Fetcher 0" daemon [_thread_blocked, id=9392, stack(0x000000147f700000,0x000000147f800000)]
  0x000001bfb6cb9800 JavaThread "AWT-EventQueue-0" [_thread_blocked, id=9020, stack(0x000000147f800000,0x000000147f900000)]

Other Threads:
  0x000001bfb5512800 VMThread "VM Thread" [stack: 0x000000147e800000,0x000000147e900000] [id=17492]
  0x000001bfb5f52000 WatcherThread [stack: 0x000000147f200000,0x000000147f300000] [id=8612]
  0x000001bf9620e000 GCTaskThread "GC Thread#0" [stack: 0x000000147e300000,0x000000147e400000] [id=15424]
  0x000001bf96222000 ConcurrentGCThread "G1 Main Marker" [stack: 0x000000147e400000,0x000000147e500000] [id=3580]
  0x000001bf96223000 ConcurrentGCThread "G1 Conc#0" [stack: 0x000000147e500000,0x000000147e600000] [id=6980]
  0x000001bf9629d800 ConcurrentGCThread "G1 Refine#0" [stack: 0x000000147e600000,0x000000147e700000] [id=16100]
  0x000001bfb5389800 ConcurrentGCThread "G1 Young RemSet Sampling" [stack: 0x000000147e700000,0x000000147e800000] [id=11180]

Threads with active compile tasks:

VM state:not at safepoint (normal execution)

VM Mutex/Monitor currently owned by a thread: None

Heap address: 0x0000000081200000, size: 2030 MB, Compressed Oops mode: 32-bit
Narrow klass base: 0x0000000800000000, Narrow klass shift: 3
Compressed class space size: 1073741824 Address: 0x0000000800b30000

Heap:
 garbage-first heap   total 131072K, used 21504K [0x0000000081200000, 0x0000000100000000)
  region size 1024K, 13 young (13312K), 0 survivors (0K)
 Metaspace       used 6118K, capacity 6349K, committed 6528K, reserved 1056768K
  class space    used 700K, capacity 825K, committed 896K, reserved 1048576K
Heap Regions: E=young(eden), S=young(survivor), O=old, HS=humongous(starts), HC=humongous(continues), CS=collection set, F=free, OA=open archive, CA=closed archive, TAMS=top-at-mark-start (previous, next)
|   0|0x0000000081200000, 0x0000000081300000, 0x0000000081300000|100%|HS|  |TAMS 0x0000000081200000, 0x0000000081200000| Complete 
|   1|0x0000000081300000, 0x0000000081400000, 0x0000000081400000|100%|HC|  |TAMS 0x0000000081300000, 0x0000000081300000| Complete 
|   2|0x0000000081400000, 0x0000000081500000, 0x0000000081500000|100%|HC|  |TAMS 0x0000000081400000, 0x0000000081400000| Complete 
|   3|0x0000000081500000, 0x0000000081600000, 0x0000000081600000|100%|HC|  |TAMS 0x0000000081500000, 0x0000000081500000| Complete 
|   4|0x0000000081600000, 0x0000000081700000, 0x0000000081700000|100%|HC|  |TAMS 0x0000000081600000, 0x0000000081600000| Complete 
|   5|0x0000000081700000, 0x0000000081800000, 0x0000000081800000|100%|HC|  |TAMS 0x0000000081700000, 0x0000000081700000| Complete 
|   6|0x0000000081800000, 0x0000000081900000, 0x0000000081900000|100%|HC|  |TAMS 0x0000000081800000, 0x0000000081800000| Complete 
|   7|0x0000000081900000, 0x0000000081a00000, 0x0000000081a00000|100%|HC|  |TAMS 0x0000000081900000, 0x0000000081900000| Complete 
|   8|0x0000000081a00000, 0x0000000081b00000, 0x0000000081b00000|100%|HC|  |TAMS 0x0000000081a00000, 0x0000000081a00000| Complete 
|   9|0x0000000081b00000, 0x0000000081b00000, 0x0000000081c00000|  0%| F|  |TAMS 0x0000000081b00000, 0x0000000081b00000| Untracked 
|  10|0x0000000081c00000, 0x0000000081c00000, 0x0000000081d00000|  0%| F|  |TAMS 0x0000000081c00000, 0x0000000081c00000| Untracked 
|  11|0x0000000081d00000, 0x0000000081d00000, 0x0000000081e00000|  0%| F|  |TAMS 0x0000000081d00000, 0x0000000081d00000| Untracked 
|  12|0x0000000081e00000, 0x0000000081e00000, 0x0000000081f00000|  0%| F|  |TAMS 0x0000000081e00000, 0x0000000081e00000| Untracked 
|  13|0x0000000081f00000, 0x0000000081f00000, 0x0000000082000000|  0%| F|  |TAMS 0x0000000081f00000, 0x0000000081f00000| Untracked 
|  14|0x0000000082000000, 0x0000000082000000, 0x0000000082100000|  0%| F|  |TAMS 0x0000000082000000, 0x0000000082000000| Untracked 
|  15|0x0000000082100000, 0x0000000082100000, 0x0000000082200000|  0%| F|  |TAMS 0x0000000082100000, 0x0000000082100000| Untracked 
|  16|0x0000000082200000, 0x0000000082200000, 0x0000000082300000|  0%| F|  |TAMS 0x0000000082200000, 0x0000000082200000| Untracked 
|  17|0x0000000082300000, 0x0000000082300000, 0x0000000082400000|  0%| F|  |TAMS 0x0000000082300000, 0x0000000082300000| Untracked 
|  18|0x0000000082400000, 0x0000000082400000, 0x0000000082500000|  0%| F|  |TAMS 0x0000000082400000, 0x0000000082400000| Untracked 
|  19|0x0000000082500000, 0x0000000082500000, 0x0000000082600000|  0%| F|  |TAMS 0x0000000082500000, 0x0000000082500000| Untracked 
|  20|0x0000000082600000, 0x0000000082600000, 0x0000000082700000|  0%| F|  |TAMS 0x0000000082600000, 0x0000000082600000| Untracked 
|  21|0x0000000082700000, 0x0000000082700000, 0x0000000082800000|  0%| F|  |TAMS 0x0000000082700000, 0x0000000082700000| Untracked 
|  22|0x0000000082800000, 0x0000000082800000, 0x0000000082900000|  0%| F|  |TAMS 0x0000000082800000, 0x0000000082800000| Untracked 
|  23|0x0000000082900000, 0x0000000082900000, 0x0000000082a00000|  0%| F|  |TAMS 0x0000000082900000, 0x0000000082900000| Untracked 
|  24|0x0000000082a00000, 0x0000000082a00000, 0x0000000082b00000|  0%| F|  |TAMS 0x0000000082a00000, 0x0000000082a00000| Untracked 
|  25|0x0000000082b00000, 0x0000000082b00000, 0x0000000082c00000|  0%| F|  |TAMS 0x0000000082b00000, 0x0000000082b00000| Untracked 
|  26|0x0000000082c00000, 0x0000000082c00000, 0x0000000082d00000|  0%| F|  |TAMS 0x0000000082c00000, 0x0000000082c00000| Untracked 
|  27|0x0000000082d00000, 0x0000000082d00000, 0x0000000082e00000|  0%| F|  |TAMS 0x0000000082d00000, 0x0000000082d00000| Untracked 
|  28|0x0000000082e00000, 0x0000000082e00000, 0x0000000082f00000|  0%| F|  |TAMS 0x0000000082e00000, 0x0000000082e00000| Untracked 
|  29|0x0000000082f00000, 0x0000000082f00000, 0x0000000083000000|  0%| F|  |TAMS 0x0000000082f00000, 0x0000000082f00000| Untracked 
|  30|0x0000000083000000, 0x0000000083000000, 0x0000000083100000|  0%| F|  |TAMS 0x0000000083000000, 0x0000000083000000| Untracked 
|  31|0x0000000083100000, 0x0000000083100000, 0x0000000083200000|  0%| F|  |TAMS 0x0000000083100000, 0x0000000083100000| Untracked 
|  32|0x0000000083200000, 0x0000000083200000, 0x0000000083300000|  0%| F|  |TAMS 0x0000000083200000, 0x0000000083200000| Untracked 
|  33|0x0000000083300000, 0x0000000083300000, 0x0000000083400000|  0%| F|  |TAMS 0x0000000083300000, 0x0000000083300000| Untracked 
|  34|0x0000000083400000, 0x0000000083400000, 0x0000000083500000|  0%| F|  |TAMS 0x0000000083400000, 0x0000000083400000| Untracked 
|  35|0x0000000083500000, 0x0000000083500000, 0x0000000083600000|  0%| F|  |TAMS 0x0000000083500000, 0x0000000083500000| Untracked 
|  36|0x0000000083600000, 0x0000000083600000, 0x0000000083700000|  0%| F|  |TAMS 0x0000000083600000, 0x0000000083600000| Untracked 
|  37|0x0000000083700000, 0x0000000083700000, 0x0000000083800000|  0%| F|  |TAMS 0x0000000083700000, 0x0000000083700000| Untracked 
|  38|0x0000000083800000, 0x0000000083800000, 0x0000000083900000|  0%| F|  |TAMS 0x0000000083800000, 0x0000000083800000| Untracked 
|  39|0x0000000083900000, 0x0000000083900000, 0x0000000083a00000|  0%| F|  |TAMS 0x0000000083900000, 0x0000000083900000| Untracked 
|  40|0x0000000083a00000, 0x0000000083a00000, 0x0000000083b00000|  0%| F|  |TAMS 0x0000000083a00000, 0x0000000083a00000| Untracked 
|  41|0x0000000083b00000, 0x0000000083b00000, 0x0000000083c00000|  0%| F|  |TAMS 0x0000000083b00000, 0x0000000083b00000| Untracked 
|  42|0x0000000083c00000, 0x0000000083c00000, 0x0000000083d00000|  0%| F|  |TAMS 0x0000000083c00000, 0x0000000083c00000| Untracked 
|  43|0x0000000083d00000, 0x0000000083d00000, 0x0000000083e00000|  0%| F|  |TAMS 0x0000000083d00000, 0x0000000083d00000| Untracked 
|  44|0x0000000083e00000, 0x0000000083e00000, 0x0000000083f00000|  0%| F|  |TAMS 0x0000000083e00000, 0x0000000083e00000| Untracked 
|  45|0x0000000083f00000, 0x0000000083f00000, 0x0000000084000000|  0%| F|  |TAMS 0x0000000083f00000, 0x0000000083f00000| Untracked 
|  46|0x0000000084000000, 0x0000000084000000, 0x0000000084100000|  0%| F|  |TAMS 0x0000000084000000, 0x0000000084000000| Untracked 
|  47|0x0000000084100000, 0x0000000084100000, 0x0000000084200000|  0%| F|  |TAMS 0x0000000084100000, 0x0000000084100000| Untracked 
|  48|0x0000000084200000, 0x0000000084200000, 0x0000000084300000|  0%| F|  |TAMS 0x0000000084200000, 0x0000000084200000| Untracked 
|  49|0x0000000084300000, 0x0000000084300000, 0x0000000084400000|  0%| F|  |TAMS 0x0000000084300000, 0x0000000084300000| Untracked 
|  50|0x0000000084400000, 0x0000000084400000, 0x0000000084500000|  0%| F|  |TAMS 0x0000000084400000, 0x0000000084400000| Untracked 
|  51|0x0000000084500000, 0x0000000084500000, 0x0000000084600000|  0%| F|  |TAMS 0x0000000084500000, 0x0000000084500000| Untracked 
|  52|0x0000000084600000, 0x0000000084600000, 0x0000000084700000|  0%| F|  |TAMS 0x0000000084600000, 0x0000000084600000| Untracked 
|  53|0x0000000084700000, 0x0000000084700000, 0x0000000084800000|  0%| F|  |TAMS 0x0000000084700000, 0x0000000084700000| Untracked 
|  54|0x0000000084800000, 0x0000000084800000, 0x0000000084900000|  0%| F|  |TAMS 0x0000000084800000, 0x0000000084800000| Untracked 
|  55|0x0000000084900000, 0x0000000084900000, 0x0000000084a00000|  0%| F|  |TAMS 0x0000000084900000, 0x0000000084900000| Untracked 
|  56|0x0000000084a00000, 0x0000000084a00000, 0x0000000084b00000|  0%| F|  |TAMS 0x0000000084a00000, 0x0000000084a00000| Untracked 
|  57|0x0000000084b00000, 0x0000000084b00000, 0x0000000084c00000|  0%| F|  |TAMS 0x0000000084b00000, 0x0000000084b00000| Untracked 
|  58|0x0000000084c00000, 0x0000000084c00000, 0x0000000084d00000|  0%| F|  |TAMS 0x0000000084c00000, 0x0000000084c00000| Untracked 
|  59|0x0000000084d00000, 0x0000000084d00000, 0x0000000084e00000|  0%| F|  |TAMS 0x0000000084d00000, 0x0000000084d00000| Untracked 
|  60|0x0000000084e00000, 0x0000000084e00000, 0x0000000084f00000|  0%| F|  |TAMS 0x0000000084e00000, 0x0000000084e00000| Untracked 
|  61|0x0000000084f00000, 0x0000000084f00000, 0x0000000085000000|  0%| F|  |TAMS 0x0000000084f00000, 0x0000000084f00000| Untracked 
|  62|0x0000000085000000, 0x0000000085000000, 0x0000000085100000|  0%| F|  |TAMS 0x0000000085000000, 0x0000000085000000| Untracked 
|  63|0x0000000085100000, 0x0000000085100000, 0x0000000085200000|  0%| F|  |TAMS 0x0000000085100000, 0x0000000085100000| Untracked 
|  64|0x0000000085200000, 0x0000000085200000, 0x0000000085300000|  0%| F|  |TAMS 0x0000000085200000, 0x0000000085200000| Untracked 
|  65|0x0000000085300000, 0x0000000085300000, 0x0000000085400000|  0%| F|  |TAMS 0x0000000085300000, 0x0000000085300000| Untracked 
|  66|0x0000000085400000, 0x0000000085400000, 0x0000000085500000|  0%| F|  |TAMS 0x0000000085400000, 0x0000000085400000| Untracked 
|  67|0x0000000085500000, 0x0000000085500000, 0x0000000085600000|  0%| F|  |TAMS 0x0000000085500000, 0x0000000085500000| Untracked 
|  68|0x0000000085600000, 0x0000000085600000, 0x0000000085700000|  0%| F|  |TAMS 0x0000000085600000, 0x0000000085600000| Untracked 
|  69|0x0000000085700000, 0x0000000085700000, 0x0000000085800000|  0%| F|  |TAMS 0x0000000085700000, 0x0000000085700000| Untracked 
|  70|0x0000000085800000, 0x0000000085800000, 0x0000000085900000|  0%| F|  |TAMS 0x0000000085800000, 0x0000000085800000| Untracked 
|  71|0x0000000085900000, 0x0000000085900000, 0x0000000085a00000|  0%| F|  |TAMS 0x0000000085900000, 0x0000000085900000| Untracked 
|  72|0x0000000085a00000, 0x0000000085a00000, 0x0000000085b00000|  0%| F|  |TAMS 0x0000000085a00000, 0x0000000085a00000| Untracked 
|  73|0x0000000085b00000, 0x0000000085b00000, 0x0000000085c00000|  0%| F|  |TAMS 0x0000000085b00000, 0x0000000085b00000| Untracked 
|  74|0x0000000085c00000, 0x0000000085c00000, 0x0000000085d00000|  0%| F|  |TAMS 0x0000000085c00000, 0x0000000085c00000| Untracked 
|  75|0x0000000085d00000, 0x0000000085d00000, 0x0000000085e00000|  0%| F|  |TAMS 0x0000000085d00000, 0x0000000085d00000| Untracked 
|  76|0x0000000085e00000, 0x0000000085e00000, 0x0000000085f00000|  0%| F|  |TAMS 0x0000000085e00000, 0x0000000085e00000| Untracked 
|  77|0x0000000085f00000, 0x0000000085f00000, 0x0000000086000000|  0%| F|  |TAMS 0x0000000085f00000, 0x0000000085f00000| Untracked 
|  78|0x0000000086000000, 0x0000000086000000, 0x0000000086100000|  0%| F|  |TAMS 0x0000000086000000, 0x0000000086000000| Untracked 
|  79|0x0000000086100000, 0x0000000086100000, 0x0000000086200000|  0%| F|  |TAMS 0x0000000086100000, 0x0000000086100000| Untracked 
|  80|0x0000000086200000, 0x0000000086200000, 0x0000000086300000|  0%| F|  |TAMS 0x0000000086200000, 0x0000000086200000| Untracked 
|  81|0x0000000086300000, 0x0000000086300000, 0x0000000086400000|  0%| F|  |TAMS 0x0000000086300000, 0x0000000086300000| Untracked 
|  82|0x0000000086400000, 0x0000000086400000, 0x0000000086500000|  0%| F|  |TAMS 0x0000000086400000, 0x0000000086400000| Untracked 
|  83|0x0000000086500000, 0x0000000086500000, 0x0000000086600000|  0%| F|  |TAMS 0x0000000086500000, 0x0000000086500000| Untracked 
|  84|0x0000000086600000, 0x0000000086600000, 0x0000000086700000|  0%| F|  |TAMS 0x0000000086600000, 0x0000000086600000| Untracked 
|  85|0x0000000086700000, 0x0000000086700000, 0x0000000086800000|  0%| F|  |TAMS 0x0000000086700000, 0x0000000086700000| Untracked 
|  86|0x0000000086800000, 0x0000000086800000, 0x0000000086900000|  0%| F|  |TAMS 0x0000000086800000, 0x0000000086800000| Untracked 
|  87|0x0000000086900000, 0x0000000086900000, 0x0000000086a00000|  0%| F|  |TAMS 0x0000000086900000, 0x0000000086900000| Untracked 
|  88|0x0000000086a00000, 0x0000000086a00000, 0x0000000086b00000|  0%| F|  |TAMS 0x0000000086a00000, 0x0000000086a00000| Untracked 
|  89|0x0000000086b00000, 0x0000000086b00000, 0x0000000086c00000|  0%| F|  |TAMS 0x0000000086b00000, 0x0000000086b00000| Untracked 
|  90|0x0000000086c00000, 0x0000000086c00000, 0x0000000086d00000|  0%| F|  |TAMS 0x0000000086c00000, 0x0000000086c00000| Untracked 
|  91|0x0000000086d00000, 0x0000000086d00000, 0x0000000086e00000|  0%| F|  |TAMS 0x0000000086d00000, 0x0000000086d00000| Untracked 
|  92|0x0000000086e00000, 0x0000000086e00000, 0x0000000086f00000|  0%| F|  |TAMS 0x0000000086e00000, 0x0000000086e00000| Untracked 
|  93|0x0000000086f00000, 0x0000000086f00000, 0x0000000087000000|  0%| F|  |TAMS 0x0000000086f00000, 0x0000000086f00000| Untracked 
|  94|0x0000000087000000, 0x0000000087000000, 0x0000000087100000|  0%| F|  |TAMS 0x0000000087000000, 0x0000000087000000| Untracked 
|  95|0x0000000087100000, 0x0000000087100000, 0x0000000087200000|  0%| F|  |TAMS 0x0000000087100000, 0x0000000087100000| Untracked 
|  96|0x0000000087200000, 0x0000000087200000, 0x0000000087300000|  0%| F|  |TAMS 0x0000000087200000, 0x0000000087200000| Untracked 
|  97|0x0000000087300000, 0x0000000087300000, 0x0000000087400000|  0%| F|  |TAMS 0x0000000087300000, 0x0000000087300000| Untracked 
|  98|0x0000000087400000, 0x0000000087400000, 0x0000000087500000|  0%| F|  |TAMS 0x0000000087400000, 0x0000000087400000| Untracked 
|  99|0x0000000087500000, 0x0000000087500000, 0x0000000087600000|  0%| F|  |TAMS 0x0000000087500000, 0x0000000087500000| Untracked 
| 100|0x0000000087600000, 0x0000000087600000, 0x0000000087700000|  0%| F|  |TAMS 0x0000000087600000, 0x0000000087600000| Untracked 
| 101|0x0000000087700000, 0x0000000087700000, 0x0000000087800000|  0%| F|  |TAMS 0x0000000087700000, 0x0000000087700000| Untracked 
| 102|0x0000000087800000, 0x0000000087800000, 0x0000000087900000|  0%| F|  |TAMS 0x0000000087800000, 0x0000000087800000| Untracked 
| 103|0x0000000087900000, 0x0000000087900000, 0x0000000087a00000|  0%| F|  |TAMS 0x0000000087900000, 0x0000000087900000| Untracked 
| 104|0x0000000087a00000, 0x0000000087a00000, 0x0000000087b00000|  0%| F|  |TAMS 0x0000000087a00000, 0x0000000087a00000| Untracked 
| 105|0x0000000087b00000, 0x0000000087b00000, 0x0000000087c00000|  0%| F|  |TAMS 0x0000000087b00000, 0x0000000087b00000| Untracked 
| 106|0x0000000087c00000, 0x0000000087c00000, 0x0000000087d00000|  0%| F|  |TAMS 0x0000000087c00000, 0x0000000087c00000| Untracked 
| 107|0x0000000087d00000, 0x0000000087d00000, 0x0000000087e00000|  0%| F|  |TAMS 0x0000000087d00000, 0x0000000087d00000| Untracked 
| 108|0x0000000087e00000, 0x0000000087e00000, 0x0000000087f00000|  0%| F|  |TAMS 0x0000000087e00000, 0x0000000087e00000| Untracked 
| 109|0x0000000087f00000, 0x0000000087f00000, 0x0000000088000000|  0%| F|  |TAMS 0x0000000087f00000, 0x0000000087f00000| Untracked 
| 110|0x0000000088000000, 0x0000000088000000, 0x0000000088100000|  0%| F|  |TAMS 0x0000000088000000, 0x0000000088000000| Untracked 
| 111|0x0000000088100000, 0x0000000088100000, 0x0000000088200000|  0%| F|  |TAMS 0x0000000088100000, 0x0000000088100000| Untracked 
| 112|0x0000000088200000, 0x0000000088200000, 0x0000000088300000|  0%| F|  |TAMS 0x0000000088200000, 0x0000000088200000| Untracked 
| 113|0x0000000088300000, 0x0000000088300000, 0x0000000088400000|  0%| F|  |TAMS 0x0000000088300000, 0x0000000088300000| Untracked 
| 114|0x0000000088400000, 0x0000000088400000, 0x0000000088500000|  0%| F|  |TAMS 0x0000000088400000, 0x0000000088400000| Untracked 
| 115|0x0000000088500000, 0x0000000088600000, 0x0000000088600000|100%| E|  |TAMS 0x0000000088500000, 0x0000000088500000| Complete 
| 116|0x0000000088600000, 0x0000000088700000, 0x0000000088700000|100%| E|CS|TAMS 0x0000000088600000, 0x0000000088600000| Complete 
| 117|0x0000000088700000, 0x0000000088800000, 0x0000000088800000|100%| E|CS|TAMS 0x0000000088700000, 0x0000000088700000| Complete 
| 118|0x0000000088800000, 0x0000000088900000, 0x0000000088900000|100%| E|CS|TAMS 0x0000000088800000, 0x0000000088800000| Complete 
| 119|0x0000000088900000, 0x0000000088a00000, 0x0000000088a00000|100%| E|CS|TAMS 0x0000000088900000, 0x0000000088900000| Complete 
| 120|0x0000000088a00000, 0x0000000088b00000, 0x0000000088b00000|100%| E|CS|TAMS 0x0000000088a00000, 0x0000000088a00000| Complete 
| 121|0x0000000088b00000, 0x0000000088c00000, 0x0000000088c00000|100%| E|CS|TAMS 0x0000000088b00000, 0x0000000088b00000| Complete 
| 122|0x0000000088c00000, 0x0000000088d00000, 0x0000000088d00000|100%| E|CS|TAMS 0x0000000088c00000, 0x0000000088c00000| Complete 
| 123|0x0000000088d00000, 0x0000000088e00000, 0x0000000088e00000|100%| E|CS|TAMS 0x0000000088d00000, 0x0000000088d00000| Complete 
| 124|0x0000000088e00000, 0x0000000088f00000, 0x0000000088f00000|100%| E|CS|TAMS 0x0000000088e00000, 0x0000000088e00000| Complete 
| 125|0x0000000088f00000, 0x0000000089000000, 0x0000000089000000|100%| E|CS|TAMS 0x0000000088f00000, 0x0000000088f00000| Complete 
| 126|0x0000000089000000, 0x0000000089100000, 0x0000000089100000|100%| E|CS|TAMS 0x0000000089000000, 0x0000000089000000| Complete 
| 127|0x0000000089100000, 0x0000000089200000, 0x0000000089200000|100%| E|CS|TAMS 0x0000000089100000, 0x0000000089100000| Complete 

Card table byte_map: [0x000001bfae360000,0x000001bfae760000] _byte_map_base: 0x000001bfadf57000

Marking Bits (Prev, Next): (CMBitMap*) 0x000001bf9620fc88, (CMBitMap*) 0x000001bf9620fcc8
 Prev Bits: [0x000001bfaeb60000, 0x000001bfb0b18000)
 Next Bits: [0x000001bfb0b20000, 0x000001bfb2ad8000)

Polling page: 0x000001bf94180000

Metaspace:

Usage:
  Non-class:      5.39 MB capacity,     5.29 MB ( 98%) used,    88.77 KB (  2%) free+waste,    16.94 KB ( <1%) overhead. 
      Class:    825.00 KB capacity,   700.28 KB ( 85%) used,   112.91 KB ( 14%) free+waste,    11.81 KB (  1%) overhead. 
       Both:      6.20 MB capacity,     5.98 MB ( 96%) used,   201.68 KB (  3%) free+waste,    28.75 KB ( <1%) overhead. 

Virtual space:
  Non-class space:        8.00 MB reserved,       5.50 MB ( 69%) committed 
      Class space:        1.00 GB reserved,     896.00 KB ( <1%) committed 
             Both:        1.01 GB reserved,       6.38 MB ( <1%) committed 

Chunk freelists:
   Non-Class:  44.00 KB
       Class:  7.00 KB
        Both:  51.00 KB

MaxMetaspaceSize: 17179869184.00 GB
CompressedClassSpaceSize: 1.00 GB

CodeHeap 'non-profiled nmethods': size=120000Kb used=167Kb max_used=167Kb free=119832Kb
 bounds [0x000001bfa6700000, 0x000001bfa6970000, 0x000001bfadc30000]
CodeHeap 'profiled nmethods': size=120000Kb used=1077Kb max_used=1077Kb free=118923Kb
 bounds [0x000001bf9f1d0000, 0x000001bf9f440000, 0x000001bfa6700000]
CodeHeap 'non-nmethods': size=5760Kb used=1237Kb max_used=1245Kb free=4522Kb
 bounds [0x000001bf9ec30000, 0x000001bf9eea0000, 0x000001bf9f1d0000]
 total_blobs=1481 nmethods=617 adapters=429
 compilation: enabled
              stopped_count=0, restarted_count=0
 full_count=0

Compilation events (20 events):
Event: 0.691 Thread 0x000001bfb5e0c000 nmethod 606 0x000001bf9f2d7c90 code [0x000001bf9f2d7e40, 0x000001bf9f2d8098]
Event: 0.691 Thread 0x000001bfb5e0c000  603       3       java.lang.StringUTF16::checkBoundsOffCount (10 bytes)
Event: 0.691 Thread 0x000001bfb5e0c000 nmethod 603 0x000001bf9f2d8190 code [0x000001bf9f2d8340, 0x000001bf9f2d84a8]
Event: 0.691 Thread 0x000001bfb5e0c000  607       3       java.lang.invoke.DirectMethodHandle$Holder::invokeStatic (17 bytes)
Event: 0.692 Thread 0x000001bfb5e0c000 nmethod 607 0x000001bf9f2d8590 code [0x000001bf9f2d8760, 0x000001bf9f2d8c58]
Event: 0.692 Thread 0x000001bfb5e0c000  608       3       java.lang.invoke.DirectMethodHandle$Holder::invokeStatic (14 bytes)
Event: 0.692 Thread 0x000001bfb5e0c000 nmethod 608 0x000001bf9f2d8d90 code [0x000001bf9f2d8f60, 0x000001bf9f2d94b8]
Event: 0.700 Thread 0x000001bfb5e0c000  609       3       sun.invoke.util.BytecodeDescriptor::unparse (37 bytes)
Event: 0.701 Thread 0x000001bfb5e0c000 nmethod 609 0x000001bf9f2d9610 code [0x000001bf9f2d9840, 0x000001bf9f2d9f38]
Event: 0.702 Thread 0x000001bfb5e0c000  610       3       java.lang.invoke.LambdaForm::useCount (90 bytes)
Event: 0.702 Thread 0x000001bfb5e0c000 nmethod 610 0x000001bf9f2da190 code [0x000001bf9f2da360, 0x000001bf9f2da738]
Event: 0.703 Thread 0x000001bfb5e0c000  611       3       java.lang.invoke.LambdaForm::lastUseIndex (76 bytes)
Event: 0.703 Thread 0x000001bfb5e0c000 nmethod 611 0x000001bf9f2da910 code [0x000001bf9f2daac0, 0x000001bf9f2dade8]
Event: 0.703 Thread 0x000001bfb5e0c000  612       3       java.util.ArrayList$Itr::next (66 bytes)
Event: 0.704 Thread 0x000001bfb5e0c000 nmethod 612 0x000001bf9f2daf90 code [0x000001bf9f2db180, 0x000001bf9f2db568]
Event: 0.704 Thread 0x000001bfb5e0c000  614       3       java.lang.invoke.LambdaFormBuffer::ownedCount (7 bytes)
Event: 0.704 Thread 0x000001bfb5e0c000 nmethod 614 0x000001bf9f2db790 code [0x000001bf9f2db920, 0x000001bf9f2dba38]
Event: 0.704 Thread 0x000001bfb5e0c000  613       3       java.lang.invoke.LambdaFormBuffer::changeName (149 bytes)
Event: 0.705 Thread 0x000001bfb5e0c000 nmethod 613 0x000001bf9f2dbb10 code [0x000001bf9f2dbce0, 0x000001bf9f2dc248]
Event: 0.705 Thread 0x000001bfb5e0c000  615       3       jdk.internal.org.objectweb.asm.Frame::push (63 bytes)

GC Heap History (0 events):
No events

Deoptimization events (20 events):
Event: 0.559 Thread 0x000001bfb6c22800 DEOPT PACKING pc=0x000001bf9f2abb7e sp=0x000000147f7ff130
Event: 0.559 Thread 0x000001bfb6c22800 DEOPT UNPACKING pc=0x000001bf9ec7964e sp=0x000000147f7fe640 mode 0
Event: 0.559 Thread 0x000001bfb6c22800 DEOPT PACKING pc=0x000001bf9f2abb7e sp=0x000000147f7ff130
Event: 0.559 Thread 0x000001bfb6c22800 DEOPT UNPACKING pc=0x000001bf9ec7964e sp=0x000000147f7fe640 mode 0
Event: 0.559 Thread 0x000001bfb6c22800 DEOPT PACKING pc=0x000001bf9f2abb7e sp=0x000000147f7ff130
Event: 0.559 Thread 0x000001bfb6c22800 DEOPT UNPACKING pc=0x000001bf9ec7964e sp=0x000000147f7fe640 mode 0
Event: 0.560 Thread 0x000001bfb6c22800 DEOPT PACKING pc=0x000001bf9f2abb7e sp=0x000000147f7ff130
Event: 0.560 Thread 0x000001bfb6c22800 DEOPT UNPACKING pc=0x000001bf9ec7964e sp=0x000000147f7fe640 mode 0
Event: 0.560 Thread 0x000001bfb6c22800 DEOPT PACKING pc=0x000001bf9f2abb7e sp=0x000000147f7ff130
Event: 0.560 Thread 0x000001bfb6c22800 DEOPT UNPACKING pc=0x000001bf9ec7964e sp=0x000000147f7fe640 mode 0
Event: 0.560 Thread 0x000001bfb6c22800 DEOPT PACKING pc=0x000001bf9f2abb7e sp=0x000000147f7ff130
Event: 0.560 Thread 0x000001bfb6c22800 DEOPT UNPACKING pc=0x000001bf9ec7964e sp=0x000000147f7fe640 mode 0
Event: 0.560 Thread 0x000001bfb6c22800 DEOPT PACKING pc=0x000001bf9f2abb7e sp=0x000000147f7ff130
Event: 0.560 Thread 0x000001bfb6c22800 DEOPT UNPACKING pc=0x000001bf9ec7964e sp=0x000000147f7fe640 mode 0
Event: 0.560 Thread 0x000001bfb6c22800 DEOPT PACKING pc=0x000001bf9f2abb7e sp=0x000000147f7ff130
Event: 0.561 Thread 0x000001bfb6c22800 DEOPT UNPACKING pc=0x000001bf9ec7964e sp=0x000000147f7fe640 mode 0
Event: 0.563 Thread 0x000001bfb6c22800 Uncommon trap: trap_request=0xffffff45 fr.pc=0x000001bfa672485c relative=0x000000000000027c
Event: 0.563 Thread 0x000001bfb6c22800 Uncommon trap: reason=unstable_if action=reinterpret pc=0x000001bfa672485c method=sun.awt.image.ImageRepresentation.getOpaqueRGBImage()Ljava/awt/image/BufferedImage; @ 71 c2
Event: 0.563 Thread 0x000001bfb6c22800 DEOPT PACKING pc=0x000001bfa672485c sp=0x000000147f7ff1b0
Event: 0.563 Thread 0x000001bfb6c22800 DEOPT UNPACKING pc=0x000001bf9ec7912f sp=0x000000147f7ff140 mode 2

Classes unloaded (0 events):
No events

Classes redefined (0 events):
No events

Internal exceptions (14 events):
Event: 0.139 Thread 0x000001bf961cc000 Exception <a 'java/lang/ClassNotFoundException'{0x0000000089002be0}: sun/awt/resources/spi/awtProvider> (0x0000000089002be0) 
thrown [./src/hotspot/share/classfile/systemDictionary.cpp, line 226]
Event: 0.183 Thread 0x000001bf961cc000 Exception <a 'java/io/FileNotFoundException'{0x0000000089057810}> (0x0000000089057810) 
thrown [./src/hotspot/share/prims/jni.cpp, line 599]
Event: 0.195 Thread 0x000001bf961cc000 Exception <a 'java/io/FileNotFoundException'{0x000000008907e038}> (0x000000008907e038) 
thrown [./src/hotspot/share/prims/jni.cpp, line 599]
Event: 0.268 Thread 0x000001bfb6185800 Exception <a 'java/lang/NoSuchMethodError'{0x00000000890f0f60}: 'void java.lang.invoke.DirectMethodHandle$Holder.invokeSpecial(java.lang.Object, java.lang.Object)'> (0x00000000890f0f60) 
thrown [./src/hotspot/share/interpreter/linkResolver.cpp, line 766]
Event: 0.327 Thread 0x000001bf961cc000 Exception <a 'java/lang/NoSuchMethodError'{0x0000000088f53ae8}: 'java.lang.Object java.lang.invoke.DirectMethodHandle$Holder.invokeStatic(java.lang.Object, int, java.lang.Object, java.lang.Object, java.lang.Object, java.lang.Object)'> (0x0000000088f53ae8) 
thrown [./src/hotspot/share/interpreter/linkResolver.cpp, line 766]
Event: 0.328 Thread 0x000001bf961cc000 Exception <a 'java/lang/NoSuchMethodError'{0x0000000088f5a408}: 'java.lang.Object java.lang.invoke.DirectMethodHandle$Holder.invokeStatic(java.lang.Object, int, java.lang.Object, java.lang.Object, java.lang.Object)'> (0x0000000088f5a408) 
thrown [./src/hotspot/share/interpreter/linkResolver.cpp, line 766]
Event: 0.329 Thread 0x000001bf961cc000 Exception <a 'java/lang/NoSuchMethodError'{0x0000000088f5dc58}: 'java.lang.Object java.lang.invoke.DirectMethodHandle$Holder.invokeSpecial(java.lang.Object, java.lang.Object, int, java.lang.Object, java.lang.Object, java.lang.Object)'> (0x0000000088f5dc58) 
thrown [./src/hotspot/share/interpreter/linkResolver.cpp, line 766]
Event: 0.334 Thread 0x000001bf961cc000 Exception <a 'java/lang/NoSuchMethodError'{0x0000000088f74000}: 'java.lang.Object java.lang.invoke.DirectMethodHandle$Holder.invokeStatic(java.lang.Object, int, java.lang.Object)'> (0x0000000088f74000) 
thrown [./src/hotspot/share/interpreter/linkResolver.cpp, line 766]
Event: 0.372 Thread 0x000001bf961cc000 Exception <a 'java/lang/ClassNotFoundException'{0x0000000088e18288}: com/sun/swing/internal/plaf/metal/resources/spi/metalProvider> (0x0000000088e18288) 
thrown [./src/hotspot/share/classfile/systemDictionary.cpp, line 226]
Event: 0.374 Thread 0x000001bf961cc000 Exception <a 'java/lang/ClassNotFoundException'{0x0000000088e1cf48}: com/sun/swing/internal/plaf/basic/resources/spi/basicProvider> (0x0000000088e1cf48) 
thrown [./src/hotspot/share/classfile/systemDictionary.cpp, line 226]
Event: 0.629 Thread 0x000001bf961cc000 Exception <a 'java/lang/NoSuchMethodError'{0x000000008857a7f0}: 'void java.lang.invoke.DirectMethodHandle$Holder.invokeStaticInit(java.lang.Object)'> (0x000000008857a7f0) 
thrown [./src/hotspot/share/interpreter/linkResolver.cpp, line 766]
Event: 0.650 Thread 0x000001bf961cc000 Exception <a 'java/io/FileNotFoundException'{0x00000000885873b0}> (0x00000000885873b0) 
thrown [./src/hotspot/share/prims/jni.cpp, line 599]
Event: 0.650 Thread 0x000001bf961cc000 Exception <a 'java/lang/NullPointerException'{0x0000000088587ca0}> (0x0000000088587ca0) 
thrown [./src/hotspot/share/interpreter/linkResolver.cpp, line 1348]
Event: 0.706 Thread 0x000001bf961cc000 Exception <a 'java/lang/NoSuchMethodError'{0x00000000885d90d8}: 'java.lang.Object java.lang.invoke.Invokers$Holder.linkToTargetMethod(java.lang.Object, int, java.lang.Object)'> (0x00000000885d90d8) 
thrown [./src/hotspot/share/interpreter/linkResolver.cpp, line 766]

Events (20 events):
Event: 0.691 loading class sun/awt/FontConfiguration$2
Event: 0.691 loading class sun/awt/FontConfiguration$2 done
Event: 0.692 loading class sun/awt/windows/WDefaultFontCharset
Event: 0.692 loading class sun/awt/AWTCharset
Event: 0.692 loading class sun/awt/AWTCharset done
Event: 0.692 loading class sun/awt/windows/WDefaultFontCharset done
Event: 0.693 loading class sun/awt/windows/WDefaultFontCharset$Encoder
Event: 0.693 loading class sun/awt/AWTCharset$Encoder
Event: 0.693 loading class sun/awt/AWTCharset$Encoder done
Event: 0.693 loading class sun/awt/windows/WDefaultFontCharset$Encoder done
Event: 0.695 loading class java/io/ByteArrayOutputStream
Event: 0.695 loading class java/io/ByteArrayOutputStream done
Event: 0.696 loading class sun/awt/windows/WingDings
Event: 0.696 loading class sun/awt/windows/WingDings done
Event: 0.696 loading class sun/awt/windows/WingDings$Encoder
Event: 0.697 loading class sun/awt/windows/WingDings$Encoder done
Event: 0.697 loading class sun/awt/Symbol
Event: 0.697 loading class sun/awt/Symbol done
Event: 0.697 loading class sun/awt/Symbol$Encoder
Event: 0.697 loading class sun/awt/Symbol$Encoder done


Dynamic libraries:
0x00007ff671010000 - 0x00007ff67101d000 	C:\Program Files\AdoptOpenJDK\jdk-14.0.1.7-hotspot\bin\javaw.exe
0x00007ff9de5c0000 - 0x00007ff9de7b0000 	C:\WINDOWS\SYSTEM32\ntdll.dll
0x00007ff9dd390000 - 0x00007ff9dd442000 	C:\WINDOWS\System32\KERNEL32.DLL
0x00007ff9dc320000 - 0x00007ff9dc5c5000 	C:\WINDOWS\System32\KERNELBASE.dll
0x00007ff9dba60000 - 0x00007ff9dbb5a000 	C:\WINDOWS\System32\ucrtbase.dll
0x00007ff9c4ba0000 - 0x00007ff9c4bb8000 	C:\Program Files\AdoptOpenJDK\jdk-14.0.1.7-hotspot\bin\jli.dll
0x00007ff9dcbb0000 - 0x00007ff9dcd44000 	C:\WINDOWS\System32\USER32.dll
0x00007ff9dc640000 - 0x00007ff9dc661000 	C:\WINDOWS\System32\win32u.dll
0x00007ff9b8a30000 - 0x00007ff9b8cb4000 	C:\WINDOWS\WinSxS\amd64_microsoft.windows.common-controls_6595b64144ccf1df_6.0.18362.1256_none_9e7e379be45e40e2\COMCTL32.dll
0x00007ff9de0b0000 - 0x00007ff9de0d6000 	C:\WINDOWS\System32\GDI32.dll
0x00007ff9dc7f0000 - 0x00007ff9dc88e000 	C:\WINDOWS\System32\msvcrt.dll
0x00007ff9db530000 - 0x00007ff9db6c6000 	C:\WINDOWS\System32\gdi32full.dll
0x00007ff9ddd70000 - 0x00007ff9de0a6000 	C:\WINDOWS\System32\combase.dll
0x00007ff9db820000 - 0x00007ff9db8be000 	C:\WINDOWS\System32\msvcp_win.dll
0x00007ff9de140000 - 0x00007ff9de260000 	C:\WINDOWS\System32\RPCRT4.dll
0x00007ff9db8c0000 - 0x00007ff9db941000 	C:\WINDOWS\System32\bcryptPrimitives.dll
0x00007ff9b78a0000 - 0x00007ff9b78b5000 	C:\Program Files\AdoptOpenJDK\jdk-14.0.1.7-hotspot\bin\VCRUNTIME140.dll
0x00007ff9de410000 - 0x00007ff9de43e000 	C:\WINDOWS\System32\IMM32.DLL
0x00007ff9a4680000 - 0x00007ff9a471b000 	C:\Program Files\AdoptOpenJDK\jdk-14.0.1.7-hotspot\bin\msvcp140.dll
0x00007ff968860000 - 0x00007ff96940c000 	C:\Program Files\AdoptOpenJDK\jdk-14.0.1.7-hotspot\bin\server\jvm.dll
0x00007ff9dc670000 - 0x00007ff9dc713000 	C:\WINDOWS\System32\ADVAPI32.dll
0x00007ff9dcb00000 - 0x00007ff9dcb97000 	C:\WINDOWS\System32\sechost.dll
0x00007ff9dc9f0000 - 0x00007ff9dc9f8000 	C:\WINDOWS\System32\PSAPI.DLL
0x00007ff9d8c70000 - 0x00007ff9d8c94000 	C:\WINDOWS\SYSTEM32\WINMM.dll
0x00007ff9b9090000 - 0x00007ff9b9099000 	C:\WINDOWS\SYSTEM32\WSOCK32.dll
0x00007ff9d45c0000 - 0x00007ff9d45ca000 	C:\WINDOWS\SYSTEM32\VERSION.dll
0x00007ff9dd270000 - 0x00007ff9dd2df000 	C:\WINDOWS\System32\WS2_32.dll
0x00007ff9d8c40000 - 0x00007ff9d8c6d000 	C:\WINDOWS\SYSTEM32\winmmbase.dll
0x00007ff9dc5f0000 - 0x00007ff9dc63a000 	C:\WINDOWS\System32\cfgmgr32.dll
0x00007ff9db470000 - 0x00007ff9db481000 	C:\WINDOWS\System32\kernel.appcore.dll
0x00007ff9d1320000 - 0x00007ff9d132a000 	C:\Program Files\AdoptOpenJDK\jdk-14.0.1.7-hotspot\bin\jimage.dll
0x00007ff9d9e30000 - 0x00007ff9da024000 	C:\WINDOWS\SYSTEM32\DBGHELP.DLL
0x00007ff9c9070000 - 0x00007ff9c909a000 	C:\WINDOWS\SYSTEM32\dbgcore.DLL
0x00007ff9c4bc0000 - 0x00007ff9c4be5000 	C:\Program Files\AdoptOpenJDK\jdk-14.0.1.7-hotspot\bin\java.dll
0x00007ff9c4b80000 - 0x00007ff9c4b96000 	C:\Program Files\AdoptOpenJDK\jdk-14.0.1.7-hotspot\bin\zip.dll
0x00007ff9dd450000 - 0x00007ff9ddb37000 	C:\WINDOWS\System32\SHELL32.dll
0x00007ff9dd1c0000 - 0x00007ff9dd269000 	C:\WINDOWS\System32\shcore.dll
0x00007ff9dbb90000 - 0x00007ff9dc311000 	C:\WINDOWS\System32\windows.storage.dll
0x00007ff9db490000 - 0x00007ff9db4b3000 	C:\WINDOWS\System32\profapi.dll
0x00007ff9db4e0000 - 0x00007ff9db52a000 	C:\WINDOWS\System32\powrprof.dll
0x00007ff9db460000 - 0x00007ff9db470000 	C:\WINDOWS\System32\UMPDC.dll
0x00007ff9dca00000 - 0x00007ff9dca52000 	C:\WINDOWS\System32\shlwapi.dll
0x00007ff9dc5d0000 - 0x00007ff9dc5e7000 	C:\WINDOWS\System32\cryptsp.dll
0x00007ff993500000 - 0x00007ff993697000 	C:\Program Files\AdoptOpenJDK\jdk-14.0.1.7-hotspot\bin\awt.dll
0x00007ff9ddca0000 - 0x00007ff9ddd65000 	C:\WINDOWS\System32\OLEAUT32.dll
0x00007ff9d92f0000 - 0x00007ff9d937f000 	C:\WINDOWS\SYSTEM32\apphelp.dll
0x00007ff9d9900000 - 0x00007ff9d992d000 	C:\WINDOWS\system32\DWMAPI.DLL
0x00007ff9d94d0000 - 0x00007ff9d9569000 	C:\WINDOWS\system32\uxtheme.dll
0x00007ff9bc210000 - 0x00007ff9bc366000 	C:\WINDOWS\system32\opengl32.dll
0x00007ff9bc0c0000 - 0x00007ff9bc0ec000 	C:\WINDOWS\SYSTEM32\GLU32.dll
0x00007ff9da0a0000 - 0x00007ff9da0c0000 	C:\WINDOWS\SYSTEM32\dxcore.dll
0x00007ff9de440000 - 0x00007ff9de575000 	C:\WINDOWS\System32\MSCTF.dll
0x00007ff9dc890000 - 0x00007ff9dc9e7000 	C:\WINDOWS\System32\ole32.dll
0x00007ff9a45f0000 - 0x00007ff9a4672000 	C:\Program Files\AdoptOpenJDK\jdk-14.0.1.7-hotspot\bin\freetype.dll
0x00007ff9a4540000 - 0x00007ff9a45e6000 	C:\Program Files\AdoptOpenJDK\jdk-14.0.1.7-hotspot\bin\fontmanager.dll

dbghelp: loaded successfully - version: 4.0.5 - missing functions: none
symbol engine: initialized successfully - sym options: 0x614 - pdb path: .;C:\Program Files\AdoptOpenJDK\jdk-14.0.1.7-hotspot\bin;C:\WINDOWS\SYSTEM32;C:\WINDOWS\WinSxS\amd64_microsoft.windows.common-controls_6595b64144ccf1df_6.0.18362.1256_none_9e7e379be45e40e2;C:\Program Files\AdoptOpenJDK\jdk-14.0.1.7-hotspot\bin\server

VM Arguments:
jvm_args: -Dfile.encoding=UTF-8 
java_command: êßçÏé©èK.TEL
java_class_path (initial): C:\Users\ì˙çÇêTñÁ\git\-\êßçÏé©èK\bin
Launcher Type: SUN_STANDARD

[Global flags]
     intx CICompilerCount                          = 4                                         {product} {ergonomic}
     uint ConcGCThreads                            = 2                                         {product} {ergonomic}
     uint G1ConcRefinementThreads                  = 8                                         {product} {ergonomic}
   size_t G1HeapRegionSize                         = 1048576                                   {product} {ergonomic}
    uintx GCDrainStackTargetSize                   = 64                                        {product} {ergonomic}
   size_t InitialHeapSize                          = 134217728                                 {product} {ergonomic}
   size_t MarkStackSize                            = 4194304                                   {product} {ergonomic}
   size_t MaxHeapSize                              = 2128609280                                {product} {ergonomic}
   size_t MaxNewSize                               = 1277165568                                {product} {ergonomic}
   size_t MinHeapDeltaBytes                        = 1048576                                   {product} {ergonomic}
   size_t MinHeapSize                              = 8388608                                   {product} {ergonomic}
    uintx NonNMethodCodeHeapSize                   = 5839372                                {pd product} {ergonomic}
    uintx NonProfiledCodeHeapSize                  = 122909434                              {pd product} {ergonomic}
    uintx ProfiledCodeHeapSize                     = 122909434                              {pd product} {ergonomic}
    uintx ReservedCodeCacheSize                    = 251658240                              {pd product} {ergonomic}
     bool SegmentedCodeCache                       = true                                      {product} {ergonomic}
   size_t SoftMaxHeapSize                          = 2128609280                             {manageable} {ergonomic}
     bool UseCompressedClassPointers               = true                                 {lp64_product} {ergonomic}
     bool UseCompressedOops                        = true                                 {lp64_product} {ergonomic}
     bool UseG1GC                                  = true                                      {product} {ergonomic}
     bool UseLargePagesIndividualAllocation        = false                                  {pd product} {ergonomic}

Logging:
Log output configuration:
 #0: stdout all=warning uptime,level,tags
 #1: stderr all=off uptime,level,tags

Environment Variables:
JAVA_HOME=C:\Program Files\AdoptOpenJDK\jdk-14.0.1.7-hotspot\
PATH=C:/Program Files/AdoptOpenJDK/jdk-14.0.1.7-hotspot/bin/client;C:/Program Files/AdoptOpenJDK/jdk-14.0.1.7-hotspot/bin;C:\Program Files\AdoptOpenJDK\jdk-14.0.1.7-hotspot\bin;C:\WINDOWS\system32;C:\WINDOWS;C:\WINDOWS\System32\Wbem;C:\WINDOWS\System32\WindowsPowerShell\v1.0\;C:\WINDOWS\System32\OpenSSH\;C:\Program Files\Intel\WiFi\bin\;C:\Program Files\Common Files\Intel\WirelessCommon\;C:\Program Files\dotnet\;C:\Program Files\Microsoft SQL Server\130\Tools\Binn\;C:\HashiCorp\Vagrant\bin;C:\java\derby\bin;C:\Program Files\AdoptOpenJDK\jdk-14.0.1.7-hotspot\bin;C:\WINDOWS\system32;C:\WINDOWS;C:\WINDOWS\System32\Wbem;C:\WINDOWS\System32\WindowsPowerShell\v1.0\;C:\WINDOWS\System32\OpenSSH\;C:\Program Files\Intel\WiFi\bin\;C:\Program Files\Common Files\Intel\WirelessCommon\;C:\Program Files\dotnet\;C:\Program Files\Microsoft SQL Server\130\Tools\Binn\;C:\python\Python3;C:\python\Python3\Library\mingw-w64\bin;C:\python\Python3\Library\usr\bin;C:\python\Python3\Library\bin;C:\python\Python3\Scripts;C:\Users\ì˙çÇêTñÁ\AppData\Local\Microsoft\WindowsApps;C:\MinGW\bin;C:\Users\ì˙çÇêTñÁ\AppData\Local\Microsoft\WindowsApps;C:\Java\eclipse;
USERNAME=hidaka
OS=Windows_NT
PROCESSOR_IDENTIFIER=Intel64 Family 6 Model 142 Stepping 10, GenuineIntel



---------------  S Y S T E M  ---------------

OS: Windows 10 , 64 bit Build 18362 (10.0.18362.1110)
OS uptime: 20 days 11:13 hours

CPU:total 8 (initial active 8) (4 cores per cpu, 2 threads per core) family 6 model 142 stepping 10, cmov, cx8, fxsr, mmx, sse, sse2, sse3, ssse3, sse4.1, sse4.2, popcnt, avx, avx2, aes, clmul, erms, 3dnowpref, lzcnt, ht, tsc, tscinvbit, bmi1, bmi2, adx, fma

Memory: 4k page, system-wide physical 8118M (2436M free)
TotalPageFile size 9819M (AvailPageFile size 1408M)
current process WorkingSet (physical memory assigned to process): 65M, peak: 65M
current process commit charge ("private bytes"): 220M, peak: 220M

vm_info: OpenJDK 64-Bit Server VM (14.0.1+7) for windows-amd64 JRE (14.0.1+7), built on Apr 22 2020 14:10:56 by "" with MS VC++ 15.9 (VS2017)

END.
