#
# A fatal error has been detected by the Java Runtime Environment:
#
#  EXCEPTION_ACCESS_VIOLATION (0xc0000005) at pc=0x00007ff848b1f74a, pid=17532, tid=7584
#
# JRE version: OpenJDK Runtime Environment AdoptOpenJDK (14.0.1+7) (build 14.0.1+7)
# Java VM: OpenJDK 64-Bit Server VM AdoptOpenJDK (14.0.1+7, mixed mode, sharing, tiered, compressed oops, g1 gc, windows-amd64)
# Problematic frame:
# C  [awt.dll+0x8f74a]
#
# No core dump will be written. Minidumps are not enabled by default on client versions of Windows
#
# If you would like to submit a bug report, please visit:
#   https://github.com/AdoptOpenJDK/openjdk-support/issues
# The crash happened outside the Java Virtual Machine in native code.
# See problematic frame for where to report the bug.
#

---------------  S U M M A R Y ------------

Command Line: -Dfile.encoding=UTF-8 êßçÏé©èK.keigomenu

Host: Intel(R) Core(TM) i5-8250U CPU @ 1.60GHz, 8 cores, 7G,  Windows 10 , 64 bit Build 18362 (10.0.18362.1110)
Time: Sat Dec  5 14:27:46 2020 ???? (?W?Ä??) elapsed time: 0 seconds (0d 0h 0m 0s)

---------------  T H R E A D  ---------------

Current thread (0x000001ca3119a800):  JavaThread "main" [_thread_in_native, id=7584, stack(0x00000005db500000,0x00000005db600000)]

Stack: [0x00000005db500000,0x00000005db600000],  sp=0x00000005db5feb10,  free space=1018k
Native frames: (J=compiled Java code, j=interpreted, Vv=VM code, C=native code)
C  [awt.dll+0x8f74a]

Java frames: (J=compiled Java code, j=interpreted, Vv=VM code)
j  sun.awt.windows.WComponentPeer._setFont(Ljava/awt/Font;)V+0 java.desktop@14.0.1
j  sun.awt.windows.WComponentPeer.setFont(Ljava/awt/Font;)V+7 java.desktop@14.0.1
j  sun.awt.windows.WWindowPeer.initialize()V+42 java.desktop@14.0.1
j  sun.awt.windows.WFramePeer.initialize()V+1 java.desktop@14.0.1
j  sun.awt.windows.WComponentPeer.<init>(Ljava/awt/Component;)V+83 java.desktop@14.0.1
j  sun.awt.windows.WCanvasPeer.<init>(Ljava/awt/Component;)V+2 java.desktop@14.0.1
j  sun.awt.windows.WPanelPeer.<init>(Ljava/awt/Component;)V+2 java.desktop@14.0.1
j  sun.awt.windows.WWindowPeer.<init>(Ljava/awt/Window;)V+2 java.desktop@14.0.1
j  sun.awt.windows.WFramePeer.<init>(Ljava/awt/Frame;)V+2 java.desktop@14.0.1
j  sun.awt.windows.WToolkit.createFrame(Ljava/awt/Frame;)Ljava/awt/peer/FramePeer;+5 java.desktop@14.0.1
j  java.awt.Frame.addNotify()V+20 java.desktop@14.0.1
j  javax.swing.SwingUtilities$SharedOwnerFrame.addNotify()V+1 java.desktop@14.0.1
j  java.awt.Dialog.addNotify()V+28 java.desktop@14.0.1
j  java.awt.Dialog.conditionalShow(Ljava/awt/Component;Ljava/util/concurrent/atomic/AtomicLong;)Z+20 java.desktop@14.0.1
j  java.awt.Dialog.show()V+62 java.desktop@14.0.1
j  java.awt.Component.show(Z)V+5 java.desktop@14.0.1
j  java.awt.Component.setVisible(Z)V+2 java.desktop@14.0.1
j  java.awt.Window.setVisible(Z)V+2 java.desktop@14.0.1
j  java.awt.Dialog.setVisible(Z)V+2 java.desktop@14.0.1
j  Âà∂‰ΩúËá™Áøí.keigomenu.main([Ljava/lang/String;)V+15
v  ~StubRoutines::call_stub

siginfo: EXCEPTION_ACCESS_VIOLATION (0xc0000005), reading address 0x0000000000000058


Register to memory mapping:

RIP=0x00007ff848b1f74a awt.dll
RAX=0x00007ff848b9a660 awt.dll
RBX=0x000001ca3119ab10 points into unknown readable memory: 50 3c c6 46 f8 7f 00 00
RCX=0x000001ca53c13020 points into unknown readable memory: 60 a6 b9 48 f8 7f 00 00
RDX=0x0 is NULL
RSP=0x00000005db5feb10 is pointing into the stack for thread: 0x000001ca3119a800
RBP=0x0 is NULL
RSI=0x000001ca53142570 is a global jni handle
RDI=0x000001ca53142580 is a global jni handle
R8 =0x0000000000000042 is an unknown value
R9 =0x0000000800b4c1a0 is a pointer to class: 
java.awt.Font {0x0000000800b4c1a8}
R10=0x0000000000008000 is an unknown value
R11=0x00000005db5feb10 is pointing into the stack for thread: 0x000001ca3119a800
R12=0x0 is NULL
R13={method} {0x000001ca525f2ad8} '_setFont' '(Ljava/awt/Font;)V' in 'sun/awt/windows/WComponentPeer'
R14=0x000001ca53c13020 points into unknown readable memory: 60 a6 b9 48 f8 7f 00 00
R15=0x000001ca53159510 points into unknown readable memory: 70 25 14 53 ca 01 00 00


Registers:
RAX=0x00007ff848b9a660, RBX=0x000001ca3119ab10, RCX=0x000001ca53c13020, RDX=0x0000000000000000
RSP=0x00000005db5feb10, RBP=0x0000000000000000, RSI=0x000001ca53142570, RDI=0x000001ca53142580
R8 =0x0000000000000042, R9 =0x0000000800b4c1a0, R10=0x0000000000008000, R11=0x00000005db5feb10
R12=0x0000000000000000, R13=0x000001ca525f2ad0, R14=0x000001ca53c13020, R15=0x000001ca53159510
RIP=0x00007ff848b1f74a, EFLAGS=0x0000000000010202

Top of Stack: (sp=0x00000005db5feb10)
0x00000005db5feb10:   000001ca53159510 000001ca53c13020
0x00000005db5feb20:   000001ca53159510 000001ca53c13020
0x00000005db5feb30:   000001ca53142580 00007ff848b24655
0x00000005db5feb40:   000001ca3119ab10 000001ca3119ab10
0x00000005db5feb50:   0000000000000000 000001ca53142570
0x00000005db5feb60:   000001ca3119a800 00000005db5fecb0
0x00000005db5feb70:   000001ca53159510 00007ff848b5d59b
0x00000005db5feb80:   00007ff848bdf018 00000005db5fec88
0x00000005db5feb90:   00007ff848b24528 0000000000000000
0x00000005db5feba0:   fffffffffffffffe fffffffffffffffe
0x00000005db5febb0:   000001ca53142570 00007ff848b2581c
0x00000005db5febc0:   000001ca53142580 00000005db5feca8
0x00000005db5febd0:   00000005db5feca8 00007ff848bdf018
0x00000005db5febe0:   fffffffffffffffe 00007ff8467d63f9
0x00000005db5febf0:   000001ca3b3da1b3 000001ca3b3e00b4
0x00000005db5fec00:   000001ca525f2ad0 0000000000000000 

Instructions: (pc=0x00007ff848b1f74a)
0x00007ff848b1f64a:   00 48 8b d9 e8 d9 dc ff ff 48 8b f8 48 85 c0 75
0x00007ff848b1f65a:   04 48 8b 7b 48 48 8b cf e8 93 15 05 00 48 8b d8
0x00007ff848b1f66a:   48 85 c0 74 60 83 64 24 20 00 0f 57 c0 83 64 24
0x00007ff848b1f67a:   34 00 b9 11 00 00 00 83 64 24 38 00 f3 0f 7f 44
0x00007ff848b1f68a:   24 24 ff 15 86 bc 0b 00 4c 8d 44 24 40 ba 5c 00
0x00007ff848b1f69a:   00 00 48 8b c8 ff 15 2b bf 0b 00 83 f8 5c 75 0d
0x00007ff848b1f6aa:   48 8d 54 24 40 48 8b cb e8 f2 15 05 00 48 8d 54
0x00007ff848b1f6ba:   24 20 48 8b cb e8 09 16 05 00 48 8b d3 48 8b cf
0x00007ff848b1f6ca:   e8 b6 15 05 00 48 8b 8c 24 a0 00 00 00 48 33 cc
0x00007ff848b1f6da:   e8 e1 22 05 00 48 8b 9c 24 c8 00 00 00 48 81 c4
0x00007ff848b1f6ea:   b0 00 00 00 5f c3 40 53 48 83 ec 20 48 8b d9 ff
0x00007ff848b1f6fa:   15 69 c4 0b 00 48 85 c0 75 0a 48 8b 4b 48 ff 15
0x00007ff848b1f70a:   52 c4 0b 00 48 83 c4 20 5b c3 4c 63 c2 48 8b 15
0x00007ff848b1f71a:   2a a8 0b 00 48 ff 25 e3 c2 0b 00 cc cc cc 48 8b
0x00007ff848b1f72a:   d1 48 8b 0d 1e d8 0b 00 48 89 15 17 d8 0b 00 e9
0x00007ff848b1f73a:   f6 63 04 00 cc cc 48 89 5c 24 08 57 48 83 ec 20
0x00007ff848b1f74a:   83 7a 58 00 48 8b da 48 8b f9 7d 08 48 8b ca e8
0x00007ff848b1f75a:   4a 95 01 00 4c 8b 43 48 45 33 c9 48 8b 4f 48 4d
0x00007ff848b1f76a:   8b 00 41 8d 51 30 ff 15 5a c5 0b 00 48 8b 4f 48
0x00007ff848b1f77a:   33 d2 44 8d 42 01 48 8b 5c 24 30 48 83 c4 20 5f
0x00007ff848b1f78a:   48 ff 25 f7 c3 0b 00 cc cc cc 48 8b c4 48 89 58
0x00007ff848b1f79a:   08 48 89 68 10 48 89 70 18 48 89 78 20 41 56 48
0x00007ff848b1f7aa:   83 ec 20 4c 8b f2 48 8b f9 48 8b 0d 3e f6 0b 00
0x00007ff848b1f7ba:   ba 02 00 01 00 41 8b e8 e8 04 21 05 00 48 8b 97
0x00007ff848b1f7ca:   c0 00 00 00 33 db 48 8b f0 48 85 d2 74 0d 4c 8b
0x00007ff848b1f7da:   08 48 8b c8 41 ff 91 b0 00 00 00 4d 85 f6 74 14
0x00007ff848b1f7ea:   48 8b 06 49 8b d6 48 8b ce ff 90 a8 00 00 00 48
0x00007ff848b1f7fa:   8b d8 eb 05 bd 01 00 00 00 48 89 9f c0 00 00 00
0x00007ff848b1f80a:   89 af c8 00 00 00 48 8b 5c 24 30 48 8b 6c 24 38
0x00007ff848b1f81a:   48 8b 74 24 40 48 8b 7c 24 48 48 83 c4 20 41 5e
0x00007ff848b1f82a:   c3 cc 48 89 5c 24 08 48 89 6c 24 10 48 89 74 24
0x00007ff848b1f83a:   18 57 48 83 ec 20 33 db 48 8b f9 48 85 c9 75 09 


Stack slot to memory mapping:
stack at sp + 0 slots: 0x000001ca53159510 points into unknown readable memory: 70 25 14 53 ca 01 00 00
stack at sp + 1 slots: 0x000001ca53c13020 points into unknown readable memory: 60 a6 b9 48 f8 7f 00 00
stack at sp + 2 slots: 0x000001ca53159510 points into unknown readable memory: 70 25 14 53 ca 01 00 00
stack at sp + 3 slots: 0x000001ca53c13020 points into unknown readable memory: 60 a6 b9 48 f8 7f 00 00
stack at sp + 4 slots: 0x000001ca53142580 is a global jni handle
stack at sp + 5 slots: 0x00007ff848b24655 awt.dll
stack at sp + 6 slots: 0x000001ca3119ab10 points into unknown readable memory: 50 3c c6 46 f8 7f 00 00
stack at sp + 7 slots: 0x000001ca3119ab10 points into unknown readable memory: 50 3c c6 46 f8 7f 00 00


---------------  P R O C E S S  ---------------

Threads class SMR info:
_java_thread_list=0x000001ca53161ec0, length=15, elements={
0x000001ca3119a800, 0x000001ca52481000, 0x000001ca52483000, 0x000001ca524a5000,
0x000001ca524a6800, 0x000001ca524aa000, 0x000001ca524b0800, 0x000001ca524b2000,
0x000001ca52d80800, 0x000001ca52d83800, 0x000001ca52d84800, 0x000001ca52d87000,
0x000001ca52d81000, 0x000001ca52d85000, 0x000001ca52d82000
}

Java Threads: ( => current thread )
=>0x000001ca3119a800 JavaThread "main" [_thread_in_native, id=7584, stack(0x00000005db500000,0x00000005db600000)]
  0x000001ca52481000 JavaThread "Reference Handler" daemon [_thread_blocked, id=20700, stack(0x00000005dbc00000,0x00000005dbd00000)]
  0x000001ca52483000 JavaThread "Finalizer" daemon [_thread_blocked, id=19016, stack(0x00000005dbd00000,0x00000005dbe00000)]
  0x000001ca524a5000 JavaThread "Signal Dispatcher" daemon [_thread_blocked, id=21444, stack(0x00000005dbe00000,0x00000005dbf00000)]
  0x000001ca524a6800 JavaThread "Attach Listener" daemon [_thread_blocked, id=14288, stack(0x00000005dbf00000,0x00000005dc000000)]
  0x000001ca524aa000 JavaThread "Service Thread" daemon [_thread_blocked, id=17612, stack(0x00000005dc000000,0x00000005dc100000)]
  0x000001ca524b0800 JavaThread "C2 CompilerThread0" daemon [_thread_blocked, id=5536, stack(0x00000005dc100000,0x00000005dc200000)]
  0x000001ca524b2000 JavaThread "C1 CompilerThread0" daemon [_thread_blocked, id=2464, stack(0x00000005dc200000,0x00000005dc300000)]
  0x000001ca52d80800 JavaThread "Sweeper thread" daemon [_thread_blocked, id=18296, stack(0x00000005dc300000,0x00000005dc400000)]
  0x000001ca52d83800 JavaThread "Notification Thread" daemon [_thread_blocked, id=1740, stack(0x00000005dc400000,0x00000005dc500000)]
  0x000001ca52d84800 JavaThread "Common-Cleaner" daemon [_thread_blocked, id=19472, stack(0x00000005dc600000,0x00000005dc700000)]
  0x000001ca52d87000 JavaThread "Java2D Disposer" daemon [_thread_blocked, id=10172, stack(0x00000005dc700000,0x00000005dc800000)]
  0x000001ca52d81000 JavaThread "AWT-Shutdown" [_thread_blocked, id=14200, stack(0x00000005dc800000,0x00000005dc900000)]
  0x000001ca52d85000 JavaThread "AWT-Windows" daemon [_thread_in_native, id=19876, stack(0x00000005dc900000,0x00000005dca00000)]
  0x000001ca52d82000 JavaThread "AWT-EventQueue-0" [_thread_blocked, id=16616, stack(0x00000005dca00000,0x00000005dcb00000)]

Other Threads:
  0x000001ca5247f000 VMThread "VM Thread" [stack: 0x00000005dbb00000,0x00000005dbc00000] [id=11296]
  0x000001ca52ec9000 WatcherThread [stack: 0x00000005dc500000,0x00000005dc600000] [id=7228]
  0x000001ca311de000 GCTaskThread "GC Thread#0" [stack: 0x00000005db600000,0x00000005db700000] [id=3152]
  0x000001ca311ef800 ConcurrentGCThread "G1 Main Marker" [stack: 0x00000005db700000,0x00000005db800000] [id=17196]
  0x000001ca311f1800 ConcurrentGCThread "G1 Conc#0" [stack: 0x00000005db800000,0x00000005db900000] [id=20712]
  0x000001ca522f3800 ConcurrentGCThread "G1 Refine#0" [stack: 0x00000005db900000,0x00000005dba00000] [id=9604]
  0x000001ca522f5800 ConcurrentGCThread "G1 Young RemSet Sampling" [stack: 0x00000005dba00000,0x00000005dbb00000] [id=19740]

Threads with active compile tasks:

VM state:not at safepoint (normal execution)

VM Mutex/Monitor currently owned by a thread: None

Heap address: 0x0000000081200000, size: 2030 MB, Compressed Oops mode: 32-bit
Narrow klass base: 0x0000000800000000, Narrow klass shift: 3
Compressed class space size: 1073741824 Address: 0x0000000800b30000

Heap:
 garbage-first heap   total 131072K, used 4096K [0x0000000081200000, 0x0000000100000000)
  region size 1024K, 5 young (5120K), 0 survivors (0K)
 Metaspace       used 5528K, capacity 5750K, committed 5888K, reserved 1056768K
  class space    used 633K, capacity 757K, committed 768K, reserved 1048576K
Heap Regions: E=young(eden), S=young(survivor), O=old, HS=humongous(starts), HC=humongous(continues), CS=collection set, F=free, OA=open archive, CA=closed archive, TAMS=top-at-mark-start (previous, next)
|   0|0x0000000081200000, 0x0000000081200000, 0x0000000081300000|  0%| F|  |TAMS 0x0000000081200000, 0x0000000081200000| Untracked 
|   1|0x0000000081300000, 0x0000000081300000, 0x0000000081400000|  0%| F|  |TAMS 0x0000000081300000, 0x0000000081300000| Untracked 
|   2|0x0000000081400000, 0x0000000081400000, 0x0000000081500000|  0%| F|  |TAMS 0x0000000081400000, 0x0000000081400000| Untracked 
|   3|0x0000000081500000, 0x0000000081500000, 0x0000000081600000|  0%| F|  |TAMS 0x0000000081500000, 0x0000000081500000| Untracked 
|   4|0x0000000081600000, 0x0000000081600000, 0x0000000081700000|  0%| F|  |TAMS 0x0000000081600000, 0x0000000081600000| Untracked 
|   5|0x0000000081700000, 0x0000000081700000, 0x0000000081800000|  0%| F|  |TAMS 0x0000000081700000, 0x0000000081700000| Untracked 
|   6|0x0000000081800000, 0x0000000081800000, 0x0000000081900000|  0%| F|  |TAMS 0x0000000081800000, 0x0000000081800000| Untracked 
|   7|0x0000000081900000, 0x0000000081900000, 0x0000000081a00000|  0%| F|  |TAMS 0x0000000081900000, 0x0000000081900000| Untracked 
|   8|0x0000000081a00000, 0x0000000081a00000, 0x0000000081b00000|  0%| F|  |TAMS 0x0000000081a00000, 0x0000000081a00000| Untracked 
|   9|0x0000000081b00000, 0x0000000081b00000, 0x0000000081c00000|  0%| F|  |TAMS 0x0000000081b00000, 0x0000000081b00000| Untracked 
|  10|0x0000000081c00000, 0x0000000081c00000, 0x0000000081d00000|  0%| F|  |TAMS 0x0000000081c00000, 0x0000000081c00000| Untracked 
|  11|0x0000000081d00000, 0x0000000081d00000, 0x0000000081e00000|  0%| F|  |TAMS 0x0000000081d00000, 0x0000000081d00000| Untracked 
|  12|0x0000000081e00000, 0x0000000081e00000, 0x0000000081f00000|  0%| F|  |TAMS 0x0000000081e00000, 0x0000000081e00000| Untracked 
|  13|0x0000000081f00000, 0x0000000081f00000, 0x0000000082000000|  0%| F|  |TAMS 0x0000000081f00000, 0x0000000081f00000| Untracked 
|  14|0x0000000082000000, 0x0000000082000000, 0x0000000082100000|  0%| F|  |TAMS 0x0000000082000000, 0x0000000082000000| Untracked 
|  15|0x0000000082100000, 0x0000000082100000, 0x0000000082200000|  0%| F|  |TAMS 0x0000000082100000, 0x0000000082100000| Untracked 
|  16|0x0000000082200000, 0x0000000082200000, 0x0000000082300000|  0%| F|  |TAMS 0x0000000082200000, 0x0000000082200000| Untracked 
|  17|0x0000000082300000, 0x0000000082300000, 0x0000000082400000|  0%| F|  |TAMS 0x0000000082300000, 0x0000000082300000| Untracked 
|  18|0x0000000082400000, 0x0000000082400000, 0x0000000082500000|  0%| F|  |TAMS 0x0000000082400000, 0x0000000082400000| Untracked 
|  19|0x0000000082500000, 0x0000000082500000, 0x0000000082600000|  0%| F|  |TAMS 0x0000000082500000, 0x0000000082500000| Untracked 
|  20|0x0000000082600000, 0x0000000082600000, 0x0000000082700000|  0%| F|  |TAMS 0x0000000082600000, 0x0000000082600000| Untracked 
|  21|0x0000000082700000, 0x0000000082700000, 0x0000000082800000|  0%| F|  |TAMS 0x0000000082700000, 0x0000000082700000| Untracked 
|  22|0x0000000082800000, 0x0000000082800000, 0x0000000082900000|  0%| F|  |TAMS 0x0000000082800000, 0x0000000082800000| Untracked 
|  23|0x0000000082900000, 0x0000000082900000, 0x0000000082a00000|  0%| F|  |TAMS 0x0000000082900000, 0x0000000082900000| Untracked 
|  24|0x0000000082a00000, 0x0000000082a00000, 0x0000000082b00000|  0%| F|  |TAMS 0x0000000082a00000, 0x0000000082a00000| Untracked 
|  25|0x0000000082b00000, 0x0000000082b00000, 0x0000000082c00000|  0%| F|  |TAMS 0x0000000082b00000, 0x0000000082b00000| Untracked 
|  26|0x0000000082c00000, 0x0000000082c00000, 0x0000000082d00000|  0%| F|  |TAMS 0x0000000082c00000, 0x0000000082c00000| Untracked 
|  27|0x0000000082d00000, 0x0000000082d00000, 0x0000000082e00000|  0%| F|  |TAMS 0x0000000082d00000, 0x0000000082d00000| Untracked 
|  28|0x0000000082e00000, 0x0000000082e00000, 0x0000000082f00000|  0%| F|  |TAMS 0x0000000082e00000, 0x0000000082e00000| Untracked 
|  29|0x0000000082f00000, 0x0000000082f00000, 0x0000000083000000|  0%| F|  |TAMS 0x0000000082f00000, 0x0000000082f00000| Untracked 
|  30|0x0000000083000000, 0x0000000083000000, 0x0000000083100000|  0%| F|  |TAMS 0x0000000083000000, 0x0000000083000000| Untracked 
|  31|0x0000000083100000, 0x0000000083100000, 0x0000000083200000|  0%| F|  |TAMS 0x0000000083100000, 0x0000000083100000| Untracked 
|  32|0x0000000083200000, 0x0000000083200000, 0x0000000083300000|  0%| F|  |TAMS 0x0000000083200000, 0x0000000083200000| Untracked 
|  33|0x0000000083300000, 0x0000000083300000, 0x0000000083400000|  0%| F|  |TAMS 0x0000000083300000, 0x0000000083300000| Untracked 
|  34|0x0000000083400000, 0x0000000083400000, 0x0000000083500000|  0%| F|  |TAMS 0x0000000083400000, 0x0000000083400000| Untracked 
|  35|0x0000000083500000, 0x0000000083500000, 0x0000000083600000|  0%| F|  |TAMS 0x0000000083500000, 0x0000000083500000| Untracked 
|  36|0x0000000083600000, 0x0000000083600000, 0x0000000083700000|  0%| F|  |TAMS 0x0000000083600000, 0x0000000083600000| Untracked 
|  37|0x0000000083700000, 0x0000000083700000, 0x0000000083800000|  0%| F|  |TAMS 0x0000000083700000, 0x0000000083700000| Untracked 
|  38|0x0000000083800000, 0x0000000083800000, 0x0000000083900000|  0%| F|  |TAMS 0x0000000083800000, 0x0000000083800000| Untracked 
|  39|0x0000000083900000, 0x0000000083900000, 0x0000000083a00000|  0%| F|  |TAMS 0x0000000083900000, 0x0000000083900000| Untracked 
|  40|0x0000000083a00000, 0x0000000083a00000, 0x0000000083b00000|  0%| F|  |TAMS 0x0000000083a00000, 0x0000000083a00000| Untracked 
|  41|0x0000000083b00000, 0x0000000083b00000, 0x0000000083c00000|  0%| F|  |TAMS 0x0000000083b00000, 0x0000000083b00000| Untracked 
|  42|0x0000000083c00000, 0x0000000083c00000, 0x0000000083d00000|  0%| F|  |TAMS 0x0000000083c00000, 0x0000000083c00000| Untracked 
|  43|0x0000000083d00000, 0x0000000083d00000, 0x0000000083e00000|  0%| F|  |TAMS 0x0000000083d00000, 0x0000000083d00000| Untracked 
|  44|0x0000000083e00000, 0x0000000083e00000, 0x0000000083f00000|  0%| F|  |TAMS 0x0000000083e00000, 0x0000000083e00000| Untracked 
|  45|0x0000000083f00000, 0x0000000083f00000, 0x0000000084000000|  0%| F|  |TAMS 0x0000000083f00000, 0x0000000083f00000| Untracked 
|  46|0x0000000084000000, 0x0000000084000000, 0x0000000084100000|  0%| F|  |TAMS 0x0000000084000000, 0x0000000084000000| Untracked 
|  47|0x0000000084100000, 0x0000000084100000, 0x0000000084200000|  0%| F|  |TAMS 0x0000000084100000, 0x0000000084100000| Untracked 
|  48|0x0000000084200000, 0x0000000084200000, 0x0000000084300000|  0%| F|  |TAMS 0x0000000084200000, 0x0000000084200000| Untracked 
|  49|0x0000000084300000, 0x0000000084300000, 0x0000000084400000|  0%| F|  |TAMS 0x0000000084300000, 0x0000000084300000| Untracked 
|  50|0x0000000084400000, 0x0000000084400000, 0x0000000084500000|  0%| F|  |TAMS 0x0000000084400000, 0x0000000084400000| Untracked 
|  51|0x0000000084500000, 0x0000000084500000, 0x0000000084600000|  0%| F|  |TAMS 0x0000000084500000, 0x0000000084500000| Untracked 
|  52|0x0000000084600000, 0x0000000084600000, 0x0000000084700000|  0%| F|  |TAMS 0x0000000084600000, 0x0000000084600000| Untracked 
|  53|0x0000000084700000, 0x0000000084700000, 0x0000000084800000|  0%| F|  |TAMS 0x0000000084700000, 0x0000000084700000| Untracked 
|  54|0x0000000084800000, 0x0000000084800000, 0x0000000084900000|  0%| F|  |TAMS 0x0000000084800000, 0x0000000084800000| Untracked 
|  55|0x0000000084900000, 0x0000000084900000, 0x0000000084a00000|  0%| F|  |TAMS 0x0000000084900000, 0x0000000084900000| Untracked 
|  56|0x0000000084a00000, 0x0000000084a00000, 0x0000000084b00000|  0%| F|  |TAMS 0x0000000084a00000, 0x0000000084a00000| Untracked 
|  57|0x0000000084b00000, 0x0000000084b00000, 0x0000000084c00000|  0%| F|  |TAMS 0x0000000084b00000, 0x0000000084b00000| Untracked 
|  58|0x0000000084c00000, 0x0000000084c00000, 0x0000000084d00000|  0%| F|  |TAMS 0x0000000084c00000, 0x0000000084c00000| Untracked 
|  59|0x0000000084d00000, 0x0000000084d00000, 0x0000000084e00000|  0%| F|  |TAMS 0x0000000084d00000, 0x0000000084d00000| Untracked 
|  60|0x0000000084e00000, 0x0000000084e00000, 0x0000000084f00000|  0%| F|  |TAMS 0x0000000084e00000, 0x0000000084e00000| Untracked 
|  61|0x0000000084f00000, 0x0000000084f00000, 0x0000000085000000|  0%| F|  |TAMS 0x0000000084f00000, 0x0000000084f00000| Untracked 
|  62|0x0000000085000000, 0x0000000085000000, 0x0000000085100000|  0%| F|  |TAMS 0x0000000085000000, 0x0000000085000000| Untracked 
|  63|0x0000000085100000, 0x0000000085100000, 0x0000000085200000|  0%| F|  |TAMS 0x0000000085100000, 0x0000000085100000| Untracked 
|  64|0x0000000085200000, 0x0000000085200000, 0x0000000085300000|  0%| F|  |TAMS 0x0000000085200000, 0x0000000085200000| Untracked 
|  65|0x0000000085300000, 0x0000000085300000, 0x0000000085400000|  0%| F|  |TAMS 0x0000000085300000, 0x0000000085300000| Untracked 
|  66|0x0000000085400000, 0x0000000085400000, 0x0000000085500000|  0%| F|  |TAMS 0x0000000085400000, 0x0000000085400000| Untracked 
|  67|0x0000000085500000, 0x0000000085500000, 0x0000000085600000|  0%| F|  |TAMS 0x0000000085500000, 0x0000000085500000| Untracked 
|  68|0x0000000085600000, 0x0000000085600000, 0x0000000085700000|  0%| F|  |TAMS 0x0000000085600000, 0x0000000085600000| Untracked 
|  69|0x0000000085700000, 0x0000000085700000, 0x0000000085800000|  0%| F|  |TAMS 0x0000000085700000, 0x0000000085700000| Untracked 
|  70|0x0000000085800000, 0x0000000085800000, 0x0000000085900000|  0%| F|  |TAMS 0x0000000085800000, 0x0000000085800000| Untracked 
|  71|0x0000000085900000, 0x0000000085900000, 0x0000000085a00000|  0%| F|  |TAMS 0x0000000085900000, 0x0000000085900000| Untracked 
|  72|0x0000000085a00000, 0x0000000085a00000, 0x0000000085b00000|  0%| F|  |TAMS 0x0000000085a00000, 0x0000000085a00000| Untracked 
|  73|0x0000000085b00000, 0x0000000085b00000, 0x0000000085c00000|  0%| F|  |TAMS 0x0000000085b00000, 0x0000000085b00000| Untracked 
|  74|0x0000000085c00000, 0x0000000085c00000, 0x0000000085d00000|  0%| F|  |TAMS 0x0000000085c00000, 0x0000000085c00000| Untracked 
|  75|0x0000000085d00000, 0x0000000085d00000, 0x0000000085e00000|  0%| F|  |TAMS 0x0000000085d00000, 0x0000000085d00000| Untracked 
|  76|0x0000000085e00000, 0x0000000085e00000, 0x0000000085f00000|  0%| F|  |TAMS 0x0000000085e00000, 0x0000000085e00000| Untracked 
|  77|0x0000000085f00000, 0x0000000085f00000, 0x0000000086000000|  0%| F|  |TAMS 0x0000000085f00000, 0x0000000085f00000| Untracked 
|  78|0x0000000086000000, 0x0000000086000000, 0x0000000086100000|  0%| F|  |TAMS 0x0000000086000000, 0x0000000086000000| Untracked 
|  79|0x0000000086100000, 0x0000000086100000, 0x0000000086200000|  0%| F|  |TAMS 0x0000000086100000, 0x0000000086100000| Untracked 
|  80|0x0000000086200000, 0x0000000086200000, 0x0000000086300000|  0%| F|  |TAMS 0x0000000086200000, 0x0000000086200000| Untracked 
|  81|0x0000000086300000, 0x0000000086300000, 0x0000000086400000|  0%| F|  |TAMS 0x0000000086300000, 0x0000000086300000| Untracked 
|  82|0x0000000086400000, 0x0000000086400000, 0x0000000086500000|  0%| F|  |TAMS 0x0000000086400000, 0x0000000086400000| Untracked 
|  83|0x0000000086500000, 0x0000000086500000, 0x0000000086600000|  0%| F|  |TAMS 0x0000000086500000, 0x0000000086500000| Untracked 
|  84|0x0000000086600000, 0x0000000086600000, 0x0000000086700000|  0%| F|  |TAMS 0x0000000086600000, 0x0000000086600000| Untracked 
|  85|0x0000000086700000, 0x0000000086700000, 0x0000000086800000|  0%| F|  |TAMS 0x0000000086700000, 0x0000000086700000| Untracked 
|  86|0x0000000086800000, 0x0000000086800000, 0x0000000086900000|  0%| F|  |TAMS 0x0000000086800000, 0x0000000086800000| Untracked 
|  87|0x0000000086900000, 0x0000000086900000, 0x0000000086a00000|  0%| F|  |TAMS 0x0000000086900000, 0x0000000086900000| Untracked 
|  88|0x0000000086a00000, 0x0000000086a00000, 0x0000000086b00000|  0%| F|  |TAMS 0x0000000086a00000, 0x0000000086a00000| Untracked 
|  89|0x0000000086b00000, 0x0000000086b00000, 0x0000000086c00000|  0%| F|  |TAMS 0x0000000086b00000, 0x0000000086b00000| Untracked 
|  90|0x0000000086c00000, 0x0000000086c00000, 0x0000000086d00000|  0%| F|  |TAMS 0x0000000086c00000, 0x0000000086c00000| Untracked 
|  91|0x0000000086d00000, 0x0000000086d00000, 0x0000000086e00000|  0%| F|  |TAMS 0x0000000086d00000, 0x0000000086d00000| Untracked 
|  92|0x0000000086e00000, 0x0000000086e00000, 0x0000000086f00000|  0%| F|  |TAMS 0x0000000086e00000, 0x0000000086e00000| Untracked 
|  93|0x0000000086f00000, 0x0000000086f00000, 0x0000000087000000|  0%| F|  |TAMS 0x0000000086f00000, 0x0000000086f00000| Untracked 
|  94|0x0000000087000000, 0x0000000087000000, 0x0000000087100000|  0%| F|  |TAMS 0x0000000087000000, 0x0000000087000000| Untracked 
|  95|0x0000000087100000, 0x0000000087100000, 0x0000000087200000|  0%| F|  |TAMS 0x0000000087100000, 0x0000000087100000| Untracked 
|  96|0x0000000087200000, 0x0000000087200000, 0x0000000087300000|  0%| F|  |TAMS 0x0000000087200000, 0x0000000087200000| Untracked 
|  97|0x0000000087300000, 0x0000000087300000, 0x0000000087400000|  0%| F|  |TAMS 0x0000000087300000, 0x0000000087300000| Untracked 
|  98|0x0000000087400000, 0x0000000087400000, 0x0000000087500000|  0%| F|  |TAMS 0x0000000087400000, 0x0000000087400000| Untracked 
|  99|0x0000000087500000, 0x0000000087500000, 0x0000000087600000|  0%| F|  |TAMS 0x0000000087500000, 0x0000000087500000| Untracked 
| 100|0x0000000087600000, 0x0000000087600000, 0x0000000087700000|  0%| F|  |TAMS 0x0000000087600000, 0x0000000087600000| Untracked 
| 101|0x0000000087700000, 0x0000000087700000, 0x0000000087800000|  0%| F|  |TAMS 0x0000000087700000, 0x0000000087700000| Untracked 
| 102|0x0000000087800000, 0x0000000087800000, 0x0000000087900000|  0%| F|  |TAMS 0x0000000087800000, 0x0000000087800000| Untracked 
| 103|0x0000000087900000, 0x0000000087900000, 0x0000000087a00000|  0%| F|  |TAMS 0x0000000087900000, 0x0000000087900000| Untracked 
| 104|0x0000000087a00000, 0x0000000087a00000, 0x0000000087b00000|  0%| F|  |TAMS 0x0000000087a00000, 0x0000000087a00000| Untracked 
| 105|0x0000000087b00000, 0x0000000087b00000, 0x0000000087c00000|  0%| F|  |TAMS 0x0000000087b00000, 0x0000000087b00000| Untracked 
| 106|0x0000000087c00000, 0x0000000087c00000, 0x0000000087d00000|  0%| F|  |TAMS 0x0000000087c00000, 0x0000000087c00000| Untracked 
| 107|0x0000000087d00000, 0x0000000087d00000, 0x0000000087e00000|  0%| F|  |TAMS 0x0000000087d00000, 0x0000000087d00000| Untracked 
| 108|0x0000000087e00000, 0x0000000087e00000, 0x0000000087f00000|  0%| F|  |TAMS 0x0000000087e00000, 0x0000000087e00000| Untracked 
| 109|0x0000000087f00000, 0x0000000087f00000, 0x0000000088000000|  0%| F|  |TAMS 0x0000000087f00000, 0x0000000087f00000| Untracked 
| 110|0x0000000088000000, 0x0000000088000000, 0x0000000088100000|  0%| F|  |TAMS 0x0000000088000000, 0x0000000088000000| Untracked 
| 111|0x0000000088100000, 0x0000000088100000, 0x0000000088200000|  0%| F|  |TAMS 0x0000000088100000, 0x0000000088100000| Untracked 
| 112|0x0000000088200000, 0x0000000088200000, 0x0000000088300000|  0%| F|  |TAMS 0x0000000088200000, 0x0000000088200000| Untracked 
| 113|0x0000000088300000, 0x0000000088300000, 0x0000000088400000|  0%| F|  |TAMS 0x0000000088300000, 0x0000000088300000| Untracked 
| 114|0x0000000088400000, 0x0000000088400000, 0x0000000088500000|  0%| F|  |TAMS 0x0000000088400000, 0x0000000088400000| Untracked 
| 115|0x0000000088500000, 0x0000000088500000, 0x0000000088600000|  0%| F|  |TAMS 0x0000000088500000, 0x0000000088500000| Untracked 
| 116|0x0000000088600000, 0x0000000088600000, 0x0000000088700000|  0%| F|  |TAMS 0x0000000088600000, 0x0000000088600000| Untracked 
| 117|0x0000000088700000, 0x0000000088700000, 0x0000000088800000|  0%| F|  |TAMS 0x0000000088700000, 0x0000000088700000| Untracked 
| 118|0x0000000088800000, 0x0000000088800000, 0x0000000088900000|  0%| F|  |TAMS 0x0000000088800000, 0x0000000088800000| Untracked 
| 119|0x0000000088900000, 0x0000000088900000, 0x0000000088a00000|  0%| F|  |TAMS 0x0000000088900000, 0x0000000088900000| Untracked 
| 120|0x0000000088a00000, 0x0000000088a00000, 0x0000000088b00000|  0%| F|  |TAMS 0x0000000088a00000, 0x0000000088a00000| Untracked 
| 121|0x0000000088b00000, 0x0000000088b00000, 0x0000000088c00000|  0%| F|  |TAMS 0x0000000088b00000, 0x0000000088b00000| Untracked 
| 122|0x0000000088c00000, 0x0000000088c00000, 0x0000000088d00000|  0%| F|  |TAMS 0x0000000088c00000, 0x0000000088c00000| Untracked 
| 123|0x0000000088d00000, 0x0000000088d76440, 0x0000000088e00000| 46%| E|  |TAMS 0x0000000088d00000, 0x0000000088d00000| Complete 
| 124|0x0000000088e00000, 0x0000000088f00000, 0x0000000088f00000|100%| E|CS|TAMS 0x0000000088e00000, 0x0000000088e00000| Complete 
| 125|0x0000000088f00000, 0x0000000089000000, 0x0000000089000000|100%| E|CS|TAMS 0x0000000088f00000, 0x0000000088f00000| Complete 
| 126|0x0000000089000000, 0x0000000089100000, 0x0000000089100000|100%| E|CS|TAMS 0x0000000089000000, 0x0000000089000000| Complete 
| 127|0x0000000089100000, 0x0000000089200000, 0x0000000089200000|100%| E|CS|TAMS 0x0000000089100000, 0x0000000089100000| Complete 

Card table byte_map: [0x000001ca4b240000,0x000001ca4b640000] _byte_map_base: 0x000001ca4ae37000

Marking Bits (Prev, Next): (CMBitMap*) 0x000001ca311dedf8, (CMBitMap*) 0x000001ca311dee38
 Prev Bits: [0x000001ca4ba40000, 0x000001ca4d9f8000)
 Next Bits: [0x000001ca4da00000, 0x000001ca4f9b8000)

Polling page: 0x000001ca31270000

Metaspace:

Usage:
  Non-class:      4.88 MB capacity,     4.78 MB ( 98%) used,    82.55 KB (  2%) free+waste,    15.63 KB ( <1%) overhead. 
      Class:    757.00 KB capacity,   633.85 KB ( 84%) used,   111.71 KB ( 15%) free+waste,    11.44 KB (  2%) overhead. 
       Both:      5.62 MB capacity,     5.40 MB ( 96%) used,   194.27 KB (  3%) free+waste,    27.06 KB ( <1%) overhead. 

Virtual space:
  Non-class space:        8.00 MB reserved,       5.00 MB ( 63%) committed 
      Class space:        1.00 GB reserved,     768.00 KB ( <1%) committed 
             Both:        1.01 GB reserved,       5.75 MB ( <1%) committed 

Chunk freelists:
   Non-Class:  0 bytes
       Class:  11.00 KB
        Both:  11.00 KB

MaxMetaspaceSize: 17179869184.00 GB
CompressedClassSpaceSize: 1.00 GB

CodeHeap 'non-profiled nmethods': size=120000Kb used=152Kb max_used=152Kb free=119847Kb
 bounds [0x000001ca42ea0000, 0x000001ca43110000, 0x000001ca4a3d0000]
CodeHeap 'profiled nmethods': size=120000Kb used=838Kb max_used=838Kb free=119161Kb
 bounds [0x000001ca3b970000, 0x000001ca3bbe0000, 0x000001ca42ea0000]
CodeHeap 'non-nmethods': size=5760Kb used=1219Kb max_used=1233Kb free=4540Kb
 bounds [0x000001ca3b3d0000, 0x000001ca3b640000, 0x000001ca3b970000]
 total_blobs=1383 nmethods=542 adapters=404
 compilation: enabled
              stopped_count=0, restarted_count=0
 full_count=0

Compilation events (20 events):
Event: 0.600 Thread 0x000001ca524b2000  526       3       java.lang.CharacterDataLatin1::toUpperCase (53 bytes)
Event: 0.600 Thread 0x000001ca524b2000 nmethod 526 0x000001ca3ba39090 code [0x000001ca3ba39240, 0x000001ca3ba394d8]
Event: 0.600 Thread 0x000001ca524b2000  528       3       java.lang.Character::toUpperCase (6 bytes)
Event: 0.600 Thread 0x000001ca524b2000 nmethod 528 0x000001ca3ba39610 code [0x000001ca3ba397c0, 0x000001ca3ba39a18]
Event: 0.600 Thread 0x000001ca524b2000  527       3       java.lang.Character::toUpperCase (9 bytes)
Event: 0.600 Thread 0x000001ca524b2000 nmethod 527 0x000001ca3ba39b10 code [0x000001ca3ba39cc0, 0x000001ca3ba39eb8]
Event: 0.601 Thread 0x000001ca524b2000  529       3       java.util.Arrays::equals (43 bytes)
Event: 0.601 Thread 0x000001ca524b2000 nmethod 529 0x000001ca3ba39f90 code [0x000001ca3ba3a140, 0x000001ca3ba3a3e8]
Event: 0.601 Thread 0x000001ca524b2000  530       3       java.lang.invoke.DirectMethodHandle$Holder::invokeStatic (14 bytes)
Event: 0.601 Thread 0x000001ca524b2000 nmethod 530 0x000001ca3ba3a510 code [0x000001ca3ba3a6e0, 0x000001ca3ba3ac38]
Event: 0.601 Thread 0x000001ca524b2000  531       3       java.lang.invoke.DirectMethodHandle$Holder::invokeStatic (17 bytes)
Event: 0.602 Thread 0x000001ca524b2000 nmethod 531 0x000001ca3ba3ad90 code [0x000001ca3ba3af60, 0x000001ca3ba3b458]
Event: 0.606 Thread 0x000001ca524b2000  532       3       java.lang.invoke.InvokerBytecodeGenerator::emitStoreResult (27 bytes)
Event: 0.606 Thread 0x000001ca524b2000 nmethod 532 0x000001ca3ba3b590 code [0x000001ca3ba3b760, 0x000001ca3ba3bad8]
Event: 0.607 Thread 0x000001ca524b2000  533       3       java.lang.invoke.LambdaForm$NamedFunction::member (26 bytes)
Event: 0.607 Thread 0x000001ca524b2000 nmethod 533 0x000001ca3ba3bc90 code [0x000001ca3ba3be20, 0x000001ca3ba3bf58]
Event: 0.607 Thread 0x000001ca524b2000  534       3       java.lang.invoke.InvokerBytecodeGenerator::isStaticallyInvocable (165 bytes)
Event: 0.607 Thread 0x000001ca524b0800  538       4       jdk.internal.org.objectweb.asm.ByteVector::putShort (52 bytes)
Event: 0.609 Thread 0x000001ca524b0800 nmethod 538 0x000001ca42ec5590 code [0x000001ca42ec5740, 0x000001ca42ec58d8]
Event: 0.611 Thread 0x000001ca524b0800  543       4       java.lang.invoke.MemberName::getReferenceKind (12 bytes)

GC Heap History (0 events):
No events

Deoptimization events (20 events):
Event: 0.124 Thread 0x000001ca3119a800 Uncommon trap: trap_request=0xffffff45 fr.pc=0x000001ca42ea4c64 relative=0x0000000000000284
Event: 0.124 Thread 0x000001ca3119a800 Uncommon trap: reason=unstable_if action=reinterpret pc=0x000001ca42ea4c64 method=java.lang.String.hashCode()I @ 20 c2
Event: 0.124 Thread 0x000001ca3119a800 DEOPT PACKING pc=0x000001ca42ea4c64 sp=0x00000005db5fe300
Event: 0.124 Thread 0x000001ca3119a800 DEOPT UNPACKING pc=0x000001ca3b41912f sp=0x00000005db5fe298 mode 2
Event: 0.340 Thread 0x000001ca3119a800 Uncommon trap: trap_request=0xffffffbe fr.pc=0x000001ca42eb9038 relative=0x0000000000000598
Event: 0.340 Thread 0x000001ca3119a800 Uncommon trap: reason=profile_predicate action=maybe_recompile pc=0x000001ca42eb9038 method=jdk.internal.org.objectweb.asm.ByteVector.putUTF8(Ljava/lang/String;)Ljdk/internal/org/objectweb/asm/ByteVector; @ 79 c2
Event: 0.340 Thread 0x000001ca3119a800 DEOPT PACKING pc=0x000001ca42eb9038 sp=0x00000005db5fda30
Event: 0.340 Thread 0x000001ca3119a800 DEOPT UNPACKING pc=0x000001ca3b41912f sp=0x00000005db5fd9b0 mode 2
Event: 0.340 Thread 0x000001ca3119a800 Uncommon trap: trap_request=0xffffffbe fr.pc=0x000001ca42eb9038 relative=0x0000000000000598
Event: 0.340 Thread 0x000001ca3119a800 Uncommon trap: reason=profile_predicate action=maybe_recompile pc=0x000001ca42eb9038 method=jdk.internal.org.objectweb.asm.ByteVector.putUTF8(Ljava/lang/String;)Ljdk/internal/org/objectweb/asm/ByteVector; @ 79 c2
Event: 0.340 Thread 0x000001ca3119a800 DEOPT PACKING pc=0x000001ca42eb9038 sp=0x00000005db5fdaa0
Event: 0.340 Thread 0x000001ca3119a800 DEOPT UNPACKING pc=0x000001ca3b41912f sp=0x00000005db5fda20 mode 2
Event: 0.340 Thread 0x000001ca3119a800 Uncommon trap: trap_request=0xffffffbe fr.pc=0x000001ca42eb9038 relative=0x0000000000000598
Event: 0.340 Thread 0x000001ca3119a800 Uncommon trap: reason=profile_predicate action=maybe_recompile pc=0x000001ca42eb9038 method=jdk.internal.org.objectweb.asm.ByteVector.putUTF8(Ljava/lang/String;)Ljdk/internal/org/objectweb/asm/ByteVector; @ 79 c2
Event: 0.340 Thread 0x000001ca3119a800 DEOPT PACKING pc=0x000001ca42eb9038 sp=0x00000005db5fdaa0
Event: 0.340 Thread 0x000001ca3119a800 DEOPT UNPACKING pc=0x000001ca3b41912f sp=0x00000005db5fda20 mode 2
Event: 0.340 Thread 0x000001ca3119a800 Uncommon trap: trap_request=0xffffffbe fr.pc=0x000001ca42eb9038 relative=0x0000000000000598
Event: 0.340 Thread 0x000001ca3119a800 Uncommon trap: reason=profile_predicate action=maybe_recompile pc=0x000001ca42eb9038 method=jdk.internal.org.objectweb.asm.ByteVector.putUTF8(Ljava/lang/String;)Ljdk/internal/org/objectweb/asm/ByteVector; @ 79 c2
Event: 0.340 Thread 0x000001ca3119a800 DEOPT PACKING pc=0x000001ca42eb9038 sp=0x00000005db5fdac0
Event: 0.340 Thread 0x000001ca3119a800 DEOPT UNPACKING pc=0x000001ca3b41912f sp=0x00000005db5fda40 mode 2

Classes unloaded (0 events):
No events

Classes redefined (0 events):
No events

Internal exceptions (14 events):
Event: 0.179 Thread 0x000001ca3119a800 Exception <a 'java/lang/ClassNotFoundException'{0x0000000089000270}: sun/awt/resources/spi/awtProvider> (0x0000000089000270) 
thrown [./src/hotspot/share/classfile/systemDictionary.cpp, line 226]
Event: 0.217 Thread 0x000001ca3119a800 Exception <a 'java/io/FileNotFoundException'{0x00000000890551b0}> (0x00000000890551b0) 
thrown [./src/hotspot/share/prims/jni.cpp, line 599]
Event: 0.230 Thread 0x000001ca3119a800 Exception <a 'java/io/FileNotFoundException'{0x000000008907ba38}> (0x000000008907ba38) 
thrown [./src/hotspot/share/prims/jni.cpp, line 599]
Event: 0.320 Thread 0x000001ca52d85000 Exception <a 'java/lang/NoSuchMethodError'{0x00000000890f0fb0}: 'void java.lang.invoke.DirectMethodHandle$Holder.invokeSpecial(java.lang.Object, java.lang.Object)'> (0x00000000890f0fb0) 
thrown [./src/hotspot/share/interpreter/linkResolver.cpp, line 766]
Event: 0.413 Thread 0x000001ca3119a800 Exception <a 'java/lang/NoSuchMethodError'{0x0000000088f51450}: 'java.lang.Object java.lang.invoke.DirectMethodHandle$Holder.invokeStatic(java.lang.Object, int, java.lang.Object, java.lang.Object, java.lang.Object, java.lang.Object)'> (0x0000000088f51450) 
thrown [./src/hotspot/share/interpreter/linkResolver.cpp, line 766]
Event: 0.414 Thread 0x000001ca3119a800 Exception <a 'java/lang/NoSuchMethodError'{0x0000000088f57d70}: 'java.lang.Object java.lang.invoke.DirectMethodHandle$Holder.invokeStatic(java.lang.Object, int, java.lang.Object, java.lang.Object, java.lang.Object)'> (0x0000000088f57d70) 
thrown [./src/hotspot/share/interpreter/linkResolver.cpp, line 766]
Event: 0.415 Thread 0x000001ca3119a800 Exception <a 'java/lang/NoSuchMethodError'{0x0000000088f5b5c0}: 'java.lang.Object java.lang.invoke.DirectMethodHandle$Holder.invokeSpecial(java.lang.Object, java.lang.Object, int, java.lang.Object, java.lang.Object, java.lang.Object)'> (0x0000000088f5b5c0) 
thrown [./src/hotspot/share/interpreter/linkResolver.cpp, line 766]
Event: 0.421 Thread 0x000001ca3119a800 Exception <a 'java/lang/NoSuchMethodError'{0x0000000088f71968}: 'java.lang.Object java.lang.invoke.DirectMethodHandle$Holder.invokeStatic(java.lang.Object, int, java.lang.Object)'> (0x0000000088f71968) 
thrown [./src/hotspot/share/interpreter/linkResolver.cpp, line 766]
Event: 0.469 Thread 0x000001ca3119a800 Exception <a 'java/lang/ClassNotFoundException'{0x0000000088e158c8}: com/sun/swing/internal/plaf/metal/resources/spi/metalProvider> (0x0000000088e158c8) 
thrown [./src/hotspot/share/classfile/systemDictionary.cpp, line 226]
Event: 0.471 Thread 0x000001ca3119a800 Exception <a 'java/lang/ClassNotFoundException'{0x0000000088e1a588}: com/sun/swing/internal/plaf/basic/resources/spi/basicProvider> (0x0000000088e1a588) 
thrown [./src/hotspot/share/classfile/systemDictionary.cpp, line 226]
Event: 0.542 Thread 0x000001ca3119a800 Exception <a 'java/lang/NoSuchMethodError'{0x0000000088e61ac8}: 'void java.lang.invoke.DirectMethodHandle$Holder.invokeStaticInit(java.lang.Object)'> (0x0000000088e61ac8) 
thrown [./src/hotspot/share/interpreter/linkResolver.cpp, line 766]
Event: 0.563 Thread 0x000001ca3119a800 Exception <a 'java/io/FileNotFoundException'{0x0000000088e6e688}> (0x0000000088e6e688) 
thrown [./src/hotspot/share/prims/jni.cpp, line 599]
Event: 0.563 Thread 0x000001ca3119a800 Exception <a 'java/lang/NullPointerException'{0x0000000088e6ef78}> (0x0000000088e6ef78) 
thrown [./src/hotspot/share/interpreter/linkResolver.cpp, line 1348]
Event: 0.611 Thread 0x000001ca3119a800 Exception <a 'java/lang/NoSuchMethodError'{0x0000000088d361c0}: 'java.lang.Object java.lang.invoke.Invokers$Holder.linkToTargetMethod(java.lang.Object, int, java.lang.Object)'> (0x0000000088d361c0) 
thrown [./src/hotspot/share/interpreter/linkResolver.cpp, line 766]

Events (20 events):
Event: 0.601 loading class sun/awt/FontConfiguration$2
Event: 0.601 loading class sun/awt/FontConfiguration$2 done
Event: 0.601 loading class sun/awt/windows/WDefaultFontCharset
Event: 0.602 loading class sun/awt/AWTCharset
Event: 0.602 loading class sun/awt/AWTCharset done
Event: 0.602 loading class sun/awt/windows/WDefaultFontCharset done
Event: 0.602 loading class sun/awt/windows/WDefaultFontCharset$Encoder
Event: 0.602 loading class sun/awt/AWTCharset$Encoder
Event: 0.603 loading class sun/awt/AWTCharset$Encoder done
Event: 0.603 loading class sun/awt/windows/WDefaultFontCharset$Encoder done
Event: 0.604 loading class java/io/ByteArrayOutputStream
Event: 0.604 loading class java/io/ByteArrayOutputStream done
Event: 0.604 loading class sun/awt/windows/WingDings
Event: 0.604 loading class sun/awt/windows/WingDings done
Event: 0.604 loading class sun/awt/windows/WingDings$Encoder
Event: 0.605 loading class sun/awt/windows/WingDings$Encoder done
Event: 0.605 loading class sun/awt/Symbol
Event: 0.605 loading class sun/awt/Symbol done
Event: 0.605 loading class sun/awt/Symbol$Encoder
Event: 0.605 loading class sun/awt/Symbol$Encoder done


Dynamic libraries:
0x00007ff60f470000 - 0x00007ff60f47d000 	C:\Program Files\AdoptOpenJDK\jdk-14.0.1.7-hotspot\bin\javaw.exe
0x00007ff89d660000 - 0x00007ff89d850000 	C:\WINDOWS\SYSTEM32\ntdll.dll
0x00007ff89c130000 - 0x00007ff89c1e2000 	C:\WINDOWS\System32\KERNEL32.DLL
0x00007ff89a9b0000 - 0x00007ff89ac55000 	C:\WINDOWS\System32\KERNELBASE.dll
0x00007ff89b3f0000 - 0x00007ff89b4ea000 	C:\WINDOWS\System32\ucrtbase.dll
0x00007ff894830000 - 0x00007ff894848000 	C:\Program Files\AdoptOpenJDK\jdk-14.0.1.7-hotspot\bin\jli.dll
0x00007ff88d660000 - 0x00007ff88d675000 	C:\Program Files\AdoptOpenJDK\jdk-14.0.1.7-hotspot\bin\VCRUNTIME140.dll
0x00007ff89bee0000 - 0x00007ff89c074000 	C:\WINDOWS\System32\USER32.dll
0x00007ff89a5e0000 - 0x00007ff89a601000 	C:\WINDOWS\System32\win32u.dll
0x00007ff89c370000 - 0x00007ff89c396000 	C:\WINDOWS\System32\GDI32.dll
0x00007ff881440000 - 0x00007ff8816c4000 	C:\WINDOWS\WinSxS\amd64_microsoft.windows.common-controls_6595b64144ccf1df_6.0.18362.1198_none_9e820b57e45ad92f\COMCTL32.dll
0x00007ff89b570000 - 0x00007ff89b706000 	C:\WINDOWS\System32\gdi32full.dll
0x00007ff89a760000 - 0x00007ff89a7fe000 	C:\WINDOWS\System32\msvcp_win.dll
0x00007ff89c210000 - 0x00007ff89c2ae000 	C:\WINDOWS\System32\msvcrt.dll
0x00007ff89b720000 - 0x00007ff89ba55000 	C:\WINDOWS\System32\combase.dll
0x00007ff89d2c0000 - 0x00007ff89d3e0000 	C:\WINDOWS\System32\RPCRT4.dll
0x00007ff89b4f0000 - 0x00007ff89b570000 	C:\WINDOWS\System32\bcryptPrimitives.dll
0x00007ff89d290000 - 0x00007ff89d2be000 	C:\WINDOWS\System32\IMM32.DLL
0x00007ff85cca0000 - 0x00007ff85cd3b000 	C:\Program Files\AdoptOpenJDK\jdk-14.0.1.7-hotspot\bin\msvcp140.dll
0x00007ff846220000 - 0x00007ff846dcc000 	C:\Program Files\AdoptOpenJDK\jdk-14.0.1.7-hotspot\bin\server\jvm.dll
0x00007ff89c4e0000 - 0x00007ff89c583000 	C:\WINDOWS\System32\ADVAPI32.dll
0x00007ff89bbc0000 - 0x00007ff89bc57000 	C:\WINDOWS\System32\sechost.dll
0x00007ff89d460000 - 0x00007ff89d468000 	C:\WINDOWS\System32\PSAPI.DLL
0x00007ff881270000 - 0x00007ff881279000 	C:\WINDOWS\SYSTEM32\WSOCK32.dll
0x00007ff896290000 - 0x00007ff8962b4000 	C:\WINDOWS\SYSTEM32\WINMM.dll
0x00007ff8954e0000 - 0x00007ff8954ea000 	C:\WINDOWS\SYSTEM32\VERSION.dll
0x00007ff89c660000 - 0x00007ff89c6cf000 	C:\WINDOWS\System32\WS2_32.dll
0x00007ff896260000 - 0x00007ff89628d000 	C:\WINDOWS\SYSTEM32\winmmbase.dll
0x00007ff89a800000 - 0x00007ff89a84a000 	C:\WINDOWS\System32\cfgmgr32.dll
0x00007ff89a520000 - 0x00007ff89a531000 	C:\WINDOWS\System32\kernel.appcore.dll
0x00007ff895190000 - 0x00007ff89519a000 	C:\Program Files\AdoptOpenJDK\jdk-14.0.1.7-hotspot\bin\jimage.dll
0x00007ff898ec0000 - 0x00007ff8990b4000 	C:\WINDOWS\SYSTEM32\DBGHELP.DLL
0x00007ff888f60000 - 0x00007ff888f8a000 	C:\WINDOWS\SYSTEM32\dbgcore.DLL
0x00007ff88d750000 - 0x00007ff88d775000 	C:\Program Files\AdoptOpenJDK\jdk-14.0.1.7-hotspot\bin\java.dll
0x00007ff88d730000 - 0x00007ff88d746000 	C:\Program Files\AdoptOpenJDK\jdk-14.0.1.7-hotspot\bin\zip.dll
0x00007ff89cb40000 - 0x00007ff89d227000 	C:\WINDOWS\System32\SHELL32.dll
0x00007ff89c080000 - 0x00007ff89c129000 	C:\WINDOWS\System32\shcore.dll
0x00007ff89ac60000 - 0x00007ff89b3e1000 	C:\WINDOWS\System32\windows.storage.dll
0x00007ff89a5b0000 - 0x00007ff89a5d3000 	C:\WINDOWS\System32\profapi.dll
0x00007ff89a560000 - 0x00007ff89a5aa000 	C:\WINDOWS\System32\powrprof.dll
0x00007ff89a510000 - 0x00007ff89a520000 	C:\WINDOWS\System32\UMPDC.dll
0x00007ff89c2b0000 - 0x00007ff89c302000 	C:\WINDOWS\System32\shlwapi.dll
0x00007ff89a900000 - 0x00007ff89a917000 	C:\WINDOWS\System32\cryptsp.dll
0x00007ff848a90000 - 0x00007ff848c27000 	C:\Program Files\AdoptOpenJDK\jdk-14.0.1.7-hotspot\bin\awt.dll
0x00007ff89c590000 - 0x00007ff89c655000 	C:\WINDOWS\System32\OLEAUT32.dll
0x00007ff898380000 - 0x00007ff89840f000 	C:\WINDOWS\SYSTEM32\apphelp.dll
0x00007ff898990000 - 0x00007ff8989bd000 	C:\WINDOWS\system32\DWMAPI.DLL
0x00007ff8984c0000 - 0x00007ff898559000 	C:\WINDOWS\system32\uxtheme.dll
0x00007ff86f3f0000 - 0x00007ff86f546000 	C:\WINDOWS\system32\opengl32.dll
0x00007ff86f920000 - 0x00007ff86f94c000 	C:\WINDOWS\SYSTEM32\GLU32.dll
0x00007ff899130000 - 0x00007ff899150000 	C:\WINDOWS\SYSTEM32\dxcore.dll
0x00007ff89c3a0000 - 0x00007ff89c4d5000 	C:\WINDOWS\System32\MSCTF.dll
0x00007ff89ba60000 - 0x00007ff89bbb7000 	C:\WINDOWS\System32\ole32.dll
0x00007ff849720000 - 0x00007ff8497a2000 	C:\Program Files\AdoptOpenJDK\jdk-14.0.1.7-hotspot\bin\freetype.dll
0x00007ff8489e0000 - 0x00007ff848a86000 	C:\Program Files\AdoptOpenJDK\jdk-14.0.1.7-hotspot\bin\fontmanager.dll

dbghelp: loaded successfully - version: 4.0.5 - missing functions: none
symbol engine: initialized successfully - sym options: 0x614 - pdb path: .;C:\Program Files\AdoptOpenJDK\jdk-14.0.1.7-hotspot\bin;C:\WINDOWS\SYSTEM32;C:\WINDOWS\WinSxS\amd64_microsoft.windows.common-controls_6595b64144ccf1df_6.0.18362.1198_none_9e820b57e45ad92f;C:\Program Files\AdoptOpenJDK\jdk-14.0.1.7-hotspot\bin\server

VM Arguments:
jvm_args: -Dfile.encoding=UTF-8 
java_command: êßçÏé©èK.keigomenu
java_class_path (initial): C:\Users\SHOTARO FUJITA\git\repository6\êßçÏé©èK\bin
Launcher Type: SUN_STANDARD

[Global flags]
     intx CICompilerCount                          = 4                                         {product} {ergonomic}
     uint ConcGCThreads                            = 2                                         {product} {ergonomic}
     uint G1ConcRefinementThreads                  = 8                                         {product} {ergonomic}
   size_t G1HeapRegionSize                         = 1048576                                   {product} {ergonomic}
    uintx GCDrainStackTargetSize                   = 64                                        {product} {ergonomic}
   size_t InitialHeapSize                          = 134217728                                 {product} {ergonomic}
   size_t MarkStackSize                            = 4194304                                   {product} {ergonomic}
   size_t MaxHeapSize                              = 2128609280                                {product} {ergonomic}
   size_t MaxNewSize                               = 1277165568                                {product} {ergonomic}
   size_t MinHeapDeltaBytes                        = 1048576                                   {product} {ergonomic}
   size_t MinHeapSize                              = 8388608                                   {product} {ergonomic}
    uintx NonNMethodCodeHeapSize                   = 5839372                                {pd product} {ergonomic}
    uintx NonProfiledCodeHeapSize                  = 122909434                              {pd product} {ergonomic}
    uintx ProfiledCodeHeapSize                     = 122909434                              {pd product} {ergonomic}
    uintx ReservedCodeCacheSize                    = 251658240                              {pd product} {ergonomic}
     bool SegmentedCodeCache                       = true                                      {product} {ergonomic}
   size_t SoftMaxHeapSize                          = 2128609280                             {manageable} {ergonomic}
     bool UseCompressedClassPointers               = true                                 {lp64_product} {ergonomic}
     bool UseCompressedOops                        = true                                 {lp64_product} {ergonomic}
     bool UseG1GC                                  = true                                      {product} {ergonomic}
     bool UseLargePagesIndividualAllocation        = false                                  {pd product} {ergonomic}

Logging:
Log output configuration:
 #0: stdout all=warning uptime,level,tags
 #1: stderr all=off uptime,level,tags

Environment Variables:
JAVA_HOME=C:\Program Files\AdoptOpenJDK\jdk-14.0.1.7-hotspot\
PATH=C:/Program Files/AdoptOpenJDK/jdk-14.0.1.7-hotspot/bin/client;C:/Program Files/AdoptOpenJDK/jdk-14.0.1.7-hotspot/bin;C:\Program Files\AdoptOpenJDK\jdk-14.0.1.7-hotspot\bin;C:\WINDOWS\system32;C:\WINDOWS;C:\WINDOWS\System32\Wbem;C:\WINDOWS\System32\WindowsPowerShell\v1.0\;C:\WINDOWS\System32\OpenSSH\;C:\Program Files\Intel\WiFi\bin\;C:\Program Files\Common Files\Intel\WirelessCommon\;C:\Program Files\dotnet\;C:\java\derby\bin;C:\Program Files\AdoptOpenJDK\jdk-14.0.1.7-hotspot\bin;C:\WINDOWS\system32;C:\WINDOWS;C:\WINDOWS\System32\Wbem;C:\WINDOWS\System32\WindowsPowerShell\v1.0\;C:\WINDOWS\System32\OpenSSH\;C:\Program Files\Intel\WiFi\bin\;C:\Program Files\Common Files\Intel\WirelessCommon\;C:\Program Files\dotnet\;C:\Python\Python3;C:\Python\Python3\Library\mingw-w64\bin;C:\Python\Python3\Library\usr\bin;C:\Python\Python3\Library\bin;C:\Python\Python3\Scripts;C:\ckadai\Python\Python3;C:\ckadai\Python\Python3\Library\mingw-w64\bin;C:\ckadai\Python\Python3\Library\usr\bin;C:\ckadai\Python\Python3\Library\bin;C:\ckadai\Python\Python3\Scripts;C:\Users\SHOTARO FUJITA\AppData\Local\Microsoft\WindowsApps;C:\MinGW\bin;C:\Users\SHOTARO FUJITA\AppData\Local\Microsoft\WindowsApps;C:\Users\SHOTARO FUJITA\.dotnet\tools;C:\java\eclipse;
USERNAME=SHOTARO FUJITA
OS=Windows_NT
PROCESSOR_IDENTIFIER=Intel64 Family 6 Model 142 Stepping 10, GenuineIntel



---------------  S Y S T E M  ---------------

OS: Windows 10 , 64 bit Build 18362 (10.0.18362.1110)
OS uptime: 0 days 20:44 hours

CPU:total 8 (initial active 8) (4 cores per cpu, 2 threads per core) family 6 model 142 stepping 10, cmov, cx8, fxsr, mmx, sse, sse2, sse3, ssse3, sse4.1, sse4.2, popcnt, avx, avx2, aes, clmul, erms, 3dnowpref, lzcnt, ht, tsc, tscinvbit, bmi1, bmi2, adx, fma

Memory: 4k page, system-wide physical 8118M (1461M free)
TotalPageFile size 17334M (AvailPageFile size 7920M)
current process WorkingSet (physical memory assigned to process): 46M, peak: 46M
current process commit charge ("private bytes"): 218M, peak: 218M

vm_info: OpenJDK 64-Bit Server VM (14.0.1+7) for windows-amd64 JRE (14.0.1+7), built on Apr 22 2020 14:10:56 by "" with MS VC++ 15.9 (VS2017)

END.
