#
# A fatal error has been detected by the Java Runtime Environment:
#
#  EXCEPTION_ACCESS_VIOLATION (0xc0000005) at pc=0x00007ff9d0b0f74a, pid=16764, tid=22784
#
# JRE version: OpenJDK Runtime Environment AdoptOpenJDK (14.0.1+7) (build 14.0.1+7)
# Java VM: OpenJDK 64-Bit Server VM AdoptOpenJDK (14.0.1+7, mixed mode, sharing, tiered, compressed oops, g1 gc, windows-amd64)
# Problematic frame:
# C  [awt.dll+0x8f74a]
#
# No core dump will be written. Minidumps are not enabled by default on client versions of Windows
#
# If you would like to submit a bug report, please visit:
#   https://github.com/AdoptOpenJDK/openjdk-support/issues
# The crash happened outside the Java Virtual Machine in native code.
# See problematic frame for where to report the bug.
#

---------------  S U M M A R Y ------------

Command Line: -Dfile.encoding=UTF-8 êßçÏé©èK.BMS17

Host: Intel(R) Core(TM) i5-8250U CPU @ 1.60GHz, 8 cores, 7G,  Windows 10 , 64 bit Build 18362 (10.0.18362.1110)
Time: Sat Jan  9 11:58:54 2021 ???? (?W?Ä??) elapsed time: 1 seconds (0d 0h 0m 1s)

---------------  T H R E A D  ---------------

Current thread (0x000001d61557e000):  JavaThread "main" [_thread_in_native, id=22784, stack(0x000000cf5c000000,0x000000cf5c100000)]

Stack: [0x000000cf5c000000,0x000000cf5c100000],  sp=0x000000cf5c0fecf0,  free space=1019k
Native frames: (J=compiled Java code, j=interpreted, Vv=VM code, C=native code)
C  [awt.dll+0x8f74a]

Java frames: (J=compiled Java code, j=interpreted, Vv=VM code)
j  sun.awt.windows.WComponentPeer._setFont(Ljava/awt/Font;)V+0 java.desktop@14.0.1
j  sun.awt.windows.WComponentPeer.setFont(Ljava/awt/Font;)V+7 java.desktop@14.0.1
j  sun.awt.windows.WWindowPeer.initialize()V+42 java.desktop@14.0.1
j  sun.awt.windows.WFramePeer.initialize()V+1 java.desktop@14.0.1
j  sun.awt.windows.WComponentPeer.<init>(Ljava/awt/Component;)V+83 java.desktop@14.0.1
j  sun.awt.windows.WCanvasPeer.<init>(Ljava/awt/Component;)V+2 java.desktop@14.0.1
j  sun.awt.windows.WPanelPeer.<init>(Ljava/awt/Component;)V+2 java.desktop@14.0.1
j  sun.awt.windows.WWindowPeer.<init>(Ljava/awt/Window;)V+2 java.desktop@14.0.1
j  sun.awt.windows.WFramePeer.<init>(Ljava/awt/Frame;)V+2 java.desktop@14.0.1
j  sun.awt.windows.WToolkit.createFrame(Ljava/awt/Frame;)Ljava/awt/peer/FramePeer;+5 java.desktop@14.0.1
j  java.awt.Frame.addNotify()V+20 java.desktop@14.0.1
j  javax.swing.SwingUtilities$SharedOwnerFrame.addNotify()V+1 java.desktop@14.0.1
j  java.awt.Dialog.addNotify()V+28 java.desktop@14.0.1
j  java.awt.Dialog.conditionalShow(Ljava/awt/Component;Ljava/util/concurrent/atomic/AtomicLong;)Z+20 java.desktop@14.0.1
j  java.awt.Dialog.show()V+33 java.desktop@14.0.1
j  java.awt.Component.show(Z)V+5 java.desktop@14.0.1
j  java.awt.Component.setVisible(Z)V+2 java.desktop@14.0.1
j  java.awt.Window.setVisible(Z)V+2 java.desktop@14.0.1
j  java.awt.Dialog.setVisible(Z)V+2 java.desktop@14.0.1
j  Âà∂‰ΩúËá™Áøí.BMS17.main([Ljava/lang/String;)V+15
v  ~StubRoutines::call_stub

siginfo: EXCEPTION_ACCESS_VIOLATION (0xc0000005), reading address 0x0000000000000058


Register to memory mapping:

RIP=0x00007ff9d0b0f74a awt.dll
RAX=0x00007ff9d0b8a660 awt.dll
RBX=0x000001d61557e310 points into unknown readable memory: 50 3c 3e 6d f9 7f 00 00
RCX=0x000001d6365cb8d0 points into unknown readable memory: 60 a6 b8 d0 f9 7f 00 00
RDX=0x0 is NULL
RSP=0x000000cf5c0fecf0 is pointing into the stack for thread: 0x000001d61557e000
RBP=0x0 is NULL
RSI=0x000001d63626fd38 is a global jni handle
RDI=0x000001d63626fd48 is a global jni handle
R8 =0x0000000000000042 is an unknown value
R9 =0x0000000800b4e858 is a pointer to class: 
java.awt.Font {0x0000000800b4e860}
R10=0x0000000000008000 is an unknown value
R11=0x000000cf5c0fecf0 is pointing into the stack for thread: 0x000001d61557e000
R12=0x0 is NULL
R13={method} {0x000001d634a622c8} '_setFont' '(Ljava/awt/Font;)V' in 'sun/awt/windows/WComponentPeer'
R14=0x000001d6365cb8d0 points into unknown readable memory: 60 a6 b8 d0 f9 7f 00 00
R15=0x000001d636825560 points into unknown readable memory: 38 fd 26 36 d6 01 00 00


Registers:
RAX=0x00007ff9d0b8a660, RBX=0x000001d61557e310, RCX=0x000001d6365cb8d0, RDX=0x0000000000000000
RSP=0x000000cf5c0fecf0, RBP=0x0000000000000000, RSI=0x000001d63626fd38, RDI=0x000001d63626fd48
R8 =0x0000000000000042, R9 =0x0000000800b4e858, R10=0x0000000000008000, R11=0x000000cf5c0fecf0
R12=0x0000000000000000, R13=0x000001d634a622c0, R14=0x000001d6365cb8d0, R15=0x000001d636825560
RIP=0x00007ff9d0b0f74a, EFLAGS=0x0000000000010206

Top of Stack: (sp=0x000000cf5c0fecf0)
0x000000cf5c0fecf0:   000001d636825560 000001d6365cb8d0
0x000000cf5c0fed00:   000001d636825560 000001d6365cb8d0
0x000000cf5c0fed10:   000001d63626fd48 00007ff9d0b14655
0x000000cf5c0fed20:   000001d61557e310 000001d61557e310
0x000000cf5c0fed30:   0000000000000000 000001d63626fd38
0x000000cf5c0fed40:   000001d61557e000 000000cf5c0fee90
0x000000cf5c0fed50:   000001d636825560 00007ff9d0b4d59b
0x000000cf5c0fed60:   00007ff9d0bcf018 000000cf5c0fee68
0x000000cf5c0fed70:   00007ff9d0b14528 0000000000000000
0x000000cf5c0fed80:   fffffffffffffffe fffffffffffffffe
0x000000cf5c0fed90:   000001d63626fd38 00007ff9d0b1581c
0x000000cf5c0feda0:   000001d63626fd48 000000cf5c0fee88
0x000000cf5c0fedb0:   000000cf5c0fee88 00007ff9d0bcf018
0x000000cf5c0fedc0:   fffffffffffffffe 00007ff96cf563f9
0x000000cf5c0fedd0:   000001d61dfea1b3 000001d61dff00b4
0x000000cf5c0fede0:   000001d634a622c0 0000000000000238 

Instructions: (pc=0x00007ff9d0b0f74a)
0x00007ff9d0b0f64a:   00 48 8b d9 e8 d9 dc ff ff 48 8b f8 48 85 c0 75
0x00007ff9d0b0f65a:   04 48 8b 7b 48 48 8b cf e8 93 15 05 00 48 8b d8
0x00007ff9d0b0f66a:   48 85 c0 74 60 83 64 24 20 00 0f 57 c0 83 64 24
0x00007ff9d0b0f67a:   34 00 b9 11 00 00 00 83 64 24 38 00 f3 0f 7f 44
0x00007ff9d0b0f68a:   24 24 ff 15 86 bc 0b 00 4c 8d 44 24 40 ba 5c 00
0x00007ff9d0b0f69a:   00 00 48 8b c8 ff 15 2b bf 0b 00 83 f8 5c 75 0d
0x00007ff9d0b0f6aa:   48 8d 54 24 40 48 8b cb e8 f2 15 05 00 48 8d 54
0x00007ff9d0b0f6ba:   24 20 48 8b cb e8 09 16 05 00 48 8b d3 48 8b cf
0x00007ff9d0b0f6ca:   e8 b6 15 05 00 48 8b 8c 24 a0 00 00 00 48 33 cc
0x00007ff9d0b0f6da:   e8 e1 22 05 00 48 8b 9c 24 c8 00 00 00 48 81 c4
0x00007ff9d0b0f6ea:   b0 00 00 00 5f c3 40 53 48 83 ec 20 48 8b d9 ff
0x00007ff9d0b0f6fa:   15 69 c4 0b 00 48 85 c0 75 0a 48 8b 4b 48 ff 15
0x00007ff9d0b0f70a:   52 c4 0b 00 48 83 c4 20 5b c3 4c 63 c2 48 8b 15
0x00007ff9d0b0f71a:   2a a8 0b 00 48 ff 25 e3 c2 0b 00 cc cc cc 48 8b
0x00007ff9d0b0f72a:   d1 48 8b 0d 1e d8 0b 00 48 89 15 17 d8 0b 00 e9
0x00007ff9d0b0f73a:   f6 63 04 00 cc cc 48 89 5c 24 08 57 48 83 ec 20
0x00007ff9d0b0f74a:   83 7a 58 00 48 8b da 48 8b f9 7d 08 48 8b ca e8
0x00007ff9d0b0f75a:   4a 95 01 00 4c 8b 43 48 45 33 c9 48 8b 4f 48 4d
0x00007ff9d0b0f76a:   8b 00 41 8d 51 30 ff 15 5a c5 0b 00 48 8b 4f 48
0x00007ff9d0b0f77a:   33 d2 44 8d 42 01 48 8b 5c 24 30 48 83 c4 20 5f
0x00007ff9d0b0f78a:   48 ff 25 f7 c3 0b 00 cc cc cc 48 8b c4 48 89 58
0x00007ff9d0b0f79a:   08 48 89 68 10 48 89 70 18 48 89 78 20 41 56 48
0x00007ff9d0b0f7aa:   83 ec 20 4c 8b f2 48 8b f9 48 8b 0d 3e f6 0b 00
0x00007ff9d0b0f7ba:   ba 02 00 01 00 41 8b e8 e8 04 21 05 00 48 8b 97
0x00007ff9d0b0f7ca:   c0 00 00 00 33 db 48 8b f0 48 85 d2 74 0d 4c 8b
0x00007ff9d0b0f7da:   08 48 8b c8 41 ff 91 b0 00 00 00 4d 85 f6 74 14
0x00007ff9d0b0f7ea:   48 8b 06 49 8b d6 48 8b ce ff 90 a8 00 00 00 48
0x00007ff9d0b0f7fa:   8b d8 eb 05 bd 01 00 00 00 48 89 9f c0 00 00 00
0x00007ff9d0b0f80a:   89 af c8 00 00 00 48 8b 5c 24 30 48 8b 6c 24 38
0x00007ff9d0b0f81a:   48 8b 74 24 40 48 8b 7c 24 48 48 83 c4 20 41 5e
0x00007ff9d0b0f82a:   c3 cc 48 89 5c 24 08 48 89 6c 24 10 48 89 74 24
0x00007ff9d0b0f83a:   18 57 48 83 ec 20 33 db 48 8b f9 48 85 c9 75 09 


Stack slot to memory mapping:
stack at sp + 0 slots: 0x000001d636825560 points into unknown readable memory: 38 fd 26 36 d6 01 00 00
stack at sp + 1 slots: 0x000001d6365cb8d0 points into unknown readable memory: 60 a6 b8 d0 f9 7f 00 00
stack at sp + 2 slots: 0x000001d636825560 points into unknown readable memory: 38 fd 26 36 d6 01 00 00
stack at sp + 3 slots: 0x000001d6365cb8d0 points into unknown readable memory: 60 a6 b8 d0 f9 7f 00 00
stack at sp + 4 slots: 0x000001d63626fd48 is a global jni handle
stack at sp + 5 slots: 0x00007ff9d0b14655 awt.dll
stack at sp + 6 slots: 0x000001d61557e310 points into unknown readable memory: 50 3c 3e 6d f9 7f 00 00
stack at sp + 7 slots: 0x000001d61557e310 points into unknown readable memory: 50 3c 3e 6d f9 7f 00 00


---------------  P R O C E S S  ---------------

Threads class SMR info:
_java_thread_list=0x000001d63624ebb0, length=17, elements={
0x000001d61557e000, 0x000001d6348fa000, 0x000001d6348fb800, 0x000001d634911000,
0x000001d634914000, 0x000001d634915000, 0x000001d634923800, 0x000001d634928800,
0x000001d63492b800, 0x000001d635304800, 0x000001d635318800, 0x000001d63553a800,
0x000001d63553e000, 0x000001d635543800, 0x000001d6355c7800, 0x000001d636367800,
0x000001d63674b000
}

Java Threads: ( => current thread )
=>0x000001d61557e000 JavaThread "main" [_thread_in_native, id=22784, stack(0x000000cf5c000000,0x000000cf5c100000)]
  0x000001d6348fa000 JavaThread "Reference Handler" daemon [_thread_blocked, id=20140, stack(0x000000cf5c700000,0x000000cf5c800000)]
  0x000001d6348fb800 JavaThread "Finalizer" daemon [_thread_blocked, id=24116, stack(0x000000cf5c800000,0x000000cf5c900000)]
  0x000001d634911000 JavaThread "Signal Dispatcher" daemon [_thread_blocked, id=12468, stack(0x000000cf5c900000,0x000000cf5ca00000)]
  0x000001d634914000 JavaThread "Attach Listener" daemon [_thread_blocked, id=20136, stack(0x000000cf5ca00000,0x000000cf5cb00000)]
  0x000001d634915000 JavaThread "Service Thread" daemon [_thread_blocked, id=11708, stack(0x000000cf5cb00000,0x000000cf5cc00000)]
  0x000001d634923800 JavaThread "C2 CompilerThread0" daemon [_thread_blocked, id=19812, stack(0x000000cf5cc00000,0x000000cf5cd00000)]
  0x000001d634928800 JavaThread "C1 CompilerThread0" daemon [_thread_blocked, id=21072, stack(0x000000cf5cd00000,0x000000cf5ce00000)]
  0x000001d63492b800 JavaThread "Sweeper thread" daemon [_thread_blocked, id=18864, stack(0x000000cf5ce00000,0x000000cf5cf00000)]
  0x000001d635304800 JavaThread "Notification Thread" daemon [_thread_blocked, id=18528, stack(0x000000cf5cf00000,0x000000cf5d000000)]
  0x000001d635318800 JavaThread "Common-Cleaner" daemon [_thread_blocked, id=20872, stack(0x000000cf5d100000,0x000000cf5d200000)]
  0x000001d63553a800 JavaThread "Java2D Disposer" daemon [_thread_blocked, id=14524, stack(0x000000cf5d200000,0x000000cf5d300000)]
  0x000001d63553e000 JavaThread "AWT-Shutdown" [_thread_blocked, id=22652, stack(0x000000cf5d300000,0x000000cf5d400000)]
  0x000001d635543800 JavaThread "AWT-Windows" daemon [_thread_in_native, id=24296, stack(0x000000cf5d400000,0x000000cf5d500000)]
  0x000001d6355c7800 JavaThread "Image Fetcher 0" daemon [_thread_blocked, id=17240, stack(0x000000cf5d500000,0x000000cf5d600000)]
  0x000001d636367800 JavaThread "C2 CompilerThread1" daemon [_thread_in_native, id=24184, stack(0x000000cf5d600000,0x000000cf5d700000)]
  0x000001d63674b000 JavaThread "AWT-EventQueue-0" [_thread_blocked, id=13340, stack(0x000000cf5da00000,0x000000cf5db00000)]

Other Threads:
  0x000001d6348f8000 VMThread "VM Thread" [stack: 0x000000cf5c600000,0x000000cf5c700000] [id=14428]
  0x000001d635312800 WatcherThread [stack: 0x000000cf5d000000,0x000000cf5d100000] [id=15948]
  0x000001d6155c0800 GCTaskThread "GC Thread#0" [stack: 0x000000cf5c100000,0x000000cf5c200000] [id=24128]
  0x000001d6363bc000 GCTaskThread "GC Thread#1" [stack: 0x000000cf5d700000,0x000000cf5d800000] [id=9416]
  0x000001d6363d5000 GCTaskThread "GC Thread#2" [stack: 0x000000cf5d800000,0x000000cf5d900000] [id=4120]
  0x000001d6363d5800 GCTaskThread "GC Thread#3" [stack: 0x000000cf5d900000,0x000000cf5da00000] [id=13308]
  0x000001d6155d3800 ConcurrentGCThread "G1 Main Marker" [stack: 0x000000cf5c200000,0x000000cf5c300000] [id=8308]
  0x000001d6155d5000 ConcurrentGCThread "G1 Conc#0" [stack: 0x000000cf5c300000,0x000000cf5c400000] [id=22744]
  0x000001d634768800 ConcurrentGCThread "G1 Refine#0" [stack: 0x000000cf5c400000,0x000000cf5c500000] [id=21048]
  0x000001d634769800 ConcurrentGCThread "G1 Young RemSet Sampling" [stack: 0x000000cf5c500000,0x000000cf5c600000] [id=2044]

Threads with active compile tasks:
C2 CompilerThread1     1345 1075       4       sun.font.TrueTypeFont::initAllNames (183 bytes)

VM state:not at safepoint (normal execution)

VM Mutex/Monitor currently owned by a thread: None

Heap address: 0x0000000081200000, size: 2030 MB, Compressed Oops mode: 32-bit
Narrow klass base: 0x0000000800000000, Narrow klass shift: 3
Compressed class space size: 1073741824 Address: 0x0000000800b30000

Heap:
 garbage-first heap   total 131072K, used 14575K [0x0000000081200000, 0x0000000100000000)
  region size 1024K, 7 young (7168K), 3 survivors (3072K)
 Metaspace       used 8662K, capacity 8965K, committed 9088K, reserved 1056768K
  class space    used 970K, capacity 1098K, committed 1152K, reserved 1048576K
Heap Regions: E=young(eden), S=young(survivor), O=old, HS=humongous(starts), HC=humongous(continues), CS=collection set, F=free, OA=open archive, CA=closed archive, TAMS=top-at-mark-start (previous, next)
|   0|0x0000000081200000, 0x0000000081300000, 0x0000000081300000|100%|HS|  |TAMS 0x0000000081200000, 0x0000000081200000| Complete 
|   1|0x0000000081300000, 0x0000000081400000, 0x0000000081400000|100%|HC|  |TAMS 0x0000000081300000, 0x0000000081300000| Complete 
|   2|0x0000000081400000, 0x0000000081500000, 0x0000000081500000|100%|HC|  |TAMS 0x0000000081400000, 0x0000000081400000| Complete 
|   3|0x0000000081500000, 0x0000000081600000, 0x0000000081600000|100%|HC|  |TAMS 0x0000000081500000, 0x0000000081500000| Complete 
|   4|0x0000000081600000, 0x0000000081700000, 0x0000000081700000|100%|HC|  |TAMS 0x0000000081600000, 0x0000000081600000| Complete 
|   5|0x0000000081700000, 0x0000000081800000, 0x0000000081800000|100%|HC|  |TAMS 0x0000000081700000, 0x0000000081700000| Complete 
|   6|0x0000000081800000, 0x0000000081900000, 0x0000000081900000|100%|HC|  |TAMS 0x0000000081800000, 0x0000000081800000| Complete 
|   7|0x0000000081900000, 0x0000000081a00000, 0x0000000081a00000|100%|HC|  |TAMS 0x0000000081900000, 0x0000000081900000| Complete 
|   8|0x0000000081a00000, 0x0000000081b00000, 0x0000000081b00000|100%|HC|  |TAMS 0x0000000081a00000, 0x0000000081a00000| Complete 
|   9|0x0000000081b00000, 0x0000000081b3be00, 0x0000000081c00000| 23%| O|  |TAMS 0x0000000081b00000, 0x0000000081b00000| Untracked 
|  10|0x0000000081c00000, 0x0000000081c00000, 0x0000000081d00000|  0%| F|  |TAMS 0x0000000081c00000, 0x0000000081c00000| Untracked 
|  11|0x0000000081d00000, 0x0000000081d00000, 0x0000000081e00000|  0%| F|  |TAMS 0x0000000081d00000, 0x0000000081d00000| Untracked 
|  12|0x0000000081e00000, 0x0000000081e00000, 0x0000000081f00000|  0%| F|  |TAMS 0x0000000081e00000, 0x0000000081e00000| Untracked 
|  13|0x0000000081f00000, 0x0000000081f00000, 0x0000000082000000|  0%| F|  |TAMS 0x0000000081f00000, 0x0000000081f00000| Untracked 
|  14|0x0000000082000000, 0x0000000082000000, 0x0000000082100000|  0%| F|  |TAMS 0x0000000082000000, 0x0000000082000000| Untracked 
|  15|0x0000000082100000, 0x0000000082100000, 0x0000000082200000|  0%| F|  |TAMS 0x0000000082100000, 0x0000000082100000| Untracked 
|  16|0x0000000082200000, 0x0000000082200000, 0x0000000082300000|  0%| F|  |TAMS 0x0000000082200000, 0x0000000082200000| Untracked 
|  17|0x0000000082300000, 0x0000000082300000, 0x0000000082400000|  0%| F|  |TAMS 0x0000000082300000, 0x0000000082300000| Untracked 
|  18|0x0000000082400000, 0x0000000082400000, 0x0000000082500000|  0%| F|  |TAMS 0x0000000082400000, 0x0000000082400000| Untracked 
|  19|0x0000000082500000, 0x0000000082500000, 0x0000000082600000|  0%| F|  |TAMS 0x0000000082500000, 0x0000000082500000| Untracked 
|  20|0x0000000082600000, 0x0000000082600000, 0x0000000082700000|  0%| F|  |TAMS 0x0000000082600000, 0x0000000082600000| Untracked 
|  21|0x0000000082700000, 0x0000000082700000, 0x0000000082800000|  0%| F|  |TAMS 0x0000000082700000, 0x0000000082700000| Untracked 
|  22|0x0000000082800000, 0x0000000082800000, 0x0000000082900000|  0%| F|  |TAMS 0x0000000082800000, 0x0000000082800000| Untracked 
|  23|0x0000000082900000, 0x0000000082900000, 0x0000000082a00000|  0%| F|  |TAMS 0x0000000082900000, 0x0000000082900000| Untracked 
|  24|0x0000000082a00000, 0x0000000082a00000, 0x0000000082b00000|  0%| F|  |TAMS 0x0000000082a00000, 0x0000000082a00000| Untracked 
|  25|0x0000000082b00000, 0x0000000082b00000, 0x0000000082c00000|  0%| F|  |TAMS 0x0000000082b00000, 0x0000000082b00000| Untracked 
|  26|0x0000000082c00000, 0x0000000082c00000, 0x0000000082d00000|  0%| F|  |TAMS 0x0000000082c00000, 0x0000000082c00000| Untracked 
|  27|0x0000000082d00000, 0x0000000082d00000, 0x0000000082e00000|  0%| F|  |TAMS 0x0000000082d00000, 0x0000000082d00000| Untracked 
|  28|0x0000000082e00000, 0x0000000082e00000, 0x0000000082f00000|  0%| F|  |TAMS 0x0000000082e00000, 0x0000000082e00000| Untracked 
|  29|0x0000000082f00000, 0x0000000082f00000, 0x0000000083000000|  0%| F|  |TAMS 0x0000000082f00000, 0x0000000082f00000| Untracked 
|  30|0x0000000083000000, 0x0000000083000000, 0x0000000083100000|  0%| F|  |TAMS 0x0000000083000000, 0x0000000083000000| Untracked 
|  31|0x0000000083100000, 0x0000000083100000, 0x0000000083200000|  0%| F|  |TAMS 0x0000000083100000, 0x0000000083100000| Untracked 
|  32|0x0000000083200000, 0x0000000083200000, 0x0000000083300000|  0%| F|  |TAMS 0x0000000083200000, 0x0000000083200000| Untracked 
|  33|0x0000000083300000, 0x0000000083300000, 0x0000000083400000|  0%| F|  |TAMS 0x0000000083300000, 0x0000000083300000| Untracked 
|  34|0x0000000083400000, 0x0000000083400000, 0x0000000083500000|  0%| F|  |TAMS 0x0000000083400000, 0x0000000083400000| Untracked 
|  35|0x0000000083500000, 0x0000000083500000, 0x0000000083600000|  0%| F|  |TAMS 0x0000000083500000, 0x0000000083500000| Untracked 
|  36|0x0000000083600000, 0x0000000083600000, 0x0000000083700000|  0%| F|  |TAMS 0x0000000083600000, 0x0000000083600000| Untracked 
|  37|0x0000000083700000, 0x0000000083700000, 0x0000000083800000|  0%| F|  |TAMS 0x0000000083700000, 0x0000000083700000| Untracked 
|  38|0x0000000083800000, 0x0000000083800000, 0x0000000083900000|  0%| F|  |TAMS 0x0000000083800000, 0x0000000083800000| Untracked 
|  39|0x0000000083900000, 0x0000000083900000, 0x0000000083a00000|  0%| F|  |TAMS 0x0000000083900000, 0x0000000083900000| Untracked 
|  40|0x0000000083a00000, 0x0000000083a00000, 0x0000000083b00000|  0%| F|  |TAMS 0x0000000083a00000, 0x0000000083a00000| Untracked 
|  41|0x0000000083b00000, 0x0000000083b00000, 0x0000000083c00000|  0%| F|  |TAMS 0x0000000083b00000, 0x0000000083b00000| Untracked 
|  42|0x0000000083c00000, 0x0000000083c00000, 0x0000000083d00000|  0%| F|  |TAMS 0x0000000083c00000, 0x0000000083c00000| Untracked 
|  43|0x0000000083d00000, 0x0000000083d00000, 0x0000000083e00000|  0%| F|  |TAMS 0x0000000083d00000, 0x0000000083d00000| Untracked 
|  44|0x0000000083e00000, 0x0000000083e00000, 0x0000000083f00000|  0%| F|  |TAMS 0x0000000083e00000, 0x0000000083e00000| Untracked 
|  45|0x0000000083f00000, 0x0000000083f00000, 0x0000000084000000|  0%| F|  |TAMS 0x0000000083f00000, 0x0000000083f00000| Untracked 
|  46|0x0000000084000000, 0x0000000084000000, 0x0000000084100000|  0%| F|  |TAMS 0x0000000084000000, 0x0000000084000000| Untracked 
|  47|0x0000000084100000, 0x0000000084100000, 0x0000000084200000|  0%| F|  |TAMS 0x0000000084100000, 0x0000000084100000| Untracked 
|  48|0x0000000084200000, 0x0000000084200000, 0x0000000084300000|  0%| F|  |TAMS 0x0000000084200000, 0x0000000084200000| Untracked 
|  49|0x0000000084300000, 0x0000000084300000, 0x0000000084400000|  0%| F|  |TAMS 0x0000000084300000, 0x0000000084300000| Untracked 
|  50|0x0000000084400000, 0x0000000084400000, 0x0000000084500000|  0%| F|  |TAMS 0x0000000084400000, 0x0000000084400000| Untracked 
|  51|0x0000000084500000, 0x0000000084500000, 0x0000000084600000|  0%| F|  |TAMS 0x0000000084500000, 0x0000000084500000| Untracked 
|  52|0x0000000084600000, 0x0000000084600000, 0x0000000084700000|  0%| F|  |TAMS 0x0000000084600000, 0x0000000084600000| Untracked 
|  53|0x0000000084700000, 0x0000000084700000, 0x0000000084800000|  0%| F|  |TAMS 0x0000000084700000, 0x0000000084700000| Untracked 
|  54|0x0000000084800000, 0x0000000084800000, 0x0000000084900000|  0%| F|  |TAMS 0x0000000084800000, 0x0000000084800000| Untracked 
|  55|0x0000000084900000, 0x0000000084900000, 0x0000000084a00000|  0%| F|  |TAMS 0x0000000084900000, 0x0000000084900000| Untracked 
|  56|0x0000000084a00000, 0x0000000084a00000, 0x0000000084b00000|  0%| F|  |TAMS 0x0000000084a00000, 0x0000000084a00000| Untracked 
|  57|0x0000000084b00000, 0x0000000084b00000, 0x0000000084c00000|  0%| F|  |TAMS 0x0000000084b00000, 0x0000000084b00000| Untracked 
|  58|0x0000000084c00000, 0x0000000084c00000, 0x0000000084d00000|  0%| F|  |TAMS 0x0000000084c00000, 0x0000000084c00000| Untracked 
|  59|0x0000000084d00000, 0x0000000084d00000, 0x0000000084e00000|  0%| F|  |TAMS 0x0000000084d00000, 0x0000000084d00000| Untracked 
|  60|0x0000000084e00000, 0x0000000084e00000, 0x0000000084f00000|  0%| F|  |TAMS 0x0000000084e00000, 0x0000000084e00000| Untracked 
|  61|0x0000000084f00000, 0x0000000084f00000, 0x0000000085000000|  0%| F|  |TAMS 0x0000000084f00000, 0x0000000084f00000| Untracked 
|  62|0x0000000085000000, 0x0000000085000000, 0x0000000085100000|  0%| F|  |TAMS 0x0000000085000000, 0x0000000085000000| Untracked 
|  63|0x0000000085100000, 0x0000000085100000, 0x0000000085200000|  0%| F|  |TAMS 0x0000000085100000, 0x0000000085100000| Untracked 
|  64|0x0000000085200000, 0x0000000085200000, 0x0000000085300000|  0%| F|  |TAMS 0x0000000085200000, 0x0000000085200000| Untracked 
|  65|0x0000000085300000, 0x0000000085300000, 0x0000000085400000|  0%| F|  |TAMS 0x0000000085300000, 0x0000000085300000| Untracked 
|  66|0x0000000085400000, 0x0000000085400000, 0x0000000085500000|  0%| F|  |TAMS 0x0000000085400000, 0x0000000085400000| Untracked 
|  67|0x0000000085500000, 0x0000000085500000, 0x0000000085600000|  0%| F|  |TAMS 0x0000000085500000, 0x0000000085500000| Untracked 
|  68|0x0000000085600000, 0x0000000085600000, 0x0000000085700000|  0%| F|  |TAMS 0x0000000085600000, 0x0000000085600000| Untracked 
|  69|0x0000000085700000, 0x0000000085700000, 0x0000000085800000|  0%| F|  |TAMS 0x0000000085700000, 0x0000000085700000| Untracked 
|  70|0x0000000085800000, 0x0000000085800000, 0x0000000085900000|  0%| F|  |TAMS 0x0000000085800000, 0x0000000085800000| Untracked 
|  71|0x0000000085900000, 0x0000000085900000, 0x0000000085a00000|  0%| F|  |TAMS 0x0000000085900000, 0x0000000085900000| Untracked 
|  72|0x0000000085a00000, 0x0000000085a00000, 0x0000000085b00000|  0%| F|  |TAMS 0x0000000085a00000, 0x0000000085a00000| Untracked 
|  73|0x0000000085b00000, 0x0000000085b00000, 0x0000000085c00000|  0%| F|  |TAMS 0x0000000085b00000, 0x0000000085b00000| Untracked 
|  74|0x0000000085c00000, 0x0000000085c00000, 0x0000000085d00000|  0%| F|  |TAMS 0x0000000085c00000, 0x0000000085c00000| Untracked 
|  75|0x0000000085d00000, 0x0000000085d00000, 0x0000000085e00000|  0%| F|  |TAMS 0x0000000085d00000, 0x0000000085d00000| Untracked 
|  76|0x0000000085e00000, 0x0000000085e00000, 0x0000000085f00000|  0%| F|  |TAMS 0x0000000085e00000, 0x0000000085e00000| Untracked 
|  77|0x0000000085f00000, 0x0000000085f00000, 0x0000000086000000|  0%| F|  |TAMS 0x0000000085f00000, 0x0000000085f00000| Untracked 
|  78|0x0000000086000000, 0x0000000086000000, 0x0000000086100000|  0%| F|  |TAMS 0x0000000086000000, 0x0000000086000000| Untracked 
|  79|0x0000000086100000, 0x0000000086100000, 0x0000000086200000|  0%| F|  |TAMS 0x0000000086100000, 0x0000000086100000| Untracked 
|  80|0x0000000086200000, 0x0000000086200000, 0x0000000086300000|  0%| F|  |TAMS 0x0000000086200000, 0x0000000086200000| Untracked 
|  81|0x0000000086300000, 0x0000000086300000, 0x0000000086400000|  0%| F|  |TAMS 0x0000000086300000, 0x0000000086300000| Untracked 
|  82|0x0000000086400000, 0x0000000086400000, 0x0000000086500000|  0%| F|  |TAMS 0x0000000086400000, 0x0000000086400000| Untracked 
|  83|0x0000000086500000, 0x0000000086500000, 0x0000000086600000|  0%| F|  |TAMS 0x0000000086500000, 0x0000000086500000| Untracked 
|  84|0x0000000086600000, 0x0000000086600000, 0x0000000086700000|  0%| F|  |TAMS 0x0000000086600000, 0x0000000086600000| Untracked 
|  85|0x0000000086700000, 0x0000000086700000, 0x0000000086800000|  0%| F|  |TAMS 0x0000000086700000, 0x0000000086700000| Untracked 
|  86|0x0000000086800000, 0x0000000086800000, 0x0000000086900000|  0%| F|  |TAMS 0x0000000086800000, 0x0000000086800000| Untracked 
|  87|0x0000000086900000, 0x0000000086900000, 0x0000000086a00000|  0%| F|  |TAMS 0x0000000086900000, 0x0000000086900000| Untracked 
|  88|0x0000000086a00000, 0x0000000086a00000, 0x0000000086b00000|  0%| F|  |TAMS 0x0000000086a00000, 0x0000000086a00000| Untracked 
|  89|0x0000000086b00000, 0x0000000086b00000, 0x0000000086c00000|  0%| F|  |TAMS 0x0000000086b00000, 0x0000000086b00000| Untracked 
|  90|0x0000000086c00000, 0x0000000086c00000, 0x0000000086d00000|  0%| F|  |TAMS 0x0000000086c00000, 0x0000000086c00000| Untracked 
|  91|0x0000000086d00000, 0x0000000086d00000, 0x0000000086e00000|  0%| F|  |TAMS 0x0000000086d00000, 0x0000000086d00000| Untracked 
|  92|0x0000000086e00000, 0x0000000086e00000, 0x0000000086f00000|  0%| F|  |TAMS 0x0000000086e00000, 0x0000000086e00000| Untracked 
|  93|0x0000000086f00000, 0x0000000086f00000, 0x0000000087000000|  0%| F|  |TAMS 0x0000000086f00000, 0x0000000086f00000| Untracked 
|  94|0x0000000087000000, 0x0000000087000000, 0x0000000087100000|  0%| F|  |TAMS 0x0000000087000000, 0x0000000087000000| Untracked 
|  95|0x0000000087100000, 0x0000000087100000, 0x0000000087200000|  0%| F|  |TAMS 0x0000000087100000, 0x0000000087100000| Untracked 
|  96|0x0000000087200000, 0x0000000087200000, 0x0000000087300000|  0%| F|  |TAMS 0x0000000087200000, 0x0000000087200000| Untracked 
|  97|0x0000000087300000, 0x0000000087300000, 0x0000000087400000|  0%| F|  |TAMS 0x0000000087300000, 0x0000000087300000| Untracked 
|  98|0x0000000087400000, 0x0000000087400000, 0x0000000087500000|  0%| F|  |TAMS 0x0000000087400000, 0x0000000087400000| Untracked 
|  99|0x0000000087500000, 0x0000000087500000, 0x0000000087600000|  0%| F|  |TAMS 0x0000000087500000, 0x0000000087500000| Untracked 
| 100|0x0000000087600000, 0x0000000087600000, 0x0000000087700000|  0%| F|  |TAMS 0x0000000087600000, 0x0000000087600000| Untracked 
| 101|0x0000000087700000, 0x0000000087700000, 0x0000000087800000|  0%| F|  |TAMS 0x0000000087700000, 0x0000000087700000| Untracked 
| 102|0x0000000087800000, 0x0000000087900000, 0x0000000087900000|100%| S|CS|TAMS 0x0000000087800000, 0x0000000087800000| Complete 
| 103|0x0000000087900000, 0x0000000087a00000, 0x0000000087a00000|100%| S|CS|TAMS 0x0000000087900000, 0x0000000087900000| Complete 
| 104|0x0000000087a00000, 0x0000000087b00000, 0x0000000087b00000|100%| S|CS|TAMS 0x0000000087a00000, 0x0000000087a00000| Complete 
| 105|0x0000000087b00000, 0x0000000087b00000, 0x0000000087c00000|  0%| F|  |TAMS 0x0000000087b00000, 0x0000000087b00000| Untracked 
| 106|0x0000000087c00000, 0x0000000087c00000, 0x0000000087d00000|  0%| F|  |TAMS 0x0000000087c00000, 0x0000000087c00000| Untracked 
| 107|0x0000000087d00000, 0x0000000087d00000, 0x0000000087e00000|  0%| F|  |TAMS 0x0000000087d00000, 0x0000000087d00000| Untracked 
| 108|0x0000000087e00000, 0x0000000087e00000, 0x0000000087f00000|  0%| F|  |TAMS 0x0000000087e00000, 0x0000000087e00000| Untracked 
| 109|0x0000000087f00000, 0x0000000087f00000, 0x0000000088000000|  0%| F|  |TAMS 0x0000000087f00000, 0x0000000087f00000| Untracked 
| 110|0x0000000088000000, 0x0000000088000000, 0x0000000088100000|  0%| F|  |TAMS 0x0000000088000000, 0x0000000088000000| Untracked 
| 111|0x0000000088100000, 0x0000000088100000, 0x0000000088200000|  0%| F|  |TAMS 0x0000000088100000, 0x0000000088100000| Untracked 
| 112|0x0000000088200000, 0x0000000088200000, 0x0000000088300000|  0%| F|  |TAMS 0x0000000088200000, 0x0000000088200000| Untracked 
| 113|0x0000000088300000, 0x0000000088300000, 0x0000000088400000|  0%| F|  |TAMS 0x0000000088300000, 0x0000000088300000| Untracked 
| 114|0x0000000088400000, 0x0000000088400000, 0x0000000088500000|  0%| F|  |TAMS 0x0000000088400000, 0x0000000088400000| Untracked 
| 115|0x0000000088500000, 0x0000000088500000, 0x0000000088600000|  0%| F|  |TAMS 0x0000000088500000, 0x0000000088500000| Untracked 
| 116|0x0000000088600000, 0x0000000088600000, 0x0000000088700000|  0%| F|  |TAMS 0x0000000088600000, 0x0000000088600000| Untracked 
| 117|0x0000000088700000, 0x0000000088700000, 0x0000000088800000|  0%| F|  |TAMS 0x0000000088700000, 0x0000000088700000| Untracked 
| 118|0x0000000088800000, 0x0000000088800000, 0x0000000088900000|  0%| F|  |TAMS 0x0000000088800000, 0x0000000088800000| Untracked 
| 119|0x0000000088900000, 0x0000000088900000, 0x0000000088a00000|  0%| F|  |TAMS 0x0000000088900000, 0x0000000088900000| Untracked 
| 120|0x0000000088a00000, 0x0000000088a00000, 0x0000000088b00000|  0%| F|  |TAMS 0x0000000088a00000, 0x0000000088a00000| Untracked 
| 121|0x0000000088b00000, 0x0000000088b00000, 0x0000000088c00000|  0%| F|  |TAMS 0x0000000088b00000, 0x0000000088b00000| Untracked 
| 122|0x0000000088c00000, 0x0000000088c00000, 0x0000000088d00000|  0%| F|  |TAMS 0x0000000088c00000, 0x0000000088c00000| Untracked 
| 123|0x0000000088d00000, 0x0000000088d00000, 0x0000000088e00000|  0%| F|  |TAMS 0x0000000088d00000, 0x0000000088d00000| Untracked 
| 124|0x0000000088e00000, 0x0000000088e7b3e0, 0x0000000088f00000| 48%| E|  |TAMS 0x0000000088e00000, 0x0000000088e00000| Complete 
| 125|0x0000000088f00000, 0x0000000089000000, 0x0000000089000000|100%| E|CS|TAMS 0x0000000088f00000, 0x0000000088f00000| Complete 
| 126|0x0000000089000000, 0x0000000089100000, 0x0000000089100000|100%| E|  |TAMS 0x0000000089000000, 0x0000000089000000| Complete 
| 127|0x0000000089100000, 0x0000000089200000, 0x0000000089200000|100%| E|CS|TAMS 0x0000000089100000, 0x0000000089100000| Complete 

Card table byte_map: [0x000001d62d730000,0x000001d62db30000] _byte_map_base: 0x000001d62d327000

Marking Bits (Prev, Next): (CMBitMap*) 0x000001d6155c26a8, (CMBitMap*) 0x000001d6155c26e8
 Prev Bits: [0x000001d62df30000, 0x000001d62fee8000)
 Next Bits: [0x000001d62fef0000, 0x000001d631ea8000)

Polling page: 0x000001d614d50000

Metaspace:

Usage:
  Non-class:      7.68 MB capacity,     7.51 MB ( 98%) used,   153.46 KB (  2%) free+waste,    21.25 KB ( <1%) overhead. 
      Class:      1.07 MB capacity,   970.32 KB ( 88%) used,   114.37 KB ( 10%) free+waste,    13.31 KB (  1%) overhead. 
       Both:      8.75 MB capacity,     8.46 MB ( 97%) used,   267.83 KB (  3%) free+waste,    34.56 KB ( <1%) overhead. 

Virtual space:
  Non-class space:        8.00 MB reserved,       7.75 MB ( 97%) committed 
      Class space:        1.00 GB reserved,       1.13 MB ( <1%) committed 
             Both:        1.01 GB reserved,       8.88 MB ( <1%) committed 

Chunk freelists:
   Non-Class:  5.00 KB
       Class:  0 bytes
        Both:  5.00 KB

MaxMetaspaceSize: 17179869184.00 GB
CompressedClassSpaceSize: 1.00 GB

CodeHeap 'non-profiled nmethods': size=120000Kb used=389Kb max_used=389Kb free=119611Kb
 bounds [0x000001d625ab0000, 0x000001d625d20000, 0x000001d62cfe0000]
CodeHeap 'profiled nmethods': size=120000Kb used=2227Kb max_used=2227Kb free=117772Kb
 bounds [0x000001d61e580000, 0x000001d61e7f0000, 0x000001d625ab0000]
CodeHeap 'non-nmethods': size=5760Kb used=1280Kb max_used=1319Kb free=4479Kb
 bounds [0x000001d61dfe0000, 0x000001d61e250000, 0x000001d61e580000]
 total_blobs=2248 nmethods=1183 adapters=484
 compilation: enabled
              stopped_count=0, restarted_count=0
 full_count=0

Compilation events (20 events):
Event: 1.247 Thread 0x000001d634928800 nmethod 1174 0x000001d61e7a2b90 code [0x000001d61e7a2d60, 0x000001d61e7a3158]
Event: 1.247 Thread 0x000001d634928800 1172       3       sun.java2d.loops.GraphicsPrimitiveMgr::locate (104 bytes)
Event: 1.248 Thread 0x000001d634928800 nmethod 1172 0x000001d61e7a3310 code [0x000001d61e7a3540, 0x000001d61e7a4058]
Event: 1.248 Thread 0x000001d634928800 1173       3       java.util.Arrays::binarySearch (10 bytes)
Event: 1.248 Thread 0x000001d634928800 nmethod 1173 0x000001d61e7a4310 code [0x000001d61e7a44c0, 0x000001d61e7a45e8]
Event: 1.248 Thread 0x000001d634928800 1175       1       sun.java2d.loops.SurfaceType::getSuperType (5 bytes)
Event: 1.248 Thread 0x000001d634928800 nmethod 1175 0x000001d625b04810 code [0x000001d625b049a0, 0x000001d625b04a78]
Event: 1.251 Thread 0x000001d634928800 1177       3       java.lang.invoke.LambdaFormEditor::bindArgumentType (101 bytes)
Event: 1.251 Thread 0x000001d634928800 nmethod 1177 0x000001d61e7a4690 code [0x000001d61e7a4840, 0x000001d61e7a4a88]
Event: 1.251 Thread 0x000001d634928800 1178       3       java.lang.invoke.LambdaFormEditor::bindArgumentForm (269 bytes)
Event: 1.253 Thread 0x000001d634928800 nmethod 1178 0x000001d61e7a4b90 code [0x000001d61e7a4f60, 0x000001d61e7a6988]
Event: 1.253 Thread 0x000001d634928800 1179       3       java.lang.invoke.MethodType$ConcurrentWeakInternSet::add (66 bytes)
Event: 1.254 Thread 0x000001d634928800 nmethod 1179 0x000001d61e7a7410 code [0x000001d61e7a76a0, 0x000001d61e7a8608]
Event: 1.256 Thread 0x000001d634928800 1180       3       java.lang.reflect.Executable::<init> (5 bytes)
Event: 1.256 Thread 0x000001d634928800 nmethod 1180 0x000001d61e7a8b10 code [0x000001d61e7a8cc0, 0x000001d61e7a8e98]
Event: 1.257 Thread 0x000001d634928800 1181       3       java.lang.invoke.LambdaForm::normalize (322 bytes)
Event: 1.259 Thread 0x000001d634928800 nmethod 1181 0x000001d61e7a8f90 code [0x000001d61e7a9240, 0x000001d61e7aa5d8]
Event: 1.259 Thread 0x000001d634928800 1184       3       java.lang.invoke.LambdaForm::lastUseIndex (76 bytes)
Event: 1.259 Thread 0x000001d634928800 nmethod 1184 0x000001d61e7aac10 code [0x000001d61e7aadc0, 0x000001d61e7ab0e8]
Event: 1.259 Thread 0x000001d634928800 1183       3       java.lang.invoke.MethodTypeForm::canonicalizeAll (63 bytes)

GC Heap History (2 events):
Event: 1.134 GC heap before
{Heap before GC invocations=0 (full 0):
 garbage-first heap   total 131072K, used 31744K [0x0000000081200000, 0x0000000100000000)
  region size 1024K, 23 young (23552K), 0 survivors (0K)
 Metaspace       used 7776K, capacity 8001K, committed 8192K, reserved 1056768K
  class space    used 856K, capacity 989K, committed 1024K, reserved 1048576K
}
Event: 1.142 GC heap after
{Heap after GC invocations=1 (full 0):
 garbage-first heap   total 131072K, used 12527K [0x0000000081200000, 0x0000000100000000)
  region size 1024K, 3 young (3072K), 3 survivors (3072K)
 Metaspace       used 7776K, capacity 8001K, committed 8192K, reserved 1056768K
  class space    used 856K, capacity 989K, committed 1024K, reserved 1048576K
}

Deoptimization events (20 events):
Event: 1.230 Thread 0x000001d635543800 Uncommon trap: trap_request=0xffffffde fr.pc=0x000001d625aff388 relative=0x0000000000000b88
Event: 1.230 Thread 0x000001d635543800 Uncommon trap: reason=class_check action=maybe_recompile pc=0x000001d625aff388 method=java.util.HashMap.putVal(ILjava/lang/Object;Ljava/lang/Object;ZZ)Ljava/lang/Object; @ 91 c2
Event: 1.230 Thread 0x000001d635543800 DEOPT PACKING pc=0x000001d625aff388 sp=0x000000cf5d4fe0c0
Event: 1.230 Thread 0x000001d635543800 DEOPT UNPACKING pc=0x000001d61e02912f sp=0x000000cf5d4fdfe0 mode 2
Event: 1.230 Thread 0x000001d635543800 Uncommon trap: trap_request=0xffffffde fr.pc=0x000001d625aff444 relative=0x0000000000000c44
Event: 1.230 Thread 0x000001d635543800 Uncommon trap: reason=class_check action=maybe_recompile pc=0x000001d625aff444 method=java.util.HashMap.putVal(ILjava/lang/Object;Ljava/lang/Object;ZZ)Ljava/lang/Object; @ 203 c2
Event: 1.230 Thread 0x000001d635543800 DEOPT PACKING pc=0x000001d625aff444 sp=0x000000cf5d4fe0c0
Event: 1.230 Thread 0x000001d635543800 DEOPT UNPACKING pc=0x000001d61e02912f sp=0x000000cf5d4fdfe0 mode 2
Event: 1.230 Thread 0x000001d635543800 Uncommon trap: trap_request=0xffffffde fr.pc=0x000001d625aff444 relative=0x0000000000000c44
Event: 1.230 Thread 0x000001d635543800 Uncommon trap: reason=class_check action=maybe_recompile pc=0x000001d625aff444 method=java.util.HashMap.putVal(ILjava/lang/Object;Ljava/lang/Object;ZZ)Ljava/lang/Object; @ 203 c2
Event: 1.230 Thread 0x000001d635543800 DEOPT PACKING pc=0x000001d625aff444 sp=0x000000cf5d4fe0c0
Event: 1.230 Thread 0x000001d635543800 DEOPT UNPACKING pc=0x000001d61e02912f sp=0x000000cf5d4fdfe0 mode 2
Event: 1.230 Thread 0x000001d635543800 Uncommon trap: trap_request=0xffffffde fr.pc=0x000001d625b01304 relative=0x0000000000000b04
Event: 1.230 Thread 0x000001d635543800 Uncommon trap: reason=class_check action=maybe_recompile pc=0x000001d625b01304 method=java.util.HashMap.putVal(ILjava/lang/Object;Ljava/lang/Object;ZZ)Ljava/lang/Object; @ 91 c2
Event: 1.230 Thread 0x000001d635543800 DEOPT PACKING pc=0x000001d625b01304 sp=0x000000cf5d4fe010
Event: 1.230 Thread 0x000001d635543800 DEOPT UNPACKING pc=0x000001d61e02912f sp=0x000000cf5d4fdfd0 mode 2
Event: 1.253 Thread 0x000001d61557e000 Uncommon trap: trap_request=0xffffff45 fr.pc=0x000001d625afb874 relative=0x0000000000000314
Event: 1.253 Thread 0x000001d61557e000 Uncommon trap: reason=unstable_if action=reinterpret pc=0x000001d625afb874 method=java.lang.String.startsWith(Ljava/lang/String;I)Z @ 14 c2
Event: 1.253 Thread 0x000001d61557e000 DEOPT PACKING pc=0x000001d625afb874 sp=0x000000cf5c0fe0f0
Event: 1.253 Thread 0x000001d61557e000 DEOPT UNPACKING pc=0x000001d61e02912f sp=0x000000cf5c0fe068 mode 2

Classes unloaded (0 events):
No events

Classes redefined (0 events):
No events

Internal exceptions (14 events):
Event: 0.125 Thread 0x000001d61557e000 Exception <a 'java/lang/ClassNotFoundException'{0x0000000089002be0}: sun/awt/resources/spi/awtProvider> (0x0000000089002be0) 
thrown [./src/hotspot/share/classfile/systemDictionary.cpp, line 226]
Event: 0.159 Thread 0x000001d61557e000 Exception <a 'java/io/FileNotFoundException'{0x0000000089057810}> (0x0000000089057810) 
thrown [./src/hotspot/share/prims/jni.cpp, line 599]
Event: 0.170 Thread 0x000001d61557e000 Exception <a 'java/io/FileNotFoundException'{0x000000008907e090}> (0x000000008907e090) 
thrown [./src/hotspot/share/prims/jni.cpp, line 599]
Event: 0.236 Thread 0x000001d635543800 Exception <a 'java/lang/NoSuchMethodError'{0x00000000890f0f58}: 'void java.lang.invoke.DirectMethodHandle$Holder.invokeSpecial(java.lang.Object, java.lang.Object)'> (0x00000000890f0f58) 
thrown [./src/hotspot/share/interpreter/linkResolver.cpp, line 766]
Event: 0.284 Thread 0x000001d61557e000 Exception <a 'java/lang/NoSuchMethodError'{0x0000000088f53ae8}: 'java.lang.Object java.lang.invoke.DirectMethodHandle$Holder.invokeStatic(java.lang.Object, int, java.lang.Object, java.lang.Object, java.lang.Object, java.lang.Object)'> (0x0000000088f53ae8) 
thrown [./src/hotspot/share/interpreter/linkResolver.cpp, line 766]
Event: 0.285 Thread 0x000001d61557e000 Exception <a 'java/lang/NoSuchMethodError'{0x0000000088f5a408}: 'java.lang.Object java.lang.invoke.DirectMethodHandle$Holder.invokeStatic(java.lang.Object, int, java.lang.Object, java.lang.Object, java.lang.Object)'> (0x0000000088f5a408) 
thrown [./src/hotspot/share/interpreter/linkResolver.cpp, line 766]
Event: 0.286 Thread 0x000001d61557e000 Exception <a 'java/lang/NoSuchMethodError'{0x0000000088f5dc58}: 'java.lang.Object java.lang.invoke.DirectMethodHandle$Holder.invokeSpecial(java.lang.Object, java.lang.Object, int, java.lang.Object, java.lang.Object, java.lang.Object)'> (0x0000000088f5dc58) 
thrown [./src/hotspot/share/interpreter/linkResolver.cpp, line 766]
Event: 0.290 Thread 0x000001d61557e000 Exception <a 'java/lang/NoSuchMethodError'{0x0000000088f74000}: 'java.lang.Object java.lang.invoke.DirectMethodHandle$Holder.invokeStatic(java.lang.Object, int, java.lang.Object)'> (0x0000000088f74000) 
thrown [./src/hotspot/share/interpreter/linkResolver.cpp, line 766]
Event: 0.320 Thread 0x000001d61557e000 Exception <a 'java/lang/ClassNotFoundException'{0x0000000088e18288}: com/sun/swing/internal/plaf/metal/resources/spi/metalProvider> (0x0000000088e18288) 
thrown [./src/hotspot/share/classfile/systemDictionary.cpp, line 226]
Event: 0.322 Thread 0x000001d61557e000 Exception <a 'java/lang/ClassNotFoundException'{0x0000000088e1cf48}: com/sun/swing/internal/plaf/basic/resources/spi/basicProvider> (0x0000000088e1cf48) 
thrown [./src/hotspot/share/classfile/systemDictionary.cpp, line 226]
Event: 0.557 Thread 0x000001d61557e000 Exception <a 'java/io/FileNotFoundException'{0x00000000885a48d8}> (0x00000000885a48d8) 
thrown [./src/hotspot/share/prims/jni.cpp, line 599]
Event: 0.557 Thread 0x000001d61557e000 Exception <a 'java/lang/NullPointerException'{0x00000000885a51c8}> (0x00000000885a51c8) 
thrown [./src/hotspot/share/interpreter/linkResolver.cpp, line 1348]
Event: 1.250 Thread 0x000001d61557e000 Exception <a 'java/lang/NoSuchMethodError'{0x0000000088f91c90}: 'void java.lang.invoke.DirectMethodHandle$Holder.invokeStaticInit(java.lang.Object)'> (0x0000000088f91c90) 
thrown [./src/hotspot/share/interpreter/linkResolver.cpp, line 766]
Event: 1.259 Thread 0x000001d61557e000 Exception <a 'java/lang/NoSuchMethodError'{0x0000000088e02408}: 'java.lang.Object java.lang.invoke.Invokers$Holder.linkToTargetMethod(java.lang.Object, int, java.lang.Object)'> (0x0000000088e02408) 
thrown [./src/hotspot/share/interpreter/linkResolver.cpp, line 766]

Events (20 events):
Event: 1.253 loading class sun/awt/FontConfiguration$2
Event: 1.253 loading class sun/awt/FontConfiguration$2 done
Event: 1.254 loading class sun/awt/windows/WDefaultFontCharset
Event: 1.254 loading class sun/awt/AWTCharset
Event: 1.254 loading class sun/awt/AWTCharset done
Event: 1.254 loading class sun/awt/windows/WDefaultFontCharset done
Event: 1.254 loading class sun/awt/windows/WDefaultFontCharset$Encoder
Event: 1.254 loading class sun/awt/AWTCharset$Encoder
Event: 1.254 loading class sun/awt/AWTCharset$Encoder done
Event: 1.254 loading class sun/awt/windows/WDefaultFontCharset$Encoder done
Event: 1.255 loading class java/io/ByteArrayOutputStream
Event: 1.255 loading class java/io/ByteArrayOutputStream done
Event: 1.255 loading class sun/awt/windows/WingDings
Event: 1.255 loading class sun/awt/windows/WingDings done
Event: 1.256 loading class sun/awt/windows/WingDings$Encoder
Event: 1.256 loading class sun/awt/windows/WingDings$Encoder done
Event: 1.256 loading class sun/awt/Symbol
Event: 1.256 loading class sun/awt/Symbol done
Event: 1.256 loading class sun/awt/Symbol$Encoder
Event: 1.256 loading class sun/awt/Symbol$Encoder done


Dynamic libraries:
0x00007ff753260000 - 0x00007ff75326d000 	C:\Program Files\AdoptOpenJDK\jdk-14.0.1.7-hotspot\bin\javaw.exe
0x00007ff9de5c0000 - 0x00007ff9de7b0000 	C:\WINDOWS\SYSTEM32\ntdll.dll
0x00007ff9dd390000 - 0x00007ff9dd442000 	C:\WINDOWS\System32\KERNEL32.DLL
0x00007ff9dc320000 - 0x00007ff9dc5c5000 	C:\WINDOWS\System32\KERNELBASE.dll
0x00007ff9dba60000 - 0x00007ff9dbb5a000 	C:\WINDOWS\System32\ucrtbase.dll
0x00007ff9d68c0000 - 0x00007ff9d68d8000 	C:\Program Files\AdoptOpenJDK\jdk-14.0.1.7-hotspot\bin\jli.dll
0x00007ff9dcbb0000 - 0x00007ff9dcd44000 	C:\WINDOWS\System32\USER32.dll
0x00007ff9d3fb0000 - 0x00007ff9d3fc5000 	C:\Program Files\AdoptOpenJDK\jdk-14.0.1.7-hotspot\bin\VCRUNTIME140.dll
0x00007ff9dc640000 - 0x00007ff9dc661000 	C:\WINDOWS\System32\win32u.dll
0x00007ff9b8a30000 - 0x00007ff9b8cb4000 	C:\WINDOWS\WinSxS\amd64_microsoft.windows.common-controls_6595b64144ccf1df_6.0.18362.1256_none_9e7e379be45e40e2\COMCTL32.dll
0x00007ff9de0b0000 - 0x00007ff9de0d6000 	C:\WINDOWS\System32\GDI32.dll
0x00007ff9dc7f0000 - 0x00007ff9dc88e000 	C:\WINDOWS\System32\msvcrt.dll
0x00007ff9db530000 - 0x00007ff9db6c6000 	C:\WINDOWS\System32\gdi32full.dll
0x00007ff9db820000 - 0x00007ff9db8be000 	C:\WINDOWS\System32\msvcp_win.dll
0x00007ff9ddd70000 - 0x00007ff9de0a6000 	C:\WINDOWS\System32\combase.dll
0x00007ff9de140000 - 0x00007ff9de260000 	C:\WINDOWS\System32\RPCRT4.dll
0x00007ff9db8c0000 - 0x00007ff9db941000 	C:\WINDOWS\System32\bcryptPrimitives.dll
0x00007ff9de410000 - 0x00007ff9de43e000 	C:\WINDOWS\System32\IMM32.DLL
0x00007ff9d1320000 - 0x00007ff9d13bb000 	C:\Program Files\AdoptOpenJDK\jdk-14.0.1.7-hotspot\bin\msvcp140.dll
0x00007ff96c9a0000 - 0x00007ff96d54c000 	C:\Program Files\AdoptOpenJDK\jdk-14.0.1.7-hotspot\bin\server\jvm.dll
0x00007ff9dc670000 - 0x00007ff9dc713000 	C:\WINDOWS\System32\ADVAPI32.dll
0x00007ff9dcb00000 - 0x00007ff9dcb97000 	C:\WINDOWS\System32\sechost.dll
0x00007ff9dc9f0000 - 0x00007ff9dc9f8000 	C:\WINDOWS\System32\PSAPI.DLL
0x00007ff9d8c70000 - 0x00007ff9d8c94000 	C:\WINDOWS\SYSTEM32\WINMM.dll
0x00007ff9d45c0000 - 0x00007ff9d45ca000 	C:\WINDOWS\SYSTEM32\VERSION.dll
0x00007ff9b9090000 - 0x00007ff9b9099000 	C:\WINDOWS\SYSTEM32\WSOCK32.dll
0x00007ff9dd270000 - 0x00007ff9dd2df000 	C:\WINDOWS\System32\WS2_32.dll
0x00007ff9d8c40000 - 0x00007ff9d8c6d000 	C:\WINDOWS\SYSTEM32\WINMMBASE.dll
0x00007ff9dc5f0000 - 0x00007ff9dc63a000 	C:\WINDOWS\System32\cfgmgr32.dll
0x00007ff9db470000 - 0x00007ff9db481000 	C:\WINDOWS\System32\kernel.appcore.dll
0x00007ff9d7a80000 - 0x00007ff9d7a8a000 	C:\Program Files\AdoptOpenJDK\jdk-14.0.1.7-hotspot\bin\jimage.dll
0x00007ff9d9e30000 - 0x00007ff9da024000 	C:\WINDOWS\SYSTEM32\DBGHELP.DLL
0x00007ff9c9070000 - 0x00007ff9c909a000 	C:\WINDOWS\SYSTEM32\dbgcore.DLL
0x00007ff9d68e0000 - 0x00007ff9d6905000 	C:\Program Files\AdoptOpenJDK\jdk-14.0.1.7-hotspot\bin\java.dll
0x00007ff9d68a0000 - 0x00007ff9d68b6000 	C:\Program Files\AdoptOpenJDK\jdk-14.0.1.7-hotspot\bin\zip.dll
0x00007ff9dd450000 - 0x00007ff9ddb37000 	C:\WINDOWS\System32\SHELL32.dll
0x00007ff9dd1c0000 - 0x00007ff9dd269000 	C:\WINDOWS\System32\shcore.dll
0x00007ff9dbb90000 - 0x00007ff9dc311000 	C:\WINDOWS\System32\windows.storage.dll
0x00007ff9db490000 - 0x00007ff9db4b3000 	C:\WINDOWS\System32\profapi.dll
0x00007ff9db4e0000 - 0x00007ff9db52a000 	C:\WINDOWS\System32\powrprof.dll
0x00007ff9db460000 - 0x00007ff9db470000 	C:\WINDOWS\System32\UMPDC.dll
0x00007ff9dca00000 - 0x00007ff9dca52000 	C:\WINDOWS\System32\shlwapi.dll
0x00007ff9dc5d0000 - 0x00007ff9dc5e7000 	C:\WINDOWS\System32\cryptsp.dll
0x00007ff9d0a80000 - 0x00007ff9d0c17000 	C:\Program Files\AdoptOpenJDK\jdk-14.0.1.7-hotspot\bin\awt.dll
0x00007ff9ddca0000 - 0x00007ff9ddd65000 	C:\WINDOWS\System32\OLEAUT32.dll
0x00007ff9d92f0000 - 0x00007ff9d937f000 	C:\WINDOWS\SYSTEM32\apphelp.dll
0x00007ff9d9900000 - 0x00007ff9d992d000 	C:\WINDOWS\system32\DWMAPI.DLL
0x00007ff9d94d0000 - 0x00007ff9d9569000 	C:\WINDOWS\system32\uxtheme.dll
0x00007ff9bc210000 - 0x00007ff9bc366000 	C:\WINDOWS\system32\opengl32.dll
0x00007ff9bc0c0000 - 0x00007ff9bc0ec000 	C:\WINDOWS\SYSTEM32\GLU32.dll
0x00007ff9da0a0000 - 0x00007ff9da0c0000 	C:\WINDOWS\SYSTEM32\dxcore.dll
0x00007ff9de440000 - 0x00007ff9de575000 	C:\WINDOWS\System32\MSCTF.dll
0x00007ff9dc890000 - 0x00007ff9dc9e7000 	C:\WINDOWS\System32\ole32.dll
0x00007ff9cf880000 - 0x00007ff9cf902000 	C:\Program Files\AdoptOpenJDK\jdk-14.0.1.7-hotspot\bin\freetype.dll
0x00007ff9cf7d0000 - 0x00007ff9cf876000 	C:\Program Files\AdoptOpenJDK\jdk-14.0.1.7-hotspot\bin\fontmanager.dll
0x00007ff9d5990000 - 0x00007ff9d59a9000 	C:\Program Files\AdoptOpenJDK\jdk-14.0.1.7-hotspot\bin\net.dll
0x00007ff9ce6c0000 - 0x00007ff9ce7b0000 	C:\WINDOWS\SYSTEM32\WINHTTP.dll
0x00007ff9dac50000 - 0x00007ff9dacb7000 	C:\WINDOWS\system32\mswsock.dll
0x00007ff9d5970000 - 0x00007ff9d5982000 	C:\Program Files\AdoptOpenJDK\jdk-14.0.1.7-hotspot\bin\nio.dll

dbghelp: loaded successfully - version: 4.0.5 - missing functions: none
symbol engine: initialized successfully - sym options: 0x614 - pdb path: .;C:\Program Files\AdoptOpenJDK\jdk-14.0.1.7-hotspot\bin;C:\WINDOWS\SYSTEM32;C:\WINDOWS\WinSxS\amd64_microsoft.windows.common-controls_6595b64144ccf1df_6.0.18362.1256_none_9e7e379be45e40e2;C:\Program Files\AdoptOpenJDK\jdk-14.0.1.7-hotspot\bin\server

VM Arguments:
jvm_args: -Dfile.encoding=UTF-8 
java_command: êßçÏé©èK.BMS17
java_class_path (initial): C:\Users\ì˙çÇêTñÁ\git\-\êßçÏé©èK\bin
Launcher Type: SUN_STANDARD

[Global flags]
     intx CICompilerCount                          = 4                                         {product} {ergonomic}
     uint ConcGCThreads                            = 2                                         {product} {ergonomic}
     uint G1ConcRefinementThreads                  = 8                                         {product} {ergonomic}
   size_t G1HeapRegionSize                         = 1048576                                   {product} {ergonomic}
    uintx GCDrainStackTargetSize                   = 64                                        {product} {ergonomic}
   size_t InitialHeapSize                          = 134217728                                 {product} {ergonomic}
   size_t MarkStackSize                            = 4194304                                   {product} {ergonomic}
   size_t MaxHeapSize                              = 2128609280                                {product} {ergonomic}
   size_t MaxNewSize                               = 1277165568                                {product} {ergonomic}
   size_t MinHeapDeltaBytes                        = 1048576                                   {product} {ergonomic}
   size_t MinHeapSize                              = 8388608                                   {product} {ergonomic}
    uintx NonNMethodCodeHeapSize                   = 5839372                                {pd product} {ergonomic}
    uintx NonProfiledCodeHeapSize                  = 122909434                              {pd product} {ergonomic}
    uintx ProfiledCodeHeapSize                     = 122909434                              {pd product} {ergonomic}
    uintx ReservedCodeCacheSize                    = 251658240                              {pd product} {ergonomic}
     bool SegmentedCodeCache                       = true                                      {product} {ergonomic}
   size_t SoftMaxHeapSize                          = 2128609280                             {manageable} {ergonomic}
     bool UseCompressedClassPointers               = true                                 {lp64_product} {ergonomic}
     bool UseCompressedOops                        = true                                 {lp64_product} {ergonomic}
     bool UseG1GC                                  = true                                      {product} {ergonomic}
     bool UseLargePagesIndividualAllocation        = false                                  {pd product} {ergonomic}

Logging:
Log output configuration:
 #0: stdout all=warning uptime,level,tags
 #1: stderr all=off uptime,level,tags

Environment Variables:
JAVA_HOME=C:\Program Files\AdoptOpenJDK\jdk-14.0.1.7-hotspot\
PATH=C:/Program Files/AdoptOpenJDK/jdk-14.0.1.7-hotspot/bin/client;C:/Program Files/AdoptOpenJDK/jdk-14.0.1.7-hotspot/bin;C:\Program Files\AdoptOpenJDK\jdk-14.0.1.7-hotspot\bin;C:\WINDOWS\system32;C:\WINDOWS;C:\WINDOWS\System32\Wbem;C:\WINDOWS\System32\WindowsPowerShell\v1.0\;C:\WINDOWS\System32\OpenSSH\;C:\Program Files\Intel\WiFi\bin\;C:\Program Files\Common Files\Intel\WirelessCommon\;C:\Program Files\dotnet\;C:\Program Files\Microsoft SQL Server\130\Tools\Binn\;C:\HashiCorp\Vagrant\bin;C:\java\derby\bin;C:\Program Files\AdoptOpenJDK\jdk-14.0.1.7-hotspot\bin;C:\WINDOWS\system32;C:\WINDOWS;C:\WINDOWS\System32\Wbem;C:\WINDOWS\System32\WindowsPowerShell\v1.0\;C:\WINDOWS\System32\OpenSSH\;C:\Program Files\Intel\WiFi\bin\;C:\Program Files\Common Files\Intel\WirelessCommon\;C:\Program Files\dotnet\;C:\Program Files\Microsoft SQL Server\130\Tools\Binn\;C:\python\Python3;C:\python\Python3\Library\mingw-w64\bin;C:\python\Python3\Library\usr\bin;C:\python\Python3\Library\bin;C:\python\Python3\Scripts;C:\Users\ì˙çÇêTñÁ\AppData\Local\Microsoft\WindowsApps;C:\MinGW\bin;C:\Users\ì˙çÇêTñÁ\AppData\Local\Microsoft\WindowsApps;C:\Java\eclipse;
USERNAME=hidaka
OS=Windows_NT
PROCESSOR_IDENTIFIER=Intel64 Family 6 Model 142 Stepping 10, GenuineIntel



---------------  S Y S T E M  ---------------

OS: Windows 10 , 64 bit Build 18362 (10.0.18362.1110)
OS uptime: 22 days 9:59 hours

CPU:total 8 (initial active 8) (4 cores per cpu, 2 threads per core) family 6 model 142 stepping 10, cmov, cx8, fxsr, mmx, sse, sse2, sse3, ssse3, sse4.1, sse4.2, popcnt, avx, avx2, aes, clmul, erms, 3dnowpref, lzcnt, ht, tsc, tscinvbit, bmi1, bmi2, adx, fma

Memory: 4k page, system-wide physical 8118M (3178M free)
TotalPageFile size 10976M (AvailPageFile size 3045M)
current process WorkingSet (physical memory assigned to process): 106M, peak: 107M
current process commit charge ("private bytes"): 245M, peak: 246M

vm_info: OpenJDK 64-Bit Server VM (14.0.1+7) for windows-amd64 JRE (14.0.1+7), built on Apr 22 2020 14:10:56 by "" with MS VC++ 15.9 (VS2017)

END.
