#
# A fatal error has been detected by the Java Runtime Environment:
#
#  EXCEPTION_ACCESS_VIOLATION (0xc0000005) at pc=0x00007ff84aa9f74a, pid=8772, tid=8400
#
# JRE version: OpenJDK Runtime Environment AdoptOpenJDK (14.0.1+7) (build 14.0.1+7)
# Java VM: OpenJDK 64-Bit Server VM AdoptOpenJDK (14.0.1+7, mixed mode, sharing, tiered, compressed oops, g1 gc, windows-amd64)
# Problematic frame:
# C  [awt.dll+0x8f74a]
#
# No core dump will be written. Minidumps are not enabled by default on client versions of Windows
#
# If you would like to submit a bug report, please visit:
#   https://github.com/AdoptOpenJDK/openjdk-support/issues
# The crash happened outside the Java Virtual Machine in native code.
# See problematic frame for where to report the bug.
#

---------------  S U M M A R Y ------------

Command Line: -Dfile.encoding=UTF-8 êßçÏé©èK.keigomenu

Host: Intel(R) Core(TM) i5-8250U CPU @ 1.60GHz, 8 cores, 7G,  Windows 10 , 64 bit Build 18362 (10.0.18362.1110)
Time: Tue Dec  8 19:23:09 2020 ???? (?W?Ä??) elapsed time: 0 seconds (0d 0h 0m 0s)

---------------  T H R E A D  ---------------

Current thread (0x000001b2c944a000):  JavaThread "main" [_thread_in_native, id=8400, stack(0x0000007641000000,0x0000007641100000)]

Stack: [0x0000007641000000,0x0000007641100000],  sp=0x00000076410fe860,  free space=1018k
Native frames: (J=compiled Java code, j=interpreted, Vv=VM code, C=native code)
C  [awt.dll+0x8f74a]

Java frames: (J=compiled Java code, j=interpreted, Vv=VM code)
j  sun.awt.windows.WComponentPeer._setFont(Ljava/awt/Font;)V+0 java.desktop@14.0.1
j  sun.awt.windows.WComponentPeer.setFont(Ljava/awt/Font;)V+7 java.desktop@14.0.1
j  sun.awt.windows.WWindowPeer.initialize()V+42 java.desktop@14.0.1
j  sun.awt.windows.WFramePeer.initialize()V+1 java.desktop@14.0.1
j  sun.awt.windows.WComponentPeer.<init>(Ljava/awt/Component;)V+83 java.desktop@14.0.1
j  sun.awt.windows.WCanvasPeer.<init>(Ljava/awt/Component;)V+2 java.desktop@14.0.1
j  sun.awt.windows.WPanelPeer.<init>(Ljava/awt/Component;)V+2 java.desktop@14.0.1
j  sun.awt.windows.WWindowPeer.<init>(Ljava/awt/Window;)V+2 java.desktop@14.0.1
j  sun.awt.windows.WFramePeer.<init>(Ljava/awt/Frame;)V+2 java.desktop@14.0.1
j  sun.awt.windows.WToolkit.createFrame(Ljava/awt/Frame;)Ljava/awt/peer/FramePeer;+5 java.desktop@14.0.1
j  java.awt.Frame.addNotify()V+20 java.desktop@14.0.1
j  javax.swing.SwingUtilities$SharedOwnerFrame.addNotify()V+1 java.desktop@14.0.1
j  java.awt.Dialog.addNotify()V+28 java.desktop@14.0.1
j  java.awt.Dialog.conditionalShow(Ljava/awt/Component;Ljava/util/concurrent/atomic/AtomicLong;)Z+20 java.desktop@14.0.1
j  java.awt.Dialog.show()V+62 java.desktop@14.0.1
j  java.awt.Component.show(Z)V+5 java.desktop@14.0.1
j  java.awt.Component.setVisible(Z)V+2 java.desktop@14.0.1
j  java.awt.Window.setVisible(Z)V+2 java.desktop@14.0.1
j  java.awt.Dialog.setVisible(Z)V+2 java.desktop@14.0.1
j  Âà∂‰ΩúËá™Áøí.keigomenu.main([Ljava/lang/String;)V+15
v  ~StubRoutines::call_stub

siginfo: EXCEPTION_ACCESS_VIOLATION (0xc0000005), reading address 0x0000000000000058


Register to memory mapping:

RIP=0x00007ff84aa9f74a awt.dll
RAX=0x00007ff84ab1a660 awt.dll
RBX=0x000001b2c944a310 points into unknown readable memory: 50 3c 3e 18 f8 7f 00 00
RCX=0x000001b2e9437330 points into unknown readable memory: 60 a6 b1 4a f8 7f 00 00
RDX=0x0 is NULL
RSP=0x00000076410fe860 is pointing into the stack for thread: 0x000001b2c944a000
RBP=0x0 is NULL
RSI=0x000001b2e9410470 is a global jni handle
RDI=0x000001b2e9410480 is a global jni handle
R8 =0x0000000000000042 is an unknown value
R9 =0x0000000800b4c1a0 is a pointer to class: 
java.awt.Font {0x0000000800b4c1a8}
R10=0x0000000000008000 is an unknown value
R11=0x00000076410fe860 is pointing into the stack for thread: 0x000001b2c944a000
R12=0x0 is NULL
R13={method} {0x000001b2e88ffcd8} '_setFont' '(Ljava/awt/Font;)V' in 'sun/awt/windows/WComponentPeer'
R14=0x000001b2e9437330 points into unknown readable memory: 60 a6 b1 4a f8 7f 00 00
R15=0x000001b2e9ef5d30 points into unknown readable memory: 70 04 41 e9 b2 01 00 00


Registers:
RAX=0x00007ff84ab1a660, RBX=0x000001b2c944a310, RCX=0x000001b2e9437330, RDX=0x0000000000000000
RSP=0x00000076410fe860, RBP=0x0000000000000000, RSI=0x000001b2e9410470, RDI=0x000001b2e9410480
R8 =0x0000000000000042, R9 =0x0000000800b4c1a0, R10=0x0000000000008000, R11=0x00000076410fe860
R12=0x0000000000000000, R13=0x000001b2e88ffcd0, R14=0x000001b2e9437330, R15=0x000001b2e9ef5d30
RIP=0x00007ff84aa9f74a, EFLAGS=0x0000000000010206

Top of Stack: (sp=0x00000076410fe860)
0x00000076410fe860:   000001b2e9ef5d30 000001b2e9437330
0x00000076410fe870:   000001b2e9ef5d30 000001b2e9437330
0x00000076410fe880:   000001b2e9410480 00007ff84aaa4655
0x00000076410fe890:   000001b2c944a310 000001b2c944a310
0x00000076410fe8a0:   0000000000000000 000001b2e9410470
0x00000076410fe8b0:   000001b2c944a000 00000076410fea00
0x00000076410fe8c0:   000001b2e9ef5d30 00007ff84aadd59b
0x00000076410fe8d0:   00007ff84ab5f018 00000076410fe9d8
0x00000076410fe8e0:   00007ff84aaa4528 0000000000000000
0x00000076410fe8f0:   fffffffffffffffe fffffffffffffffe
0x00000076410fe900:   000001b2e9410470 00007ff84aaa581c
0x00000076410fe910:   000001b2e9410480 00000076410fe9f8
0x00000076410fe920:   00000076410fe9f8 00007ff84ab5f018
0x00000076410fe930:   fffffffffffffffe 00007ff817f563f9
0x00000076410fe940:   000001b2d1eba1b3 000001b2d1ec00b4
0x00000076410fe950:   000001b2e88ffcd0 0000000000000000 

Instructions: (pc=0x00007ff84aa9f74a)
0x00007ff84aa9f64a:   00 48 8b d9 e8 d9 dc ff ff 48 8b f8 48 85 c0 75
0x00007ff84aa9f65a:   04 48 8b 7b 48 48 8b cf e8 93 15 05 00 48 8b d8
0x00007ff84aa9f66a:   48 85 c0 74 60 83 64 24 20 00 0f 57 c0 83 64 24
0x00007ff84aa9f67a:   34 00 b9 11 00 00 00 83 64 24 38 00 f3 0f 7f 44
0x00007ff84aa9f68a:   24 24 ff 15 86 bc 0b 00 4c 8d 44 24 40 ba 5c 00
0x00007ff84aa9f69a:   00 00 48 8b c8 ff 15 2b bf 0b 00 83 f8 5c 75 0d
0x00007ff84aa9f6aa:   48 8d 54 24 40 48 8b cb e8 f2 15 05 00 48 8d 54
0x00007ff84aa9f6ba:   24 20 48 8b cb e8 09 16 05 00 48 8b d3 48 8b cf
0x00007ff84aa9f6ca:   e8 b6 15 05 00 48 8b 8c 24 a0 00 00 00 48 33 cc
0x00007ff84aa9f6da:   e8 e1 22 05 00 48 8b 9c 24 c8 00 00 00 48 81 c4
0x00007ff84aa9f6ea:   b0 00 00 00 5f c3 40 53 48 83 ec 20 48 8b d9 ff
0x00007ff84aa9f6fa:   15 69 c4 0b 00 48 85 c0 75 0a 48 8b 4b 48 ff 15
0x00007ff84aa9f70a:   52 c4 0b 00 48 83 c4 20 5b c3 4c 63 c2 48 8b 15
0x00007ff84aa9f71a:   2a a8 0b 00 48 ff 25 e3 c2 0b 00 cc cc cc 48 8b
0x00007ff84aa9f72a:   d1 48 8b 0d 1e d8 0b 00 48 89 15 17 d8 0b 00 e9
0x00007ff84aa9f73a:   f6 63 04 00 cc cc 48 89 5c 24 08 57 48 83 ec 20
0x00007ff84aa9f74a:   83 7a 58 00 48 8b da 48 8b f9 7d 08 48 8b ca e8
0x00007ff84aa9f75a:   4a 95 01 00 4c 8b 43 48 45 33 c9 48 8b 4f 48 4d
0x00007ff84aa9f76a:   8b 00 41 8d 51 30 ff 15 5a c5 0b 00 48 8b 4f 48
0x00007ff84aa9f77a:   33 d2 44 8d 42 01 48 8b 5c 24 30 48 83 c4 20 5f
0x00007ff84aa9f78a:   48 ff 25 f7 c3 0b 00 cc cc cc 48 8b c4 48 89 58
0x00007ff84aa9f79a:   08 48 89 68 10 48 89 70 18 48 89 78 20 41 56 48
0x00007ff84aa9f7aa:   83 ec 20 4c 8b f2 48 8b f9 48 8b 0d 3e f6 0b 00
0x00007ff84aa9f7ba:   ba 02 00 01 00 41 8b e8 e8 04 21 05 00 48 8b 97
0x00007ff84aa9f7ca:   c0 00 00 00 33 db 48 8b f0 48 85 d2 74 0d 4c 8b
0x00007ff84aa9f7da:   08 48 8b c8 41 ff 91 b0 00 00 00 4d 85 f6 74 14
0x00007ff84aa9f7ea:   48 8b 06 49 8b d6 48 8b ce ff 90 a8 00 00 00 48
0x00007ff84aa9f7fa:   8b d8 eb 05 bd 01 00 00 00 48 89 9f c0 00 00 00
0x00007ff84aa9f80a:   89 af c8 00 00 00 48 8b 5c 24 30 48 8b 6c 24 38
0x00007ff84aa9f81a:   48 8b 74 24 40 48 8b 7c 24 48 48 83 c4 20 41 5e
0x00007ff84aa9f82a:   c3 cc 48 89 5c 24 08 48 89 6c 24 10 48 89 74 24
0x00007ff84aa9f83a:   18 57 48 83 ec 20 33 db 48 8b f9 48 85 c9 75 09 


Stack slot to memory mapping:
stack at sp + 0 slots: 0x000001b2e9ef5d30 points into unknown readable memory: 70 04 41 e9 b2 01 00 00
stack at sp + 1 slots: 0x000001b2e9437330 points into unknown readable memory: 60 a6 b1 4a f8 7f 00 00
stack at sp + 2 slots: 0x000001b2e9ef5d30 points into unknown readable memory: 70 04 41 e9 b2 01 00 00
stack at sp + 3 slots: 0x000001b2e9437330 points into unknown readable memory: 60 a6 b1 4a f8 7f 00 00
stack at sp + 4 slots: 0x000001b2e9410480 is a global jni handle
stack at sp + 5 slots: 0x00007ff84aaa4655 awt.dll
stack at sp + 6 slots: 0x000001b2c944a310 points into unknown readable memory: 50 3c 3e 18 f8 7f 00 00
stack at sp + 7 slots: 0x000001b2c944a310 points into unknown readable memory: 50 3c 3e 18 f8 7f 00 00


---------------  P R O C E S S  ---------------

Threads class SMR info:
_java_thread_list=0x000001b2e9475940, length=16, elements={
0x000001b2c944a000, 0x000001b2e8791800, 0x000001b2e8793000, 0x000001b2e87b1800,
0x000001b2e87b4800, 0x000001b2e87b7000, 0x000001b2e87ba800, 0x000001b2e87bf000,
0x000001b2e87cb000, 0x000001b2e91ac000, 0x000001b2e91a8000, 0x000001b2e91a8800,
0x000001b2e91a6000, 0x000001b2e91ab000, 0x000001b2e91a9800, 0x000001b2e91a7000
}

Java Threads: ( => current thread )
=>0x000001b2c944a000 JavaThread "main" [_thread_in_native, id=8400, stack(0x0000007641000000,0x0000007641100000)]
  0x000001b2e8791800 JavaThread "Reference Handler" daemon [_thread_blocked, id=26764, stack(0x0000007641700000,0x0000007641800000)]
  0x000001b2e8793000 JavaThread "Finalizer" daemon [_thread_blocked, id=26084, stack(0x0000007641800000,0x0000007641900000)]
  0x000001b2e87b1800 JavaThread "Signal Dispatcher" daemon [_thread_blocked, id=27400, stack(0x0000007641900000,0x0000007641a00000)]
  0x000001b2e87b4800 JavaThread "Attach Listener" daemon [_thread_blocked, id=14908, stack(0x0000007641a00000,0x0000007641b00000)]
  0x000001b2e87b7000 JavaThread "Service Thread" daemon [_thread_blocked, id=29076, stack(0x0000007641b00000,0x0000007641c00000)]
  0x000001b2e87ba800 JavaThread "C2 CompilerThread0" daemon [_thread_blocked, id=27744, stack(0x0000007641c00000,0x0000007641d00000)]
  0x000001b2e87bf000 JavaThread "C1 CompilerThread0" daemon [_thread_blocked, id=2564, stack(0x0000007641d00000,0x0000007641e00000)]
  0x000001b2e87cb000 JavaThread "Sweeper thread" daemon [_thread_blocked, id=28132, stack(0x0000007641e00000,0x0000007641f00000)]
  0x000001b2e91ac000 JavaThread "Notification Thread" daemon [_thread_blocked, id=24812, stack(0x0000007641f00000,0x0000007642000000)]
  0x000001b2e91a8000 JavaThread "Common-Cleaner" daemon [_thread_blocked, id=26528, stack(0x0000007642100000,0x0000007642200000)]
  0x000001b2e91a8800 JavaThread "Java2D Disposer" daemon [_thread_blocked, id=148, stack(0x0000007642200000,0x0000007642300000)]
  0x000001b2e91a6000 JavaThread "AWT-Shutdown" [_thread_blocked, id=25484, stack(0x0000007642300000,0x0000007642400000)]
  0x000001b2e91ab000 JavaThread "AWT-Windows" daemon [_thread_in_native, id=28348, stack(0x0000007642400000,0x0000007642500000)]
  0x000001b2e91a9800 JavaThread "Image Fetcher 0" daemon [_thread_blocked, id=3576, stack(0x0000007642500000,0x0000007642600000)]
  0x000001b2e91a7000 JavaThread "AWT-EventQueue-0" [_thread_blocked, id=10528, stack(0x0000007642600000,0x0000007642700000)]

Other Threads:
  0x000001b2e878f000 VMThread "VM Thread" [stack: 0x0000007641600000,0x0000007641700000] [id=22936]
  0x000001b2e91ba800 WatcherThread [stack: 0x0000007642000000,0x0000007642100000] [id=29524]
  0x000001b2c948e000 GCTaskThread "GC Thread#0" [stack: 0x0000007641100000,0x0000007641200000] [id=26156]
  0x000001b2c94a0000 ConcurrentGCThread "G1 Main Marker" [stack: 0x0000007641200000,0x0000007641300000] [id=29396]
  0x000001b2c94a2000 ConcurrentGCThread "G1 Conc#0" [stack: 0x0000007641300000,0x0000007641400000] [id=21968]
  0x000001b2c951e000 ConcurrentGCThread "G1 Refine#0" [stack: 0x0000007641400000,0x0000007641500000] [id=28920]
  0x000001b2e8602800 ConcurrentGCThread "G1 Young RemSet Sampling" [stack: 0x0000007641500000,0x0000007641600000] [id=27952]

Threads with active compile tasks:

VM state:not at safepoint (normal execution)

VM Mutex/Monitor currently owned by a thread: None

Heap address: 0x0000000081200000, size: 2030 MB, Compressed Oops mode: 32-bit
Narrow klass base: 0x0000000800000000, Narrow klass shift: 3
Compressed class space size: 1073741824 Address: 0x0000000800b30000

Heap:
 garbage-first heap   total 131072K, used 4096K [0x0000000081200000, 0x0000000100000000)
  region size 1024K, 5 young (5120K), 0 survivors (0K)
 Metaspace       used 5677K, capacity 5914K, committed 6272K, reserved 1056768K
  class space    used 657K, capacity 787K, committed 896K, reserved 1048576K
Heap Regions: E=young(eden), S=young(survivor), O=old, HS=humongous(starts), HC=humongous(continues), CS=collection set, F=free, OA=open archive, CA=closed archive, TAMS=top-at-mark-start (previous, next)
|   0|0x0000000081200000, 0x0000000081200000, 0x0000000081300000|  0%| F|  |TAMS 0x0000000081200000, 0x0000000081200000| Untracked 
|   1|0x0000000081300000, 0x0000000081300000, 0x0000000081400000|  0%| F|  |TAMS 0x0000000081300000, 0x0000000081300000| Untracked 
|   2|0x0000000081400000, 0x0000000081400000, 0x0000000081500000|  0%| F|  |TAMS 0x0000000081400000, 0x0000000081400000| Untracked 
|   3|0x0000000081500000, 0x0000000081500000, 0x0000000081600000|  0%| F|  |TAMS 0x0000000081500000, 0x0000000081500000| Untracked 
|   4|0x0000000081600000, 0x0000000081600000, 0x0000000081700000|  0%| F|  |TAMS 0x0000000081600000, 0x0000000081600000| Untracked 
|   5|0x0000000081700000, 0x0000000081700000, 0x0000000081800000|  0%| F|  |TAMS 0x0000000081700000, 0x0000000081700000| Untracked 
|   6|0x0000000081800000, 0x0000000081800000, 0x0000000081900000|  0%| F|  |TAMS 0x0000000081800000, 0x0000000081800000| Untracked 
|   7|0x0000000081900000, 0x0000000081900000, 0x0000000081a00000|  0%| F|  |TAMS 0x0000000081900000, 0x0000000081900000| Untracked 
|   8|0x0000000081a00000, 0x0000000081a00000, 0x0000000081b00000|  0%| F|  |TAMS 0x0000000081a00000, 0x0000000081a00000| Untracked 
|   9|0x0000000081b00000, 0x0000000081b00000, 0x0000000081c00000|  0%| F|  |TAMS 0x0000000081b00000, 0x0000000081b00000| Untracked 
|  10|0x0000000081c00000, 0x0000000081c00000, 0x0000000081d00000|  0%| F|  |TAMS 0x0000000081c00000, 0x0000000081c00000| Untracked 
|  11|0x0000000081d00000, 0x0000000081d00000, 0x0000000081e00000|  0%| F|  |TAMS 0x0000000081d00000, 0x0000000081d00000| Untracked 
|  12|0x0000000081e00000, 0x0000000081e00000, 0x0000000081f00000|  0%| F|  |TAMS 0x0000000081e00000, 0x0000000081e00000| Untracked 
|  13|0x0000000081f00000, 0x0000000081f00000, 0x0000000082000000|  0%| F|  |TAMS 0x0000000081f00000, 0x0000000081f00000| Untracked 
|  14|0x0000000082000000, 0x0000000082000000, 0x0000000082100000|  0%| F|  |TAMS 0x0000000082000000, 0x0000000082000000| Untracked 
|  15|0x0000000082100000, 0x0000000082100000, 0x0000000082200000|  0%| F|  |TAMS 0x0000000082100000, 0x0000000082100000| Untracked 
|  16|0x0000000082200000, 0x0000000082200000, 0x0000000082300000|  0%| F|  |TAMS 0x0000000082200000, 0x0000000082200000| Untracked 
|  17|0x0000000082300000, 0x0000000082300000, 0x0000000082400000|  0%| F|  |TAMS 0x0000000082300000, 0x0000000082300000| Untracked 
|  18|0x0000000082400000, 0x0000000082400000, 0x0000000082500000|  0%| F|  |TAMS 0x0000000082400000, 0x0000000082400000| Untracked 
|  19|0x0000000082500000, 0x0000000082500000, 0x0000000082600000|  0%| F|  |TAMS 0x0000000082500000, 0x0000000082500000| Untracked 
|  20|0x0000000082600000, 0x0000000082600000, 0x0000000082700000|  0%| F|  |TAMS 0x0000000082600000, 0x0000000082600000| Untracked 
|  21|0x0000000082700000, 0x0000000082700000, 0x0000000082800000|  0%| F|  |TAMS 0x0000000082700000, 0x0000000082700000| Untracked 
|  22|0x0000000082800000, 0x0000000082800000, 0x0000000082900000|  0%| F|  |TAMS 0x0000000082800000, 0x0000000082800000| Untracked 
|  23|0x0000000082900000, 0x0000000082900000, 0x0000000082a00000|  0%| F|  |TAMS 0x0000000082900000, 0x0000000082900000| Untracked 
|  24|0x0000000082a00000, 0x0000000082a00000, 0x0000000082b00000|  0%| F|  |TAMS 0x0000000082a00000, 0x0000000082a00000| Untracked 
|  25|0x0000000082b00000, 0x0000000082b00000, 0x0000000082c00000|  0%| F|  |TAMS 0x0000000082b00000, 0x0000000082b00000| Untracked 
|  26|0x0000000082c00000, 0x0000000082c00000, 0x0000000082d00000|  0%| F|  |TAMS 0x0000000082c00000, 0x0000000082c00000| Untracked 
|  27|0x0000000082d00000, 0x0000000082d00000, 0x0000000082e00000|  0%| F|  |TAMS 0x0000000082d00000, 0x0000000082d00000| Untracked 
|  28|0x0000000082e00000, 0x0000000082e00000, 0x0000000082f00000|  0%| F|  |TAMS 0x0000000082e00000, 0x0000000082e00000| Untracked 
|  29|0x0000000082f00000, 0x0000000082f00000, 0x0000000083000000|  0%| F|  |TAMS 0x0000000082f00000, 0x0000000082f00000| Untracked 
|  30|0x0000000083000000, 0x0000000083000000, 0x0000000083100000|  0%| F|  |TAMS 0x0000000083000000, 0x0000000083000000| Untracked 
|  31|0x0000000083100000, 0x0000000083100000, 0x0000000083200000|  0%| F|  |TAMS 0x0000000083100000, 0x0000000083100000| Untracked 
|  32|0x0000000083200000, 0x0000000083200000, 0x0000000083300000|  0%| F|  |TAMS 0x0000000083200000, 0x0000000083200000| Untracked 
|  33|0x0000000083300000, 0x0000000083300000, 0x0000000083400000|  0%| F|  |TAMS 0x0000000083300000, 0x0000000083300000| Untracked 
|  34|0x0000000083400000, 0x0000000083400000, 0x0000000083500000|  0%| F|  |TAMS 0x0000000083400000, 0x0000000083400000| Untracked 
|  35|0x0000000083500000, 0x0000000083500000, 0x0000000083600000|  0%| F|  |TAMS 0x0000000083500000, 0x0000000083500000| Untracked 
|  36|0x0000000083600000, 0x0000000083600000, 0x0000000083700000|  0%| F|  |TAMS 0x0000000083600000, 0x0000000083600000| Untracked 
|  37|0x0000000083700000, 0x0000000083700000, 0x0000000083800000|  0%| F|  |TAMS 0x0000000083700000, 0x0000000083700000| Untracked 
|  38|0x0000000083800000, 0x0000000083800000, 0x0000000083900000|  0%| F|  |TAMS 0x0000000083800000, 0x0000000083800000| Untracked 
|  39|0x0000000083900000, 0x0000000083900000, 0x0000000083a00000|  0%| F|  |TAMS 0x0000000083900000, 0x0000000083900000| Untracked 
|  40|0x0000000083a00000, 0x0000000083a00000, 0x0000000083b00000|  0%| F|  |TAMS 0x0000000083a00000, 0x0000000083a00000| Untracked 
|  41|0x0000000083b00000, 0x0000000083b00000, 0x0000000083c00000|  0%| F|  |TAMS 0x0000000083b00000, 0x0000000083b00000| Untracked 
|  42|0x0000000083c00000, 0x0000000083c00000, 0x0000000083d00000|  0%| F|  |TAMS 0x0000000083c00000, 0x0000000083c00000| Untracked 
|  43|0x0000000083d00000, 0x0000000083d00000, 0x0000000083e00000|  0%| F|  |TAMS 0x0000000083d00000, 0x0000000083d00000| Untracked 
|  44|0x0000000083e00000, 0x0000000083e00000, 0x0000000083f00000|  0%| F|  |TAMS 0x0000000083e00000, 0x0000000083e00000| Untracked 
|  45|0x0000000083f00000, 0x0000000083f00000, 0x0000000084000000|  0%| F|  |TAMS 0x0000000083f00000, 0x0000000083f00000| Untracked 
|  46|0x0000000084000000, 0x0000000084000000, 0x0000000084100000|  0%| F|  |TAMS 0x0000000084000000, 0x0000000084000000| Untracked 
|  47|0x0000000084100000, 0x0000000084100000, 0x0000000084200000|  0%| F|  |TAMS 0x0000000084100000, 0x0000000084100000| Untracked 
|  48|0x0000000084200000, 0x0000000084200000, 0x0000000084300000|  0%| F|  |TAMS 0x0000000084200000, 0x0000000084200000| Untracked 
|  49|0x0000000084300000, 0x0000000084300000, 0x0000000084400000|  0%| F|  |TAMS 0x0000000084300000, 0x0000000084300000| Untracked 
|  50|0x0000000084400000, 0x0000000084400000, 0x0000000084500000|  0%| F|  |TAMS 0x0000000084400000, 0x0000000084400000| Untracked 
|  51|0x0000000084500000, 0x0000000084500000, 0x0000000084600000|  0%| F|  |TAMS 0x0000000084500000, 0x0000000084500000| Untracked 
|  52|0x0000000084600000, 0x0000000084600000, 0x0000000084700000|  0%| F|  |TAMS 0x0000000084600000, 0x0000000084600000| Untracked 
|  53|0x0000000084700000, 0x0000000084700000, 0x0000000084800000|  0%| F|  |TAMS 0x0000000084700000, 0x0000000084700000| Untracked 
|  54|0x0000000084800000, 0x0000000084800000, 0x0000000084900000|  0%| F|  |TAMS 0x0000000084800000, 0x0000000084800000| Untracked 
|  55|0x0000000084900000, 0x0000000084900000, 0x0000000084a00000|  0%| F|  |TAMS 0x0000000084900000, 0x0000000084900000| Untracked 
|  56|0x0000000084a00000, 0x0000000084a00000, 0x0000000084b00000|  0%| F|  |TAMS 0x0000000084a00000, 0x0000000084a00000| Untracked 
|  57|0x0000000084b00000, 0x0000000084b00000, 0x0000000084c00000|  0%| F|  |TAMS 0x0000000084b00000, 0x0000000084b00000| Untracked 
|  58|0x0000000084c00000, 0x0000000084c00000, 0x0000000084d00000|  0%| F|  |TAMS 0x0000000084c00000, 0x0000000084c00000| Untracked 
|  59|0x0000000084d00000, 0x0000000084d00000, 0x0000000084e00000|  0%| F|  |TAMS 0x0000000084d00000, 0x0000000084d00000| Untracked 
|  60|0x0000000084e00000, 0x0000000084e00000, 0x0000000084f00000|  0%| F|  |TAMS 0x0000000084e00000, 0x0000000084e00000| Untracked 
|  61|0x0000000084f00000, 0x0000000084f00000, 0x0000000085000000|  0%| F|  |TAMS 0x0000000084f00000, 0x0000000084f00000| Untracked 
|  62|0x0000000085000000, 0x0000000085000000, 0x0000000085100000|  0%| F|  |TAMS 0x0000000085000000, 0x0000000085000000| Untracked 
|  63|0x0000000085100000, 0x0000000085100000, 0x0000000085200000|  0%| F|  |TAMS 0x0000000085100000, 0x0000000085100000| Untracked 
|  64|0x0000000085200000, 0x0000000085200000, 0x0000000085300000|  0%| F|  |TAMS 0x0000000085200000, 0x0000000085200000| Untracked 
|  65|0x0000000085300000, 0x0000000085300000, 0x0000000085400000|  0%| F|  |TAMS 0x0000000085300000, 0x0000000085300000| Untracked 
|  66|0x0000000085400000, 0x0000000085400000, 0x0000000085500000|  0%| F|  |TAMS 0x0000000085400000, 0x0000000085400000| Untracked 
|  67|0x0000000085500000, 0x0000000085500000, 0x0000000085600000|  0%| F|  |TAMS 0x0000000085500000, 0x0000000085500000| Untracked 
|  68|0x0000000085600000, 0x0000000085600000, 0x0000000085700000|  0%| F|  |TAMS 0x0000000085600000, 0x0000000085600000| Untracked 
|  69|0x0000000085700000, 0x0000000085700000, 0x0000000085800000|  0%| F|  |TAMS 0x0000000085700000, 0x0000000085700000| Untracked 
|  70|0x0000000085800000, 0x0000000085800000, 0x0000000085900000|  0%| F|  |TAMS 0x0000000085800000, 0x0000000085800000| Untracked 
|  71|0x0000000085900000, 0x0000000085900000, 0x0000000085a00000|  0%| F|  |TAMS 0x0000000085900000, 0x0000000085900000| Untracked 
|  72|0x0000000085a00000, 0x0000000085a00000, 0x0000000085b00000|  0%| F|  |TAMS 0x0000000085a00000, 0x0000000085a00000| Untracked 
|  73|0x0000000085b00000, 0x0000000085b00000, 0x0000000085c00000|  0%| F|  |TAMS 0x0000000085b00000, 0x0000000085b00000| Untracked 
|  74|0x0000000085c00000, 0x0000000085c00000, 0x0000000085d00000|  0%| F|  |TAMS 0x0000000085c00000, 0x0000000085c00000| Untracked 
|  75|0x0000000085d00000, 0x0000000085d00000, 0x0000000085e00000|  0%| F|  |TAMS 0x0000000085d00000, 0x0000000085d00000| Untracked 
|  76|0x0000000085e00000, 0x0000000085e00000, 0x0000000085f00000|  0%| F|  |TAMS 0x0000000085e00000, 0x0000000085e00000| Untracked 
|  77|0x0000000085f00000, 0x0000000085f00000, 0x0000000086000000|  0%| F|  |TAMS 0x0000000085f00000, 0x0000000085f00000| Untracked 
|  78|0x0000000086000000, 0x0000000086000000, 0x0000000086100000|  0%| F|  |TAMS 0x0000000086000000, 0x0000000086000000| Untracked 
|  79|0x0000000086100000, 0x0000000086100000, 0x0000000086200000|  0%| F|  |TAMS 0x0000000086100000, 0x0000000086100000| Untracked 
|  80|0x0000000086200000, 0x0000000086200000, 0x0000000086300000|  0%| F|  |TAMS 0x0000000086200000, 0x0000000086200000| Untracked 
|  81|0x0000000086300000, 0x0000000086300000, 0x0000000086400000|  0%| F|  |TAMS 0x0000000086300000, 0x0000000086300000| Untracked 
|  82|0x0000000086400000, 0x0000000086400000, 0x0000000086500000|  0%| F|  |TAMS 0x0000000086400000, 0x0000000086400000| Untracked 
|  83|0x0000000086500000, 0x0000000086500000, 0x0000000086600000|  0%| F|  |TAMS 0x0000000086500000, 0x0000000086500000| Untracked 
|  84|0x0000000086600000, 0x0000000086600000, 0x0000000086700000|  0%| F|  |TAMS 0x0000000086600000, 0x0000000086600000| Untracked 
|  85|0x0000000086700000, 0x0000000086700000, 0x0000000086800000|  0%| F|  |TAMS 0x0000000086700000, 0x0000000086700000| Untracked 
|  86|0x0000000086800000, 0x0000000086800000, 0x0000000086900000|  0%| F|  |TAMS 0x0000000086800000, 0x0000000086800000| Untracked 
|  87|0x0000000086900000, 0x0000000086900000, 0x0000000086a00000|  0%| F|  |TAMS 0x0000000086900000, 0x0000000086900000| Untracked 
|  88|0x0000000086a00000, 0x0000000086a00000, 0x0000000086b00000|  0%| F|  |TAMS 0x0000000086a00000, 0x0000000086a00000| Untracked 
|  89|0x0000000086b00000, 0x0000000086b00000, 0x0000000086c00000|  0%| F|  |TAMS 0x0000000086b00000, 0x0000000086b00000| Untracked 
|  90|0x0000000086c00000, 0x0000000086c00000, 0x0000000086d00000|  0%| F|  |TAMS 0x0000000086c00000, 0x0000000086c00000| Untracked 
|  91|0x0000000086d00000, 0x0000000086d00000, 0x0000000086e00000|  0%| F|  |TAMS 0x0000000086d00000, 0x0000000086d00000| Untracked 
|  92|0x0000000086e00000, 0x0000000086e00000, 0x0000000086f00000|  0%| F|  |TAMS 0x0000000086e00000, 0x0000000086e00000| Untracked 
|  93|0x0000000086f00000, 0x0000000086f00000, 0x0000000087000000|  0%| F|  |TAMS 0x0000000086f00000, 0x0000000086f00000| Untracked 
|  94|0x0000000087000000, 0x0000000087000000, 0x0000000087100000|  0%| F|  |TAMS 0x0000000087000000, 0x0000000087000000| Untracked 
|  95|0x0000000087100000, 0x0000000087100000, 0x0000000087200000|  0%| F|  |TAMS 0x0000000087100000, 0x0000000087100000| Untracked 
|  96|0x0000000087200000, 0x0000000087200000, 0x0000000087300000|  0%| F|  |TAMS 0x0000000087200000, 0x0000000087200000| Untracked 
|  97|0x0000000087300000, 0x0000000087300000, 0x0000000087400000|  0%| F|  |TAMS 0x0000000087300000, 0x0000000087300000| Untracked 
|  98|0x0000000087400000, 0x0000000087400000, 0x0000000087500000|  0%| F|  |TAMS 0x0000000087400000, 0x0000000087400000| Untracked 
|  99|0x0000000087500000, 0x0000000087500000, 0x0000000087600000|  0%| F|  |TAMS 0x0000000087500000, 0x0000000087500000| Untracked 
| 100|0x0000000087600000, 0x0000000087600000, 0x0000000087700000|  0%| F|  |TAMS 0x0000000087600000, 0x0000000087600000| Untracked 
| 101|0x0000000087700000, 0x0000000087700000, 0x0000000087800000|  0%| F|  |TAMS 0x0000000087700000, 0x0000000087700000| Untracked 
| 102|0x0000000087800000, 0x0000000087800000, 0x0000000087900000|  0%| F|  |TAMS 0x0000000087800000, 0x0000000087800000| Untracked 
| 103|0x0000000087900000, 0x0000000087900000, 0x0000000087a00000|  0%| F|  |TAMS 0x0000000087900000, 0x0000000087900000| Untracked 
| 104|0x0000000087a00000, 0x0000000087a00000, 0x0000000087b00000|  0%| F|  |TAMS 0x0000000087a00000, 0x0000000087a00000| Untracked 
| 105|0x0000000087b00000, 0x0000000087b00000, 0x0000000087c00000|  0%| F|  |TAMS 0x0000000087b00000, 0x0000000087b00000| Untracked 
| 106|0x0000000087c00000, 0x0000000087c00000, 0x0000000087d00000|  0%| F|  |TAMS 0x0000000087c00000, 0x0000000087c00000| Untracked 
| 107|0x0000000087d00000, 0x0000000087d00000, 0x0000000087e00000|  0%| F|  |TAMS 0x0000000087d00000, 0x0000000087d00000| Untracked 
| 108|0x0000000087e00000, 0x0000000087e00000, 0x0000000087f00000|  0%| F|  |TAMS 0x0000000087e00000, 0x0000000087e00000| Untracked 
| 109|0x0000000087f00000, 0x0000000087f00000, 0x0000000088000000|  0%| F|  |TAMS 0x0000000087f00000, 0x0000000087f00000| Untracked 
| 110|0x0000000088000000, 0x0000000088000000, 0x0000000088100000|  0%| F|  |TAMS 0x0000000088000000, 0x0000000088000000| Untracked 
| 111|0x0000000088100000, 0x0000000088100000, 0x0000000088200000|  0%| F|  |TAMS 0x0000000088100000, 0x0000000088100000| Untracked 
| 112|0x0000000088200000, 0x0000000088200000, 0x0000000088300000|  0%| F|  |TAMS 0x0000000088200000, 0x0000000088200000| Untracked 
| 113|0x0000000088300000, 0x0000000088300000, 0x0000000088400000|  0%| F|  |TAMS 0x0000000088300000, 0x0000000088300000| Untracked 
| 114|0x0000000088400000, 0x0000000088400000, 0x0000000088500000|  0%| F|  |TAMS 0x0000000088400000, 0x0000000088400000| Untracked 
| 115|0x0000000088500000, 0x0000000088500000, 0x0000000088600000|  0%| F|  |TAMS 0x0000000088500000, 0x0000000088500000| Untracked 
| 116|0x0000000088600000, 0x0000000088600000, 0x0000000088700000|  0%| F|  |TAMS 0x0000000088600000, 0x0000000088600000| Untracked 
| 117|0x0000000088700000, 0x0000000088700000, 0x0000000088800000|  0%| F|  |TAMS 0x0000000088700000, 0x0000000088700000| Untracked 
| 118|0x0000000088800000, 0x0000000088800000, 0x0000000088900000|  0%| F|  |TAMS 0x0000000088800000, 0x0000000088800000| Untracked 
| 119|0x0000000088900000, 0x0000000088900000, 0x0000000088a00000|  0%| F|  |TAMS 0x0000000088900000, 0x0000000088900000| Untracked 
| 120|0x0000000088a00000, 0x0000000088a00000, 0x0000000088b00000|  0%| F|  |TAMS 0x0000000088a00000, 0x0000000088a00000| Untracked 
| 121|0x0000000088b00000, 0x0000000088b00000, 0x0000000088c00000|  0%| F|  |TAMS 0x0000000088b00000, 0x0000000088b00000| Untracked 
| 122|0x0000000088c00000, 0x0000000088c00000, 0x0000000088d00000|  0%| F|  |TAMS 0x0000000088c00000, 0x0000000088c00000| Untracked 
| 123|0x0000000088d00000, 0x0000000088d76460, 0x0000000088e00000| 46%| E|  |TAMS 0x0000000088d00000, 0x0000000088d00000| Complete 
| 124|0x0000000088e00000, 0x0000000088f00000, 0x0000000088f00000|100%| E|CS|TAMS 0x0000000088e00000, 0x0000000088e00000| Complete 
| 125|0x0000000088f00000, 0x0000000089000000, 0x0000000089000000|100%| E|CS|TAMS 0x0000000088f00000, 0x0000000088f00000| Complete 
| 126|0x0000000089000000, 0x0000000089100000, 0x0000000089100000|100%| E|CS|TAMS 0x0000000089000000, 0x0000000089000000| Complete 
| 127|0x0000000089100000, 0x0000000089200000, 0x0000000089200000|100%| E|CS|TAMS 0x0000000089100000, 0x0000000089100000| Complete 

Card table byte_map: [0x000001b2e15e0000,0x000001b2e19e0000] _byte_map_base: 0x000001b2e11d7000

Marking Bits (Prev, Next): (CMBitMap*) 0x000001b2c948e998, (CMBitMap*) 0x000001b2c948e9d8
 Prev Bits: [0x000001b2e1de0000, 0x000001b2e3d98000)
 Next Bits: [0x000001b2e3da0000, 0x000001b2e5d58000)

Polling page: 0x000001b2c7420000

Metaspace:

Usage:
  Non-class:      5.01 MB capacity,     4.90 MB ( 98%) used,    90.38 KB (  2%) free+waste,    16.13 KB ( <1%) overhead. 
      Class:    787.00 KB capacity,   657.09 KB ( 83%) used,   118.35 KB ( 15%) free+waste,    11.56 KB (  1%) overhead. 
       Both:      5.78 MB capacity,     5.54 MB ( 96%) used,   208.73 KB (  4%) free+waste,    27.69 KB ( <1%) overhead. 

Virtual space:
  Non-class space:        8.00 MB reserved,       5.25 MB ( 66%) committed 
      Class space:        1.00 GB reserved,     896.00 KB ( <1%) committed 
             Both:        1.01 GB reserved,       6.13 MB ( <1%) committed 

Chunk freelists:
   Non-Class:  0 bytes
       Class:  13.00 KB
        Both:  13.00 KB

MaxMetaspaceSize: 17179869184.00 GB
CompressedClassSpaceSize: 1.00 GB

CodeHeap 'non-profiled nmethods': size=120000Kb used=151Kb max_used=151Kb free=119848Kb
 bounds [0x000001b2d9980000, 0x000001b2d9bf0000, 0x000001b2e0eb0000]
CodeHeap 'profiled nmethods': size=120000Kb used=836Kb max_used=836Kb free=119163Kb
 bounds [0x000001b2d2450000, 0x000001b2d26c0000, 0x000001b2d9980000]
CodeHeap 'non-nmethods': size=5760Kb used=1223Kb max_used=1236Kb free=4537Kb
 bounds [0x000001b2d1eb0000, 0x000001b2d2120000, 0x000001b2d2450000]
 total_blobs=1384 nmethods=545 adapters=408
 compilation: enabled
              stopped_count=0, restarted_count=0
 full_count=0

Compilation events (20 events):
Event: 0.568 Thread 0x000001b2e87bf000 nmethod 533 0x000001b2d251b910 code [0x000001b2d251bae0, 0x000001b2d251c038]
Event: 0.569 Thread 0x000001b2e87bf000  534       3       java.lang.Module::isNamed (13 bytes)
Event: 0.569 Thread 0x000001b2e87bf000 nmethod 534 0x000001b2d251c190 code [0x000001b2d251c320, 0x000001b2d251c498]
Event: 0.576 Thread 0x000001b2e87bf000  535       3       jdk.internal.org.objectweb.asm.MethodWriter::visitInsn (115 bytes)
Event: 0.578 Thread 0x000001b2e87bf000 nmethod 535 0x000001b2d251c510 code [0x000001b2d251c700, 0x000001b2d251cb28]
Event: 0.578 Thread 0x000001b2e87bf000  537       3       java.lang.invoke.LambdaForm::useCount (90 bytes)
Event: 0.579 Thread 0x000001b2e87bf000 nmethod 537 0x000001b2d251cd10 code [0x000001b2d251cee0, 0x000001b2d251d2b8]
Event: 0.579 Thread 0x000001b2e87bf000  536       3       sun.invoke.util.BytecodeDescriptor::unparse (37 bytes)
Event: 0.581 Thread 0x000001b2e87bf000 nmethod 536 0x000001b2d251d490 code [0x000001b2d251d6c0, 0x000001b2d251ddb8]
Event: 0.581 Thread 0x000001b2e87bf000  539       3       java.lang.invoke.LambdaForm$Name::internArguments (59 bytes)
Event: 0.583 Thread 0x000001b2e87bf000 nmethod 539 0x000001b2d251e010 code [0x000001b2d251e200, 0x000001b2d251e948]
Event: 0.583 Thread 0x000001b2e87bf000  541       3       java.lang.invoke.LambdaForm$BasicType::basicType (172 bytes)
Event: 0.585 Thread 0x000001b2e87bf000 nmethod 541 0x000001b2d251eb10 code [0x000001b2d251eda0, 0x000001b2d251f9c8]
Event: 0.585 Thread 0x000001b2e87bf000  540       3       jdk.internal.org.objectweb.asm.Frame::pop (44 bytes)
Event: 0.585 Thread 0x000001b2e87bf000 nmethod 540 0x000001b2d251fd10 code [0x000001b2d251fea0, 0x000001b2d2520038]
Event: 0.585 Thread 0x000001b2e87bf000  542       3       java.lang.invoke.LambdaFormBuffer::ownedCount (7 bytes)
Event: 0.586 Thread 0x000001b2e87bf000 nmethod 542 0x000001b2d2520110 code [0x000001b2d25202a0, 0x000001b2d25203b8]
Event: 0.586 Thread 0x000001b2e87bf000  543       3       jdk.internal.org.objectweb.asm.Frame::setLocal (65 bytes)
Event: 0.586 Thread 0x000001b2e87bf000 nmethod 543 0x000001b2d2520490 code [0x000001b2d2520660, 0x000001b2d2520bc8]
Event: 0.586 Thread 0x000001b2e87bf000  538       3       java.util.Arrays::copyOf (10 bytes)

GC Heap History (0 events):
No events

Deoptimization events (20 events):
Event: 0.112 Thread 0x000001b2c944a000 Uncommon trap: trap_request=0xffffff45 fr.pc=0x000001b2d9984c64 relative=0x0000000000000284
Event: 0.112 Thread 0x000001b2c944a000 Uncommon trap: reason=unstable_if action=reinterpret pc=0x000001b2d9984c64 method=java.lang.String.hashCode()I @ 20 c2
Event: 0.112 Thread 0x000001b2c944a000 DEOPT PACKING pc=0x000001b2d9984c64 sp=0x00000076410fe050
Event: 0.112 Thread 0x000001b2c944a000 DEOPT UNPACKING pc=0x000001b2d1ef912f sp=0x00000076410fdfe8 mode 2
Event: 0.297 Thread 0x000001b2c944a000 Uncommon trap: trap_request=0xffffffbe fr.pc=0x000001b2d9999338 relative=0x0000000000000598
Event: 0.297 Thread 0x000001b2c944a000 Uncommon trap: reason=profile_predicate action=maybe_recompile pc=0x000001b2d9999338 method=jdk.internal.org.objectweb.asm.ByteVector.putUTF8(Ljava/lang/String;)Ljdk/internal/org/objectweb/asm/ByteVector; @ 79 c2
Event: 0.297 Thread 0x000001b2c944a000 DEOPT PACKING pc=0x000001b2d9999338 sp=0x00000076410fd780
Event: 0.297 Thread 0x000001b2c944a000 DEOPT UNPACKING pc=0x000001b2d1ef912f sp=0x00000076410fd700 mode 2
Event: 0.297 Thread 0x000001b2c944a000 Uncommon trap: trap_request=0xffffffbe fr.pc=0x000001b2d9999338 relative=0x0000000000000598
Event: 0.297 Thread 0x000001b2c944a000 Uncommon trap: reason=profile_predicate action=maybe_recompile pc=0x000001b2d9999338 method=jdk.internal.org.objectweb.asm.ByteVector.putUTF8(Ljava/lang/String;)Ljdk/internal/org/objectweb/asm/ByteVector; @ 79 c2
Event: 0.297 Thread 0x000001b2c944a000 DEOPT PACKING pc=0x000001b2d9999338 sp=0x00000076410fd7f0
Event: 0.297 Thread 0x000001b2c944a000 DEOPT UNPACKING pc=0x000001b2d1ef912f sp=0x00000076410fd770 mode 2
Event: 0.297 Thread 0x000001b2c944a000 Uncommon trap: trap_request=0xffffffbe fr.pc=0x000001b2d9999338 relative=0x0000000000000598
Event: 0.297 Thread 0x000001b2c944a000 Uncommon trap: reason=profile_predicate action=maybe_recompile pc=0x000001b2d9999338 method=jdk.internal.org.objectweb.asm.ByteVector.putUTF8(Ljava/lang/String;)Ljdk/internal/org/objectweb/asm/ByteVector; @ 79 c2
Event: 0.297 Thread 0x000001b2c944a000 DEOPT PACKING pc=0x000001b2d9999338 sp=0x00000076410fd7f0
Event: 0.297 Thread 0x000001b2c944a000 DEOPT UNPACKING pc=0x000001b2d1ef912f sp=0x00000076410fd770 mode 2
Event: 0.297 Thread 0x000001b2c944a000 Uncommon trap: trap_request=0xffffffbe fr.pc=0x000001b2d9999338 relative=0x0000000000000598
Event: 0.297 Thread 0x000001b2c944a000 Uncommon trap: reason=profile_predicate action=maybe_recompile pc=0x000001b2d9999338 method=jdk.internal.org.objectweb.asm.ByteVector.putUTF8(Ljava/lang/String;)Ljdk/internal/org/objectweb/asm/ByteVector; @ 79 c2
Event: 0.297 Thread 0x000001b2c944a000 DEOPT PACKING pc=0x000001b2d9999338 sp=0x00000076410fd810
Event: 0.297 Thread 0x000001b2c944a000 DEOPT UNPACKING pc=0x000001b2d1ef912f sp=0x00000076410fd790 mode 2

Classes unloaded (0 events):
No events

Classes redefined (0 events):
No events

Internal exceptions (15 events):
Event: 0.152 Thread 0x000001b2c944a000 Exception <a 'java/lang/ClassNotFoundException'{0x0000000089000210}: sun/awt/resources/spi/awtProvider> (0x0000000089000210) 
thrown [./src/hotspot/share/classfile/systemDictionary.cpp, line 226]
Event: 0.196 Thread 0x000001b2c944a000 Exception <a 'java/io/FileNotFoundException'{0x00000000890550a8}> (0x00000000890550a8) 
thrown [./src/hotspot/share/prims/jni.cpp, line 599]
Event: 0.207 Thread 0x000001b2c944a000 Exception <a 'java/io/FileNotFoundException'{0x000000008907b928}> (0x000000008907b928) 
thrown [./src/hotspot/share/prims/jni.cpp, line 599]
Event: 0.285 Thread 0x000001b2e91ab000 Exception <a 'java/lang/NoSuchMethodError'{0x00000000890f0fb0}: 'void java.lang.invoke.DirectMethodHandle$Holder.invokeSpecial(java.lang.Object, java.lang.Object)'> (0x00000000890f0fb0) 
thrown [./src/hotspot/share/interpreter/linkResolver.cpp, line 766]
Event: 0.337 Thread 0x000001b2c944a000 Exception <a 'java/lang/NoSuchMethodError'{0x0000000088f51270}: 'java.lang.Object java.lang.invoke.DirectMethodHandle$Holder.invokeStatic(java.lang.Object, int, java.lang.Object, java.lang.Object, java.lang.Object, java.lang.Object)'> (0x0000000088f51270) 
thrown [./src/hotspot/share/interpreter/linkResolver.cpp, line 766]
Event: 0.337 Thread 0x000001b2c944a000 Exception <a 'java/lang/NoSuchMethodError'{0x0000000088f57b90}: 'java.lang.Object java.lang.invoke.DirectMethodHandle$Holder.invokeStatic(java.lang.Object, int, java.lang.Object, java.lang.Object, java.lang.Object)'> (0x0000000088f57b90) 
thrown [./src/hotspot/share/interpreter/linkResolver.cpp, line 766]
Event: 0.338 Thread 0x000001b2c944a000 Exception <a 'java/lang/NoSuchMethodError'{0x0000000088f5b3e0}: 'java.lang.Object java.lang.invoke.DirectMethodHandle$Holder.invokeSpecial(java.lang.Object, java.lang.Object, int, java.lang.Object, java.lang.Object, java.lang.Object)'> (0x0000000088f5b3e0) 
thrown [./src/hotspot/share/interpreter/linkResolver.cpp, line 766]
Event: 0.341 Thread 0x000001b2c944a000 Exception <a 'java/lang/NoSuchMethodError'{0x0000000088f71788}: 'java.lang.Object java.lang.invoke.DirectMethodHandle$Holder.invokeStatic(java.lang.Object, int, java.lang.Object)'> (0x0000000088f71788) 
thrown [./src/hotspot/share/interpreter/linkResolver.cpp, line 766]
Event: 0.371 Thread 0x000001b2c944a000 Exception <a 'java/lang/ClassNotFoundException'{0x0000000088e158c8}: com/sun/swing/internal/plaf/metal/resources/spi/metalProvider> (0x0000000088e158c8) 
thrown [./src/hotspot/share/classfile/systemDictionary.cpp, line 226]
Event: 0.373 Thread 0x000001b2c944a000 Exception <a 'java/lang/ClassNotFoundException'{0x0000000088e1a588}: com/sun/swing/internal/plaf/basic/resources/spi/basicProvider> (0x0000000088e1a588) 
thrown [./src/hotspot/share/classfile/systemDictionary.cpp, line 226]
Event: 0.403 Thread 0x000001b2e91a9800 Exception <a 'java/io/FileNotFoundException'{0x0000000088e76818}> (0x0000000088e76818) 
thrown [./src/hotspot/share/prims/jni.cpp, line 599]
Event: 0.480 Thread 0x000001b2c944a000 Exception <a 'java/lang/NoSuchMethodError'{0x0000000088e646b8}: 'void java.lang.invoke.DirectMethodHandle$Holder.invokeStaticInit(java.lang.Object)'> (0x0000000088e646b8) 
thrown [./src/hotspot/share/interpreter/linkResolver.cpp, line 766]
Event: 0.510 Thread 0x000001b2c944a000 Exception <a 'java/io/FileNotFoundException'{0x0000000088e71278}> (0x0000000088e71278) 
thrown [./src/hotspot/share/prims/jni.cpp, line 599]
Event: 0.510 Thread 0x000001b2c944a000 Exception <a 'java/lang/NullPointerException'{0x0000000088e71b68}> (0x0000000088e71b68) 
thrown [./src/hotspot/share/interpreter/linkResolver.cpp, line 1348]
Event: 0.586 Thread 0x000001b2c944a000 Exception <a 'java/lang/NoSuchMethodError'{0x0000000088d4c8b0}: 'java.lang.Object java.lang.invoke.Invokers$Holder.linkToTargetMethod(java.lang.Object, int, java.lang.Object)'> (0x0000000088d4c8b0) 
thrown [./src/hotspot/share/interpreter/linkResolver.cpp, line 766]

Events (20 events):
Event: 0.567 loading class sun/awt/FontConfiguration$2
Event: 0.567 loading class sun/awt/FontConfiguration$2 done
Event: 0.568 loading class sun/awt/windows/WDefaultFontCharset
Event: 0.568 loading class sun/awt/AWTCharset
Event: 0.568 loading class sun/awt/AWTCharset done
Event: 0.568 loading class sun/awt/windows/WDefaultFontCharset done
Event: 0.569 loading class sun/awt/windows/WDefaultFontCharset$Encoder
Event: 0.569 loading class sun/awt/AWTCharset$Encoder
Event: 0.569 loading class sun/awt/AWTCharset$Encoder done
Event: 0.569 loading class sun/awt/windows/WDefaultFontCharset$Encoder done
Event: 0.572 loading class java/io/ByteArrayOutputStream
Event: 0.572 loading class java/io/ByteArrayOutputStream done
Event: 0.573 loading class sun/awt/windows/WingDings
Event: 0.573 loading class sun/awt/windows/WingDings done
Event: 0.573 loading class sun/awt/windows/WingDings$Encoder
Event: 0.573 loading class sun/awt/windows/WingDings$Encoder done
Event: 0.574 loading class sun/awt/Symbol
Event: 0.574 loading class sun/awt/Symbol done
Event: 0.574 loading class sun/awt/Symbol$Encoder
Event: 0.574 loading class sun/awt/Symbol$Encoder done


Dynamic libraries:
0x00007ff7b5a00000 - 0x00007ff7b5a0d000 	C:\Program Files\AdoptOpenJDK\jdk-14.0.1.7-hotspot\bin\javaw.exe
0x00007ff89d660000 - 0x00007ff89d850000 	C:\WINDOWS\SYSTEM32\ntdll.dll
0x00007ff89c130000 - 0x00007ff89c1e2000 	C:\WINDOWS\System32\KERNEL32.DLL
0x00007ff89a9b0000 - 0x00007ff89ac55000 	C:\WINDOWS\System32\KERNELBASE.dll
0x00007ff89b3f0000 - 0x00007ff89b4ea000 	C:\WINDOWS\System32\ucrtbase.dll
0x00007ff8963a0000 - 0x00007ff8963b5000 	C:\Program Files\AdoptOpenJDK\jdk-14.0.1.7-hotspot\bin\VCRUNTIME140.dll
0x00007ff8687c0000 - 0x00007ff8687d8000 	C:\Program Files\AdoptOpenJDK\jdk-14.0.1.7-hotspot\bin\jli.dll
0x00007ff89bee0000 - 0x00007ff89c074000 	C:\WINDOWS\System32\USER32.dll
0x00007ff89a5e0000 - 0x00007ff89a601000 	C:\WINDOWS\System32\win32u.dll
0x00007ff89c370000 - 0x00007ff89c396000 	C:\WINDOWS\System32\GDI32.dll
0x00007ff881440000 - 0x00007ff8816c4000 	C:\WINDOWS\WinSxS\amd64_microsoft.windows.common-controls_6595b64144ccf1df_6.0.18362.1198_none_9e820b57e45ad92f\COMCTL32.dll
0x00007ff89c210000 - 0x00007ff89c2ae000 	C:\WINDOWS\System32\msvcrt.dll
0x00007ff89b570000 - 0x00007ff89b706000 	C:\WINDOWS\System32\gdi32full.dll
0x00007ff89a760000 - 0x00007ff89a7fe000 	C:\WINDOWS\System32\msvcp_win.dll
0x00007ff89b720000 - 0x00007ff89ba55000 	C:\WINDOWS\System32\combase.dll
0x00007ff89d2c0000 - 0x00007ff89d3e0000 	C:\WINDOWS\System32\RPCRT4.dll
0x00007ff89b4f0000 - 0x00007ff89b570000 	C:\WINDOWS\System32\bcryptPrimitives.dll
0x00007ff89d290000 - 0x00007ff89d2be000 	C:\WINDOWS\System32\IMM32.DLL
0x00007ff84af50000 - 0x00007ff84afeb000 	C:\Program Files\AdoptOpenJDK\jdk-14.0.1.7-hotspot\bin\msvcp140.dll
0x00007ff8179a0000 - 0x00007ff81854c000 	C:\Program Files\AdoptOpenJDK\jdk-14.0.1.7-hotspot\bin\server\jvm.dll
0x00007ff89c4e0000 - 0x00007ff89c583000 	C:\WINDOWS\System32\ADVAPI32.dll
0x00007ff89bbc0000 - 0x00007ff89bc57000 	C:\WINDOWS\System32\sechost.dll
0x00007ff89d460000 - 0x00007ff89d468000 	C:\WINDOWS\System32\PSAPI.DLL
0x00007ff881270000 - 0x00007ff881279000 	C:\WINDOWS\SYSTEM32\WSOCK32.dll
0x00007ff896290000 - 0x00007ff8962b4000 	C:\WINDOWS\SYSTEM32\WINMM.dll
0x00007ff8954e0000 - 0x00007ff8954ea000 	C:\WINDOWS\SYSTEM32\VERSION.dll
0x00007ff89c660000 - 0x00007ff89c6cf000 	C:\WINDOWS\System32\WS2_32.dll
0x00007ff896260000 - 0x00007ff89628d000 	C:\WINDOWS\SYSTEM32\WINMMBASE.dll
0x00007ff89a800000 - 0x00007ff89a84a000 	C:\WINDOWS\System32\cfgmgr32.dll
0x00007ff89a520000 - 0x00007ff89a531000 	C:\WINDOWS\System32\kernel.appcore.dll
0x00007ff88d620000 - 0x00007ff88d62a000 	C:\Program Files\AdoptOpenJDK\jdk-14.0.1.7-hotspot\bin\jimage.dll
0x00007ff898ec0000 - 0x00007ff8990b4000 	C:\WINDOWS\SYSTEM32\DBGHELP.DLL
0x00007ff888f60000 - 0x00007ff888f8a000 	C:\WINDOWS\SYSTEM32\dbgcore.DLL
0x00007ff863fe0000 - 0x00007ff864005000 	C:\Program Files\AdoptOpenJDK\jdk-14.0.1.7-hotspot\bin\java.dll
0x00007ff863fc0000 - 0x00007ff863fd6000 	C:\Program Files\AdoptOpenJDK\jdk-14.0.1.7-hotspot\bin\zip.dll
0x00007ff89cb40000 - 0x00007ff89d227000 	C:\WINDOWS\System32\SHELL32.dll
0x00007ff89c080000 - 0x00007ff89c129000 	C:\WINDOWS\System32\shcore.dll
0x00007ff89ac60000 - 0x00007ff89b3e1000 	C:\WINDOWS\System32\windows.storage.dll
0x00007ff89a5b0000 - 0x00007ff89a5d3000 	C:\WINDOWS\System32\profapi.dll
0x00007ff89a560000 - 0x00007ff89a5aa000 	C:\WINDOWS\System32\powrprof.dll
0x00007ff89a510000 - 0x00007ff89a520000 	C:\WINDOWS\System32\UMPDC.dll
0x00007ff89c2b0000 - 0x00007ff89c302000 	C:\WINDOWS\System32\shlwapi.dll
0x00007ff89a900000 - 0x00007ff89a917000 	C:\WINDOWS\System32\cryptsp.dll
0x00007ff84aa10000 - 0x00007ff84aba7000 	C:\Program Files\AdoptOpenJDK\jdk-14.0.1.7-hotspot\bin\awt.dll
0x00007ff89c590000 - 0x00007ff89c655000 	C:\WINDOWS\System32\OLEAUT32.dll
0x00007ff898380000 - 0x00007ff89840f000 	C:\WINDOWS\SYSTEM32\apphelp.dll
0x00007ff898990000 - 0x00007ff8989bd000 	C:\WINDOWS\system32\DWMAPI.DLL
0x00007ff8984c0000 - 0x00007ff898559000 	C:\WINDOWS\system32\uxtheme.dll
0x00007ff86f3f0000 - 0x00007ff86f546000 	C:\WINDOWS\system32\opengl32.dll
0x00007ff86f920000 - 0x00007ff86f94c000 	C:\WINDOWS\SYSTEM32\GLU32.dll
0x00007ff899130000 - 0x00007ff899150000 	C:\WINDOWS\SYSTEM32\dxcore.dll
0x00007ff89c3a0000 - 0x00007ff89c4d5000 	C:\WINDOWS\System32\MSCTF.dll
0x00007ff89ba60000 - 0x00007ff89bbb7000 	C:\WINDOWS\System32\ole32.dll
0x00007ff84aec0000 - 0x00007ff84af42000 	C:\Program Files\AdoptOpenJDK\jdk-14.0.1.7-hotspot\bin\freetype.dll
0x00007ff8499d0000 - 0x00007ff849a76000 	C:\Program Files\AdoptOpenJDK\jdk-14.0.1.7-hotspot\bin\fontmanager.dll

dbghelp: loaded successfully - version: 4.0.5 - missing functions: none
symbol engine: initialized successfully - sym options: 0x614 - pdb path: .;C:\Program Files\AdoptOpenJDK\jdk-14.0.1.7-hotspot\bin;C:\WINDOWS\SYSTEM32;C:\WINDOWS\WinSxS\amd64_microsoft.windows.common-controls_6595b64144ccf1df_6.0.18362.1198_none_9e820b57e45ad92f;C:\Program Files\AdoptOpenJDK\jdk-14.0.1.7-hotspot\bin\server

VM Arguments:
jvm_args: -Dfile.encoding=UTF-8 
java_command: êßçÏé©èK.keigomenu
java_class_path (initial): C:\Users\SHOTARO FUJITA\git\repository6\êßçÏé©èK\bin
Launcher Type: SUN_STANDARD

[Global flags]
     intx CICompilerCount                          = 4                                         {product} {ergonomic}
     uint ConcGCThreads                            = 2                                         {product} {ergonomic}
     uint G1ConcRefinementThreads                  = 8                                         {product} {ergonomic}
   size_t G1HeapRegionSize                         = 1048576                                   {product} {ergonomic}
    uintx GCDrainStackTargetSize                   = 64                                        {product} {ergonomic}
   size_t InitialHeapSize                          = 134217728                                 {product} {ergonomic}
   size_t MarkStackSize                            = 4194304                                   {product} {ergonomic}
   size_t MaxHeapSize                              = 2128609280                                {product} {ergonomic}
   size_t MaxNewSize                               = 1277165568                                {product} {ergonomic}
   size_t MinHeapDeltaBytes                        = 1048576                                   {product} {ergonomic}
   size_t MinHeapSize                              = 8388608                                   {product} {ergonomic}
    uintx NonNMethodCodeHeapSize                   = 5839372                                {pd product} {ergonomic}
    uintx NonProfiledCodeHeapSize                  = 122909434                              {pd product} {ergonomic}
    uintx ProfiledCodeHeapSize                     = 122909434                              {pd product} {ergonomic}
    uintx ReservedCodeCacheSize                    = 251658240                              {pd product} {ergonomic}
     bool SegmentedCodeCache                       = true                                      {product} {ergonomic}
   size_t SoftMaxHeapSize                          = 2128609280                             {manageable} {ergonomic}
     bool UseCompressedClassPointers               = true                                 {lp64_product} {ergonomic}
     bool UseCompressedOops                        = true                                 {lp64_product} {ergonomic}
     bool UseG1GC                                  = true                                      {product} {ergonomic}
     bool UseLargePagesIndividualAllocation        = false                                  {pd product} {ergonomic}

Logging:
Log output configuration:
 #0: stdout all=warning uptime,level,tags
 #1: stderr all=off uptime,level,tags

Environment Variables:
JAVA_HOME=C:\Program Files\AdoptOpenJDK\jdk-14.0.1.7-hotspot\
PATH=C:\Program Files\Common Files\Oracle\Java\javapath;C:\Program Files\AdoptOpenJDK\jdk-14.0.1.7-hotspot\bin;C:\WINDOWS\system32;C:\WINDOWS;C:\WINDOWS\System32\Wbem;C:\WINDOWS\System32\WindowsPowerShell\v1.0\;C:\WINDOWS\System32\OpenSSH\;C:\Program Files\Intel\WiFi\bin\;C:\Program Files\Common Files\Intel\WirelessCommon\;C:\Program Files\dotnet\;C:\java\derby\bin;C:\Program Files\AdoptOpenJDK\jdk-14.0.1.7-hotspot\bin;C:\WINDOWS\system32;C:\WINDOWS;C:\WINDOWS\System32\Wbem;C:\WINDOWS\System32\WindowsPowerShell\v1.0\;C:\WINDOWS\System32\OpenSSH\;C:\Program Files\Intel\WiFi\bin\;C:\Program Files\Common Files\Intel\WirelessCommon\;C:\Program Files\dotnet\;C:\Python\Python3;C:\Python\Python3\Library\mingw-w64\bin;C:\Python\Python3\Library\usr\bin;C:\Python\Python3\Library\bin;C:\Python\Python3\Scripts;C:\ckadai\Python\Python3;C:\ckadai\Python\Python3\Library\mingw-w64\bin;C:\ckadai\Python\Python3\Library\usr\bin;C:\ckadai\Python\Python3\Library\bin;C:\ckadai\Python\Python3\Scripts;C:\Users\SHOTARO FUJITA\AppData\Local\Microsoft\WindowsApps;C:\MinGW\bin;C:\Users\SHOTARO FUJITA\AppData\Local\Microsoft\WindowsApps;C:\Users\SHOTARO FUJITA\.dotnet\tools
USERNAME=SHOTARO FUJITA
OS=Windows_NT
PROCESSOR_IDENTIFIER=Intel64 Family 6 Model 142 Stepping 10, GenuineIntel



---------------  S Y S T E M  ---------------

OS: Windows 10 , 64 bit Build 18362 (10.0.18362.1110)
OS uptime: 4 days 1:39 hours

CPU:total 8 (initial active 8) (4 cores per cpu, 2 threads per core) family 6 model 142 stepping 10, cmov, cx8, fxsr, mmx, sse, sse2, sse3, ssse3, sse4.1, sse4.2, popcnt, avx, avx2, aes, clmul, erms, 3dnowpref, lzcnt, ht, tsc, tscinvbit, bmi1, bmi2, adx, fma

Memory: 4k page, system-wide physical 8118M (1762M free)
TotalPageFile size 17334M (AvailPageFile size 6960M)
current process WorkingSet (physical memory assigned to process): 46M, peak: 46M
current process commit charge ("private bytes"): 219M, peak: 219M

vm_info: OpenJDK 64-Bit Server VM (14.0.1+7) for windows-amd64 JRE (14.0.1+7), built on Apr 22 2020 14:10:56 by "" with MS VC++ 15.9 (VS2017)

END.
