#
# A fatal error has been detected by the Java Runtime Environment:
#
#  EXCEPTION_ACCESS_VIOLATION (0xc0000005) at pc=0x00007ff99358f74a, pid=3656, tid=3928
#
# JRE version: OpenJDK Runtime Environment AdoptOpenJDK (14.0.1+7) (build 14.0.1+7)
# Java VM: OpenJDK 64-Bit Server VM AdoptOpenJDK (14.0.1+7, mixed mode, sharing, tiered, compressed oops, g1 gc, windows-amd64)
# Problematic frame:
# C  [awt.dll+0x8f74a]
#
# No core dump will be written. Minidumps are not enabled by default on client versions of Windows
#
# If you would like to submit a bug report, please visit:
#   https://github.com/AdoptOpenJDK/openjdk-support/issues
# The crash happened outside the Java Virtual Machine in native code.
# See problematic frame for where to report the bug.
#

---------------  S U M M A R Y ------------

Command Line: -Dfile.encoding=UTF-8 êßçÏé©èK.êßçÏé¿èK

Host: Intel(R) Core(TM) i5-8250U CPU @ 1.60GHz, 8 cores, 7G,  Windows 10 , 64 bit Build 18362 (10.0.18362.1110)
Time: Thu Jan  7 13:55:35 2021 ???? (?W?Ä??) elapsed time: 0 seconds (0d 0h 0m 0s)

---------------  T H R E A D  ---------------

Current thread (0x0000022d2bce9000):  JavaThread "AWT-EventQueue-0" [_thread_in_native, id=3928, stack(0x000000e6a6a00000,0x000000e6a6b00000)]

Stack: [0x000000e6a6a00000,0x000000e6a6b00000],  sp=0x000000e6a6afe380,  free space=1016k
Native frames: (J=compiled Java code, j=interpreted, Vv=VM code, C=native code)
C  [awt.dll+0x8f74a]

Java frames: (J=compiled Java code, j=interpreted, Vv=VM code)
j  sun.awt.windows.WComponentPeer._setFont(Ljava/awt/Font;)V+0 java.desktop@14.0.1
j  sun.awt.windows.WComponentPeer.setFont(Ljava/awt/Font;)V+7 java.desktop@14.0.1
j  sun.awt.windows.WWindowPeer.initialize()V+42 java.desktop@14.0.1
j  sun.awt.windows.WFramePeer.initialize()V+1 java.desktop@14.0.1
j  sun.awt.windows.WComponentPeer.<init>(Ljava/awt/Component;)V+83 java.desktop@14.0.1
j  sun.awt.windows.WCanvasPeer.<init>(Ljava/awt/Component;)V+2 java.desktop@14.0.1
j  sun.awt.windows.WPanelPeer.<init>(Ljava/awt/Component;)V+2 java.desktop@14.0.1
j  sun.awt.windows.WWindowPeer.<init>(Ljava/awt/Window;)V+2 java.desktop@14.0.1
j  sun.awt.windows.WFramePeer.<init>(Ljava/awt/Frame;)V+2 java.desktop@14.0.1
j  sun.awt.windows.WToolkit.createFrame(Ljava/awt/Frame;)Ljava/awt/peer/FramePeer;+5 java.desktop@14.0.1
j  java.awt.Frame.addNotify()V+20 java.desktop@14.0.1
j  java.awt.Window.show()V+8 java.desktop@14.0.1
j  java.awt.Component.show(Z)V+5 java.desktop@14.0.1
j  java.awt.Component.setVisible(Z)V+2 java.desktop@14.0.1
j  java.awt.Window.setVisible(Z)V+2 java.desktop@14.0.1
j  Âà∂‰ΩúËá™Áøí.Âà∂‰ΩúÂÆüÁøí$1.run()V+10
j  java.awt.event.InvocationEvent.dispatch()V+47 java.desktop@14.0.1
j  java.awt.EventQueue.dispatchEventImpl(Ljava/awt/AWTEvent;Ljava/lang/Object;)V+21 java.desktop@14.0.1
j  java.awt.EventQueue$4.run()Ljava/lang/Void;+32 java.desktop@14.0.1
j  java.awt.EventQueue$4.run()Ljava/lang/Object;+1 java.desktop@14.0.1
j  java.security.AccessController.executePrivileged(Ljava/security/PrivilegedAction;Ljava/security/AccessControlContext;Ljava/lang/Class;)Ljava/lang/Object;+29 java.base@14.0.1
j  java.security.AccessController.doPrivileged(Ljava/security/PrivilegedAction;Ljava/security/AccessControlContext;)Ljava/lang/Object;+13 java.base@14.0.1
j  java.security.ProtectionDomain$JavaSecurityAccessImpl.doIntersectionPrivilege(Ljava/security/PrivilegedAction;Ljava/security/AccessControlContext;Ljava/security/AccessControlContext;)Ljava/lang/Object;+18 java.base@14.0.1
j  java.awt.EventQueue.dispatchEvent(Ljava/awt/AWTEvent;)V+46 java.desktop@14.0.1
j  java.awt.EventDispatchThread.pumpOneEventForFilters(I)V+78 java.desktop@14.0.1
j  java.awt.EventDispatchThread.pumpEventsForFilter(ILjava/awt/Conditional;Ljava/awt/EventFilter;)V+35 java.desktop@14.0.1
j  java.awt.EventDispatchThread.pumpEventsForHierarchy(ILjava/awt/Conditional;Ljava/awt/Component;)V+11 java.desktop@14.0.1
j  java.awt.EventDispatchThread.pumpEvents(ILjava/awt/Conditional;)V+4 java.desktop@14.0.1
j  java.awt.EventDispatchThread.pumpEvents(Ljava/awt/Conditional;)V+3 java.desktop@14.0.1
j  java.awt.EventDispatchThread.run()V+9 java.desktop@14.0.1
v  ~StubRoutines::call_stub

siginfo: EXCEPTION_ACCESS_VIOLATION (0xc0000005), reading address 0x0000000000000058


Register to memory mapping:

RIP=0x00007ff99358f74a awt.dll
RAX=0x00007ff99360a660 awt.dll
RBX=0x0000022d2bce9310 points into unknown readable memory: 50 3c 2a 69 f9 7f 00 00
RCX=0x0000022d2bd8b100 points into unknown readable memory: 60 a6 60 93 f9 7f 00 00
RDX=0x0 is NULL
RSP=0x000000e6a6afe380 is pointing into the stack for thread: 0x0000022d2bce9000
RBP=0x0 is NULL
RSI=0x0000022d2bd4ad38 is a global jni handle
RDI=0x0000022d2bd4ad40 is a global jni handle
R8 =0x0000000000000042 is an unknown value
R9 =0x0000000800b4bd90 is a pointer to class: 
java.awt.Font {0x0000000800b4bd98}
R10=0x0000000000008000 is an unknown value
R11=0x000000e6a6afe380 is pointing into the stack for thread: 0x0000022d2bce9000
R12=0x0 is NULL
R13={method} {0x0000022d2b20b8e8} '_setFont' '(Ljava/awt/Font;)V' in 'sun/awt/windows/WComponentPeer'
R14=0x0000022d2bd8b100 points into unknown readable memory: 60 a6 60 93 f9 7f 00 00
R15=0x0000022d2c859760 points into unknown readable memory: 38 ad d4 2b 2d 02 00 00


Registers:
RAX=0x00007ff99360a660, RBX=0x0000022d2bce9310, RCX=0x0000022d2bd8b100, RDX=0x0000000000000000
RSP=0x000000e6a6afe380, RBP=0x0000000000000000, RSI=0x0000022d2bd4ad38, RDI=0x0000022d2bd4ad40
R8 =0x0000000000000042, R9 =0x0000000800b4bd90, R10=0x0000000000008000, R11=0x000000e6a6afe380
R12=0x0000000000000000, R13=0x0000022d2b20b8e0, R14=0x0000022d2bd8b100, R15=0x0000022d2c859760
RIP=0x00007ff99358f74a, EFLAGS=0x0000000000010202

Top of Stack: (sp=0x000000e6a6afe380)
0x000000e6a6afe380:   0000022d2c859760 0000022d2bd8b100
0x000000e6a6afe390:   0000022d2c859760 0000022d2bd8b100
0x000000e6a6afe3a0:   0000022d2bd4ad40 00007ff993594655
0x000000e6a6afe3b0:   0000022d2bce9310 0000022d2bce9310
0x000000e6a6afe3c0:   0000000000000000 0000022d2bd4ad38
0x000000e6a6afe3d0:   0000022d2bce9000 000000e6a6afe528
0x000000e6a6afe3e0:   0000022d2c859760 00007ff9935cd59b
0x000000e6a6afe3f0:   00007ff99364f018 000000e6a6afe500
0x000000e6a6afe400:   00007ff993594528 0000000000000000
0x000000e6a6afe410:   fffffffffffffffe fffffffffffffffe
0x000000e6a6afe420:   0000022d2bd4ad38 00007ff99359581c
0x000000e6a6afe430:   0000022d2bd4ad40 000000e6a6afe520
0x000000e6a6afe440:   000000e6a6afe520 00007ff99364f018
0x000000e6a6afe450:   fffffffffffffffe 00007ff968b99859
0x000000e6a6afe460:   0000022d147ca1b3 0000022d147d00b4
0x000000e6a6afe470:   0000022d2b20b8e0 0000000000000000 

Instructions: (pc=0x00007ff99358f74a)
0x00007ff99358f64a:   00 48 8b d9 e8 d9 dc ff ff 48 8b f8 48 85 c0 75
0x00007ff99358f65a:   04 48 8b 7b 48 48 8b cf e8 93 15 05 00 48 8b d8
0x00007ff99358f66a:   48 85 c0 74 60 83 64 24 20 00 0f 57 c0 83 64 24
0x00007ff99358f67a:   34 00 b9 11 00 00 00 83 64 24 38 00 f3 0f 7f 44
0x00007ff99358f68a:   24 24 ff 15 86 bc 0b 00 4c 8d 44 24 40 ba 5c 00
0x00007ff99358f69a:   00 00 48 8b c8 ff 15 2b bf 0b 00 83 f8 5c 75 0d
0x00007ff99358f6aa:   48 8d 54 24 40 48 8b cb e8 f2 15 05 00 48 8d 54
0x00007ff99358f6ba:   24 20 48 8b cb e8 09 16 05 00 48 8b d3 48 8b cf
0x00007ff99358f6ca:   e8 b6 15 05 00 48 8b 8c 24 a0 00 00 00 48 33 cc
0x00007ff99358f6da:   e8 e1 22 05 00 48 8b 9c 24 c8 00 00 00 48 81 c4
0x00007ff99358f6ea:   b0 00 00 00 5f c3 40 53 48 83 ec 20 48 8b d9 ff
0x00007ff99358f6fa:   15 69 c4 0b 00 48 85 c0 75 0a 48 8b 4b 48 ff 15
0x00007ff99358f70a:   52 c4 0b 00 48 83 c4 20 5b c3 4c 63 c2 48 8b 15
0x00007ff99358f71a:   2a a8 0b 00 48 ff 25 e3 c2 0b 00 cc cc cc 48 8b
0x00007ff99358f72a:   d1 48 8b 0d 1e d8 0b 00 48 89 15 17 d8 0b 00 e9
0x00007ff99358f73a:   f6 63 04 00 cc cc 48 89 5c 24 08 57 48 83 ec 20
0x00007ff99358f74a:   83 7a 58 00 48 8b da 48 8b f9 7d 08 48 8b ca e8
0x00007ff99358f75a:   4a 95 01 00 4c 8b 43 48 45 33 c9 48 8b 4f 48 4d
0x00007ff99358f76a:   8b 00 41 8d 51 30 ff 15 5a c5 0b 00 48 8b 4f 48
0x00007ff99358f77a:   33 d2 44 8d 42 01 48 8b 5c 24 30 48 83 c4 20 5f
0x00007ff99358f78a:   48 ff 25 f7 c3 0b 00 cc cc cc 48 8b c4 48 89 58
0x00007ff99358f79a:   08 48 89 68 10 48 89 70 18 48 89 78 20 41 56 48
0x00007ff99358f7aa:   83 ec 20 4c 8b f2 48 8b f9 48 8b 0d 3e f6 0b 00
0x00007ff99358f7ba:   ba 02 00 01 00 41 8b e8 e8 04 21 05 00 48 8b 97
0x00007ff99358f7ca:   c0 00 00 00 33 db 48 8b f0 48 85 d2 74 0d 4c 8b
0x00007ff99358f7da:   08 48 8b c8 41 ff 91 b0 00 00 00 4d 85 f6 74 14
0x00007ff99358f7ea:   48 8b 06 49 8b d6 48 8b ce ff 90 a8 00 00 00 48
0x00007ff99358f7fa:   8b d8 eb 05 bd 01 00 00 00 48 89 9f c0 00 00 00
0x00007ff99358f80a:   89 af c8 00 00 00 48 8b 5c 24 30 48 8b 6c 24 38
0x00007ff99358f81a:   48 8b 74 24 40 48 8b 7c 24 48 48 83 c4 20 41 5e
0x00007ff99358f82a:   c3 cc 48 89 5c 24 08 48 89 6c 24 10 48 89 74 24
0x00007ff99358f83a:   18 57 48 83 ec 20 33 db 48 8b f9 48 85 c9 75 09 


Stack slot to memory mapping:
stack at sp + 0 slots: 0x0000022d2c859760 points into unknown readable memory: 38 ad d4 2b 2d 02 00 00
stack at sp + 1 slots: 0x0000022d2bd8b100 points into unknown readable memory: 60 a6 60 93 f9 7f 00 00
stack at sp + 2 slots: 0x0000022d2c859760 points into unknown readable memory: 38 ad d4 2b 2d 02 00 00
stack at sp + 3 slots: 0x0000022d2bd8b100 points into unknown readable memory: 60 a6 60 93 f9 7f 00 00
stack at sp + 4 slots: 0x0000022d2bd4ad40 is a global jni handle
stack at sp + 5 slots: 0x00007ff993594655 awt.dll
stack at sp + 6 slots: 0x0000022d2bce9310 points into unknown readable memory: 50 3c 2a 69 f9 7f 00 00
stack at sp + 7 slots: 0x0000022d2bce9310 points into unknown readable memory: 50 3c 2a 69 f9 7f 00 00


---------------  P R O C E S S  ---------------

Threads class SMR info:
_java_thread_list=0x0000022d2bd653c0, length=16, elements={
0x0000022d2b0a0800, 0x0000022d2b0a2800, 0x0000022d2b0bf000, 0x0000022d2b0c2000,
0x0000022d2b0c5800, 0x0000022d2b0cb800, 0x0000022d2b0cf000, 0x0000022d2b0d0800,
0x0000022d2baad000, 0x0000022d2babd000, 0x0000022d2bcb6000, 0x0000022d2bcd9800,
0x0000022d2bcdc000, 0x0000022d2bce9000, 0x0000022d0bd5b000, 0x0000022d2bd6d800
}

Java Threads: ( => current thread )
  0x0000022d2b0a0800 JavaThread "Reference Handler" daemon [_thread_blocked, id=11256, stack(0x000000e6a5c00000,0x000000e6a5d00000)]
  0x0000022d2b0a2800 JavaThread "Finalizer" daemon [_thread_blocked, id=11136, stack(0x000000e6a5d00000,0x000000e6a5e00000)]
  0x0000022d2b0bf000 JavaThread "Signal Dispatcher" daemon [_thread_blocked, id=9424, stack(0x000000e6a5e00000,0x000000e6a5f00000)]
  0x0000022d2b0c2000 JavaThread "Attach Listener" daemon [_thread_blocked, id=14920, stack(0x000000e6a5f00000,0x000000e6a6000000)]
  0x0000022d2b0c5800 JavaThread "Service Thread" daemon [_thread_blocked, id=12360, stack(0x000000e6a6000000,0x000000e6a6100000)]
  0x0000022d2b0cb800 JavaThread "C2 CompilerThread0" daemon [_thread_blocked, id=10444, stack(0x000000e6a6100000,0x000000e6a6200000)]
  0x0000022d2b0cf000 JavaThread "C1 CompilerThread0" daemon [_thread_blocked, id=17916, stack(0x000000e6a6200000,0x000000e6a6300000)]
  0x0000022d2b0d0800 JavaThread "Sweeper thread" daemon [_thread_blocked, id=9352, stack(0x000000e6a6300000,0x000000e6a6400000)]
  0x0000022d2baad000 JavaThread "Notification Thread" daemon [_thread_blocked, id=6632, stack(0x000000e6a6400000,0x000000e6a6500000)]
  0x0000022d2babd000 JavaThread "Common-Cleaner" daemon [_thread_blocked, id=18124, stack(0x000000e6a6600000,0x000000e6a6700000)]
  0x0000022d2bcb6000 JavaThread "Java2D Disposer" daemon [_thread_blocked, id=11696, stack(0x000000e6a6700000,0x000000e6a6800000)]
  0x0000022d2bcd9800 JavaThread "AWT-Shutdown" [_thread_blocked, id=7504, stack(0x000000e6a6800000,0x000000e6a6900000)]
  0x0000022d2bcdc000 JavaThread "AWT-Windows" daemon [_thread_in_native, id=12592, stack(0x000000e6a6900000,0x000000e6a6a00000)]
=>0x0000022d2bce9000 JavaThread "AWT-EventQueue-0" [_thread_in_native, id=3928, stack(0x000000e6a6a00000,0x000000e6a6b00000)]
  0x0000022d0bd5b000 JavaThread "DestroyJavaVM" [_thread_blocked, id=9972, stack(0x000000e6a5500000,0x000000e6a5600000)]
  0x0000022d2bd6d800 JavaThread "Image Fetcher 0" daemon [_thread_blocked, id=16064, stack(0x000000e6a6b00000,0x000000e6a6c00000)]

Other Threads:
  0x0000022d2b09e800 VMThread "VM Thread" [stack: 0x000000e6a5b00000,0x000000e6a5c00000] [id=8236]
  0x0000022d2bab4800 WatcherThread [stack: 0x000000e6a6500000,0x000000e6a6600000] [id=14372]
  0x0000022d0bd9d800 GCTaskThread "GC Thread#0" [stack: 0x000000e6a5600000,0x000000e6a5700000] [id=11900]
  0x0000022d0bdb0800 ConcurrentGCThread "G1 Main Marker" [stack: 0x000000e6a5700000,0x000000e6a5800000] [id=13372]
  0x0000022d0bdb2000 ConcurrentGCThread "G1 Conc#0" [stack: 0x000000e6a5800000,0x000000e6a5900000] [id=12480]
  0x0000022d0be2d800 ConcurrentGCThread "G1 Refine#0" [stack: 0x000000e6a5900000,0x000000e6a5a00000] [id=980]
  0x0000022d2af13800 ConcurrentGCThread "G1 Young RemSet Sampling" [stack: 0x000000e6a5a00000,0x000000e6a5b00000] [id=4160]

Threads with active compile tasks:

VM state:not at safepoint (normal execution)

VM Mutex/Monitor currently owned by a thread: None

Heap address: 0x0000000081200000, size: 2030 MB, Compressed Oops mode: 32-bit
Narrow klass base: 0x0000000800000000, Narrow klass shift: 3
Compressed class space size: 1073741824 Address: 0x0000000800b30000

Heap:
 garbage-first heap   total 131072K, used 4096K [0x0000000081200000, 0x0000000100000000)
  region size 1024K, 5 young (5120K), 0 survivors (0K)
 Metaspace       used 5613K, capacity 5822K, committed 5888K, reserved 1056768K
  class space    used 648K, capacity 759K, committed 768K, reserved 1048576K
Heap Regions: E=young(eden), S=young(survivor), O=old, HS=humongous(starts), HC=humongous(continues), CS=collection set, F=free, OA=open archive, CA=closed archive, TAMS=top-at-mark-start (previous, next)
|   0|0x0000000081200000, 0x0000000081200000, 0x0000000081300000|  0%| F|  |TAMS 0x0000000081200000, 0x0000000081200000| Untracked 
|   1|0x0000000081300000, 0x0000000081300000, 0x0000000081400000|  0%| F|  |TAMS 0x0000000081300000, 0x0000000081300000| Untracked 
|   2|0x0000000081400000, 0x0000000081400000, 0x0000000081500000|  0%| F|  |TAMS 0x0000000081400000, 0x0000000081400000| Untracked 
|   3|0x0000000081500000, 0x0000000081500000, 0x0000000081600000|  0%| F|  |TAMS 0x0000000081500000, 0x0000000081500000| Untracked 
|   4|0x0000000081600000, 0x0000000081600000, 0x0000000081700000|  0%| F|  |TAMS 0x0000000081600000, 0x0000000081600000| Untracked 
|   5|0x0000000081700000, 0x0000000081700000, 0x0000000081800000|  0%| F|  |TAMS 0x0000000081700000, 0x0000000081700000| Untracked 
|   6|0x0000000081800000, 0x0000000081800000, 0x0000000081900000|  0%| F|  |TAMS 0x0000000081800000, 0x0000000081800000| Untracked 
|   7|0x0000000081900000, 0x0000000081900000, 0x0000000081a00000|  0%| F|  |TAMS 0x0000000081900000, 0x0000000081900000| Untracked 
|   8|0x0000000081a00000, 0x0000000081a00000, 0x0000000081b00000|  0%| F|  |TAMS 0x0000000081a00000, 0x0000000081a00000| Untracked 
|   9|0x0000000081b00000, 0x0000000081b00000, 0x0000000081c00000|  0%| F|  |TAMS 0x0000000081b00000, 0x0000000081b00000| Untracked 
|  10|0x0000000081c00000, 0x0000000081c00000, 0x0000000081d00000|  0%| F|  |TAMS 0x0000000081c00000, 0x0000000081c00000| Untracked 
|  11|0x0000000081d00000, 0x0000000081d00000, 0x0000000081e00000|  0%| F|  |TAMS 0x0000000081d00000, 0x0000000081d00000| Untracked 
|  12|0x0000000081e00000, 0x0000000081e00000, 0x0000000081f00000|  0%| F|  |TAMS 0x0000000081e00000, 0x0000000081e00000| Untracked 
|  13|0x0000000081f00000, 0x0000000081f00000, 0x0000000082000000|  0%| F|  |TAMS 0x0000000081f00000, 0x0000000081f00000| Untracked 
|  14|0x0000000082000000, 0x0000000082000000, 0x0000000082100000|  0%| F|  |TAMS 0x0000000082000000, 0x0000000082000000| Untracked 
|  15|0x0000000082100000, 0x0000000082100000, 0x0000000082200000|  0%| F|  |TAMS 0x0000000082100000, 0x0000000082100000| Untracked 
|  16|0x0000000082200000, 0x0000000082200000, 0x0000000082300000|  0%| F|  |TAMS 0x0000000082200000, 0x0000000082200000| Untracked 
|  17|0x0000000082300000, 0x0000000082300000, 0x0000000082400000|  0%| F|  |TAMS 0x0000000082300000, 0x0000000082300000| Untracked 
|  18|0x0000000082400000, 0x0000000082400000, 0x0000000082500000|  0%| F|  |TAMS 0x0000000082400000, 0x0000000082400000| Untracked 
|  19|0x0000000082500000, 0x0000000082500000, 0x0000000082600000|  0%| F|  |TAMS 0x0000000082500000, 0x0000000082500000| Untracked 
|  20|0x0000000082600000, 0x0000000082600000, 0x0000000082700000|  0%| F|  |TAMS 0x0000000082600000, 0x0000000082600000| Untracked 
|  21|0x0000000082700000, 0x0000000082700000, 0x0000000082800000|  0%| F|  |TAMS 0x0000000082700000, 0x0000000082700000| Untracked 
|  22|0x0000000082800000, 0x0000000082800000, 0x0000000082900000|  0%| F|  |TAMS 0x0000000082800000, 0x0000000082800000| Untracked 
|  23|0x0000000082900000, 0x0000000082900000, 0x0000000082a00000|  0%| F|  |TAMS 0x0000000082900000, 0x0000000082900000| Untracked 
|  24|0x0000000082a00000, 0x0000000082a00000, 0x0000000082b00000|  0%| F|  |TAMS 0x0000000082a00000, 0x0000000082a00000| Untracked 
|  25|0x0000000082b00000, 0x0000000082b00000, 0x0000000082c00000|  0%| F|  |TAMS 0x0000000082b00000, 0x0000000082b00000| Untracked 
|  26|0x0000000082c00000, 0x0000000082c00000, 0x0000000082d00000|  0%| F|  |TAMS 0x0000000082c00000, 0x0000000082c00000| Untracked 
|  27|0x0000000082d00000, 0x0000000082d00000, 0x0000000082e00000|  0%| F|  |TAMS 0x0000000082d00000, 0x0000000082d00000| Untracked 
|  28|0x0000000082e00000, 0x0000000082e00000, 0x0000000082f00000|  0%| F|  |TAMS 0x0000000082e00000, 0x0000000082e00000| Untracked 
|  29|0x0000000082f00000, 0x0000000082f00000, 0x0000000083000000|  0%| F|  |TAMS 0x0000000082f00000, 0x0000000082f00000| Untracked 
|  30|0x0000000083000000, 0x0000000083000000, 0x0000000083100000|  0%| F|  |TAMS 0x0000000083000000, 0x0000000083000000| Untracked 
|  31|0x0000000083100000, 0x0000000083100000, 0x0000000083200000|  0%| F|  |TAMS 0x0000000083100000, 0x0000000083100000| Untracked 
|  32|0x0000000083200000, 0x0000000083200000, 0x0000000083300000|  0%| F|  |TAMS 0x0000000083200000, 0x0000000083200000| Untracked 
|  33|0x0000000083300000, 0x0000000083300000, 0x0000000083400000|  0%| F|  |TAMS 0x0000000083300000, 0x0000000083300000| Untracked 
|  34|0x0000000083400000, 0x0000000083400000, 0x0000000083500000|  0%| F|  |TAMS 0x0000000083400000, 0x0000000083400000| Untracked 
|  35|0x0000000083500000, 0x0000000083500000, 0x0000000083600000|  0%| F|  |TAMS 0x0000000083500000, 0x0000000083500000| Untracked 
|  36|0x0000000083600000, 0x0000000083600000, 0x0000000083700000|  0%| F|  |TAMS 0x0000000083600000, 0x0000000083600000| Untracked 
|  37|0x0000000083700000, 0x0000000083700000, 0x0000000083800000|  0%| F|  |TAMS 0x0000000083700000, 0x0000000083700000| Untracked 
|  38|0x0000000083800000, 0x0000000083800000, 0x0000000083900000|  0%| F|  |TAMS 0x0000000083800000, 0x0000000083800000| Untracked 
|  39|0x0000000083900000, 0x0000000083900000, 0x0000000083a00000|  0%| F|  |TAMS 0x0000000083900000, 0x0000000083900000| Untracked 
|  40|0x0000000083a00000, 0x0000000083a00000, 0x0000000083b00000|  0%| F|  |TAMS 0x0000000083a00000, 0x0000000083a00000| Untracked 
|  41|0x0000000083b00000, 0x0000000083b00000, 0x0000000083c00000|  0%| F|  |TAMS 0x0000000083b00000, 0x0000000083b00000| Untracked 
|  42|0x0000000083c00000, 0x0000000083c00000, 0x0000000083d00000|  0%| F|  |TAMS 0x0000000083c00000, 0x0000000083c00000| Untracked 
|  43|0x0000000083d00000, 0x0000000083d00000, 0x0000000083e00000|  0%| F|  |TAMS 0x0000000083d00000, 0x0000000083d00000| Untracked 
|  44|0x0000000083e00000, 0x0000000083e00000, 0x0000000083f00000|  0%| F|  |TAMS 0x0000000083e00000, 0x0000000083e00000| Untracked 
|  45|0x0000000083f00000, 0x0000000083f00000, 0x0000000084000000|  0%| F|  |TAMS 0x0000000083f00000, 0x0000000083f00000| Untracked 
|  46|0x0000000084000000, 0x0000000084000000, 0x0000000084100000|  0%| F|  |TAMS 0x0000000084000000, 0x0000000084000000| Untracked 
|  47|0x0000000084100000, 0x0000000084100000, 0x0000000084200000|  0%| F|  |TAMS 0x0000000084100000, 0x0000000084100000| Untracked 
|  48|0x0000000084200000, 0x0000000084200000, 0x0000000084300000|  0%| F|  |TAMS 0x0000000084200000, 0x0000000084200000| Untracked 
|  49|0x0000000084300000, 0x0000000084300000, 0x0000000084400000|  0%| F|  |TAMS 0x0000000084300000, 0x0000000084300000| Untracked 
|  50|0x0000000084400000, 0x0000000084400000, 0x0000000084500000|  0%| F|  |TAMS 0x0000000084400000, 0x0000000084400000| Untracked 
|  51|0x0000000084500000, 0x0000000084500000, 0x0000000084600000|  0%| F|  |TAMS 0x0000000084500000, 0x0000000084500000| Untracked 
|  52|0x0000000084600000, 0x0000000084600000, 0x0000000084700000|  0%| F|  |TAMS 0x0000000084600000, 0x0000000084600000| Untracked 
|  53|0x0000000084700000, 0x0000000084700000, 0x0000000084800000|  0%| F|  |TAMS 0x0000000084700000, 0x0000000084700000| Untracked 
|  54|0x0000000084800000, 0x0000000084800000, 0x0000000084900000|  0%| F|  |TAMS 0x0000000084800000, 0x0000000084800000| Untracked 
|  55|0x0000000084900000, 0x0000000084900000, 0x0000000084a00000|  0%| F|  |TAMS 0x0000000084900000, 0x0000000084900000| Untracked 
|  56|0x0000000084a00000, 0x0000000084a00000, 0x0000000084b00000|  0%| F|  |TAMS 0x0000000084a00000, 0x0000000084a00000| Untracked 
|  57|0x0000000084b00000, 0x0000000084b00000, 0x0000000084c00000|  0%| F|  |TAMS 0x0000000084b00000, 0x0000000084b00000| Untracked 
|  58|0x0000000084c00000, 0x0000000084c00000, 0x0000000084d00000|  0%| F|  |TAMS 0x0000000084c00000, 0x0000000084c00000| Untracked 
|  59|0x0000000084d00000, 0x0000000084d00000, 0x0000000084e00000|  0%| F|  |TAMS 0x0000000084d00000, 0x0000000084d00000| Untracked 
|  60|0x0000000084e00000, 0x0000000084e00000, 0x0000000084f00000|  0%| F|  |TAMS 0x0000000084e00000, 0x0000000084e00000| Untracked 
|  61|0x0000000084f00000, 0x0000000084f00000, 0x0000000085000000|  0%| F|  |TAMS 0x0000000084f00000, 0x0000000084f00000| Untracked 
|  62|0x0000000085000000, 0x0000000085000000, 0x0000000085100000|  0%| F|  |TAMS 0x0000000085000000, 0x0000000085000000| Untracked 
|  63|0x0000000085100000, 0x0000000085100000, 0x0000000085200000|  0%| F|  |TAMS 0x0000000085100000, 0x0000000085100000| Untracked 
|  64|0x0000000085200000, 0x0000000085200000, 0x0000000085300000|  0%| F|  |TAMS 0x0000000085200000, 0x0000000085200000| Untracked 
|  65|0x0000000085300000, 0x0000000085300000, 0x0000000085400000|  0%| F|  |TAMS 0x0000000085300000, 0x0000000085300000| Untracked 
|  66|0x0000000085400000, 0x0000000085400000, 0x0000000085500000|  0%| F|  |TAMS 0x0000000085400000, 0x0000000085400000| Untracked 
|  67|0x0000000085500000, 0x0000000085500000, 0x0000000085600000|  0%| F|  |TAMS 0x0000000085500000, 0x0000000085500000| Untracked 
|  68|0x0000000085600000, 0x0000000085600000, 0x0000000085700000|  0%| F|  |TAMS 0x0000000085600000, 0x0000000085600000| Untracked 
|  69|0x0000000085700000, 0x0000000085700000, 0x0000000085800000|  0%| F|  |TAMS 0x0000000085700000, 0x0000000085700000| Untracked 
|  70|0x0000000085800000, 0x0000000085800000, 0x0000000085900000|  0%| F|  |TAMS 0x0000000085800000, 0x0000000085800000| Untracked 
|  71|0x0000000085900000, 0x0000000085900000, 0x0000000085a00000|  0%| F|  |TAMS 0x0000000085900000, 0x0000000085900000| Untracked 
|  72|0x0000000085a00000, 0x0000000085a00000, 0x0000000085b00000|  0%| F|  |TAMS 0x0000000085a00000, 0x0000000085a00000| Untracked 
|  73|0x0000000085b00000, 0x0000000085b00000, 0x0000000085c00000|  0%| F|  |TAMS 0x0000000085b00000, 0x0000000085b00000| Untracked 
|  74|0x0000000085c00000, 0x0000000085c00000, 0x0000000085d00000|  0%| F|  |TAMS 0x0000000085c00000, 0x0000000085c00000| Untracked 
|  75|0x0000000085d00000, 0x0000000085d00000, 0x0000000085e00000|  0%| F|  |TAMS 0x0000000085d00000, 0x0000000085d00000| Untracked 
|  76|0x0000000085e00000, 0x0000000085e00000, 0x0000000085f00000|  0%| F|  |TAMS 0x0000000085e00000, 0x0000000085e00000| Untracked 
|  77|0x0000000085f00000, 0x0000000085f00000, 0x0000000086000000|  0%| F|  |TAMS 0x0000000085f00000, 0x0000000085f00000| Untracked 
|  78|0x0000000086000000, 0x0000000086000000, 0x0000000086100000|  0%| F|  |TAMS 0x0000000086000000, 0x0000000086000000| Untracked 
|  79|0x0000000086100000, 0x0000000086100000, 0x0000000086200000|  0%| F|  |TAMS 0x0000000086100000, 0x0000000086100000| Untracked 
|  80|0x0000000086200000, 0x0000000086200000, 0x0000000086300000|  0%| F|  |TAMS 0x0000000086200000, 0x0000000086200000| Untracked 
|  81|0x0000000086300000, 0x0000000086300000, 0x0000000086400000|  0%| F|  |TAMS 0x0000000086300000, 0x0000000086300000| Untracked 
|  82|0x0000000086400000, 0x0000000086400000, 0x0000000086500000|  0%| F|  |TAMS 0x0000000086400000, 0x0000000086400000| Untracked 
|  83|0x0000000086500000, 0x0000000086500000, 0x0000000086600000|  0%| F|  |TAMS 0x0000000086500000, 0x0000000086500000| Untracked 
|  84|0x0000000086600000, 0x0000000086600000, 0x0000000086700000|  0%| F|  |TAMS 0x0000000086600000, 0x0000000086600000| Untracked 
|  85|0x0000000086700000, 0x0000000086700000, 0x0000000086800000|  0%| F|  |TAMS 0x0000000086700000, 0x0000000086700000| Untracked 
|  86|0x0000000086800000, 0x0000000086800000, 0x0000000086900000|  0%| F|  |TAMS 0x0000000086800000, 0x0000000086800000| Untracked 
|  87|0x0000000086900000, 0x0000000086900000, 0x0000000086a00000|  0%| F|  |TAMS 0x0000000086900000, 0x0000000086900000| Untracked 
|  88|0x0000000086a00000, 0x0000000086a00000, 0x0000000086b00000|  0%| F|  |TAMS 0x0000000086a00000, 0x0000000086a00000| Untracked 
|  89|0x0000000086b00000, 0x0000000086b00000, 0x0000000086c00000|  0%| F|  |TAMS 0x0000000086b00000, 0x0000000086b00000| Untracked 
|  90|0x0000000086c00000, 0x0000000086c00000, 0x0000000086d00000|  0%| F|  |TAMS 0x0000000086c00000, 0x0000000086c00000| Untracked 
|  91|0x0000000086d00000, 0x0000000086d00000, 0x0000000086e00000|  0%| F|  |TAMS 0x0000000086d00000, 0x0000000086d00000| Untracked 
|  92|0x0000000086e00000, 0x0000000086e00000, 0x0000000086f00000|  0%| F|  |TAMS 0x0000000086e00000, 0x0000000086e00000| Untracked 
|  93|0x0000000086f00000, 0x0000000086f00000, 0x0000000087000000|  0%| F|  |TAMS 0x0000000086f00000, 0x0000000086f00000| Untracked 
|  94|0x0000000087000000, 0x0000000087000000, 0x0000000087100000|  0%| F|  |TAMS 0x0000000087000000, 0x0000000087000000| Untracked 
|  95|0x0000000087100000, 0x0000000087100000, 0x0000000087200000|  0%| F|  |TAMS 0x0000000087100000, 0x0000000087100000| Untracked 
|  96|0x0000000087200000, 0x0000000087200000, 0x0000000087300000|  0%| F|  |TAMS 0x0000000087200000, 0x0000000087200000| Untracked 
|  97|0x0000000087300000, 0x0000000087300000, 0x0000000087400000|  0%| F|  |TAMS 0x0000000087300000, 0x0000000087300000| Untracked 
|  98|0x0000000087400000, 0x0000000087400000, 0x0000000087500000|  0%| F|  |TAMS 0x0000000087400000, 0x0000000087400000| Untracked 
|  99|0x0000000087500000, 0x0000000087500000, 0x0000000087600000|  0%| F|  |TAMS 0x0000000087500000, 0x0000000087500000| Untracked 
| 100|0x0000000087600000, 0x0000000087600000, 0x0000000087700000|  0%| F|  |TAMS 0x0000000087600000, 0x0000000087600000| Untracked 
| 101|0x0000000087700000, 0x0000000087700000, 0x0000000087800000|  0%| F|  |TAMS 0x0000000087700000, 0x0000000087700000| Untracked 
| 102|0x0000000087800000, 0x0000000087800000, 0x0000000087900000|  0%| F|  |TAMS 0x0000000087800000, 0x0000000087800000| Untracked 
| 103|0x0000000087900000, 0x0000000087900000, 0x0000000087a00000|  0%| F|  |TAMS 0x0000000087900000, 0x0000000087900000| Untracked 
| 104|0x0000000087a00000, 0x0000000087a00000, 0x0000000087b00000|  0%| F|  |TAMS 0x0000000087a00000, 0x0000000087a00000| Untracked 
| 105|0x0000000087b00000, 0x0000000087b00000, 0x0000000087c00000|  0%| F|  |TAMS 0x0000000087b00000, 0x0000000087b00000| Untracked 
| 106|0x0000000087c00000, 0x0000000087c00000, 0x0000000087d00000|  0%| F|  |TAMS 0x0000000087c00000, 0x0000000087c00000| Untracked 
| 107|0x0000000087d00000, 0x0000000087d00000, 0x0000000087e00000|  0%| F|  |TAMS 0x0000000087d00000, 0x0000000087d00000| Untracked 
| 108|0x0000000087e00000, 0x0000000087e00000, 0x0000000087f00000|  0%| F|  |TAMS 0x0000000087e00000, 0x0000000087e00000| Untracked 
| 109|0x0000000087f00000, 0x0000000087f00000, 0x0000000088000000|  0%| F|  |TAMS 0x0000000087f00000, 0x0000000087f00000| Untracked 
| 110|0x0000000088000000, 0x0000000088000000, 0x0000000088100000|  0%| F|  |TAMS 0x0000000088000000, 0x0000000088000000| Untracked 
| 111|0x0000000088100000, 0x0000000088100000, 0x0000000088200000|  0%| F|  |TAMS 0x0000000088100000, 0x0000000088100000| Untracked 
| 112|0x0000000088200000, 0x0000000088200000, 0x0000000088300000|  0%| F|  |TAMS 0x0000000088200000, 0x0000000088200000| Untracked 
| 113|0x0000000088300000, 0x0000000088300000, 0x0000000088400000|  0%| F|  |TAMS 0x0000000088300000, 0x0000000088300000| Untracked 
| 114|0x0000000088400000, 0x0000000088400000, 0x0000000088500000|  0%| F|  |TAMS 0x0000000088400000, 0x0000000088400000| Untracked 
| 115|0x0000000088500000, 0x0000000088500000, 0x0000000088600000|  0%| F|  |TAMS 0x0000000088500000, 0x0000000088500000| Untracked 
| 116|0x0000000088600000, 0x0000000088600000, 0x0000000088700000|  0%| F|  |TAMS 0x0000000088600000, 0x0000000088600000| Untracked 
| 117|0x0000000088700000, 0x0000000088700000, 0x0000000088800000|  0%| F|  |TAMS 0x0000000088700000, 0x0000000088700000| Untracked 
| 118|0x0000000088800000, 0x0000000088800000, 0x0000000088900000|  0%| F|  |TAMS 0x0000000088800000, 0x0000000088800000| Untracked 
| 119|0x0000000088900000, 0x0000000088900000, 0x0000000088a00000|  0%| F|  |TAMS 0x0000000088900000, 0x0000000088900000| Untracked 
| 120|0x0000000088a00000, 0x0000000088a00000, 0x0000000088b00000|  0%| F|  |TAMS 0x0000000088a00000, 0x0000000088a00000| Untracked 
| 121|0x0000000088b00000, 0x0000000088b00000, 0x0000000088c00000|  0%| F|  |TAMS 0x0000000088b00000, 0x0000000088b00000| Untracked 
| 122|0x0000000088c00000, 0x0000000088c00000, 0x0000000088d00000|  0%| F|  |TAMS 0x0000000088c00000, 0x0000000088c00000| Untracked 
| 123|0x0000000088d00000, 0x0000000088d76458, 0x0000000088e00000| 46%| E|  |TAMS 0x0000000088d00000, 0x0000000088d00000| Complete 
| 124|0x0000000088e00000, 0x0000000088f00000, 0x0000000088f00000|100%| E|CS|TAMS 0x0000000088e00000, 0x0000000088e00000| Complete 
| 125|0x0000000088f00000, 0x0000000089000000, 0x0000000089000000|100%| E|CS|TAMS 0x0000000088f00000, 0x0000000088f00000| Complete 
| 126|0x0000000089000000, 0x0000000089100000, 0x0000000089100000|100%| E|CS|TAMS 0x0000000089000000, 0x0000000089000000| Complete 
| 127|0x0000000089100000, 0x0000000089200000, 0x0000000089200000|100%| E|CS|TAMS 0x0000000089100000, 0x0000000089100000| Complete 

Card table byte_map: [0x0000022d23ef0000,0x0000022d242f0000] _byte_map_base: 0x0000022d23ae7000

Marking Bits (Prev, Next): (CMBitMap*) 0x0000022d0bd9f6b8, (CMBitMap*) 0x0000022d0bd9f6f8
 Prev Bits: [0x0000022d246f0000, 0x0000022d266a8000)
 Next Bits: [0x0000022d266b0000, 0x0000022d28668000)

Polling page: 0x0000022d09d70000

Metaspace:

Usage:
  Non-class:      4.94 MB capacity,     4.85 MB ( 98%) used,    81.96 KB (  2%) free+waste,    16.06 KB ( <1%) overhead. 
      Class:    759.00 KB capacity,   648.52 KB ( 85%) used,    98.86 KB ( 13%) free+waste,    11.63 KB (  2%) overhead. 
       Both:      5.69 MB capacity,     5.48 MB ( 96%) used,   180.82 KB (  3%) free+waste,    27.69 KB ( <1%) overhead. 

Virtual space:
  Non-class space:        8.00 MB reserved,       5.00 MB ( 63%) committed 
      Class space:        1.00 GB reserved,     768.00 KB ( <1%) committed 
             Both:        1.01 GB reserved,       5.75 MB ( <1%) committed 

Chunk freelists:
   Non-Class:  0 bytes
       Class:  9.00 KB
        Both:  9.00 KB

MaxMetaspaceSize: 17179869184.00 GB
CompressedClassSpaceSize: 1.00 GB

CodeHeap 'non-profiled nmethods': size=120000Kb used=152Kb max_used=152Kb free=119847Kb
 bounds [0x0000022d1c290000, 0x0000022d1c500000, 0x0000022d237c0000]
CodeHeap 'profiled nmethods': size=120000Kb used=827Kb max_used=827Kb free=119173Kb
 bounds [0x0000022d14d60000, 0x0000022d14fd0000, 0x0000022d1c290000]
CodeHeap 'non-nmethods': size=5760Kb used=1223Kb max_used=1236Kb free=4537Kb
 bounds [0x0000022d147c0000, 0x0000022d14a30000, 0x0000022d14d60000]
 total_blobs=1386 nmethods=546 adapters=407
 compilation: enabled
              stopped_count=0, restarted_count=0
 full_count=0

Compilation events (20 events):
Event: 0.455 Thread 0x0000022d2b0cf000  533       3       java.util.ArrayList$Itr::hasNext (20 bytes)
Event: 0.455 Thread 0x0000022d2b0cf000 nmethod 533 0x0000022d14e29e90 code [0x0000022d14e2a020, 0x0000022d14e2a1b8]
Event: 0.455 Thread 0x0000022d2b0cb800 nmethod 534 0x0000022d1c2b5810 code [0x0000022d1c2b59a0, 0x0000022d1c2b5a58]
Event: 0.457 Thread 0x0000022d2b0cf000  535       3       java.lang.Module::isNamed (13 bytes)
Event: 0.458 Thread 0x0000022d2b0cf000 nmethod 535 0x0000022d14e2a290 code [0x0000022d14e2a420, 0x0000022d14e2a598]
Event: 0.458 Thread 0x0000022d2b0cf000  536       3       java.util.AbstractList::<init> (10 bytes)
Event: 0.459 Thread 0x0000022d2b0cf000 nmethod 536 0x0000022d14e2a610 code [0x0000022d14e2a7c0, 0x0000022d14e2a998]
Event: 0.459 Thread 0x0000022d2b0cf000  537       3       jdk.internal.org.objectweb.asm.MethodWriter::visitInsn (115 bytes)
Event: 0.460 Thread 0x0000022d2b0cf000 nmethod 537 0x0000022d14e2aa90 code [0x0000022d14e2ac80, 0x0000022d14e2b0a8]
Event: 0.460 Thread 0x0000022d2b0cf000  539       3       java.lang.invoke.LambdaForm::useCount (90 bytes)
Event: 0.461 Thread 0x0000022d2b0cf000 nmethod 539 0x0000022d14e2b290 code [0x0000022d14e2b460, 0x0000022d14e2b838]
Event: 0.461 Thread 0x0000022d2b0cf000  538       3       sun.invoke.util.BytecodeDescriptor::unparse (37 bytes)
Event: 0.461 Thread 0x0000022d2b0cf000 nmethod 538 0x0000022d14e2ba10 code [0x0000022d14e2bc40, 0x0000022d14e2c338]
Event: 0.461 Thread 0x0000022d2b0cf000  541       3       java.lang.invoke.LambdaForm$Name::internArguments (59 bytes)
Event: 0.462 Thread 0x0000022d2b0cf000 nmethod 541 0x0000022d14e2c590 code [0x0000022d14e2c780, 0x0000022d14e2cec8]
Event: 0.462 Thread 0x0000022d2b0cf000  543       3       java.lang.invoke.LambdaForm$Name::<init> (44 bytes)
Event: 0.463 Thread 0x0000022d2b0cf000 nmethod 543 0x0000022d14e2d090 code [0x0000022d14e2d2a0, 0x0000022d14e2d868]
Event: 0.463 Thread 0x0000022d2b0cf000  544       3       jdk.internal.org.objectweb.asm.Frame::setLocal (65 bytes)
Event: 0.463 Thread 0x0000022d2b0cf000 nmethod 544 0x0000022d14e2db90 code [0x0000022d14e2dd60, 0x0000022d14e2e2c8]
Event: 0.463 Thread 0x0000022d2b0cf000  542       3       java.lang.invoke.LambdaFormBuffer::ownedCount (7 bytes)

GC Heap History (0 events):
No events

Deoptimization events (4 events):
Event: 0.084 Thread 0x0000022d0bd5b000 Uncommon trap: trap_request=0xffffff45 fr.pc=0x0000022d1c2947e4 relative=0x0000000000000284
Event: 0.084 Thread 0x0000022d0bd5b000 Uncommon trap: reason=unstable_if action=reinterpret pc=0x0000022d1c2947e4 method=java.lang.String.hashCode()I @ 20 c2
Event: 0.084 Thread 0x0000022d0bd5b000 DEOPT PACKING pc=0x0000022d1c2947e4 sp=0x000000e6a55fdf10
Event: 0.084 Thread 0x0000022d0bd5b000 DEOPT UNPACKING pc=0x0000022d1480912f sp=0x000000e6a55fdea8 mode 2

Classes unloaded (0 events):
No events

Classes redefined (0 events):
No events

Internal exceptions (15 events):
Event: 0.129 Thread 0x0000022d0bd5b000 Exception <a 'java/lang/ClassNotFoundException'{0x0000000089001258}: sun/awt/resources/spi/awtProvider> (0x0000000089001258) 
thrown [./src/hotspot/share/classfile/systemDictionary.cpp, line 226]
Event: 0.169 Thread 0x0000022d0bd5b000 Exception <a 'java/io/FileNotFoundException'{0x0000000089055f10}> (0x0000000089055f10) 
thrown [./src/hotspot/share/prims/jni.cpp, line 599]
Event: 0.184 Thread 0x0000022d0bd5b000 Exception <a 'java/io/FileNotFoundException'{0x000000008907c728}> (0x000000008907c728) 
thrown [./src/hotspot/share/prims/jni.cpp, line 599]
Event: 0.251 Thread 0x0000022d2bcdc000 Exception <a 'java/lang/NoSuchMethodError'{0x00000000890f0fc8}: 'void java.lang.invoke.DirectMethodHandle$Holder.invokeSpecial(java.lang.Object, java.lang.Object)'> (0x00000000890f0fc8) 
thrown [./src/hotspot/share/interpreter/linkResolver.cpp, line 766]
Event: 0.331 Thread 0x0000022d2bce9000 Exception <a 'java/lang/NoSuchMethodError'{0x0000000088feef40}: 'java.lang.Object java.lang.invoke.DirectMethodHandle$Holder.invokeStatic(java.lang.Object, int, java.lang.Object, java.lang.Object, java.lang.Object, java.lang.Object)'> (0x0000000088feef40) 
thrown [./src/hotspot/share/interpreter/linkResolver.cpp, line 766]
Event: 0.332 Thread 0x0000022d2bce9000 Exception <a 'java/lang/NoSuchMethodError'{0x0000000088ff5860}: 'java.lang.Object java.lang.invoke.DirectMethodHandle$Holder.invokeStatic(java.lang.Object, int, java.lang.Object, java.lang.Object, java.lang.Object)'> (0x0000000088ff5860) 
thrown [./src/hotspot/share/interpreter/linkResolver.cpp, line 766]
Event: 0.333 Thread 0x0000022d2bce9000 Exception <a 'java/lang/NoSuchMethodError'{0x0000000088ff90b0}: 'java.lang.Object java.lang.invoke.DirectMethodHandle$Holder.invokeSpecial(java.lang.Object, java.lang.Object, int, java.lang.Object, java.lang.Object, java.lang.Object)'> (0x0000000088ff90b0) 
thrown [./src/hotspot/share/interpreter/linkResolver.cpp, line 766]
Event: 0.337 Thread 0x0000022d2bce9000 Exception <a 'java/lang/NoSuchMethodError'{0x0000000088e0f928}: 'java.lang.Object java.lang.invoke.DirectMethodHandle$Holder.invokeStatic(java.lang.Object, int, java.lang.Object)'> (0x0000000088e0f928) 
thrown [./src/hotspot/share/interpreter/linkResolver.cpp, line 766]
Event: 0.361 Thread 0x0000022d2bce9000 Exception <a 'java/lang/ClassNotFoundException'{0x0000000088eb3240}: com/sun/swing/internal/plaf/metal/resources/spi/metalProvider> (0x0000000088eb3240) 
thrown [./src/hotspot/share/classfile/systemDictionary.cpp, line 226]
Event: 0.363 Thread 0x0000022d2bce9000 Exception <a 'java/lang/ClassNotFoundException'{0x0000000088eb7f00}: com/sun/swing/internal/plaf/basic/resources/spi/basicProvider> (0x0000000088eb7f00) 
thrown [./src/hotspot/share/classfile/systemDictionary.cpp, line 226]
Event: 0.379 Thread 0x0000022d2bd6d800 Exception <a 'java/io/FileNotFoundException'{0x0000000088eec570}> (0x0000000088eec570) 
thrown [./src/hotspot/share/prims/jni.cpp, line 599]
Event: 0.418 Thread 0x0000022d2bce9000 Exception <a 'java/lang/NoSuchMethodError'{0x0000000088d14508}: 'void java.lang.invoke.DirectMethodHandle$Holder.invokeStaticInit(java.lang.Object)'> (0x0000000088d14508) 
thrown [./src/hotspot/share/interpreter/linkResolver.cpp, line 766]
Event: 0.432 Thread 0x0000022d2bce9000 Exception <a 'java/io/FileNotFoundException'{0x0000000088d210f0}> (0x0000000088d210f0) 
thrown [./src/hotspot/share/prims/jni.cpp, line 599]
Event: 0.432 Thread 0x0000022d2bce9000 Exception <a 'java/lang/NullPointerException'{0x0000000088d219e0}> (0x0000000088d219e0) 
thrown [./src/hotspot/share/interpreter/linkResolver.cpp, line 1348]
Event: 0.463 Thread 0x0000022d2bce9000 Exception <a 'java/lang/NoSuchMethodError'{0x0000000088d72e48}: 'java.lang.Object java.lang.invoke.Invokers$Holder.linkToTargetMethod(java.lang.Object, int, java.lang.Object)'> (0x0000000088d72e48) 
thrown [./src/hotspot/share/interpreter/linkResolver.cpp, line 766]

Events (20 events):
Event: 0.456 loading class sun/awt/windows/WDefaultFontCharset$Encoder
Event: 0.456 loading class sun/awt/AWTCharset$Encoder
Event: 0.456 loading class sun/awt/AWTCharset$Encoder done
Event: 0.456 loading class sun/awt/windows/WDefaultFontCharset$Encoder done
Event: 0.457 loading class java/io/ByteArrayOutputStream
Event: 0.457 loading class java/io/ByteArrayOutputStream done
Event: 0.457 loading class sun/awt/windows/WingDings
Event: 0.457 loading class sun/awt/windows/WingDings done
Event: 0.457 loading class sun/awt/windows/WingDings$Encoder
Event: 0.457 loading class sun/awt/windows/WingDings$Encoder done
Event: 0.458 loading class sun/awt/Symbol
Event: 0.458 loading class sun/awt/Symbol done
Event: 0.458 loading class sun/awt/Symbol$Encoder
Event: 0.458 loading class sun/awt/Symbol$Encoder done
Event: 0.458 Executing VM operation: HandshakeOneThread
Event: 0.458 Executing VM operation: HandshakeOneThread done
Event: 0.463 Executing VM operation: HandshakeOneThread
Event: 0.463 Executing VM operation: HandshakeOneThread done
Event: 0.463 Executing VM operation: HandshakeOneThread
Event: 0.463 Executing VM operation: HandshakeOneThread done


Dynamic libraries:
0x00007ff671010000 - 0x00007ff67101d000 	C:\Program Files\AdoptOpenJDK\jdk-14.0.1.7-hotspot\bin\javaw.exe
0x00007ff9de5c0000 - 0x00007ff9de7b0000 	C:\WINDOWS\SYSTEM32\ntdll.dll
0x00007ff9dd390000 - 0x00007ff9dd442000 	C:\WINDOWS\System32\KERNEL32.DLL
0x00007ff9dc320000 - 0x00007ff9dc5c5000 	C:\WINDOWS\System32\KERNELBASE.dll
0x00007ff9dba60000 - 0x00007ff9dbb5a000 	C:\WINDOWS\System32\ucrtbase.dll
0x00007ff9c4ba0000 - 0x00007ff9c4bb8000 	C:\Program Files\AdoptOpenJDK\jdk-14.0.1.7-hotspot\bin\jli.dll
0x00007ff9dcbb0000 - 0x00007ff9dcd44000 	C:\WINDOWS\System32\USER32.dll
0x00007ff9b78a0000 - 0x00007ff9b78b5000 	C:\Program Files\AdoptOpenJDK\jdk-14.0.1.7-hotspot\bin\VCRUNTIME140.dll
0x00007ff9b8a30000 - 0x00007ff9b8cb4000 	C:\WINDOWS\WinSxS\amd64_microsoft.windows.common-controls_6595b64144ccf1df_6.0.18362.1256_none_9e7e379be45e40e2\COMCTL32.dll
0x00007ff9dc640000 - 0x00007ff9dc661000 	C:\WINDOWS\System32\win32u.dll
0x00007ff9dc7f0000 - 0x00007ff9dc88e000 	C:\WINDOWS\System32\msvcrt.dll
0x00007ff9de0b0000 - 0x00007ff9de0d6000 	C:\WINDOWS\System32\GDI32.dll
0x00007ff9db530000 - 0x00007ff9db6c6000 	C:\WINDOWS\System32\gdi32full.dll
0x00007ff9ddd70000 - 0x00007ff9de0a6000 	C:\WINDOWS\System32\combase.dll
0x00007ff9de140000 - 0x00007ff9de260000 	C:\WINDOWS\System32\RPCRT4.dll
0x00007ff9db820000 - 0x00007ff9db8be000 	C:\WINDOWS\System32\msvcp_win.dll
0x00007ff9db8c0000 - 0x00007ff9db941000 	C:\WINDOWS\System32\bcryptPrimitives.dll
0x00007ff9de410000 - 0x00007ff9de43e000 	C:\WINDOWS\System32\IMM32.DLL
0x00007ff9a4680000 - 0x00007ff9a471b000 	C:\Program Files\AdoptOpenJDK\jdk-14.0.1.7-hotspot\bin\msvcp140.dll
0x00007ff968860000 - 0x00007ff96940c000 	C:\Program Files\AdoptOpenJDK\jdk-14.0.1.7-hotspot\bin\server\jvm.dll
0x00007ff9dc670000 - 0x00007ff9dc713000 	C:\WINDOWS\System32\ADVAPI32.dll
0x00007ff9dcb00000 - 0x00007ff9dcb97000 	C:\WINDOWS\System32\sechost.dll
0x00007ff9dc9f0000 - 0x00007ff9dc9f8000 	C:\WINDOWS\System32\PSAPI.DLL
0x00007ff9b9090000 - 0x00007ff9b9099000 	C:\WINDOWS\SYSTEM32\WSOCK32.dll
0x00007ff9d8c70000 - 0x00007ff9d8c94000 	C:\WINDOWS\SYSTEM32\WINMM.dll
0x00007ff9dd270000 - 0x00007ff9dd2df000 	C:\WINDOWS\System32\WS2_32.dll
0x00007ff9d45c0000 - 0x00007ff9d45ca000 	C:\WINDOWS\SYSTEM32\VERSION.dll
0x00007ff9d8c40000 - 0x00007ff9d8c6d000 	C:\WINDOWS\SYSTEM32\winmmbase.dll
0x00007ff9dc5f0000 - 0x00007ff9dc63a000 	C:\WINDOWS\System32\cfgmgr32.dll
0x00007ff9db470000 - 0x00007ff9db481000 	C:\WINDOWS\System32\kernel.appcore.dll
0x00007ff9d1320000 - 0x00007ff9d132a000 	C:\Program Files\AdoptOpenJDK\jdk-14.0.1.7-hotspot\bin\jimage.dll
0x00007ff9d9e30000 - 0x00007ff9da024000 	C:\WINDOWS\SYSTEM32\DBGHELP.DLL
0x00007ff9c9070000 - 0x00007ff9c909a000 	C:\WINDOWS\SYSTEM32\dbgcore.DLL
0x00007ff9c4bc0000 - 0x00007ff9c4be5000 	C:\Program Files\AdoptOpenJDK\jdk-14.0.1.7-hotspot\bin\java.dll
0x00007ff9c4b80000 - 0x00007ff9c4b96000 	C:\Program Files\AdoptOpenJDK\jdk-14.0.1.7-hotspot\bin\zip.dll
0x00007ff9dd450000 - 0x00007ff9ddb37000 	C:\WINDOWS\System32\SHELL32.dll
0x00007ff9dd1c0000 - 0x00007ff9dd269000 	C:\WINDOWS\System32\shcore.dll
0x00007ff9dbb90000 - 0x00007ff9dc311000 	C:\WINDOWS\System32\windows.storage.dll
0x00007ff9db490000 - 0x00007ff9db4b3000 	C:\WINDOWS\System32\profapi.dll
0x00007ff9db4e0000 - 0x00007ff9db52a000 	C:\WINDOWS\System32\powrprof.dll
0x00007ff9db460000 - 0x00007ff9db470000 	C:\WINDOWS\System32\UMPDC.dll
0x00007ff9dca00000 - 0x00007ff9dca52000 	C:\WINDOWS\System32\shlwapi.dll
0x00007ff9dc5d0000 - 0x00007ff9dc5e7000 	C:\WINDOWS\System32\cryptsp.dll
0x00007ff993500000 - 0x00007ff993697000 	C:\Program Files\AdoptOpenJDK\jdk-14.0.1.7-hotspot\bin\awt.dll
0x00007ff9ddca0000 - 0x00007ff9ddd65000 	C:\WINDOWS\System32\OLEAUT32.dll
0x00007ff9d92f0000 - 0x00007ff9d937f000 	C:\WINDOWS\SYSTEM32\apphelp.dll
0x00007ff9d94d0000 - 0x00007ff9d9569000 	C:\WINDOWS\system32\uxtheme.dll
0x00007ff9de440000 - 0x00007ff9de575000 	C:\WINDOWS\System32\MSCTF.dll
0x00007ff9dc890000 - 0x00007ff9dc9e7000 	C:\WINDOWS\System32\ole32.dll
0x00007ff9d9900000 - 0x00007ff9d992d000 	C:\WINDOWS\system32\DWMAPI.DLL
0x00007ff9bc210000 - 0x00007ff9bc366000 	C:\WINDOWS\system32\opengl32.dll
0x00007ff9bc0c0000 - 0x00007ff9bc0ec000 	C:\WINDOWS\SYSTEM32\GLU32.dll
0x00007ff9da0a0000 - 0x00007ff9da0c0000 	C:\WINDOWS\SYSTEM32\dxcore.dll
0x00007ff9a14c0000 - 0x00007ff9a1542000 	C:\Program Files\AdoptOpenJDK\jdk-14.0.1.7-hotspot\bin\freetype.dll
0x00007ff99e8c0000 - 0x00007ff99e966000 	C:\Program Files\AdoptOpenJDK\jdk-14.0.1.7-hotspot\bin\fontmanager.dll

dbghelp: loaded successfully - version: 4.0.5 - missing functions: none
symbol engine: initialized successfully - sym options: 0x614 - pdb path: .;C:\Program Files\AdoptOpenJDK\jdk-14.0.1.7-hotspot\bin;C:\WINDOWS\SYSTEM32;C:\WINDOWS\WinSxS\amd64_microsoft.windows.common-controls_6595b64144ccf1df_6.0.18362.1256_none_9e7e379be45e40e2;C:\Program Files\AdoptOpenJDK\jdk-14.0.1.7-hotspot\bin\server

VM Arguments:
jvm_args: -Dfile.encoding=UTF-8 
java_command: êßçÏé©èK.êßçÏé¿èK
java_class_path (initial): C:\Users\ì˙çÇêTñÁ\git\-\êßçÏé©èK\bin
Launcher Type: SUN_STANDARD

[Global flags]
     intx CICompilerCount                          = 4                                         {product} {ergonomic}
     uint ConcGCThreads                            = 2                                         {product} {ergonomic}
     uint G1ConcRefinementThreads                  = 8                                         {product} {ergonomic}
   size_t G1HeapRegionSize                         = 1048576                                   {product} {ergonomic}
    uintx GCDrainStackTargetSize                   = 64                                        {product} {ergonomic}
   size_t InitialHeapSize                          = 134217728                                 {product} {ergonomic}
   size_t MarkStackSize                            = 4194304                                   {product} {ergonomic}
   size_t MaxHeapSize                              = 2128609280                                {product} {ergonomic}
   size_t MaxNewSize                               = 1277165568                                {product} {ergonomic}
   size_t MinHeapDeltaBytes                        = 1048576                                   {product} {ergonomic}
   size_t MinHeapSize                              = 8388608                                   {product} {ergonomic}
    uintx NonNMethodCodeHeapSize                   = 5839372                                {pd product} {ergonomic}
    uintx NonProfiledCodeHeapSize                  = 122909434                              {pd product} {ergonomic}
    uintx ProfiledCodeHeapSize                     = 122909434                              {pd product} {ergonomic}
    uintx ReservedCodeCacheSize                    = 251658240                              {pd product} {ergonomic}
     bool SegmentedCodeCache                       = true                                      {product} {ergonomic}
   size_t SoftMaxHeapSize                          = 2128609280                             {manageable} {ergonomic}
     bool UseCompressedClassPointers               = true                                 {lp64_product} {ergonomic}
     bool UseCompressedOops                        = true                                 {lp64_product} {ergonomic}
     bool UseG1GC                                  = true                                      {product} {ergonomic}
     bool UseLargePagesIndividualAllocation        = false                                  {pd product} {ergonomic}

Logging:
Log output configuration:
 #0: stdout all=warning uptime,level,tags
 #1: stderr all=off uptime,level,tags

Environment Variables:
JAVA_HOME=C:\Program Files\AdoptOpenJDK\jdk-14.0.1.7-hotspot\
PATH=C:/Program Files/AdoptOpenJDK/jdk-14.0.1.7-hotspot/bin/client;C:/Program Files/AdoptOpenJDK/jdk-14.0.1.7-hotspot/bin;C:\Program Files\AdoptOpenJDK\jdk-14.0.1.7-hotspot\bin;C:\WINDOWS\system32;C:\WINDOWS;C:\WINDOWS\System32\Wbem;C:\WINDOWS\System32\WindowsPowerShell\v1.0\;C:\WINDOWS\System32\OpenSSH\;C:\Program Files\Intel\WiFi\bin\;C:\Program Files\Common Files\Intel\WirelessCommon\;C:\Program Files\dotnet\;C:\Program Files\Microsoft SQL Server\130\Tools\Binn\;C:\HashiCorp\Vagrant\bin;C:\java\derby\bin;C:\Program Files\AdoptOpenJDK\jdk-14.0.1.7-hotspot\bin;C:\WINDOWS\system32;C:\WINDOWS;C:\WINDOWS\System32\Wbem;C:\WINDOWS\System32\WindowsPowerShell\v1.0\;C:\WINDOWS\System32\OpenSSH\;C:\Program Files\Intel\WiFi\bin\;C:\Program Files\Common Files\Intel\WirelessCommon\;C:\Program Files\dotnet\;C:\Program Files\Microsoft SQL Server\130\Tools\Binn\;C:\python\Python3;C:\python\Python3\Library\mingw-w64\bin;C:\python\Python3\Library\usr\bin;C:\python\Python3\Library\bin;C:\python\Python3\Scripts;C:\Users\ì˙çÇêTñÁ\AppData\Local\Microsoft\WindowsApps;C:\MinGW\bin;C:\Users\ì˙çÇêTñÁ\AppData\Local\Microsoft\WindowsApps;C:\Java\eclipse;
USERNAME=hidaka
OS=Windows_NT
PROCESSOR_IDENTIFIER=Intel64 Family 6 Model 142 Stepping 10, GenuineIntel



---------------  S Y S T E M  ---------------

OS: Windows 10 , 64 bit Build 18362 (10.0.18362.1110)
OS uptime: 20 days 11:56 hours

CPU:total 8 (initial active 8) (4 cores per cpu, 2 threads per core) family 6 model 142 stepping 10, cmov, cx8, fxsr, mmx, sse, sse2, sse3, ssse3, sse4.1, sse4.2, popcnt, avx, avx2, aes, clmul, erms, 3dnowpref, lzcnt, ht, tsc, tscinvbit, bmi1, bmi2, adx, fma

Memory: 4k page, system-wide physical 8118M (2750M free)
TotalPageFile size 10277M (AvailPageFile size 2055M)
current process WorkingSet (physical memory assigned to process): 46M, peak: 46M
current process commit charge ("private bytes"): 219M, peak: 219M

vm_info: OpenJDK 64-Bit Server VM (14.0.1+7) for windows-amd64 JRE (14.0.1+7), built on Apr 22 2020 14:10:56 by "" with MS VC++ 15.9 (VS2017)

END.
