#
# A fatal error has been detected by the Java Runtime Environment:
#
#  EXCEPTION_ACCESS_VIOLATION (0xc0000005) at pc=0x00007ff9d13af74a, pid=23940, tid=5676
#
# JRE version: OpenJDK Runtime Environment AdoptOpenJDK (14.0.1+7) (build 14.0.1+7)
# Java VM: OpenJDK 64-Bit Server VM AdoptOpenJDK (14.0.1+7, mixed mode, sharing, tiered, compressed oops, g1 gc, windows-amd64)
# Problematic frame:
# C  [awt.dll+0x8f74a]
#
# No core dump will be written. Minidumps are not enabled by default on client versions of Windows
#
# If you would like to submit a bug report, please visit:
#   https://github.com/AdoptOpenJDK/openjdk-support/issues
# The crash happened outside the Java Virtual Machine in native code.
# See problematic frame for where to report the bug.
#

---------------  S U M M A R Y ------------

Command Line: -Dfile.encoding=UTF-8 êßçÏé©èK.BMS19

Host: Intel(R) Core(TM) i5-8250U CPU @ 1.60GHz, 8 cores, 7G,  Windows 10 , 64 bit Build 18362 (10.0.18362.1110)
Time: Sat Jan  9 11:11:38 2021 ???? (?W?Ä??) elapsed time: 5 seconds (0d 0h 0m 5s)

---------------  T H R E A D  ---------------

Current thread (0x000001fe277d4000):  JavaThread "main" [_thread_in_native, id=5676, stack(0x00000011d5000000,0x00000011d5100000)]

Stack: [0x00000011d5000000,0x00000011d5100000],  sp=0x00000011d50fe830,  free space=1018k
Native frames: (J=compiled Java code, j=interpreted, Vv=VM code, C=native code)
C  [awt.dll+0x8f74a]

Java frames: (J=compiled Java code, j=interpreted, Vv=VM code)
j  sun.awt.windows.WComponentPeer._setFont(Ljava/awt/Font;)V+0 java.desktop@14.0.1
j  sun.awt.windows.WComponentPeer.setFont(Ljava/awt/Font;)V+7 java.desktop@14.0.1
j  sun.awt.windows.WWindowPeer.initialize()V+42 java.desktop@14.0.1
j  sun.awt.windows.WFramePeer.initialize()V+1 java.desktop@14.0.1
j  sun.awt.windows.WComponentPeer.<init>(Ljava/awt/Component;)V+83 java.desktop@14.0.1
j  sun.awt.windows.WCanvasPeer.<init>(Ljava/awt/Component;)V+2 java.desktop@14.0.1
j  sun.awt.windows.WPanelPeer.<init>(Ljava/awt/Component;)V+2 java.desktop@14.0.1
j  sun.awt.windows.WWindowPeer.<init>(Ljava/awt/Window;)V+2 java.desktop@14.0.1
j  sun.awt.windows.WFramePeer.<init>(Ljava/awt/Frame;)V+2 java.desktop@14.0.1
j  sun.awt.windows.WToolkit.createFrame(Ljava/awt/Frame;)Ljava/awt/peer/FramePeer;+5 java.desktop@14.0.1
j  java.awt.Frame.addNotify()V+20 java.desktop@14.0.1
j  javax.swing.SwingUtilities$SharedOwnerFrame.addNotify()V+1 java.desktop@14.0.1
j  java.awt.Dialog.addNotify()V+28 java.desktop@14.0.1
j  java.awt.Dialog.conditionalShow(Ljava/awt/Component;Ljava/util/concurrent/atomic/AtomicLong;)Z+20 java.desktop@14.0.1
j  java.awt.Dialog.show()V+33 java.desktop@14.0.1
j  java.awt.Component.show(Z)V+5 java.desktop@14.0.1
j  java.awt.Component.setVisible(Z)V+2 java.desktop@14.0.1
j  java.awt.Window.setVisible(Z)V+2 java.desktop@14.0.1
j  java.awt.Dialog.setVisible(Z)V+2 java.desktop@14.0.1
j  Âà∂‰ΩúËá™Áøí.BMS19.main([Ljava/lang/String;)V+15
v  ~StubRoutines::call_stub

siginfo: EXCEPTION_ACCESS_VIOLATION (0xc0000005), reading address 0x0000000000000058


Register to memory mapping:

RIP=0x00007ff9d13af74a awt.dll
RAX=0x00007ff9d142a660 awt.dll
RBX=0x000001fe277d4310 points into unknown readable memory: 50 3c 3e 6d f9 7f 00 00
RCX=0x000001fe48998520 points into unknown readable memory: 60 a6 42 d1 f9 7f 00 00
RDX=0x0 is NULL
RSP=0x00000011d50fe830 is pointing into the stack for thread: 0x000001fe277d4000
RBP=0x0 is NULL
RSI=0x000001fe482407b8 is a global jni handle
RDI=0x000001fe482407c8 is a global jni handle
R8 =0x0000000000000042 is an unknown value
R9 =0x0000000800b4e858 is a pointer to class: 
java.awt.Font {0x0000000800b4e860}
R10=0x0000000000008000 is an unknown value
R11=0x00000011d50fe830 is pointing into the stack for thread: 0x000001fe277d4000
R12=0x0 is NULL
R13={method} {0x000001fe46c914f0} '_setFont' '(Ljava/awt/Font;)V' in 'sun/awt/windows/WComponentPeer'
R14=0x000001fe48998520 points into unknown readable memory: 60 a6 42 d1 f9 7f 00 00
R15=0x000001fe4891f630 points into unknown readable memory: b8 07 24 48 fe 01 00 00


Registers:
RAX=0x00007ff9d142a660, RBX=0x000001fe277d4310, RCX=0x000001fe48998520, RDX=0x0000000000000000
RSP=0x00000011d50fe830, RBP=0x0000000000000000, RSI=0x000001fe482407b8, RDI=0x000001fe482407c8
R8 =0x0000000000000042, R9 =0x0000000800b4e858, R10=0x0000000000008000, R11=0x00000011d50fe830
R12=0x0000000000000000, R13=0x000001fe46c914e8, R14=0x000001fe48998520, R15=0x000001fe4891f630
RIP=0x00007ff9d13af74a, EFLAGS=0x0000000000010206

Top of Stack: (sp=0x00000011d50fe830)
0x00000011d50fe830:   000001fe4891f630 000001fe48998520
0x00000011d50fe840:   000001fe4891f630 000001fe48998520
0x00000011d50fe850:   000001fe482407c8 00007ff9d13b4655
0x00000011d50fe860:   000001fe277d4310 000001fe277d4310
0x00000011d50fe870:   0000000000000000 000001fe482407b8
0x00000011d50fe880:   000001fe277d4000 00000011d50fe9d0
0x00000011d50fe890:   000001fe4891f630 00007ff9d13ed59b
0x00000011d50fe8a0:   00007ff9d146f018 00000011d50fe9a8
0x00000011d50fe8b0:   00007ff9d13b4528 0000000000000000
0x00000011d50fe8c0:   fffffffffffffffe fffffffffffffffe
0x00000011d50fe8d0:   000001fe482407b8 00007ff9d13b581c
0x00000011d50fe8e0:   000001fe482407c8 00000011d50fe9c8
0x00000011d50fe8f0:   00000011d50fe9c8 00007ff9d146f018
0x00000011d50fe900:   fffffffffffffffe 00007ff96cf563f9
0x00000011d50fe910:   000001fe3023a1b3 000001fe302400b4
0x00000011d50fe920:   000001fe46c914e8 0000000000000000 

Instructions: (pc=0x00007ff9d13af74a)
0x00007ff9d13af64a:   00 48 8b d9 e8 d9 dc ff ff 48 8b f8 48 85 c0 75
0x00007ff9d13af65a:   04 48 8b 7b 48 48 8b cf e8 93 15 05 00 48 8b d8
0x00007ff9d13af66a:   48 85 c0 74 60 83 64 24 20 00 0f 57 c0 83 64 24
0x00007ff9d13af67a:   34 00 b9 11 00 00 00 83 64 24 38 00 f3 0f 7f 44
0x00007ff9d13af68a:   24 24 ff 15 86 bc 0b 00 4c 8d 44 24 40 ba 5c 00
0x00007ff9d13af69a:   00 00 48 8b c8 ff 15 2b bf 0b 00 83 f8 5c 75 0d
0x00007ff9d13af6aa:   48 8d 54 24 40 48 8b cb e8 f2 15 05 00 48 8d 54
0x00007ff9d13af6ba:   24 20 48 8b cb e8 09 16 05 00 48 8b d3 48 8b cf
0x00007ff9d13af6ca:   e8 b6 15 05 00 48 8b 8c 24 a0 00 00 00 48 33 cc
0x00007ff9d13af6da:   e8 e1 22 05 00 48 8b 9c 24 c8 00 00 00 48 81 c4
0x00007ff9d13af6ea:   b0 00 00 00 5f c3 40 53 48 83 ec 20 48 8b d9 ff
0x00007ff9d13af6fa:   15 69 c4 0b 00 48 85 c0 75 0a 48 8b 4b 48 ff 15
0x00007ff9d13af70a:   52 c4 0b 00 48 83 c4 20 5b c3 4c 63 c2 48 8b 15
0x00007ff9d13af71a:   2a a8 0b 00 48 ff 25 e3 c2 0b 00 cc cc cc 48 8b
0x00007ff9d13af72a:   d1 48 8b 0d 1e d8 0b 00 48 89 15 17 d8 0b 00 e9
0x00007ff9d13af73a:   f6 63 04 00 cc cc 48 89 5c 24 08 57 48 83 ec 20
0x00007ff9d13af74a:   83 7a 58 00 48 8b da 48 8b f9 7d 08 48 8b ca e8
0x00007ff9d13af75a:   4a 95 01 00 4c 8b 43 48 45 33 c9 48 8b 4f 48 4d
0x00007ff9d13af76a:   8b 00 41 8d 51 30 ff 15 5a c5 0b 00 48 8b 4f 48
0x00007ff9d13af77a:   33 d2 44 8d 42 01 48 8b 5c 24 30 48 83 c4 20 5f
0x00007ff9d13af78a:   48 ff 25 f7 c3 0b 00 cc cc cc 48 8b c4 48 89 58
0x00007ff9d13af79a:   08 48 89 68 10 48 89 70 18 48 89 78 20 41 56 48
0x00007ff9d13af7aa:   83 ec 20 4c 8b f2 48 8b f9 48 8b 0d 3e f6 0b 00
0x00007ff9d13af7ba:   ba 02 00 01 00 41 8b e8 e8 04 21 05 00 48 8b 97
0x00007ff9d13af7ca:   c0 00 00 00 33 db 48 8b f0 48 85 d2 74 0d 4c 8b
0x00007ff9d13af7da:   08 48 8b c8 41 ff 91 b0 00 00 00 4d 85 f6 74 14
0x00007ff9d13af7ea:   48 8b 06 49 8b d6 48 8b ce ff 90 a8 00 00 00 48
0x00007ff9d13af7fa:   8b d8 eb 05 bd 01 00 00 00 48 89 9f c0 00 00 00
0x00007ff9d13af80a:   89 af c8 00 00 00 48 8b 5c 24 30 48 8b 6c 24 38
0x00007ff9d13af81a:   48 8b 74 24 40 48 8b 7c 24 48 48 83 c4 20 41 5e
0x00007ff9d13af82a:   c3 cc 48 89 5c 24 08 48 89 6c 24 10 48 89 74 24
0x00007ff9d13af83a:   18 57 48 83 ec 20 33 db 48 8b f9 48 85 c9 75 09 


Stack slot to memory mapping:
stack at sp + 0 slots: 0x000001fe4891f630 points into unknown readable memory: b8 07 24 48 fe 01 00 00
stack at sp + 1 slots: 0x000001fe48998520 points into unknown readable memory: 60 a6 42 d1 f9 7f 00 00
stack at sp + 2 slots: 0x000001fe4891f630 points into unknown readable memory: b8 07 24 48 fe 01 00 00
stack at sp + 3 slots: 0x000001fe48998520 points into unknown readable memory: 60 a6 42 d1 f9 7f 00 00
stack at sp + 4 slots: 0x000001fe482407c8 is a global jni handle
stack at sp + 5 slots: 0x00007ff9d13b4655 awt.dll
stack at sp + 6 slots: 0x000001fe277d4310 points into unknown readable memory: 50 3c 3e 6d f9 7f 00 00
stack at sp + 7 slots: 0x000001fe277d4310 points into unknown readable memory: 50 3c 3e 6d f9 7f 00 00


---------------  P R O C E S S  ---------------

Threads class SMR info:
_java_thread_list=0x000001fe484aadf0, length=17, elements={
0x000001fe277d4000, 0x000001fe46b26000, 0x000001fe46b27000, 0x000001fe46b41800,
0x000001fe46b44000, 0x000001fe46b4b000, 0x000001fe46b56000, 0x000001fe46b5c000,
0x000001fe46b61000, 0x000001fe474a1000, 0x000001fe474a6800, 0x000001fe474a8000,
0x000001fe474a9000, 0x000001fe474ac000, 0x000001fe474a7800, 0x000001fe474a9800,
0x000001fe48989000
}

Java Threads: ( => current thread )
=>0x000001fe277d4000 JavaThread "main" [_thread_in_native, id=5676, stack(0x00000011d5000000,0x00000011d5100000)]
  0x000001fe46b26000 JavaThread "Reference Handler" daemon [_thread_blocked, id=5188, stack(0x00000011d5700000,0x00000011d5800000)]
  0x000001fe46b27000 JavaThread "Finalizer" daemon [_thread_blocked, id=9372, stack(0x00000011d5800000,0x00000011d5900000)]
  0x000001fe46b41800 JavaThread "Signal Dispatcher" daemon [_thread_blocked, id=13148, stack(0x00000011d5900000,0x00000011d5a00000)]
  0x000001fe46b44000 JavaThread "Attach Listener" daemon [_thread_blocked, id=7456, stack(0x00000011d5a00000,0x00000011d5b00000)]
  0x000001fe46b4b000 JavaThread "Service Thread" daemon [_thread_blocked, id=19100, stack(0x00000011d5b00000,0x00000011d5c00000)]
  0x000001fe46b56000 JavaThread "C2 CompilerThread0" daemon [_thread_blocked, id=22980, stack(0x00000011d5c00000,0x00000011d5d00000)]
  0x000001fe46b5c000 JavaThread "C1 CompilerThread0" daemon [_thread_blocked, id=4588, stack(0x00000011d5d00000,0x00000011d5e00000)]
  0x000001fe46b61000 JavaThread "Sweeper thread" daemon [_thread_blocked, id=21144, stack(0x00000011d5e00000,0x00000011d5f00000)]
  0x000001fe474a1000 JavaThread "Notification Thread" daemon [_thread_blocked, id=24420, stack(0x00000011d5f00000,0x00000011d6000000)]
  0x000001fe474a6800 JavaThread "Common-Cleaner" daemon [_thread_blocked, id=8172, stack(0x00000011d6100000,0x00000011d6200000)]
  0x000001fe474a8000 JavaThread "Java2D Disposer" daemon [_thread_blocked, id=11456, stack(0x00000011d6200000,0x00000011d6300000)]
  0x000001fe474a9000 JavaThread "AWT-Windows" daemon [_thread_in_native, id=1952, stack(0x00000011d6400000,0x00000011d6500000)]
  0x000001fe474ac000 JavaThread "Image Fetcher 0" daemon [_thread_blocked, id=22392, stack(0x00000011d6500000,0x00000011d6600000)]
  0x000001fe474a7800 JavaThread "AWT-Shutdown" [_thread_blocked, id=19828, stack(0x00000011d6700000,0x00000011d6800000)]
  0x000001fe474a9800 JavaThread "AWT-EventQueue-0" [_thread_blocked, id=10664, stack(0x00000011d6800000,0x00000011d6900000)]
  0x000001fe48989000 JavaThread "C2 CompilerThread1" daemon [_thread_blocked, id=21136, stack(0x00000011d6900000,0x00000011d6a00000)]

Other Threads:
  0x000001fe46b23000 VMThread "VM Thread" [stack: 0x00000011d5600000,0x00000011d5700000] [id=15656]
  0x000001fe4749c000 WatcherThread [stack: 0x00000011d6000000,0x00000011d6100000] [id=21624]
  0x000001fe27810000 GCTaskThread "GC Thread#0" [stack: 0x00000011d5100000,0x00000011d5200000] [id=20484]
  0x000001fe484d3800 GCTaskThread "GC Thread#1" [stack: 0x00000011d6300000,0x00000011d6400000] [id=276]
  0x000001fe484d4000 GCTaskThread "GC Thread#2" [stack: 0x00000011d6600000,0x00000011d6700000] [id=15780]
  0x000001fe27822800 ConcurrentGCThread "G1 Main Marker" [stack: 0x00000011d5200000,0x00000011d5300000] [id=8876]
  0x000001fe27824000 ConcurrentGCThread "G1 Conc#0" [stack: 0x00000011d5300000,0x00000011d5400000] [id=1220]
  0x000001fe2789e800 ConcurrentGCThread "G1 Refine#0" [stack: 0x00000011d5400000,0x00000011d5500000] [id=4072]
  0x000001fe4699a800 ConcurrentGCThread "G1 Young RemSet Sampling" [stack: 0x00000011d5500000,0x00000011d5600000] [id=23192]

Threads with active compile tasks:

VM state:not at safepoint (normal execution)

VM Mutex/Monitor currently owned by a thread: None

Heap address: 0x0000000081200000, size: 2030 MB, Compressed Oops mode: 32-bit
Narrow klass base: 0x0000000800000000, Narrow klass shift: 3
Compressed class space size: 1073741824 Address: 0x0000000800b30000

Heap:
 garbage-first heap   total 131072K, used 14577K [0x0000000081200000, 0x0000000100000000)
  region size 1024K, 7 young (7168K), 3 survivors (3072K)
 Metaspace       used 8659K, capacity 8965K, committed 9088K, reserved 1056768K
  class space    used 971K, capacity 1098K, committed 1152K, reserved 1048576K
Heap Regions: E=young(eden), S=young(survivor), O=old, HS=humongous(starts), HC=humongous(continues), CS=collection set, F=free, OA=open archive, CA=closed archive, TAMS=top-at-mark-start (previous, next)
|   0|0x0000000081200000, 0x0000000081300000, 0x0000000081300000|100%|HS|  |TAMS 0x0000000081200000, 0x0000000081200000| Complete 
|   1|0x0000000081300000, 0x0000000081400000, 0x0000000081400000|100%|HC|  |TAMS 0x0000000081300000, 0x0000000081300000| Complete 
|   2|0x0000000081400000, 0x0000000081500000, 0x0000000081500000|100%|HC|  |TAMS 0x0000000081400000, 0x0000000081400000| Complete 
|   3|0x0000000081500000, 0x0000000081600000, 0x0000000081600000|100%|HC|  |TAMS 0x0000000081500000, 0x0000000081500000| Complete 
|   4|0x0000000081600000, 0x0000000081700000, 0x0000000081700000|100%|HC|  |TAMS 0x0000000081600000, 0x0000000081600000| Complete 
|   5|0x0000000081700000, 0x0000000081800000, 0x0000000081800000|100%|HC|  |TAMS 0x0000000081700000, 0x0000000081700000| Complete 
|   6|0x0000000081800000, 0x0000000081900000, 0x0000000081900000|100%|HC|  |TAMS 0x0000000081800000, 0x0000000081800000| Complete 
|   7|0x0000000081900000, 0x0000000081a00000, 0x0000000081a00000|100%|HC|  |TAMS 0x0000000081900000, 0x0000000081900000| Complete 
|   8|0x0000000081a00000, 0x0000000081b00000, 0x0000000081b00000|100%|HC|  |TAMS 0x0000000081a00000, 0x0000000081a00000| Complete 
|   9|0x0000000081b00000, 0x0000000081b3c600, 0x0000000081c00000| 23%| O|  |TAMS 0x0000000081b00000, 0x0000000081b00000| Untracked 
|  10|0x0000000081c00000, 0x0000000081c00000, 0x0000000081d00000|  0%| F|  |TAMS 0x0000000081c00000, 0x0000000081c00000| Untracked 
|  11|0x0000000081d00000, 0x0000000081d00000, 0x0000000081e00000|  0%| F|  |TAMS 0x0000000081d00000, 0x0000000081d00000| Untracked 
|  12|0x0000000081e00000, 0x0000000081e00000, 0x0000000081f00000|  0%| F|  |TAMS 0x0000000081e00000, 0x0000000081e00000| Untracked 
|  13|0x0000000081f00000, 0x0000000081f00000, 0x0000000082000000|  0%| F|  |TAMS 0x0000000081f00000, 0x0000000081f00000| Untracked 
|  14|0x0000000082000000, 0x0000000082000000, 0x0000000082100000|  0%| F|  |TAMS 0x0000000082000000, 0x0000000082000000| Untracked 
|  15|0x0000000082100000, 0x0000000082100000, 0x0000000082200000|  0%| F|  |TAMS 0x0000000082100000, 0x0000000082100000| Untracked 
|  16|0x0000000082200000, 0x0000000082200000, 0x0000000082300000|  0%| F|  |TAMS 0x0000000082200000, 0x0000000082200000| Untracked 
|  17|0x0000000082300000, 0x0000000082300000, 0x0000000082400000|  0%| F|  |TAMS 0x0000000082300000, 0x0000000082300000| Untracked 
|  18|0x0000000082400000, 0x0000000082400000, 0x0000000082500000|  0%| F|  |TAMS 0x0000000082400000, 0x0000000082400000| Untracked 
|  19|0x0000000082500000, 0x0000000082500000, 0x0000000082600000|  0%| F|  |TAMS 0x0000000082500000, 0x0000000082500000| Untracked 
|  20|0x0000000082600000, 0x0000000082600000, 0x0000000082700000|  0%| F|  |TAMS 0x0000000082600000, 0x0000000082600000| Untracked 
|  21|0x0000000082700000, 0x0000000082700000, 0x0000000082800000|  0%| F|  |TAMS 0x0000000082700000, 0x0000000082700000| Untracked 
|  22|0x0000000082800000, 0x0000000082800000, 0x0000000082900000|  0%| F|  |TAMS 0x0000000082800000, 0x0000000082800000| Untracked 
|  23|0x0000000082900000, 0x0000000082900000, 0x0000000082a00000|  0%| F|  |TAMS 0x0000000082900000, 0x0000000082900000| Untracked 
|  24|0x0000000082a00000, 0x0000000082a00000, 0x0000000082b00000|  0%| F|  |TAMS 0x0000000082a00000, 0x0000000082a00000| Untracked 
|  25|0x0000000082b00000, 0x0000000082b00000, 0x0000000082c00000|  0%| F|  |TAMS 0x0000000082b00000, 0x0000000082b00000| Untracked 
|  26|0x0000000082c00000, 0x0000000082c00000, 0x0000000082d00000|  0%| F|  |TAMS 0x0000000082c00000, 0x0000000082c00000| Untracked 
|  27|0x0000000082d00000, 0x0000000082d00000, 0x0000000082e00000|  0%| F|  |TAMS 0x0000000082d00000, 0x0000000082d00000| Untracked 
|  28|0x0000000082e00000, 0x0000000082e00000, 0x0000000082f00000|  0%| F|  |TAMS 0x0000000082e00000, 0x0000000082e00000| Untracked 
|  29|0x0000000082f00000, 0x0000000082f00000, 0x0000000083000000|  0%| F|  |TAMS 0x0000000082f00000, 0x0000000082f00000| Untracked 
|  30|0x0000000083000000, 0x0000000083000000, 0x0000000083100000|  0%| F|  |TAMS 0x0000000083000000, 0x0000000083000000| Untracked 
|  31|0x0000000083100000, 0x0000000083100000, 0x0000000083200000|  0%| F|  |TAMS 0x0000000083100000, 0x0000000083100000| Untracked 
|  32|0x0000000083200000, 0x0000000083200000, 0x0000000083300000|  0%| F|  |TAMS 0x0000000083200000, 0x0000000083200000| Untracked 
|  33|0x0000000083300000, 0x0000000083300000, 0x0000000083400000|  0%| F|  |TAMS 0x0000000083300000, 0x0000000083300000| Untracked 
|  34|0x0000000083400000, 0x0000000083400000, 0x0000000083500000|  0%| F|  |TAMS 0x0000000083400000, 0x0000000083400000| Untracked 
|  35|0x0000000083500000, 0x0000000083500000, 0x0000000083600000|  0%| F|  |TAMS 0x0000000083500000, 0x0000000083500000| Untracked 
|  36|0x0000000083600000, 0x0000000083600000, 0x0000000083700000|  0%| F|  |TAMS 0x0000000083600000, 0x0000000083600000| Untracked 
|  37|0x0000000083700000, 0x0000000083700000, 0x0000000083800000|  0%| F|  |TAMS 0x0000000083700000, 0x0000000083700000| Untracked 
|  38|0x0000000083800000, 0x0000000083800000, 0x0000000083900000|  0%| F|  |TAMS 0x0000000083800000, 0x0000000083800000| Untracked 
|  39|0x0000000083900000, 0x0000000083900000, 0x0000000083a00000|  0%| F|  |TAMS 0x0000000083900000, 0x0000000083900000| Untracked 
|  40|0x0000000083a00000, 0x0000000083a00000, 0x0000000083b00000|  0%| F|  |TAMS 0x0000000083a00000, 0x0000000083a00000| Untracked 
|  41|0x0000000083b00000, 0x0000000083b00000, 0x0000000083c00000|  0%| F|  |TAMS 0x0000000083b00000, 0x0000000083b00000| Untracked 
|  42|0x0000000083c00000, 0x0000000083c00000, 0x0000000083d00000|  0%| F|  |TAMS 0x0000000083c00000, 0x0000000083c00000| Untracked 
|  43|0x0000000083d00000, 0x0000000083d00000, 0x0000000083e00000|  0%| F|  |TAMS 0x0000000083d00000, 0x0000000083d00000| Untracked 
|  44|0x0000000083e00000, 0x0000000083e00000, 0x0000000083f00000|  0%| F|  |TAMS 0x0000000083e00000, 0x0000000083e00000| Untracked 
|  45|0x0000000083f00000, 0x0000000083f00000, 0x0000000084000000|  0%| F|  |TAMS 0x0000000083f00000, 0x0000000083f00000| Untracked 
|  46|0x0000000084000000, 0x0000000084000000, 0x0000000084100000|  0%| F|  |TAMS 0x0000000084000000, 0x0000000084000000| Untracked 
|  47|0x0000000084100000, 0x0000000084100000, 0x0000000084200000|  0%| F|  |TAMS 0x0000000084100000, 0x0000000084100000| Untracked 
|  48|0x0000000084200000, 0x0000000084200000, 0x0000000084300000|  0%| F|  |TAMS 0x0000000084200000, 0x0000000084200000| Untracked 
|  49|0x0000000084300000, 0x0000000084300000, 0x0000000084400000|  0%| F|  |TAMS 0x0000000084300000, 0x0000000084300000| Untracked 
|  50|0x0000000084400000, 0x0000000084400000, 0x0000000084500000|  0%| F|  |TAMS 0x0000000084400000, 0x0000000084400000| Untracked 
|  51|0x0000000084500000, 0x0000000084500000, 0x0000000084600000|  0%| F|  |TAMS 0x0000000084500000, 0x0000000084500000| Untracked 
|  52|0x0000000084600000, 0x0000000084600000, 0x0000000084700000|  0%| F|  |TAMS 0x0000000084600000, 0x0000000084600000| Untracked 
|  53|0x0000000084700000, 0x0000000084700000, 0x0000000084800000|  0%| F|  |TAMS 0x0000000084700000, 0x0000000084700000| Untracked 
|  54|0x0000000084800000, 0x0000000084800000, 0x0000000084900000|  0%| F|  |TAMS 0x0000000084800000, 0x0000000084800000| Untracked 
|  55|0x0000000084900000, 0x0000000084900000, 0x0000000084a00000|  0%| F|  |TAMS 0x0000000084900000, 0x0000000084900000| Untracked 
|  56|0x0000000084a00000, 0x0000000084a00000, 0x0000000084b00000|  0%| F|  |TAMS 0x0000000084a00000, 0x0000000084a00000| Untracked 
|  57|0x0000000084b00000, 0x0000000084b00000, 0x0000000084c00000|  0%| F|  |TAMS 0x0000000084b00000, 0x0000000084b00000| Untracked 
|  58|0x0000000084c00000, 0x0000000084c00000, 0x0000000084d00000|  0%| F|  |TAMS 0x0000000084c00000, 0x0000000084c00000| Untracked 
|  59|0x0000000084d00000, 0x0000000084d00000, 0x0000000084e00000|  0%| F|  |TAMS 0x0000000084d00000, 0x0000000084d00000| Untracked 
|  60|0x0000000084e00000, 0x0000000084e00000, 0x0000000084f00000|  0%| F|  |TAMS 0x0000000084e00000, 0x0000000084e00000| Untracked 
|  61|0x0000000084f00000, 0x0000000084f00000, 0x0000000085000000|  0%| F|  |TAMS 0x0000000084f00000, 0x0000000084f00000| Untracked 
|  62|0x0000000085000000, 0x0000000085000000, 0x0000000085100000|  0%| F|  |TAMS 0x0000000085000000, 0x0000000085000000| Untracked 
|  63|0x0000000085100000, 0x0000000085100000, 0x0000000085200000|  0%| F|  |TAMS 0x0000000085100000, 0x0000000085100000| Untracked 
|  64|0x0000000085200000, 0x0000000085200000, 0x0000000085300000|  0%| F|  |TAMS 0x0000000085200000, 0x0000000085200000| Untracked 
|  65|0x0000000085300000, 0x0000000085300000, 0x0000000085400000|  0%| F|  |TAMS 0x0000000085300000, 0x0000000085300000| Untracked 
|  66|0x0000000085400000, 0x0000000085400000, 0x0000000085500000|  0%| F|  |TAMS 0x0000000085400000, 0x0000000085400000| Untracked 
|  67|0x0000000085500000, 0x0000000085500000, 0x0000000085600000|  0%| F|  |TAMS 0x0000000085500000, 0x0000000085500000| Untracked 
|  68|0x0000000085600000, 0x0000000085600000, 0x0000000085700000|  0%| F|  |TAMS 0x0000000085600000, 0x0000000085600000| Untracked 
|  69|0x0000000085700000, 0x0000000085700000, 0x0000000085800000|  0%| F|  |TAMS 0x0000000085700000, 0x0000000085700000| Untracked 
|  70|0x0000000085800000, 0x0000000085800000, 0x0000000085900000|  0%| F|  |TAMS 0x0000000085800000, 0x0000000085800000| Untracked 
|  71|0x0000000085900000, 0x0000000085900000, 0x0000000085a00000|  0%| F|  |TAMS 0x0000000085900000, 0x0000000085900000| Untracked 
|  72|0x0000000085a00000, 0x0000000085a00000, 0x0000000085b00000|  0%| F|  |TAMS 0x0000000085a00000, 0x0000000085a00000| Untracked 
|  73|0x0000000085b00000, 0x0000000085b00000, 0x0000000085c00000|  0%| F|  |TAMS 0x0000000085b00000, 0x0000000085b00000| Untracked 
|  74|0x0000000085c00000, 0x0000000085c00000, 0x0000000085d00000|  0%| F|  |TAMS 0x0000000085c00000, 0x0000000085c00000| Untracked 
|  75|0x0000000085d00000, 0x0000000085d00000, 0x0000000085e00000|  0%| F|  |TAMS 0x0000000085d00000, 0x0000000085d00000| Untracked 
|  76|0x0000000085e00000, 0x0000000085e00000, 0x0000000085f00000|  0%| F|  |TAMS 0x0000000085e00000, 0x0000000085e00000| Untracked 
|  77|0x0000000085f00000, 0x0000000085f00000, 0x0000000086000000|  0%| F|  |TAMS 0x0000000085f00000, 0x0000000085f00000| Untracked 
|  78|0x0000000086000000, 0x0000000086000000, 0x0000000086100000|  0%| F|  |TAMS 0x0000000086000000, 0x0000000086000000| Untracked 
|  79|0x0000000086100000, 0x0000000086100000, 0x0000000086200000|  0%| F|  |TAMS 0x0000000086100000, 0x0000000086100000| Untracked 
|  80|0x0000000086200000, 0x0000000086200000, 0x0000000086300000|  0%| F|  |TAMS 0x0000000086200000, 0x0000000086200000| Untracked 
|  81|0x0000000086300000, 0x0000000086300000, 0x0000000086400000|  0%| F|  |TAMS 0x0000000086300000, 0x0000000086300000| Untracked 
|  82|0x0000000086400000, 0x0000000086400000, 0x0000000086500000|  0%| F|  |TAMS 0x0000000086400000, 0x0000000086400000| Untracked 
|  83|0x0000000086500000, 0x0000000086500000, 0x0000000086600000|  0%| F|  |TAMS 0x0000000086500000, 0x0000000086500000| Untracked 
|  84|0x0000000086600000, 0x0000000086600000, 0x0000000086700000|  0%| F|  |TAMS 0x0000000086600000, 0x0000000086600000| Untracked 
|  85|0x0000000086700000, 0x0000000086700000, 0x0000000086800000|  0%| F|  |TAMS 0x0000000086700000, 0x0000000086700000| Untracked 
|  86|0x0000000086800000, 0x0000000086800000, 0x0000000086900000|  0%| F|  |TAMS 0x0000000086800000, 0x0000000086800000| Untracked 
|  87|0x0000000086900000, 0x0000000086900000, 0x0000000086a00000|  0%| F|  |TAMS 0x0000000086900000, 0x0000000086900000| Untracked 
|  88|0x0000000086a00000, 0x0000000086a00000, 0x0000000086b00000|  0%| F|  |TAMS 0x0000000086a00000, 0x0000000086a00000| Untracked 
|  89|0x0000000086b00000, 0x0000000086b00000, 0x0000000086c00000|  0%| F|  |TAMS 0x0000000086b00000, 0x0000000086b00000| Untracked 
|  90|0x0000000086c00000, 0x0000000086c00000, 0x0000000086d00000|  0%| F|  |TAMS 0x0000000086c00000, 0x0000000086c00000| Untracked 
|  91|0x0000000086d00000, 0x0000000086d00000, 0x0000000086e00000|  0%| F|  |TAMS 0x0000000086d00000, 0x0000000086d00000| Untracked 
|  92|0x0000000086e00000, 0x0000000086e00000, 0x0000000086f00000|  0%| F|  |TAMS 0x0000000086e00000, 0x0000000086e00000| Untracked 
|  93|0x0000000086f00000, 0x0000000086f00000, 0x0000000087000000|  0%| F|  |TAMS 0x0000000086f00000, 0x0000000086f00000| Untracked 
|  94|0x0000000087000000, 0x0000000087000000, 0x0000000087100000|  0%| F|  |TAMS 0x0000000087000000, 0x0000000087000000| Untracked 
|  95|0x0000000087100000, 0x0000000087100000, 0x0000000087200000|  0%| F|  |TAMS 0x0000000087100000, 0x0000000087100000| Untracked 
|  96|0x0000000087200000, 0x0000000087200000, 0x0000000087300000|  0%| F|  |TAMS 0x0000000087200000, 0x0000000087200000| Untracked 
|  97|0x0000000087300000, 0x0000000087300000, 0x0000000087400000|  0%| F|  |TAMS 0x0000000087300000, 0x0000000087300000| Untracked 
|  98|0x0000000087400000, 0x0000000087400000, 0x0000000087500000|  0%| F|  |TAMS 0x0000000087400000, 0x0000000087400000| Untracked 
|  99|0x0000000087500000, 0x0000000087500000, 0x0000000087600000|  0%| F|  |TAMS 0x0000000087500000, 0x0000000087500000| Untracked 
| 100|0x0000000087600000, 0x0000000087600000, 0x0000000087700000|  0%| F|  |TAMS 0x0000000087600000, 0x0000000087600000| Untracked 
| 101|0x0000000087700000, 0x0000000087700000, 0x0000000087800000|  0%| F|  |TAMS 0x0000000087700000, 0x0000000087700000| Untracked 
| 102|0x0000000087800000, 0x0000000087900000, 0x0000000087900000|100%| S|CS|TAMS 0x0000000087800000, 0x0000000087800000| Complete 
| 103|0x0000000087900000, 0x0000000087a00000, 0x0000000087a00000|100%| S|CS|TAMS 0x0000000087900000, 0x0000000087900000| Complete 
| 104|0x0000000087a00000, 0x0000000087b00000, 0x0000000087b00000|100%| S|CS|TAMS 0x0000000087a00000, 0x0000000087a00000| Complete 
| 105|0x0000000087b00000, 0x0000000087b00000, 0x0000000087c00000|  0%| F|  |TAMS 0x0000000087b00000, 0x0000000087b00000| Untracked 
| 106|0x0000000087c00000, 0x0000000087c00000, 0x0000000087d00000|  0%| F|  |TAMS 0x0000000087c00000, 0x0000000087c00000| Untracked 
| 107|0x0000000087d00000, 0x0000000087d00000, 0x0000000087e00000|  0%| F|  |TAMS 0x0000000087d00000, 0x0000000087d00000| Untracked 
| 108|0x0000000087e00000, 0x0000000087e00000, 0x0000000087f00000|  0%| F|  |TAMS 0x0000000087e00000, 0x0000000087e00000| Untracked 
| 109|0x0000000087f00000, 0x0000000087f00000, 0x0000000088000000|  0%| F|  |TAMS 0x0000000087f00000, 0x0000000087f00000| Untracked 
| 110|0x0000000088000000, 0x0000000088000000, 0x0000000088100000|  0%| F|  |TAMS 0x0000000088000000, 0x0000000088000000| Untracked 
| 111|0x0000000088100000, 0x0000000088100000, 0x0000000088200000|  0%| F|  |TAMS 0x0000000088100000, 0x0000000088100000| Untracked 
| 112|0x0000000088200000, 0x0000000088200000, 0x0000000088300000|  0%| F|  |TAMS 0x0000000088200000, 0x0000000088200000| Untracked 
| 113|0x0000000088300000, 0x0000000088300000, 0x0000000088400000|  0%| F|  |TAMS 0x0000000088300000, 0x0000000088300000| Untracked 
| 114|0x0000000088400000, 0x0000000088400000, 0x0000000088500000|  0%| F|  |TAMS 0x0000000088400000, 0x0000000088400000| Untracked 
| 115|0x0000000088500000, 0x0000000088500000, 0x0000000088600000|  0%| F|  |TAMS 0x0000000088500000, 0x0000000088500000| Untracked 
| 116|0x0000000088600000, 0x0000000088600000, 0x0000000088700000|  0%| F|  |TAMS 0x0000000088600000, 0x0000000088600000| Untracked 
| 117|0x0000000088700000, 0x0000000088700000, 0x0000000088800000|  0%| F|  |TAMS 0x0000000088700000, 0x0000000088700000| Untracked 
| 118|0x0000000088800000, 0x0000000088800000, 0x0000000088900000|  0%| F|  |TAMS 0x0000000088800000, 0x0000000088800000| Untracked 
| 119|0x0000000088900000, 0x0000000088900000, 0x0000000088a00000|  0%| F|  |TAMS 0x0000000088900000, 0x0000000088900000| Untracked 
| 120|0x0000000088a00000, 0x0000000088a00000, 0x0000000088b00000|  0%| F|  |TAMS 0x0000000088a00000, 0x0000000088a00000| Untracked 
| 121|0x0000000088b00000, 0x0000000088b00000, 0x0000000088c00000|  0%| F|  |TAMS 0x0000000088b00000, 0x0000000088b00000| Untracked 
| 122|0x0000000088c00000, 0x0000000088c00000, 0x0000000088d00000|  0%| F|  |TAMS 0x0000000088c00000, 0x0000000088c00000| Untracked 
| 123|0x0000000088d00000, 0x0000000088d00000, 0x0000000088e00000|  0%| F|  |TAMS 0x0000000088d00000, 0x0000000088d00000| Untracked 
| 124|0x0000000088e00000, 0x0000000088ec7ee0, 0x0000000088f00000| 78%| E|  |TAMS 0x0000000088e00000, 0x0000000088e00000| Complete 
| 125|0x0000000088f00000, 0x0000000089000000, 0x0000000089000000|100%| E|CS|TAMS 0x0000000088f00000, 0x0000000088f00000| Complete 
| 126|0x0000000089000000, 0x0000000089100000, 0x0000000089100000|100%| E|  |TAMS 0x0000000089000000, 0x0000000089000000| Complete 
| 127|0x0000000089100000, 0x0000000089200000, 0x0000000089200000|100%| E|CS|TAMS 0x0000000089100000, 0x0000000089100000| Complete 

Card table byte_map: [0x000001fe3f960000,0x000001fe3fd60000] _byte_map_base: 0x000001fe3f557000

Marking Bits (Prev, Next): (CMBitMap*) 0x000001fe27811a68, (CMBitMap*) 0x000001fe27811aa8
 Prev Bits: [0x000001fe40160000, 0x000001fe42118000)
 Next Bits: [0x000001fe42120000, 0x000001fe440d8000)

Polling page: 0x000001fe25700000

Metaspace:

Usage:
  Non-class:      7.68 MB capacity,     7.51 MB ( 98%) used,   158.19 KB (  2%) free+waste,    21.25 KB ( <1%) overhead. 
      Class:      1.07 MB capacity,   971.78 KB ( 89%) used,   112.91 KB ( 10%) free+waste,    13.31 KB (  1%) overhead. 
       Both:      8.75 MB capacity,     8.46 MB ( 97%) used,   271.09 KB (  3%) free+waste,    34.56 KB ( <1%) overhead. 

Virtual space:
  Non-class space:        8.00 MB reserved,       7.75 MB ( 97%) committed 
      Class space:        1.00 GB reserved,       1.13 MB ( <1%) committed 
             Both:        1.01 GB reserved,       8.88 MB ( <1%) committed 

Chunk freelists:
   Non-Class:  5.00 KB
       Class:  0 bytes
        Both:  5.00 KB

MaxMetaspaceSize: 17179869184.00 GB
CompressedClassSpaceSize: 1.00 GB

CodeHeap 'non-profiled nmethods': size=120000Kb used=387Kb max_used=387Kb free=119613Kb
 bounds [0x000001fe37d00000, 0x000001fe37f70000, 0x000001fe3f230000]
CodeHeap 'profiled nmethods': size=120000Kb used=2188Kb max_used=2188Kb free=117811Kb
 bounds [0x000001fe307d0000, 0x000001fe30a40000, 0x000001fe37d00000]
CodeHeap 'non-nmethods': size=5760Kb used=1280Kb max_used=1334Kb free=4479Kb
 bounds [0x000001fe30230000, 0x000001fe304a0000, 0x000001fe307d0000]
 total_blobs=2257 nmethods=1190 adapters=484
 compilation: enabled
              stopped_count=0, restarted_count=0
 full_count=0

Compilation events (20 events):
Event: 5.147 Thread 0x000001fe46b5c000 nmethod 1176 0x000001fe37d55290 code [0x000001fe37d55420, 0x000001fe37d554f8]
Event: 5.148 Thread 0x000001fe48989000 nmethod 1170 0x000001fe37d55590 code [0x000001fe37d55760, 0x000001fe37d55918]
Event: 5.150 Thread 0x000001fe46b5c000 1178       3       java.lang.invoke.LambdaFormEditor::bindArgumentType (101 bytes)
Event: 5.151 Thread 0x000001fe46b5c000 nmethod 1178 0x000001fe309eba10 code [0x000001fe309ebbc0, 0x000001fe309ebe08]
Event: 5.151 Thread 0x000001fe46b5c000 1179       3       java.lang.invoke.LambdaFormEditor::bindArgumentForm (269 bytes)
Event: 5.152 Thread 0x000001fe46b5c000 nmethod 1179 0x000001fe309ebf10 code [0x000001fe309ec2e0, 0x000001fe309edd08]
Event: 5.155 Thread 0x000001fe46b5c000 1180       3       java.lang.reflect.Executable::<init> (5 bytes)
Event: 5.155 Thread 0x000001fe46b5c000 nmethod 1180 0x000001fe309ee790 code [0x000001fe309ee940, 0x000001fe309eeb18]
Event: 5.155 Thread 0x000001fe46b5c000 1181       3       java.lang.invoke.MethodTypeForm::canonicalize (64 bytes)
Event: 5.156 Thread 0x000001fe46b5c000 nmethod 1181 0x000001fe309eec10 code [0x000001fe309eede0, 0x000001fe309ef0c8]
Event: 5.156 Thread 0x000001fe46b5c000 1182       3       java.lang.invoke.MethodType$ConcurrentWeakInternSet::add (66 bytes)
Event: 5.157 Thread 0x000001fe46b5c000 nmethod 1182 0x000001fe309ef210 code [0x000001fe309ef4a0, 0x000001fe309f0408]
Event: 5.157 Thread 0x000001fe46b5c000 1183       3       java.lang.invoke.LambdaForm::lastUseIndex (76 bytes)
Event: 5.157 Thread 0x000001fe48989000 1186       4       jdk.internal.org.objectweb.asm.Symbol::<init> (38 bytes)
Event: 5.157 Thread 0x000001fe46b5c000 nmethod 1183 0x000001fe309f0910 code [0x000001fe309f0ac0, 0x000001fe309f0de8]
Event: 5.157 Thread 0x000001fe46b5c000 1184       3       java.util.Arrays::fill (28 bytes)
Event: 5.157 Thread 0x000001fe46b5c000 nmethod 1184 0x000001fe309f0f90 code [0x000001fe309f1140, 0x000001fe309f14e8]
Event: 5.157 Thread 0x000001fe46b5c000 1185       3       java.lang.invoke.LambdaForm$Name::internArguments (59 bytes)
Event: 5.158 Thread 0x000001fe46b5c000 nmethod 1185 0x000001fe309f1690 code [0x000001fe309f1880, 0x000001fe309f1fc8]
Event: 5.158 Thread 0x000001fe46b5c000 1188       3       jdk.internal.org.objectweb.asm.Frame::push (63 bytes)

GC Heap History (2 events):
Event: 5.016 GC heap before
{Heap before GC invocations=0 (full 0):
 garbage-first heap   total 131072K, used 31744K [0x0000000081200000, 0x0000000100000000)
  region size 1024K, 23 young (23552K), 0 survivors (0K)
 Metaspace       used 7783K, capacity 8001K, committed 8192K, reserved 1056768K
  class space    used 858K, capacity 989K, committed 1024K, reserved 1048576K
}
Event: 5.024 GC heap after
{Heap after GC invocations=1 (full 0):
 garbage-first heap   total 131072K, used 12529K [0x0000000081200000, 0x0000000100000000)
  region size 1024K, 3 young (3072K), 3 survivors (3072K)
 Metaspace       used 7783K, capacity 8001K, committed 8192K, reserved 1056768K
  class space    used 858K, capacity 989K, committed 1024K, reserved 1048576K
}

Deoptimization events (20 events):
Event: 5.110 Thread 0x000001fe277d4000 Uncommon trap: trap_request=0xffffffc6 fr.pc=0x000001fe37d4adf8 relative=0x0000000000000658
Event: 5.110 Thread 0x000001fe277d4000 Uncommon trap: reason=bimorphic_or_optimized_type_check action=maybe_recompile pc=0x000001fe37d4adf8 method=java.util.concurrent.ConcurrentHashMap.get(Ljava/lang/Object;)Ljava/lang/Object; @ 149 c2
Event: 5.110 Thread 0x000001fe277d4000 DEOPT PACKING pc=0x000001fe37d4adf8 sp=0x00000011d50fdc60
Event: 5.110 Thread 0x000001fe277d4000 DEOPT UNPACKING pc=0x000001fe3027912f sp=0x00000011d50fdbf0 mode 2
Event: 5.111 Thread 0x000001fe277d4000 Uncommon trap: trap_request=0xffffffde fr.pc=0x000001fe37d438e8 relative=0x00000000000003e8
Event: 5.111 Thread 0x000001fe277d4000 Uncommon trap: reason=class_check action=maybe_recompile pc=0x000001fe37d438e8 method=java.util.HashMap.getNode(ILjava/lang/Object;)Ljava/util/HashMap$Node; @ 59 c2
Event: 5.111 Thread 0x000001fe277d4000 DEOPT PACKING pc=0x000001fe37d438e8 sp=0x00000011d50fde10
Event: 5.111 Thread 0x000001fe277d4000 DEOPT UNPACKING pc=0x000001fe3027912f sp=0x00000011d50fdd78 mode 2
Event: 5.111 Thread 0x000001fe277d4000 Uncommon trap: trap_request=0xffffffde fr.pc=0x000001fe37d438e8 relative=0x00000000000003e8
Event: 5.111 Thread 0x000001fe277d4000 Uncommon trap: reason=class_check action=maybe_recompile pc=0x000001fe37d438e8 method=java.util.HashMap.getNode(ILjava/lang/Object;)Ljava/util/HashMap$Node; @ 59 c2
Event: 5.111 Thread 0x000001fe277d4000 DEOPT PACKING pc=0x000001fe37d438e8 sp=0x00000011d50fde00
Event: 5.111 Thread 0x000001fe277d4000 DEOPT UNPACKING pc=0x000001fe3027912f sp=0x00000011d50fdd68 mode 2
Event: 5.111 Thread 0x000001fe277d4000 Uncommon trap: trap_request=0xffffffde fr.pc=0x000001fe37d438e8 relative=0x00000000000003e8
Event: 5.111 Thread 0x000001fe277d4000 Uncommon trap: reason=class_check action=maybe_recompile pc=0x000001fe37d438e8 method=java.util.HashMap.getNode(ILjava/lang/Object;)Ljava/util/HashMap$Node; @ 59 c2
Event: 5.111 Thread 0x000001fe277d4000 DEOPT PACKING pc=0x000001fe37d438e8 sp=0x00000011d50fde00
Event: 5.111 Thread 0x000001fe277d4000 DEOPT UNPACKING pc=0x000001fe3027912f sp=0x00000011d50fdd68 mode 2
Event: 5.152 Thread 0x000001fe277d4000 Uncommon trap: trap_request=0xffffff45 fr.pc=0x000001fe37d4ba74 relative=0x0000000000000314
Event: 5.152 Thread 0x000001fe277d4000 Uncommon trap: reason=unstable_if action=reinterpret pc=0x000001fe37d4ba74 method=java.lang.String.startsWith(Ljava/lang/String;I)Z @ 14 c2
Event: 5.152 Thread 0x000001fe277d4000 DEOPT PACKING pc=0x000001fe37d4ba74 sp=0x00000011d50fdc30
Event: 5.152 Thread 0x000001fe277d4000 DEOPT UNPACKING pc=0x000001fe3027912f sp=0x00000011d50fdba8 mode 2

Classes unloaded (0 events):
No events

Classes redefined (0 events):
No events

Internal exceptions (14 events):
Event: 0.114 Thread 0x000001fe277d4000 Exception <a 'java/lang/ClassNotFoundException'{0x0000000089002be0}: sun/awt/resources/spi/awtProvider> (0x0000000089002be0) 
thrown [./src/hotspot/share/classfile/systemDictionary.cpp, line 226]
Event: 0.145 Thread 0x000001fe277d4000 Exception <a 'java/io/FileNotFoundException'{0x0000000089057898}> (0x0000000089057898) 
thrown [./src/hotspot/share/prims/jni.cpp, line 599]
Event: 0.156 Thread 0x000001fe277d4000 Exception <a 'java/io/FileNotFoundException'{0x000000008907e0b0}> (0x000000008907e0b0) 
thrown [./src/hotspot/share/prims/jni.cpp, line 599]
Event: 0.222 Thread 0x000001fe474a9000 Exception <a 'java/lang/NoSuchMethodError'{0x00000000890f0f60}: 'void java.lang.invoke.DirectMethodHandle$Holder.invokeSpecial(java.lang.Object, java.lang.Object)'> (0x00000000890f0f60) 
thrown [./src/hotspot/share/interpreter/linkResolver.cpp, line 766]
Event: 0.309 Thread 0x000001fe277d4000 Exception <a 'java/lang/NoSuchMethodError'{0x0000000088f53ae8}: 'java.lang.Object java.lang.invoke.DirectMethodHandle$Holder.invokeStatic(java.lang.Object, int, java.lang.Object, java.lang.Object, java.lang.Object, java.lang.Object)'> (0x0000000088f53ae8) 
thrown [./src/hotspot/share/interpreter/linkResolver.cpp, line 766]
Event: 0.310 Thread 0x000001fe277d4000 Exception <a 'java/lang/NoSuchMethodError'{0x0000000088f5a408}: 'java.lang.Object java.lang.invoke.DirectMethodHandle$Holder.invokeStatic(java.lang.Object, int, java.lang.Object, java.lang.Object, java.lang.Object)'> (0x0000000088f5a408) 
thrown [./src/hotspot/share/interpreter/linkResolver.cpp, line 766]
Event: 0.311 Thread 0x000001fe277d4000 Exception <a 'java/lang/NoSuchMethodError'{0x0000000088f5dc58}: 'java.lang.Object java.lang.invoke.DirectMethodHandle$Holder.invokeSpecial(java.lang.Object, java.lang.Object, int, java.lang.Object, java.lang.Object, java.lang.Object)'> (0x0000000088f5dc58) 
thrown [./src/hotspot/share/interpreter/linkResolver.cpp, line 766]
Event: 0.315 Thread 0x000001fe277d4000 Exception <a 'java/lang/NoSuchMethodError'{0x0000000088f74000}: 'java.lang.Object java.lang.invoke.DirectMethodHandle$Holder.invokeStatic(java.lang.Object, int, java.lang.Object)'> (0x0000000088f74000) 
thrown [./src/hotspot/share/interpreter/linkResolver.cpp, line 766]
Event: 0.348 Thread 0x000001fe277d4000 Exception <a 'java/lang/ClassNotFoundException'{0x0000000088e18288}: com/sun/swing/internal/plaf/metal/resources/spi/metalProvider> (0x0000000088e18288) 
thrown [./src/hotspot/share/classfile/systemDictionary.cpp, line 226]
Event: 0.349 Thread 0x000001fe277d4000 Exception <a 'java/lang/ClassNotFoundException'{0x0000000088e1cf48}: com/sun/swing/internal/plaf/basic/resources/spi/basicProvider> (0x0000000088e1cf48) 
thrown [./src/hotspot/share/classfile/systemDictionary.cpp, line 226]
Event: 0.674 Thread 0x000001fe277d4000 Exception <a 'java/io/FileNotFoundException'{0x00000000885a47f8}> (0x00000000885a47f8) 
thrown [./src/hotspot/share/prims/jni.cpp, line 599]
Event: 0.674 Thread 0x000001fe277d4000 Exception <a 'java/lang/NullPointerException'{0x00000000885a50e8}> (0x00000000885a50e8) 
thrown [./src/hotspot/share/interpreter/linkResolver.cpp, line 1348]
Event: 5.150 Thread 0x000001fe277d4000 Exception <a 'java/lang/NoSuchMethodError'{0x0000000088f9f078}: 'void java.lang.invoke.DirectMethodHandle$Holder.invokeStaticInit(java.lang.Object)'> (0x0000000088f9f078) 
thrown [./src/hotspot/share/interpreter/linkResolver.cpp, line 766]
Event: 5.158 Thread 0x000001fe277d4000 Exception <a 'java/lang/NoSuchMethodError'{0x0000000088e50d38}: 'java.lang.Object java.lang.invoke.Invokers$Holder.linkToTargetMethod(java.lang.Object, int, java.lang.Object)'> (0x0000000088e50d38) 
thrown [./src/hotspot/share/interpreter/linkResolver.cpp, line 766]

Events (20 events):
Event: 5.152 loading class sun/awt/FontConfiguration$2
Event: 5.152 loading class sun/awt/FontConfiguration$2 done
Event: 5.153 loading class sun/awt/windows/WDefaultFontCharset
Event: 5.153 loading class sun/awt/AWTCharset
Event: 5.153 loading class sun/awt/AWTCharset done
Event: 5.153 loading class sun/awt/windows/WDefaultFontCharset done
Event: 5.153 loading class sun/awt/windows/WDefaultFontCharset$Encoder
Event: 5.153 loading class sun/awt/AWTCharset$Encoder
Event: 5.153 loading class sun/awt/AWTCharset$Encoder done
Event: 5.153 loading class sun/awt/windows/WDefaultFontCharset$Encoder done
Event: 5.154 loading class java/io/ByteArrayOutputStream
Event: 5.154 loading class java/io/ByteArrayOutputStream done
Event: 5.154 loading class sun/awt/windows/WingDings
Event: 5.155 loading class sun/awt/windows/WingDings done
Event: 5.155 loading class sun/awt/windows/WingDings$Encoder
Event: 5.155 loading class sun/awt/windows/WingDings$Encoder done
Event: 5.155 loading class sun/awt/Symbol
Event: 5.155 loading class sun/awt/Symbol done
Event: 5.155 loading class sun/awt/Symbol$Encoder
Event: 5.155 loading class sun/awt/Symbol$Encoder done


Dynamic libraries:
0x00007ff753260000 - 0x00007ff75326d000 	C:\Program Files\AdoptOpenJDK\jdk-14.0.1.7-hotspot\bin\javaw.exe
0x00007ff9de5c0000 - 0x00007ff9de7b0000 	C:\WINDOWS\SYSTEM32\ntdll.dll
0x00007ff9dd390000 - 0x00007ff9dd442000 	C:\WINDOWS\System32\KERNEL32.DLL
0x00007ff9dc320000 - 0x00007ff9dc5c5000 	C:\WINDOWS\System32\KERNELBASE.dll
0x00007ff9dba60000 - 0x00007ff9dbb5a000 	C:\WINDOWS\System32\ucrtbase.dll
0x00007ff9d68c0000 - 0x00007ff9d68d8000 	C:\Program Files\AdoptOpenJDK\jdk-14.0.1.7-hotspot\bin\jli.dll
0x00007ff9dcbb0000 - 0x00007ff9dcd44000 	C:\WINDOWS\System32\USER32.dll
0x00007ff9d3fb0000 - 0x00007ff9d3fc5000 	C:\Program Files\AdoptOpenJDK\jdk-14.0.1.7-hotspot\bin\VCRUNTIME140.dll
0x00007ff9dc640000 - 0x00007ff9dc661000 	C:\WINDOWS\System32\win32u.dll
0x00007ff9b8a30000 - 0x00007ff9b8cb4000 	C:\WINDOWS\WinSxS\amd64_microsoft.windows.common-controls_6595b64144ccf1df_6.0.18362.1256_none_9e7e379be45e40e2\COMCTL32.dll
0x00007ff9de0b0000 - 0x00007ff9de0d6000 	C:\WINDOWS\System32\GDI32.dll
0x00007ff9dc7f0000 - 0x00007ff9dc88e000 	C:\WINDOWS\System32\msvcrt.dll
0x00007ff9db530000 - 0x00007ff9db6c6000 	C:\WINDOWS\System32\gdi32full.dll
0x00007ff9ddd70000 - 0x00007ff9de0a6000 	C:\WINDOWS\System32\combase.dll
0x00007ff9db820000 - 0x00007ff9db8be000 	C:\WINDOWS\System32\msvcp_win.dll
0x00007ff9de140000 - 0x00007ff9de260000 	C:\WINDOWS\System32\RPCRT4.dll
0x00007ff9db8c0000 - 0x00007ff9db941000 	C:\WINDOWS\System32\bcryptPrimitives.dll
0x00007ff9de410000 - 0x00007ff9de43e000 	C:\WINDOWS\System32\IMM32.DLL
0x00007ff9d1c20000 - 0x00007ff9d1cbb000 	C:\Program Files\AdoptOpenJDK\jdk-14.0.1.7-hotspot\bin\msvcp140.dll
0x00007ff96c9a0000 - 0x00007ff96d54c000 	C:\Program Files\AdoptOpenJDK\jdk-14.0.1.7-hotspot\bin\server\jvm.dll
0x00007ff9dc670000 - 0x00007ff9dc713000 	C:\WINDOWS\System32\ADVAPI32.dll
0x00007ff9dcb00000 - 0x00007ff9dcb97000 	C:\WINDOWS\System32\sechost.dll
0x00007ff9dc9f0000 - 0x00007ff9dc9f8000 	C:\WINDOWS\System32\PSAPI.DLL
0x00007ff9b9090000 - 0x00007ff9b9099000 	C:\WINDOWS\SYSTEM32\WSOCK32.dll
0x00007ff9d8c70000 - 0x00007ff9d8c94000 	C:\WINDOWS\SYSTEM32\WINMM.dll
0x00007ff9dd270000 - 0x00007ff9dd2df000 	C:\WINDOWS\System32\WS2_32.dll
0x00007ff9d45c0000 - 0x00007ff9d45ca000 	C:\WINDOWS\SYSTEM32\VERSION.dll
0x00007ff9d8c40000 - 0x00007ff9d8c6d000 	C:\WINDOWS\SYSTEM32\WINMMBASE.dll
0x00007ff9dc5f0000 - 0x00007ff9dc63a000 	C:\WINDOWS\System32\cfgmgr32.dll
0x00007ff9db470000 - 0x00007ff9db481000 	C:\WINDOWS\System32\kernel.appcore.dll
0x00007ff9d7a80000 - 0x00007ff9d7a8a000 	C:\Program Files\AdoptOpenJDK\jdk-14.0.1.7-hotspot\bin\jimage.dll
0x00007ff9d9e30000 - 0x00007ff9da024000 	C:\WINDOWS\SYSTEM32\DBGHELP.DLL
0x00007ff9c9070000 - 0x00007ff9c909a000 	C:\WINDOWS\SYSTEM32\dbgcore.DLL
0x00007ff9d68e0000 - 0x00007ff9d6905000 	C:\Program Files\AdoptOpenJDK\jdk-14.0.1.7-hotspot\bin\java.dll
0x00007ff9d68a0000 - 0x00007ff9d68b6000 	C:\Program Files\AdoptOpenJDK\jdk-14.0.1.7-hotspot\bin\zip.dll
0x00007ff9dd450000 - 0x00007ff9ddb37000 	C:\WINDOWS\System32\SHELL32.dll
0x00007ff9dd1c0000 - 0x00007ff9dd269000 	C:\WINDOWS\System32\shcore.dll
0x00007ff9dbb90000 - 0x00007ff9dc311000 	C:\WINDOWS\System32\windows.storage.dll
0x00007ff9db490000 - 0x00007ff9db4b3000 	C:\WINDOWS\System32\profapi.dll
0x00007ff9db4e0000 - 0x00007ff9db52a000 	C:\WINDOWS\System32\powrprof.dll
0x00007ff9db460000 - 0x00007ff9db470000 	C:\WINDOWS\System32\UMPDC.dll
0x00007ff9dca00000 - 0x00007ff9dca52000 	C:\WINDOWS\System32\shlwapi.dll
0x00007ff9dc5d0000 - 0x00007ff9dc5e7000 	C:\WINDOWS\System32\cryptsp.dll
0x00007ff9d1320000 - 0x00007ff9d14b7000 	C:\Program Files\AdoptOpenJDK\jdk-14.0.1.7-hotspot\bin\awt.dll
0x00007ff9ddca0000 - 0x00007ff9ddd65000 	C:\WINDOWS\System32\OLEAUT32.dll
0x00007ff9d92f0000 - 0x00007ff9d937f000 	C:\WINDOWS\SYSTEM32\apphelp.dll
0x00007ff9d9900000 - 0x00007ff9d992d000 	C:\WINDOWS\system32\DWMAPI.DLL
0x00007ff9d94d0000 - 0x00007ff9d9569000 	C:\WINDOWS\system32\uxtheme.dll
0x00007ff9bc210000 - 0x00007ff9bc366000 	C:\WINDOWS\system32\opengl32.dll
0x00007ff9bc0c0000 - 0x00007ff9bc0ec000 	C:\WINDOWS\SYSTEM32\GLU32.dll
0x00007ff9da0a0000 - 0x00007ff9da0c0000 	C:\WINDOWS\SYSTEM32\dxcore.dll
0x00007ff9de440000 - 0x00007ff9de575000 	C:\WINDOWS\System32\MSCTF.dll
0x00007ff9dc890000 - 0x00007ff9dc9e7000 	C:\WINDOWS\System32\ole32.dll
0x00007ff9d1b90000 - 0x00007ff9d1c12000 	C:\Program Files\AdoptOpenJDK\jdk-14.0.1.7-hotspot\bin\freetype.dll
0x00007ff9d0b70000 - 0x00007ff9d0c16000 	C:\Program Files\AdoptOpenJDK\jdk-14.0.1.7-hotspot\bin\fontmanager.dll
0x00007ff9d5990000 - 0x00007ff9d59a9000 	C:\Program Files\AdoptOpenJDK\jdk-14.0.1.7-hotspot\bin\net.dll
0x00007ff9ce6c0000 - 0x00007ff9ce7b0000 	C:\WINDOWS\SYSTEM32\WINHTTP.dll
0x00007ff9dac50000 - 0x00007ff9dacb7000 	C:\WINDOWS\system32\mswsock.dll
0x00007ff9d5970000 - 0x00007ff9d5982000 	C:\Program Files\AdoptOpenJDK\jdk-14.0.1.7-hotspot\bin\nio.dll

dbghelp: loaded successfully - version: 4.0.5 - missing functions: none
symbol engine: initialized successfully - sym options: 0x614 - pdb path: .;C:\Program Files\AdoptOpenJDK\jdk-14.0.1.7-hotspot\bin;C:\WINDOWS\SYSTEM32;C:\WINDOWS\WinSxS\amd64_microsoft.windows.common-controls_6595b64144ccf1df_6.0.18362.1256_none_9e7e379be45e40e2;C:\Program Files\AdoptOpenJDK\jdk-14.0.1.7-hotspot\bin\server

VM Arguments:
jvm_args: -Dfile.encoding=UTF-8 
java_command: êßçÏé©èK.BMS19
java_class_path (initial): C:\Users\ì˙çÇêTñÁ\git\-\êßçÏé©èK\bin
Launcher Type: SUN_STANDARD

[Global flags]
     intx CICompilerCount                          = 4                                         {product} {ergonomic}
     uint ConcGCThreads                            = 2                                         {product} {ergonomic}
     uint G1ConcRefinementThreads                  = 8                                         {product} {ergonomic}
   size_t G1HeapRegionSize                         = 1048576                                   {product} {ergonomic}
    uintx GCDrainStackTargetSize                   = 64                                        {product} {ergonomic}
   size_t InitialHeapSize                          = 134217728                                 {product} {ergonomic}
   size_t MarkStackSize                            = 4194304                                   {product} {ergonomic}
   size_t MaxHeapSize                              = 2128609280                                {product} {ergonomic}
   size_t MaxNewSize                               = 1277165568                                {product} {ergonomic}
   size_t MinHeapDeltaBytes                        = 1048576                                   {product} {ergonomic}
   size_t MinHeapSize                              = 8388608                                   {product} {ergonomic}
    uintx NonNMethodCodeHeapSize                   = 5839372                                {pd product} {ergonomic}
    uintx NonProfiledCodeHeapSize                  = 122909434                              {pd product} {ergonomic}
    uintx ProfiledCodeHeapSize                     = 122909434                              {pd product} {ergonomic}
    uintx ReservedCodeCacheSize                    = 251658240                              {pd product} {ergonomic}
     bool SegmentedCodeCache                       = true                                      {product} {ergonomic}
   size_t SoftMaxHeapSize                          = 2128609280                             {manageable} {ergonomic}
     bool UseCompressedClassPointers               = true                                 {lp64_product} {ergonomic}
     bool UseCompressedOops                        = true                                 {lp64_product} {ergonomic}
     bool UseG1GC                                  = true                                      {product} {ergonomic}
     bool UseLargePagesIndividualAllocation        = false                                  {pd product} {ergonomic}

Logging:
Log output configuration:
 #0: stdout all=warning uptime,level,tags
 #1: stderr all=off uptime,level,tags

Environment Variables:
JAVA_HOME=C:\Program Files\AdoptOpenJDK\jdk-14.0.1.7-hotspot\
PATH=C:/Program Files/AdoptOpenJDK/jdk-14.0.1.7-hotspot/bin/client;C:/Program Files/AdoptOpenJDK/jdk-14.0.1.7-hotspot/bin;C:\Program Files\AdoptOpenJDK\jdk-14.0.1.7-hotspot\bin;C:\WINDOWS\system32;C:\WINDOWS;C:\WINDOWS\System32\Wbem;C:\WINDOWS\System32\WindowsPowerShell\v1.0\;C:\WINDOWS\System32\OpenSSH\;C:\Program Files\Intel\WiFi\bin\;C:\Program Files\Common Files\Intel\WirelessCommon\;C:\Program Files\dotnet\;C:\Program Files\Microsoft SQL Server\130\Tools\Binn\;C:\HashiCorp\Vagrant\bin;C:\java\derby\bin;C:\Program Files\AdoptOpenJDK\jdk-14.0.1.7-hotspot\bin;C:\WINDOWS\system32;C:\WINDOWS;C:\WINDOWS\System32\Wbem;C:\WINDOWS\System32\WindowsPowerShell\v1.0\;C:\WINDOWS\System32\OpenSSH\;C:\Program Files\Intel\WiFi\bin\;C:\Program Files\Common Files\Intel\WirelessCommon\;C:\Program Files\dotnet\;C:\Program Files\Microsoft SQL Server\130\Tools\Binn\;C:\python\Python3;C:\python\Python3\Library\mingw-w64\bin;C:\python\Python3\Library\usr\bin;C:\python\Python3\Library\bin;C:\python\Python3\Scripts;C:\Users\ì˙çÇêTñÁ\AppData\Local\Microsoft\WindowsApps;C:\MinGW\bin;C:\Users\ì˙çÇêTñÁ\AppData\Local\Microsoft\WindowsApps;C:\Java\eclipse;
USERNAME=hidaka
OS=Windows_NT
PROCESSOR_IDENTIFIER=Intel64 Family 6 Model 142 Stepping 10, GenuineIntel



---------------  S Y S T E M  ---------------

OS: Windows 10 , 64 bit Build 18362 (10.0.18362.1110)
OS uptime: 22 days 9:12 hours

CPU:total 8 (initial active 8) (4 cores per cpu, 2 threads per core) family 6 model 142 stepping 10, cmov, cx8, fxsr, mmx, sse, sse2, sse3, ssse3, sse4.1, sse4.2, popcnt, avx, avx2, aes, clmul, erms, 3dnowpref, lzcnt, ht, tsc, tscinvbit, bmi1, bmi2, adx, fma

Memory: 4k page, system-wide physical 8118M (3055M free)
TotalPageFile size 10976M (AvailPageFile size 4485M)
current process WorkingSet (physical memory assigned to process): 95M, peak: 97M
current process commit charge ("private bytes"): 235M, peak: 237M

vm_info: OpenJDK 64-Bit Server VM (14.0.1+7) for windows-amd64 JRE (14.0.1+7), built on Apr 22 2020 14:10:56 by "" with MS VC++ 15.9 (VS2017)

END.
